<?xml version="1.0" encoding="UTF-8"?>
<coverage generated="1610320883404" clover="3.2.0">
  <project timestamp="1610320883404" name="All files">
    <metrics statements="306" coveredstatements="255" conditionals="178" coveredconditionals="96" methods="142" coveredmethods="112" elements="626" coveredelements="463" complexity="0" loc="306" ncloc="306" packages="2" files="10" classes="10"/>
    <package name="build.ArtSuite.Models">
      <metrics statements="2" coveredstatements="2" conditionals="0" coveredconditionals="0" methods="0" coveredmethods="0"/>
      <file name="index.js" path="/Users/shanebdavis/dev/art-suite-applications/packages/@art-suite/models/build/ArtSuite.Models/index.js">
        <metrics statements="1" coveredstatements="1" conditionals="0" coveredconditionals="0" methods="0" coveredmethods="0"/>
        <line num="4" count="5" type="stmt"/>
      </file>
      <file name="namespace.js" path="/Users/shanebdavis/dev/art-suite-applications/packages/@art-suite/models/build/ArtSuite.Models/namespace.js">
        <metrics statements="1" coveredstatements="1" conditionals="0" coveredconditionals="0" methods="0" coveredmethods="0"/>
        <line num="4" count="5" type="stmt"/>
      </file>
    </package>
    <package name="source.ArtSuite.Models">
      <metrics statements="304" coveredstatements="253" conditionals="178" coveredconditionals="96" methods="142" coveredmethods="112"/>
      <file name="Lib.caf" path="/Users/shanebdavis/dev/art-suite-applications/packages/@art-suite/models/source/ArtSuite.Models/Lib.caf">
        <metrics statements="8" coveredstatements="8" conditionals="2" coveredconditionals="2" methods="9" coveredmethods="9"/>
        <line num="1" count="10" type="stmt"/>
        <line num="3" count="5" type="stmt"/>
        <line num="4" count="561" type="stmt"/>
        <line num="6" count="1" type="cond" truecount="2" falsecount="0"/>
        <line num="8" count="31" type="stmt"/>
        <line num="9" count="2" type="stmt"/>
        <line num="11" count="10" type="stmt"/>
        <line num="13" count="30" type="stmt"/>
      </file>
      <file name="Model.coffee" path="/Users/shanebdavis/dev/art-suite-applications/packages/@art-suite/models/source/ArtSuite.Models/Model.coffee">
        <metrics statements="91" coveredstatements="61" conditionals="43" coveredconditionals="16" methods="42" coveredmethods="26"/>
        <line num="1" count="715" type="cond" truecount="2" falsecount="0"/>
        <line num="10" count="5" type="stmt"/>
        <line num="11" count="5" type="stmt"/>
        <line num="13" count="5" type="stmt"/>
        <line num="14" count="5" type="stmt"/>
        <line num="15" count="5" type="stmt"/>
        <line num="17" count="5" type="stmt"/>
        <line num="18" count="5" type="stmt"/>
        <line num="20" count="5" type="stmt"/>
        <line num="27" count="5" type="stmt"/>
        <line num="29" count="31" type="cond" truecount="3" falsecount="0"/>
        <line num="35" count="5" type="stmt"/>
        <line num="36" count="34" type="stmt"/>
        <line num="37" count="34" type="stmt"/>
        <line num="39" count="34" type="stmt"/>
        <line num="41" count="0" type="stmt"/>
        <line num="43" count="34" type="stmt"/>
        <line num="44" count="34" type="stmt"/>
        <line num="65" count="5" type="cond" truecount="1" falsecount="1"/>
        <line num="66" count="1" type="stmt"/>
        <line num="67" count="1" type="stmt"/>
        <line num="69" count="5" type="stmt"/>
        <line num="71" count="5" type="stmt"/>
        <line num="74" count="34" type="stmt"/>
        <line num="75" count="34" type="cond" truecount="2" falsecount="0"/>
        <line num="76" count="34" type="stmt"/>
        <line num="77" count="34" type="stmt"/>
        <line num="79" count="5" type="stmt"/>
        <line num="80" count="0" type="stmt"/>
        <line num="81" count="0" type="stmt"/>
        <line num="83" count="5" type="stmt"/>
        <line num="84" count="0" type="stmt"/>
        <line num="85" count="0" type="stmt"/>
        <line num="86" count="0" type="cond" truecount="0" falsecount="2"/>
        <line num="87" count="0" type="stmt"/>
        <line num="90" count="5" type="stmt"/>
        <line num="91" count="0" type="stmt"/>
        <line num="92" count="0" type="stmt"/>
        <line num="94" count="5" type="stmt"/>
        <line num="95" count="68" type="stmt"/>
        <line num="147" count="5" type="stmt"/>
        <line num="153" count="3" type="stmt"/>
        <line num="154" count="3" type="stmt"/>
        <line num="156" count="9" type="stmt"/>
        <line num="185" count="5" type="stmt"/>
        <line num="188" count="1" type="stmt"/>
        <line num="190" count="5" type="stmt"/>
        <line num="191" count="4" type="cond" truecount="2" falsecount="0"/>
        <line num="192" count="4" type="stmt"/>
        <line num="193" count="4" type="cond" truecount="1" falsecount="1"/>
        <line num="194" count="4" type="stmt"/>
        <line num="195" count="0" type="cond" truecount="0" falsecount="4"/>
        <line num="198" count="0" type="cond" truecount="0" falsecount="2"/>
        <line num="199" count="0" type="stmt"/>
        <line num="200" count="0" type="stmt"/>
        <line num="204" count="1" type="stmt"/>
        <line num="205" count="1" type="stmt"/>
        <line num="209" count="5" type="stmt"/>
        <line num="210" count="5" type="stmt"/>
        <line num="211" count="5" type="stmt"/>
        <line num="216" count="5" type="stmt"/>
        <line num="218" count="0" type="stmt"/>
        <line num="219" count="0" type="stmt"/>
        <line num="225" count="5" type="stmt"/>
        <line num="227" count="0" type="stmt"/>
        <line num="229" count="5" type="stmt"/>
        <line num="230" count="32" type="stmt"/>
        <line num="232" count="5" type="stmt"/>
        <line num="237" count="5" type="stmt"/>
        <line num="238" count="0" type="stmt"/>
        <line num="239" count="0" type="stmt"/>
        <line num="241" count="0" type="stmt"/>
        <line num="243" count="0" type="cond" truecount="0" falsecount="2"/>
        <line num="246" count="0" type="stmt"/>
        <line num="248" count="0" type="stmt"/>
        <line num="250" count="0" type="stmt"/>
        <line num="257" count="5" type="stmt"/>
        <line num="258" count="0" type="stmt"/>
        <line num="259" count="12" type="stmt"/>
        <line num="261" count="0" type="stmt"/>
        <line num="265" count="5" type="stmt"/>
        <line num="266" count="0" type="stmt"/>
        <line num="268" count="5" type="stmt"/>
        <line num="269" count="0" type="stmt"/>
        <line num="270" count="0" type="cond" truecount="0" falsecount="2"/>
        <line num="271" count="0" type="cond" truecount="0" falsecount="4"/>
        <line num="273" count="5" type="stmt"/>
        <line num="274" count="0" type="cond" truecount="0" falsecount="2"/>
        <line num="283" count="5" type="stmt"/>
        <line num="286" count="5" type="stmt"/>
        <line num="289" count="5" type="stmt"/>
      </file>
      <file name="ModelRegistry.caf" path="/Users/shanebdavis/dev/art-suite-applications/packages/@art-suite/models/source/ArtSuite.Models/ModelRegistry.caf">
        <metrics statements="19" coveredstatements="18" conditionals="10" coveredconditionals="5" methods="13" coveredmethods="12"/>
        <line num="1" count="10" type="stmt"/>
        <line num="3" count="5" type="stmt"/>
        <line num="4" count="10" type="cond" truecount="1" falsecount="1"/>
        <line num="12" count="34" type="stmt"/>
        <line num="13" count="34" type="stmt"/>
        <line num="14" count="5" type="stmt"/>
        <line num="21" count="1" type="stmt"/>
        <line num="22" count="1" type="cond" truecount="1" falsecount="1"/>
        <line num="24" count="5" type="stmt"/>
        <line num="30" count="36" type="cond" truecount="1" falsecount="1"/>
        <line num="31" count="0" type="stmt"/>
        <line num="34" count="36" type="stmt"/>
        <line num="36" count="5" type="stmt"/>
        <line num="38" count="34" type="stmt"/>
        <line num="39" count="5" type="stmt"/>
        <line num="41" count="34" type="cond" truecount="1" falsecount="1"/>
        <line num="42" count="34" type="stmt"/>
        <line num="43" count="5" type="stmt"/>
        <line num="46" count="31" type="stmt"/>
      </file>
      <file name="ModelStore.caf" path="/Users/shanebdavis/dev/art-suite-applications/packages/@art-suite/models/source/ArtSuite.Models/ModelStore.caf">
        <metrics statements="69" coveredstatements="68" conditionals="39" coveredconditionals="28" methods="27" coveredmethods="25"/>
        <line num="1" count="10" type="stmt"/>
        <line num="10" count="5" type="stmt"/>
        <line num="13" count="10" type="stmt"/>
        <line num="15" count="5" type="stmt"/>
        <line num="17" count="207" type="stmt"/>
        <line num="18" count="1" type="stmt"/>
        <line num="20" count="1" type="stmt"/>
        <line num="21" count="1" type="stmt"/>
        <line num="22" count="1" type="stmt"/>
        <line num="23" count="1" type="stmt"/>
        <line num="24" count="1" type="stmt"/>
        <line num="25" count="1" type="stmt"/>
        <line num="28" count="1" type="stmt"/>
        <line num="30" count="1" type="stmt"/>
        <line num="31" count="1" type="stmt"/>
        <line num="35" count="1" type="stmt"/>
        <line num="37" count="5" type="stmt"/>
        <line num="39" count="12" type="cond" truecount="2" falsecount="0"/>
        <line num="40" count="5" type="cond" truecount="0" falsecount="2"/>
        <line num="41" count="0" type="stmt"/>
        <line num="43" count="5" type="stmt"/>
        <line num="84" count="30" type="stmt"/>
        <line num="85" count="5" type="stmt"/>
        <line num="98" count="5" type="stmt"/>
        <line num="112" count="48" type="stmt"/>
        <line num="113" count="48" type="stmt"/>
        <line num="116" count="48" type="stmt"/>
        <line num="118" count="5" type="stmt"/>
        <line num="126" count="35" type="stmt"/>
        <line num="127" count="35" type="stmt"/>
        <line num="128" count="5" type="stmt"/>
        <line num="130" count="161" type="cond" truecount="2" falsecount="0"/>
        <line num="133" count="124" type="stmt"/>
        <line num="134" count="124" type="stmt"/>
        <line num="135" count="5" type="stmt"/>
        <line num="138" count="31" type="stmt"/>
        <line num="139" count="31" type="stmt"/>
        <line num="140" count="5" type="stmt"/>
        <line num="143" count="6" type="stmt"/>
        <line num="144" count="6" type="stmt"/>
        <line num="145" count="5" type="stmt"/>
        <line num="150" count="81" type="stmt"/>
        <line num="152" count="5" type="stmt"/>
        <line num="162" count="30" type="stmt"/>
        <line num="164" count="5" type="stmt"/>
        <line num="166" count="26" type="stmt"/>
        <line num="168" count="5" type="cond" truecount="1" falsecount="1"/>
        <line num="171" count="28" type="cond" truecount="4" falsecount="0"/>
        <line num="173" count="28" type="stmt"/>
        <line num="175" count="5" type="stmt"/>
        <line num="178" count="83" type="stmt"/>
        <line num="179" count="83" type="stmt"/>
        <line num="181" count="83" type="stmt"/>
        <line num="182" count="83" type="stmt"/>
        <line num="184" count="83" type="stmt"/>
        <line num="185" count="5" type="stmt"/>
        <line num="191" count="30" type="stmt"/>
        <line num="192" count="30" type="stmt"/>
        <line num="194" count="171" type="cond" truecount="1" falsecount="1"/>
        <line num="195" count="81" type="stmt"/>
        <line num="196" count="81" type="cond" truecount="2" falsecount="0"/>
        <line num="197" count="34" type="cond" truecount="2" falsecount="0"/>
        <line num="198" count="111" type="cond" truecount="1" falsecount="1"/>
        <line num="200" count="123" type="cond" truecount="1" falsecount="1"/>
        <line num="201" count="33" type="cond" truecount="2" falsecount="0"/>
        <line num="202" count="69" type="stmt"/>
        <line num="204" count="118" type="cond" truecount="1" falsecount="1"/>
        <line num="205" count="96" type="cond" truecount="1" falsecount="1"/>
        <line num="207" count="30" type="stmt"/>
      </file>
      <file name="ModelStoreEntry.caf" path="/Users/shanebdavis/dev/art-suite-applications/packages/@art-suite/models/source/ArtSuite.Models/ModelStoreEntry.caf">
        <metrics statements="63" coveredstatements="54" conditionals="54" coveredconditionals="21" methods="32" coveredmethods="22"/>
        <line num="1" count="10" type="stmt"/>
        <line num="3" count="5" type="cond" truecount="0" falsecount="2"/>
        <line num="5" count="5" type="stmt"/>
        <line num="9" count="31" type="cond" truecount="1" falsecount="0"/>
        <line num="10" count="31" type="stmt"/>
        <line num="11" count="31" type="stmt"/>
        <line num="13" count="31" type="stmt"/>
        <line num="15" count="31" type="cond" truecount="1" falsecount="1"/>
        <line num="17" count="31" type="stmt"/>
        <line num="19" count="31" type="stmt"/>
        <line num="20" count="31" type="stmt"/>
        <line num="22" count="5" type="stmt"/>
        <line num="23" count="5" type="stmt"/>
        <line num="24" count="1" type="stmt"/>
        <line num="25" count="28" type="stmt"/>
        <line num="26" count="2" type="stmt"/>
        <line num="27" count="1" type="stmt"/>
        <line num="28" count="1" type="stmt"/>
        <line num="33" count="0" type="stmt"/>
        <line num="39" count="0" type="stmt"/>
        <line num="45" count="5" type="stmt"/>
        <line num="48" count="20" type="stmt"/>
        <line num="49" count="0" type="stmt"/>
        <line num="51" count="5" type="stmt"/>
        <line num="53" count="97" type="stmt"/>
        <line num="55" count="291" type="cond" truecount="2" falsecount="0"/>
        <line num="56" count="97" type="stmt"/>
        <line num="57" count="97" type="stmt"/>
        <line num="58" count="97" type="stmt"/>
        <line num="60" count="97" type="stmt"/>
        <line num="61" count="97" type="cond" truecount="2" falsecount="0"/>
        <line num="63" count="5" type="cond" truecount="1" falsecount="1"/>
        <line num="66" count="0" type="stmt"/>
        <line num="80" count="0" type="stmt"/>
        <line num="83" count="5" type="stmt"/>
        <line num="85" count="5" type="stmt"/>
        <line num="87" count="26" type="stmt"/>
        <line num="88" count="26" type="cond" truecount="2" falsecount="0"/>
        <line num="89" count="19" type="stmt"/>
        <line num="92" count="0" type="stmt"/>
        <line num="94" count="26" type="stmt"/>
        <line num="96" count="5" type="stmt"/>
        <line num="99" count="28" type="stmt"/>
        <line num="100" count="6" type="stmt"/>
        <line num="102" count="33" type="stmt"/>
        <line num="103" count="5" type="stmt"/>
        <line num="108" count="5" type="stmt"/>
        <line num="110" count="0" type="stmt"/>
        <line num="117" count="0" type="stmt"/>
        <line num="118" count="0" type="cond" truecount="0" falsecount="3"/>
        <line num="119" count="5" type="stmt"/>
        <line num="123" count="1" type="stmt"/>
        <line num="124" count="5" type="stmt"/>
        <line num="126" count="47" type="stmt"/>
        <line num="127" count="47" type="cond" truecount="2" falsecount="0"/>
        <line num="128" count="47" type="cond" truecount="2" falsecount="1"/>
        <line num="130" count="47" type="stmt"/>
        <line num="132" count="5" type="cond" truecount="2" falsecount="0"/>
        <line num="134" count="33" type="cond" truecount="2" falsecount="0"/>
        <line num="135" count="47" type="cond" truecount="1" falsecount="1"/>
        <line num="136" count="5" type="stmt"/>
        <line num="140" count="29" type="stmt"/>
        <line num="141" count="5" type="stmt"/>
      </file>
      <file name="ModelSubscriptionsMixin.coffee" path="/Users/shanebdavis/dev/art-suite-applications/packages/@art-suite/models/source/ArtSuite.Models/ModelSubscriptionsMixin.coffee">
        <metrics statements="51" coveredstatements="41" conditionals="30" coveredconditionals="24" methods="16" coveredmethods="15"/>
        <line num="1" count="1155" type="cond" truecount="2" falsecount="0"/>
        <line num="9" count="5" type="stmt"/>
        <line num="10" count="5" type="stmt"/>
        <line num="11" count="5" type="stmt"/>
        <line num="13" count="5" type="stmt"/>
        <line num="16" count="8" type="stmt"/>
        <line num="21" count="8" type="stmt"/>
        <line num="22" count="8" type="stmt"/>
        <line num="27" count="8" type="stmt"/>
        <line num="28" count="8" type="stmt"/>
        <line num="29" count="2" type="stmt"/>
        <line num="85" count="8" type="stmt"/>
        <line num="87" count="0" type="stmt"/>
        <line num="88" count="0" type="stmt"/>
        <line num="89" count="0" type="cond" truecount="0" falsecount="2"/>
        <line num="91" count="9" type="stmt"/>
        <line num="93" count="0" type="stmt"/>
        <line num="94" count="0" type="cond" truecount="2" falsecount="0"/>
        <line num="97" count="9" type="stmt"/>
        <line num="101" count="1" type="cond" truecount="2" falsecount="0"/>
        <line num="104" count="0" type="stmt"/>
        <line num="106" count="8" type="stmt"/>
        <line num="108" count="8" type="stmt"/>
        <line num="109" count="0" type="stmt"/>
        <line num="110" count="2" type="stmt"/>
        <line num="115" count="8" type="stmt"/>
        <line num="128" count="8" type="stmt"/>
        <line num="130" count="0" type="stmt"/>
        <line num="132" count="1" type="stmt"/>
        <line num="133" count="1" type="stmt"/>
        <line num="138" count="8" type="stmt"/>
        <line num="140" count="3" type="stmt"/>
        <line num="141" count="3" type="stmt"/>
        <line num="142" count="3" type="stmt"/>
        <line num="143" count="11" type="stmt"/>
        <line num="145" count="8" type="stmt"/>
        <line num="146" count="2" type="stmt"/>
        <line num="147" count="1" type="stmt"/>
        <line num="148" count="1" type="stmt"/>
        <line num="153" count="8" type="stmt"/>
        <line num="154" count="5" type="stmt"/>
        <line num="155" count="0" type="stmt"/>
        <line num="158" count="8" type="stmt"/>
        <line num="160" count="0" type="stmt"/>
        <line num="163" count="7" type="cond" truecount="4" falsecount="2"/>
        <line num="164" count="7" type="stmt"/>
        <line num="165" count="7" type="cond" truecount="1" falsecount="1"/>
        <line num="166" count="7" type="stmt"/>
        <line num="167" count="7" type="stmt"/>
        <line num="168" count="7" type="stmt"/>
        <line num="174" count="11" type="stmt"/>
      </file>
      <file name="Models.caf" path="/Users/shanebdavis/dev/art-suite-applications/packages/@art-suite/models/source/ArtSuite.Models/Models.caf">
        <metrics statements="2" coveredstatements="2" conditionals="0" coveredconditionals="0" methods="2" coveredmethods="2"/>
        <line num="1" count="10" type="stmt"/>
        <line num="7" count="30" type="stmt"/>
      </file>
      <file name="StandardImport.caf" path="/Users/shanebdavis/dev/art-suite-applications/packages/@art-suite/models/source/ArtSuite.Models/StandardImport.caf">
        <metrics statements="1" coveredstatements="1" conditionals="0" coveredconditionals="0" methods="1" coveredmethods="1"/>
        <line num="1" count="10" type="stmt"/>
      </file>
    </package>
  </project>
</coverage>
