<?xml version="1.0" encoding="UTF-8"?>
<coverage generated="1609170338738" clover="3.2.0">
  <project timestamp="1609170338738" name="All files">
    <metrics statements="347" coveredstatements="261" conditionals="165" coveredconditionals="77" methods="131" coveredmethods="91" elements="643" coveredelements="429" complexity="0" loc="347" ncloc="347" packages="2" files="9" classes="9"/>
    <package name="build.ArtSuite.Models">
      <metrics statements="2" coveredstatements="2" conditionals="0" coveredconditionals="0" methods="0" coveredmethods="0"/>
      <file name="index.js" path="/Users/shanebdavis/dev/art-suite-applications/packages/@art-suite/models/build/ArtSuite.Models/index.js">
        <metrics statements="1" coveredstatements="1" conditionals="0" coveredconditionals="0" methods="0" coveredmethods="0"/>
        <line num="4" count="4" type="stmt"/>
      </file>
      <file name="namespace.js" path="/Users/shanebdavis/dev/art-suite-applications/packages/@art-suite/models/build/ArtSuite.Models/namespace.js">
        <metrics statements="1" coveredstatements="1" conditionals="0" coveredconditionals="0" methods="0" coveredmethods="0"/>
        <line num="4" count="4" type="stmt"/>
      </file>
    </package>
    <package name="source.ArtSuite.Models">
      <metrics statements="345" coveredstatements="259" conditionals="165" coveredconditionals="77" methods="131" coveredmethods="91"/>
      <file name="FluxEntry.caf" path="/Users/shanebdavis/dev/art-suite-applications/packages/@art-suite/models/source/ArtSuite.Models/FluxEntry.caf">
        <metrics statements="58" coveredstatements="40" conditionals="53" coveredconditionals="14" methods="29" coveredmethods="14"/>
        <line num="1" count="8" type="stmt"/>
        <line num="3" count="4" type="cond" truecount="0" falsecount="2"/>
        <line num="5" count="4" type="stmt"/>
        <line num="19" count="32" type="stmt"/>
        <line num="20" count="32" type="stmt"/>
        <line num="21" count="32" type="stmt"/>
        <line num="23" count="32" type="stmt"/>
        <line num="24" count="32" type="stmt"/>
        <line num="25" count="32" type="stmt"/>
        <line num="27" count="32" type="stmt"/>
        <line num="29" count="32" type="stmt"/>
        <line num="30" count="568" type="cond" truecount="2" falsecount="0"/>
        <line num="32" count="4" type="stmt"/>
        <line num="33" count="4" type="stmt"/>
        <line num="34" count="4" type="stmt"/>
        <line num="35" count="0" type="cond" truecount="0" falsecount="4"/>
        <line num="36" count="0" type="stmt"/>
        <line num="37" count="1" type="stmt"/>
        <line num="38" count="0" type="stmt"/>
        <line num="39" count="69" type="stmt"/>
        <line num="40" count="0" type="stmt"/>
        <line num="41" count="1" type="stmt"/>
        <line num="44" count="0" type="stmt"/>
        <line num="50" count="0" type="stmt"/>
        <line num="56" count="0" type="stmt"/>
        <line num="62" count="0" type="stmt"/>
        <line num="63" count="3" type="stmt"/>
        <line num="65" count="4" type="stmt"/>
        <line num="66" count="70" type="cond" truecount="1" falsecount="1"/>
        <line num="67" count="0" type="stmt"/>
        <line num="68" count="70" type="stmt"/>
        <line num="70" count="140" type="stmt"/>
        <line num="71" count="70" type="stmt"/>
        <line num="72" count="70" type="stmt"/>
        <line num="73" count="70" type="stmt"/>
        <line num="75" count="70" type="stmt"/>
        <line num="76" count="70" type="stmt"/>
        <line num="80" count="0" type="stmt"/>
        <line num="95" count="4" type="stmt"/>
        <line num="97" count="0" type="stmt"/>
        <line num="107" count="4" type="stmt"/>
        <line num="108" count="0" type="stmt"/>
        <line num="110" count="4" type="cond" truecount="0" falsecount="2"/>
        <line num="113" count="0" type="stmt"/>
        <line num="120" count="0" type="stmt"/>
        <line num="121" count="0" type="cond" truecount="0" falsecount="3"/>
        <line num="122" count="0" type="stmt"/>
        <line num="124" count="0" type="stmt"/>
        <line num="125" count="0" type="stmt"/>
        <line num="126" count="4" type="cond" truecount="0" falsecount="2"/>
        <line num="128" count="34" type="cond" truecount="2" falsecount="0"/>
        <line num="130" count="22" type="stmt"/>
        <line num="131" count="4" type="stmt"/>
        <line num="133" count="48" type="stmt"/>
        <line num="135" count="48" type="cond" truecount="2" falsecount="1"/>
        <line num="137" count="4" type="cond" truecount="2" falsecount="0"/>
        <line num="141" count="30" type="stmt"/>
        <line num="142" count="5" type="stmt"/>
      </file>
      <file name="FluxModel.coffee" path="/Users/shanebdavis/dev/art-suite-applications/packages/@art-suite/models/source/ArtSuite.Models/FluxModel.coffee">
        <metrics statements="100" coveredstatements="66" conditionals="43" coveredconditionals="16" methods="46" coveredmethods="26"/>
        <line num="1" count="572" type="cond" truecount="2" falsecount="0"/>
        <line num="13" count="4" type="stmt"/>
        <line num="14" count="4" type="stmt"/>
        <line num="16" count="4" type="stmt"/>
        <line num="17" count="4" type="stmt"/>
        <line num="18" count="4" type="stmt"/>
        <line num="21" count="4" type="stmt"/>
        <line num="22" count="4" type="stmt"/>
        <line num="24" count="4" type="stmt"/>
        <line num="31" count="4" type="stmt"/>
        <line num="33" count="32" type="cond" truecount="3" falsecount="0"/>
        <line num="39" count="4" type="stmt"/>
        <line num="40" count="35" type="stmt"/>
        <line num="41" count="35" type="stmt"/>
        <line num="43" count="4" type="stmt"/>
        <line num="44" count="0" type="stmt"/>
        <line num="46" count="35" type="stmt"/>
        <line num="48" count="0" type="stmt"/>
        <line num="50" count="35" type="stmt"/>
        <line num="51" count="35" type="stmt"/>
        <line num="72" count="4" type="cond" truecount="1" falsecount="1"/>
        <line num="73" count="1" type="stmt"/>
        <line num="74" count="1" type="stmt"/>
        <line num="76" count="4" type="stmt"/>
        <line num="78" count="5" type="stmt"/>
        <line num="81" count="35" type="stmt"/>
        <line num="82" count="35" type="cond" truecount="2" falsecount="0"/>
        <line num="83" count="35" type="stmt"/>
        <line num="84" count="35" type="stmt"/>
        <line num="86" count="4" type="stmt"/>
        <line num="87" count="0" type="stmt"/>
        <line num="88" count="0" type="stmt"/>
        <line num="90" count="4" type="stmt"/>
        <line num="91" count="0" type="stmt"/>
        <line num="92" count="0" type="stmt"/>
        <line num="93" count="0" type="cond" truecount="0" falsecount="2"/>
        <line num="94" count="0" type="stmt"/>
        <line num="97" count="4" type="stmt"/>
        <line num="98" count="0" type="stmt"/>
        <line num="99" count="0" type="stmt"/>
        <line num="101" count="4" type="stmt"/>
        <line num="102" count="70" type="stmt"/>
        <line num="154" count="4" type="stmt"/>
        <line num="160" count="3" type="stmt"/>
        <line num="161" count="3" type="stmt"/>
        <line num="163" count="10" type="stmt"/>
        <line num="192" count="4" type="stmt"/>
        <line num="195" count="1" type="stmt"/>
        <line num="197" count="5" type="stmt"/>
        <line num="198" count="4" type="cond" truecount="2" falsecount="0"/>
        <line num="199" count="4" type="stmt"/>
        <line num="200" count="4" type="cond" truecount="1" falsecount="1"/>
        <line num="201" count="4" type="stmt"/>
        <line num="202" count="0" type="cond" truecount="0" falsecount="4"/>
        <line num="205" count="0" type="cond" truecount="0" falsecount="2"/>
        <line num="206" count="0" type="stmt"/>
        <line num="207" count="0" type="stmt"/>
        <line num="211" count="1" type="stmt"/>
        <line num="212" count="1" type="stmt"/>
        <line num="216" count="5" type="stmt"/>
        <line num="217" count="5" type="stmt"/>
        <line num="218" count="5" type="stmt"/>
        <line num="223" count="4" type="stmt"/>
        <line num="225" count="0" type="stmt"/>
        <line num="227" count="0" type="stmt"/>
        <line num="233" count="4" type="stmt"/>
        <line num="235" count="0" type="stmt"/>
        <line num="238" count="33" type="stmt"/>
        <line num="240" count="4" type="stmt"/>
        <line num="242" count="4" type="stmt"/>
        <line num="243" count="4" type="stmt"/>
        <line num="248" count="4" type="stmt"/>
        <line num="249" count="0" type="stmt"/>
        <line num="250" count="0" type="stmt"/>
        <line num="252" count="0" type="cond" truecount="0" falsecount="2"/>
        <line num="253" count="0" type="stmt"/>
        <line num="254" count="0" type="cond" truecount="0" falsecount="2"/>
        <line num="256" count="0" type="stmt"/>
        <line num="258" count="0" type="stmt"/>
        <line num="259" count="0" type="stmt"/>
        <line num="263" count="4" type="stmt"/>
        <line num="265" count="0" type="stmt"/>
        <line num="267" count="12" type="stmt"/>
        <line num="269" count="0" type="stmt"/>
        <line num="273" count="4" type="stmt"/>
        <line num="274" count="0" type="stmt"/>
        <line num="276" count="4" type="stmt"/>
        <line num="277" count="0" type="stmt"/>
        <line num="278" count="0" type="cond" truecount="0" falsecount="2"/>
        <line num="279" count="0" type="cond" truecount="0" falsecount="4"/>
        <line num="281" count="4" type="stmt"/>
        <line num="282" count="0" type="cond" truecount="0" falsecount="2"/>
        <line num="291" count="4" type="stmt"/>
        <line num="294" count="4" type="stmt"/>
        <line num="297" count="4" type="stmt"/>
        <line num="303" count="4" type="stmt"/>
        <line num="305" count="4" type="stmt"/>
        <line num="307" count="0" type="stmt"/>
        <line num="309" count="0" type="stmt"/>
        <line num="311" count="4" type="stmt"/>
      </file>
      <file name="FluxStore.coffee" path="/Users/shanebdavis/dev/art-suite-applications/packages/@art-suite/models/source/ArtSuite.Models/FluxStore.coffee">
        <metrics statements="114" coveredstatements="91" conditionals="29" coveredconditionals="18" methods="24" coveredmethods="21"/>
        <line num="1" count="556" type="cond" truecount="2" falsecount="0"/>
        <line num="14" count="4" type="stmt"/>
        <line num="15" count="4" type="stmt"/>
        <line num="17" count="4" type="stmt"/>
        <line num="18" count="4" type="stmt"/>
        <line num="27" count="4" type="stmt"/>
        <line num="28" count="4" type="stmt"/>
        <line num="31" count="4" type="stmt"/>
        <line num="32" count="4" type="stmt"/>
        <line num="34" count="4" type="stmt"/>
        <line num="36" count="12" type="cond" truecount="2" falsecount="0"/>
        <line num="37" count="4" type="cond" truecount="0" falsecount="2"/>
        <line num="38" count="4" type="cond" truecount="1" falsecount="1"/>
        <line num="39" count="4" type="stmt"/>
        <line num="75" count="4" type="stmt"/>
        <line num="76" count="31" type="stmt"/>
        <line num="77" count="31" type="stmt"/>
        <line num="90" count="4" type="stmt"/>
        <line num="91" count="5" type="stmt"/>
        <line num="105" count="4" type="stmt"/>
        <line num="106" count="0" type="stmt"/>
        <line num="107" count="49" type="stmt"/>
        <line num="114" count="41" type="stmt"/>
        <line num="115" count="49" type="stmt"/>
        <line num="117" count="4" type="stmt"/>
        <line num="119" count="1" type="stmt"/>
        <line num="120" count="1" type="stmt"/>
        <line num="121" count="1" type="stmt"/>
        <line num="122" count="1" type="stmt"/>
        <line num="123" count="1" type="stmt"/>
        <line num="124" count="1" type="stmt"/>
        <line num="126" count="2" type="stmt"/>
        <line num="127" count="1" type="stmt"/>
        <line num="129" count="1" type="stmt"/>
        <line num="130" count="1" type="stmt"/>
        <line num="131" count="1" type="stmt"/>
        <line num="134" count="0" type="stmt"/>
        <line num="135" count="0" type="stmt"/>
        <line num="139" count="4" type="stmt"/>
        <line num="140" count="0" type="stmt"/>
        <line num="141" count="0" type="stmt"/>
        <line num="142" count="0" type="stmt"/>
        <line num="144" count="0" type="stmt"/>
        <line num="145" count="0" type="stmt"/>
        <line num="152" count="4" type="stmt"/>
        <line num="153" count="35" type="stmt"/>
        <line num="154" count="35" type="stmt"/>
        <line num="155" count="35" type="stmt"/>
        <line num="157" count="4" type="stmt"/>
        <line num="158" count="168" type="cond" truecount="2" falsecount="0"/>
        <line num="160" count="4" type="stmt"/>
        <line num="161" count="0" type="stmt"/>
        <line num="162" count="0" type="stmt"/>
        <line num="163" count="130" type="stmt"/>
        <line num="165" count="4" type="stmt"/>
        <line num="166" count="32" type="stmt"/>
        <line num="167" count="32" type="stmt"/>
        <line num="168" count="32" type="stmt"/>
        <line num="169" count="32" type="stmt"/>
        <line num="171" count="4" type="stmt"/>
        <line num="172" count="6" type="stmt"/>
        <line num="173" count="6" type="stmt"/>
        <line num="184" count="4" type="stmt"/>
        <line num="185" count="31" type="stmt"/>
        <line num="187" count="29" type="stmt"/>
        <line num="190" count="27" type="cond" truecount="2" falsecount="2"/>
        <line num="191" count="0" type="stmt"/>
        <line num="193" count="29" type="cond" truecount="2" falsecount="0"/>
        <line num="194" count="2" type="stmt"/>
        <line num="196" count="27" type="stmt"/>
        <line num="197" count="31" type="stmt"/>
        <line num="199" count="4" type="stmt"/>
        <line num="200" count="27" type="stmt"/>
        <line num="202" count="27" type="stmt"/>
        <line num="204" count="0" type="cond" truecount="0" falsecount="2"/>
        <line num="205" count="0" type="stmt"/>
        <line num="206" count="0" type="stmt"/>
        <line num="208" count="0" type="stmt"/>
        <line num="214" count="27" type="stmt"/>
        <line num="215" count="27" type="cond" truecount="2" falsecount="0"/>
        <line num="216" count="20" type="stmt"/>
        <line num="217" count="0" type="stmt"/>
        <line num="218" count="0" type="stmt"/>
        <line num="219" count="0" type="stmt"/>
        <line num="220" count="0" type="stmt"/>
        <line num="222" count="0" type="stmt"/>
        <line num="227" count="4" type="stmt"/>
        <line num="228" count="83" type="cond" truecount="2" falsecount="0"/>
        <line num="231" count="4" type="stmt"/>
        <line num="232" count="85" type="stmt"/>
        <line num="233" count="0" type="stmt"/>
        <line num="234" count="0" type="stmt"/>
        <line num="236" count="85" type="stmt"/>
        <line num="237" count="85" type="stmt"/>
        <line num="239" count="4" type="stmt"/>
        <line num="240" count="31" type="stmt"/>
        <line num="241" count="31" type="stmt"/>
        <line num="243" count="83" type="stmt"/>
        <line num="245" count="83" type="stmt"/>
        <line num="247" count="48" type="stmt"/>
        <line num="248" count="30" type="stmt"/>
        <line num="249" count="5" type="stmt"/>
        <line num="251" count="83" type="stmt"/>
        <line num="253" count="31" type="stmt"/>
        <line num="254" count="31" type="stmt"/>
        <line num="255" count="34" type="stmt"/>
        <line num="256" count="34" type="stmt"/>
        <line num="258" count="6" type="stmt"/>
        <line num="259" count="6" type="stmt"/>
        <line num="261" count="62" type="stmt"/>
        <line num="262" count="31" type="stmt"/>
        <line num="264" count="31" type="stmt"/>
        <line num="265" count="31" type="stmt"/>
        <line num="270" count="0" type="stmt"/>
      </file>
      <file name="FluxSubscriptionsMixin.coffee" path="/Users/shanebdavis/dev/art-suite-applications/packages/@art-suite/models/source/ArtSuite.Models/FluxSubscriptionsMixin.coffee">
        <metrics statements="51" coveredstatements="41" conditionals="30" coveredconditionals="24" methods="16" coveredmethods="15"/>
        <line num="1" count="1154" type="cond" truecount="2" falsecount="0"/>
        <line num="9" count="4" type="stmt"/>
        <line num="10" count="4" type="stmt"/>
        <line num="11" count="4" type="stmt"/>
        <line num="13" count="4" type="stmt"/>
        <line num="16" count="8" type="stmt"/>
        <line num="21" count="8" type="stmt"/>
        <line num="22" count="8" type="stmt"/>
        <line num="27" count="8" type="stmt"/>
        <line num="28" count="8" type="stmt"/>
        <line num="29" count="2" type="stmt"/>
        <line num="85" count="8" type="stmt"/>
        <line num="87" count="0" type="stmt"/>
        <line num="88" count="0" type="stmt"/>
        <line num="89" count="0" type="cond" truecount="0" falsecount="2"/>
        <line num="91" count="9" type="stmt"/>
        <line num="93" count="0" type="stmt"/>
        <line num="94" count="0" type="cond" truecount="2" falsecount="0"/>
        <line num="97" count="9" type="stmt"/>
        <line num="101" count="1" type="cond" truecount="2" falsecount="0"/>
        <line num="104" count="0" type="stmt"/>
        <line num="106" count="8" type="stmt"/>
        <line num="108" count="8" type="stmt"/>
        <line num="109" count="0" type="stmt"/>
        <line num="110" count="2" type="stmt"/>
        <line num="115" count="8" type="stmt"/>
        <line num="128" count="8" type="stmt"/>
        <line num="130" count="0" type="stmt"/>
        <line num="132" count="1" type="stmt"/>
        <line num="133" count="1" type="stmt"/>
        <line num="138" count="8" type="stmt"/>
        <line num="140" count="3" type="stmt"/>
        <line num="141" count="3" type="stmt"/>
        <line num="142" count="3" type="stmt"/>
        <line num="143" count="11" type="stmt"/>
        <line num="145" count="8" type="stmt"/>
        <line num="146" count="2" type="stmt"/>
        <line num="147" count="1" type="stmt"/>
        <line num="148" count="1" type="stmt"/>
        <line num="153" count="8" type="stmt"/>
        <line num="154" count="5" type="stmt"/>
        <line num="155" count="0" type="stmt"/>
        <line num="158" count="8" type="stmt"/>
        <line num="160" count="0" type="stmt"/>
        <line num="163" count="7" type="cond" truecount="4" falsecount="2"/>
        <line num="164" count="7" type="stmt"/>
        <line num="165" count="7" type="cond" truecount="1" falsecount="1"/>
        <line num="166" count="7" type="stmt"/>
        <line num="167" count="7" type="stmt"/>
        <line num="168" count="7" type="stmt"/>
        <line num="174" count="11" type="stmt"/>
      </file>
      <file name="ModelRegistry.caf" path="/Users/shanebdavis/dev/art-suite-applications/packages/@art-suite/models/source/ArtSuite.Models/ModelRegistry.caf">
        <metrics statements="19" coveredstatements="18" conditionals="10" coveredconditionals="5" methods="13" coveredmethods="12"/>
        <line num="1" count="8" type="stmt"/>
        <line num="3" count="4" type="stmt"/>
        <line num="4" count="8" type="cond" truecount="1" falsecount="1"/>
        <line num="12" count="35" type="stmt"/>
        <line num="13" count="35" type="stmt"/>
        <line num="14" count="4" type="stmt"/>
        <line num="21" count="1" type="stmt"/>
        <line num="22" count="1" type="cond" truecount="1" falsecount="1"/>
        <line num="24" count="4" type="stmt"/>
        <line num="30" count="37" type="cond" truecount="1" falsecount="1"/>
        <line num="31" count="0" type="stmt"/>
        <line num="34" count="37" type="stmt"/>
        <line num="36" count="4" type="stmt"/>
        <line num="38" count="35" type="stmt"/>
        <line num="39" count="4" type="stmt"/>
        <line num="41" count="35" type="cond" truecount="1" falsecount="1"/>
        <line num="42" count="35" type="stmt"/>
        <line num="43" count="4" type="stmt"/>
        <line num="46" count="32" type="stmt"/>
      </file>
      <file name="Models.caf" path="/Users/shanebdavis/dev/art-suite-applications/packages/@art-suite/models/source/ArtSuite.Models/Models.caf">
        <metrics statements="2" coveredstatements="2" conditionals="0" coveredconditionals="0" methods="2" coveredmethods="2"/>
        <line num="1" count="8" type="stmt"/>
        <line num="7" count="18" type="stmt"/>
      </file>
      <file name="StandardImport.caf" path="/Users/shanebdavis/dev/art-suite-applications/packages/@art-suite/models/source/ArtSuite.Models/StandardImport.caf">
        <metrics statements="1" coveredstatements="1" conditionals="0" coveredconditionals="0" methods="1" coveredmethods="1"/>
        <line num="1" count="8" type="stmt"/>
      </file>
    </package>
  </project>
</coverage>
