{"/Users/shanebdavis/dev/art-suite-applications/packages/@art-suite/models/build/ArtSuite.Models/index.js": {"path":"/Users/shanebdavis/dev/art-suite-applications/packages/@art-suite/models/build/ArtSuite.Models/index.js","statementMap":{"0":{"start":{"line":4,"column":0},"end":{"line":14,"column":3}}},"fnMap":{},"branchMap":{},"s":{"0":5},"f":{},"b":{},"_coverageSchema":"1a1c01bbd47fc00a2c39e90264f33305004495a9","hash":"b5155659212b82de10aeb28c75490b6d0c4e819e"}
,"/Users/shanebdavis/dev/art-suite-applications/packages/@art-suite/models/build/ArtSuite.Models/namespace.js": {"path":"/Users/shanebdavis/dev/art-suite-applications/packages/@art-suite/models/build/ArtSuite.Models/namespace.js","statementMap":{"0":{"start":{"line":4,"column":0},"end":{"line":8,"column":2}}},"fnMap":{},"branchMap":{},"s":{"0":5},"f":{},"b":{},"_coverageSchema":"1a1c01bbd47fc00a2c39e90264f33305004495a9","hash":"5bc29a5a84610e24e8f8a7a9caa14b0af2071ad4"}
,"/Users/shanebdavis/dev/art-suite-applications/packages/@art-suite/models/source/ArtSuite.Models/FluxEntry.caf": {"path":"/Users/shanebdavis/dev/art-suite-applications/packages/@art-suite/models/source/ArtSuite.Models/FluxEntry.caf","statementMap":{"0":{"start":{"line":1,"column":0},"end":{"line":141,"column":null}},"1":{"start":{"line":3,"column":0},"end":{"line":3,"column":null}},"2":{"start":{"line":3,"column":14},"end":{"line":3,"column":null}},"3":{"start":{"line":5,"column":0},"end":{"line":5,"column":null}},"4":{"start":{"line":5,"column":16},"end":{"line":141,"column":null}},"5":{"start":{"line":9,"column":32},"end":{"line":9,"column":null}},"6":{"start":{"line":10,"column":4},"end":{"line":10,"column":null}},"7":{"start":{"line":11,"column":4},"end":{"line":11,"column":null}},"8":{"start":{"line":13,"column":4},"end":{"line":13,"column":null}},"9":{"start":{"line":13,"column":29},"end":{"line":15,"column":null}},"10":{"start":{"line":15,"column":29},"end":{"line":16,"column":null}},"11":{"start":{"line":17,"column":4},"end":{"line":17,"column":null}},"12":{"start":{"line":19,"column":4},"end":{"line":19,"column":null}},"13":{"start":{"line":20,"column":4},"end":{"line":20,"column":null}},"14":{"start":{"line":22,"column":2},"end":{"line":22,"column":null}},"15":{"start":{"line":23,"column":2},"end":{"line":43,"column":null}},"16":{"start":{"line":24,"column":27},"end":{"line":24,"column":null}},"17":{"start":{"line":25,"column":27},"end":{"line":25,"column":null}},"18":{"start":{"line":26,"column":27},"end":{"line":26,"column":null}},"19":{"start":{"line":27,"column":27},"end":{"line":27,"column":null}},"20":{"start":{"line":28,"column":27},"end":{"line":31,"column":null}},"21":{"start":{"line":33,"column":36},"end":{"line":37,"column":null}},"22":{"start":{"line":39,"column":35},"end":{"line":43,"column":null}},"23":{"start":{"line":45,"column":2},"end":{"line":45,"column":null}},"24":{"start":{"line":45,"column":92},"end":{"line":49,"column":null}},"25":{"start":{"line":48,"column":4},"end":{"line":48,"column":null}},"26":{"start":{"line":48,"column":35},"end":{"line":48,"column":null}},"27":{"start":{"line":48,"column":48},"end":{"line":49,"column":null}},"28":{"start":{"line":49,"column":39},"end":{"line":49,"column":null}},"29":{"start":{"line":51,"column":2},"end":{"line":63,"column":null}},"30":{"start":{"line":53,"column":6},"end":{"line":53,"column":null}},"31":{"start":{"line":53,"column":83},"end":{"line":55,"column":null}},"32":{"start":{"line":55,"column":22},"end":{"line":55,"column":null}},"33":{"start":{"line":56,"column":6},"end":{"line":56,"column":null}},"34":{"start":{"line":57,"column":19},"end":{"line":57,"column":null}},"35":{"start":{"line":58,"column":19},"end":{"line":58,"column":null}},"36":{"start":{"line":58,"column":34},"end":{"line":59,"column":null}},"37":{"start":{"line":60,"column":19},"end":{"line":60,"column":null}},"38":{"start":{"line":61,"column":19},"end":{"line":61,"column":null}},"39":{"start":{"line":61,"column":46},"end":{"line":63,"column":null}},"40":{"start":{"line":63,"column":36},"end":{"line":83,"column":null}},"41":{"start":{"line":66,"column":35},"end":{"line":83,"column":null}},"42":{"start":{"line":80,"column":8},"end":{"line":80,"column":null}},"43":{"start":{"line":80,"column":48},"end":{"line":83,"column":null}},"44":{"start":{"line":83,"column":10},"end":{"line":85,"column":null}},"45":{"start":{"line":85,"column":13},"end":{"line":85,"column":null}},"46":{"start":{"line":85,"column":27},"end":{"line":96,"column":null}},"47":{"start":{"line":87,"column":10},"end":{"line":94,"column":null}},"48":{"start":{"line":88,"column":7},"end":{"line":89,"column":64}},"49":{"start":{"line":89,"column":60},"end":{"line":89,"column":64}},"50":{"start":{"line":89,"column":64},"end":{"line":89,"column":null}},"51":{"start":{"line":92,"column":6},"end":{"line":94,"column":null}},"52":{"start":{"line":94,"column":48},"end":{"line":96,"column":null}},"53":{"start":{"line":96,"column":4},"end":{"line":99,"column":null}},"54":{"start":{"line":99,"column":15},"end":{"line":99,"column":null}},"55":{"start":{"line":99,"column":38},"end":{"line":100,"column":null}},"56":{"start":{"line":100,"column":15},"end":{"line":100,"column":null}},"57":{"start":{"line":100,"column":40},"end":{"line":103,"column":null}},"58":{"start":{"line":102,"column":4},"end":{"line":102,"column":null}},"59":{"start":{"line":102,"column":29},"end":{"line":103,"column":null}},"60":{"start":{"line":103,"column":4},"end":{"line":108,"column":null}},"61":{"start":{"line":108,"column":23},"end":{"line":108,"column":66}},"62":{"start":{"line":108,"column":60},"end":{"line":108,"column":null}},"63":{"start":{"line":108,"column":78},"end":{"line":119,"column":null}},"64":{"start":{"line":110,"column":29},"end":{"line":119,"column":null}},"65":{"start":{"line":117,"column":6},"end":{"line":119,"column":null}},"66":{"start":{"line":118,"column":41},"end":{"line":118,"column":86}},"67":{"start":{"line":119,"column":41},"end":{"line":119,"column":null}},"68":{"start":{"line":119,"column":57},"end":{"line":124,"column":null}},"69":{"start":{"line":123,"column":4},"end":{"line":123,"column":null}},"70":{"start":{"line":123,"column":110},"end":{"line":124,"column":null}},"71":{"start":{"line":124,"column":4},"end":{"line":132,"column":null}},"72":{"start":{"line":126,"column":40},"end":{"line":127,"column":null}},"73":{"start":{"line":127,"column":28},"end":{"line":130,"column":null}},"74":{"start":{"line":128,"column":8},"end":{"line":128,"column":58}},"75":{"start":{"line":128,"column":58},"end":{"line":128,"column":null}},"76":{"start":{"line":130,"column":6},"end":{"line":130,"column":null}},"77":{"start":{"line":130,"column":37},"end":{"line":132,"column":null}},"78":{"start":{"line":132,"column":57},"end":{"line":136,"column":null}},"79":{"start":{"line":134,"column":25},"end":{"line":136,"column":null}},"80":{"start":{"line":135,"column":29},"end":{"line":135,"column":null}},"81":{"start":{"line":135,"column":29},"end":{"line":135,"column":48}},"82":{"start":{"line":135,"column":48},"end":{"line":135,"column":null}},"83":{"start":{"line":135,"column":73},"end":{"line":135,"column":null}},"84":{"start":{"line":136,"column":27},"end":{"line":140,"column":null}},"85":{"start":{"line":140,"column":32},"end":{"line":140,"column":null}},"86":{"start":{"line":140,"column":64},"end":{"line":141,"column":null}},"87":{"start":{"line":141,"column":32},"end":{"line":141,"column":null}}},"fnMap":{"0":{"name":"(anonymous_0)","decl":{"start":{"line":1,"column":0},"end":{"line":1,"column":7}},"loc":{"start":{"line":1,"column":0},"end":{"line":141,"column":null}}},"1":{"name":"(anonymous_1)","decl":{"start":{"line":1,"column":40},"end":{"line":1,"column":null}},"loc":{"start":{"line":1,"column":40},"end":{"line":141,"column":null}}},"2":{"name":"(anonymous_2)","decl":{"start":{"line":3,"column":8},"end":{"line":3,"column":14}},"loc":{"start":{"line":3,"column":8},"end":{"line":3,"column":null}}},"3":{"name":"(anonymous_3)","decl":{"start":{"line":7,"column":24},"end":{"line":7,"column":null}},"loc":{"start":{"line":9,"column":32},"end":{"line":20,"column":null}}},"4":{"name":"(anonymous_4)","decl":{"start":{"line":20,"column":27},"end":{"line":20,"column":null}},"loc":{"start":{"line":20,"column":27},"end":{"line":141,"column":null}}},"5":{"name":"(anonymous_5)","decl":{"start":{"line":24,"column":4},"end":{"line":24,"column":27}},"loc":{"start":{"line":24,"column":4},"end":{"line":24,"column":null}}},"6":{"name":"(anonymous_6)","decl":{"start":{"line":25,"column":4},"end":{"line":25,"column":27}},"loc":{"start":{"line":25,"column":4},"end":{"line":25,"column":null}}},"7":{"name":"(anonymous_7)","decl":{"start":{"line":26,"column":4},"end":{"line":26,"column":27}},"loc":{"start":{"line":26,"column":4},"end":{"line":26,"column":null}}},"8":{"name":"(anonymous_8)","decl":{"start":{"line":27,"column":4},"end":{"line":27,"column":27}},"loc":{"start":{"line":27,"column":4},"end":{"line":27,"column":null}}},"9":{"name":"(anonymous_9)","decl":{"start":{"line":28,"column":4},"end":{"line":28,"column":27}},"loc":{"start":{"line":28,"column":4},"end":{"line":31,"column":null}}},"10":{"name":"(anonymous_10)","decl":{"start":{"line":33,"column":4},"end":{"line":33,"column":36}},"loc":{"start":{"line":33,"column":4},"end":{"line":37,"column":null}}},"11":{"name":"(anonymous_11)","decl":{"start":{"line":39,"column":4},"end":{"line":39,"column":35}},"loc":{"start":{"line":39,"column":4},"end":{"line":43,"column":null}}},"12":{"name":"(anonymous_12)","decl":{"start":{"line":47,"column":58},"end":{"line":47,"column":null}},"loc":{"start":{"line":47,"column":58},"end":{"line":49,"column":null}}},"13":{"name":"(anonymous_13)","decl":{"start":{"line":48,"column":13},"end":{"line":48,"column":35}},"loc":{"start":{"line":48,"column":13},"end":{"line":48,"column":null}}},"14":{"name":"(anonymous_14)","decl":{"start":{"line":49,"column":13},"end":{"line":49,"column":32}},"loc":{"start":{"line":49,"column":33},"end":{"line":49,"column":null}}},"15":{"name":"(anonymous_15)","decl":{"start":{"line":52,"column":4},"end":{"line":52,"column":16}},"loc":{"start":{"line":52,"column":17},"end":{"line":63,"column":null}}},"16":{"name":"(anonymous_16)","decl":{"start":{"line":66,"column":2},"end":{"line":66,"column":18}},"loc":{"start":{"line":66,"column":19},"end":{"line":83,"column":null}}},"17":{"name":"(anonymous_17)","decl":{"start":{"line":79,"column":61},"end":{"line":79,"column":null}},"loc":{"start":{"line":79,"column":61},"end":{"line":83,"column":null}}},"18":{"name":"(anonymous_18)","decl":{"start":{"line":85,"column":2},"end":{"line":85,"column":13}},"loc":{"start":{"line":85,"column":2},"end":{"line":85,"column":null}}},"19":{"name":"(anonymous_19)","decl":{"start":{"line":87,"column":2},"end":{"line":87,"column":10}},"loc":{"start":{"line":87,"column":2},"end":{"line":96,"column":null}}},"20":{"name":"(anonymous_20)","decl":{"start":{"line":99,"column":2},"end":{"line":99,"column":15}},"loc":{"start":{"line":99,"column":2},"end":{"line":99,"column":null}}},"21":{"name":"(anonymous_21)","decl":{"start":{"line":100,"column":2},"end":{"line":100,"column":15}},"loc":{"start":{"line":100,"column":2},"end":{"line":100,"column":null}}},"22":{"name":"(anonymous_22)","decl":{"start":{"line":101,"column":2},"end":{"line":101,"column":null}},"loc":{"start":{"line":101,"column":2},"end":{"line":103,"column":null}}},"23":{"name":"(anonymous_23)","decl":{"start":{"line":108,"column":2},"end":{"line":108,"column":23}},"loc":{"start":{"line":108,"column":2},"end":{"line":108,"column":null}}},"24":{"name":"(anonymous_24)","decl":{"start":{"line":110,"column":2},"end":{"line":110,"column":29}},"loc":{"start":{"line":110,"column":2},"end":{"line":119,"column":null}}},"25":{"name":"(anonymous_25)","decl":{"start":{"line":117,"column":6},"end":{"line":117,"column":13}},"loc":{"start":{"line":117,"column":6},"end":{"line":119,"column":null}}},"26":{"name":"(anonymous_26)","decl":{"start":{"line":122,"column":2},"end":{"line":122,"column":26}},"loc":{"start":{"line":122,"column":55},"end":{"line":124,"column":null}}},"27":{"name":"(anonymous_27)","decl":{"start":{"line":126,"column":2},"end":{"line":126,"column":21}},"loc":{"start":{"line":126,"column":22},"end":{"line":132,"column":null}}},"28":{"name":"(anonymous_28)","decl":{"start":{"line":134,"column":2},"end":{"line":134,"column":25}},"loc":{"start":{"line":134,"column":2},"end":{"line":136,"column":null}}},"29":{"name":"(anonymous_29)","decl":{"start":{"line":135,"column":29},"end":{"line":135,"column":48}},"loc":{"start":{"line":135,"column":29},"end":{"line":135,"column":null}}},"30":{"name":"(anonymous_30)","decl":{"start":{"line":140,"column":2},"end":{"line":140,"column":16}},"loc":{"start":{"line":140,"column":17},"end":{"line":140,"column":null}}},"31":{"name":"(anonymous_31)","decl":{"start":{"line":141,"column":2},"end":{"line":141,"column":16}},"loc":{"start":{"line":141,"column":17},"end":{"line":141,"column":null}}}},"branchMap":{"0":{"loc":{"start":{"line":3,"column":14},"end":{"line":3,"column":20}},"type":"cond-expr","locations":[{"start":{"line":3,"column":14},"end":{"line":3,"column":20}},{"start":{"line":3,"column":20},"end":{"line":3,"column":null}}]},"1":{"loc":{"start":{"line":9,"column":32},"end":{"line":9,"column":null}},"type":"default-arg","locations":[{"start":{"line":9,"column":32},"end":{"line":9,"column":null}}]},"2":{"loc":{"start":{"line":15,"column":21},"end":{"line":15,"column":25}},"type":"cond-expr","locations":[{"start":{"line":15,"column":21},"end":{"line":15,"column":25}},{"start":{"line":15,"column":25},"end":{"line":15,"column":null}}]},"3":{"loc":{"start":{"line":16,"column":21},"end":{"line":16,"column":31}},"type":"cond-expr","locations":[{"start":{"line":16,"column":21},"end":{"line":16,"column":31}},{"start":{"line":16,"column":31},"end":{"line":16,"column":null}}]},"4":{"loc":{"start":{"line":35,"column":8},"end":{"line":37,"column":null}},"type":"cond-expr","locations":[{"start":{"line":35,"column":8},"end":{"line":37,"column":null}},{"start":{"line":37,"column":10},"end":{"line":37,"column":null}}]},"5":{"loc":{"start":{"line":36,"column":23},"end":{"line":36,"column":35}},"type":"cond-expr","locations":[{"start":{"line":36,"column":23},"end":{"line":36,"column":35}},{"start":{"line":36,"column":35},"end":{"line":36,"column":38}}]},"6":{"loc":{"start":{"line":41,"column":8},"end":{"line":43,"column":null}},"type":"cond-expr","locations":[{"start":{"line":41,"column":8},"end":{"line":43,"column":null}},{"start":{"line":43,"column":10},"end":{"line":43,"column":null}}]},"7":{"loc":{"start":{"line":42,"column":23},"end":{"line":42,"column":35}},"type":"cond-expr","locations":[{"start":{"line":42,"column":23},"end":{"line":42,"column":35}},{"start":{"line":42,"column":35},"end":{"line":42,"column":38}}]},"8":{"loc":{"start":{"line":55,"column":7},"end":{"line":55,"column":22}},"type":"cond-expr","locations":[{"start":{"line":55,"column":7},"end":{"line":55,"column":22}},{"start":{"line":55,"column":22},"end":{"line":55,"column":null}}]},"9":{"loc":{"start":{"line":59,"column":19},"end":{"line":59,"column":26}},"type":"cond-expr","locations":[{"start":{"line":59,"column":19},"end":{"line":59,"column":26}},{"start":{"line":59,"column":26},"end":{"line":59,"column":null}}]},"10":{"loc":{"start":{"line":61,"column":34},"end":{"line":61,"column":46}},"type":"cond-expr","locations":[{"start":{"line":61,"column":34},"end":{"line":61,"column":46}},{"start":{"line":61,"column":46},"end":{"line":61,"column":null}}]},"11":{"loc":{"start":{"line":63,"column":36},"end":{"line":63,"column":null}},"type":"cond-expr","locations":[{"start":{"line":63,"column":36},"end":{"line":63,"column":null}},{"start":{"line":63,"column":36},"end":{"line":63,"column":null}}]},"12":{"loc":{"start":{"line":67,"column":4},"end":{"line":83,"column":null}},"type":"cond-expr","locations":[{"start":{"line":67,"column":4},"end":{"line":83,"column":null}},{"start":{"line":83,"column":10},"end":{"line":83,"column":null}}]},"13":{"loc":{"start":{"line":69,"column":43},"end":{"line":69,"column":50}},"type":"cond-expr","locations":[{"start":{"line":69,"column":43},"end":{"line":69,"column":50}},{"start":{"line":69,"column":50},"end":{"line":69,"column":null}}]},"14":{"loc":{"start":{"line":77,"column":6},"end":{"line":83,"column":null}},"type":"cond-expr","locations":[{"start":{"line":77,"column":6},"end":{"line":83,"column":null}},{"start":{"line":83,"column":10},"end":{"line":83,"column":null}}]},"15":{"loc":{"start":{"line":82,"column":10},"end":{"line":83,"column":null}},"type":"cond-expr","locations":[{"start":{"line":82,"column":10},"end":{"line":83,"column":null}},{"start":{"line":83,"column":10},"end":{"line":83,"column":null}}]},"16":{"loc":{"start":{"line":81,"column":11},"end":{"line":81,"column":60}},"type":"binary-expr","locations":[{"start":{"line":81,"column":11},"end":{"line":81,"column":60}},{"start":{"line":81,"column":32},"end":{"line":81,"column":60}}]},"17":{"loc":{"start":{"line":88,"column":7},"end":{"line":89,"column":64}},"type":"if","locations":[{"start":{"line":88,"column":7},"end":{"line":89,"column":64}},{"start":{"line":88,"column":7},"end":{"line":89,"column":64}}]},"18":{"loc":{"start":{"line":112,"column":6},"end":{"line":113,"column":null}},"type":"cond-expr","locations":[{"start":{"line":112,"column":6},"end":{"line":113,"column":null}},{"start":{"line":115,"column":12},"end":{"line":119,"column":null}}]},"19":{"loc":{"start":{"line":116,"column":6},"end":{"line":119,"column":null}},"type":"cond-expr","locations":[{"start":{"line":116,"column":6},"end":{"line":119,"column":null}},{"start":{"line":119,"column":57},"end":{"line":119,"column":null}}]},"20":{"loc":{"start":{"line":118,"column":8},"end":{"line":118,"column":86}},"type":"switch","locations":[{"start":{"line":118,"column":8},"end":{"line":118,"column":86}},{"start":{"line":118,"column":86},"end":{"line":119,"column":28}},{"start":{"line":119,"column":13},"end":{"line":119,"column":null}}]},"21":{"loc":{"start":{"line":122,"column":55},"end":{"line":122,"column":null}},"type":"default-arg","locations":[{"start":{"line":122,"column":55},"end":{"line":122,"column":null}}]},"22":{"loc":{"start":{"line":127,"column":4},"end":{"line":127,"column":24}},"type":"cond-expr","locations":[{"start":{"line":127,"column":4},"end":{"line":127,"column":24}},{"start":{"line":127,"column":24},"end":{"line":127,"column":null}}]},"23":{"loc":{"start":{"line":128,"column":23},"end":{"line":128,"column":39}},"type":"binary-expr","locations":[{"start":{"line":128,"column":23},"end":{"line":128,"column":39}},{"start":{"line":128,"column":23},"end":{"line":128,"column":58}},{"start":{"line":128,"column":39},"end":{"line":128,"column":58}}]},"24":{"loc":{"start":{"line":132,"column":57},"end":{"line":132,"column":null}},"type":"cond-expr","locations":[{"start":{"line":132,"column":57},"end":{"line":132,"column":null}},{"start":{"line":132,"column":57},"end":{"line":132,"column":null}}]},"25":{"loc":{"start":{"line":134,"column":48},"end":{"line":136,"column":null}},"type":"cond-expr","locations":[{"start":{"line":134,"column":48},"end":{"line":136,"column":null}},{"start":{"line":136,"column":27},"end":{"line":136,"column":null}}]},"26":{"loc":{"start":{"line":135,"column":29},"end":{"line":135,"column":null}},"type":"cond-expr","locations":[{"start":{"line":135,"column":29},"end":{"line":135,"column":null}},{"start":{"line":135,"column":73},"end":{"line":135,"column":null}}]}},"s":{"0":10,"1":5,"2":0,"3":5,"4":5,"5":31,"6":31,"7":31,"8":31,"9":31,"10":31,"11":31,"12":31,"13":31,"14":5,"15":5,"16":1,"17":28,"18":2,"19":1,"20":1,"21":0,"22":0,"23":5,"24":5,"25":20,"26":4,"27":20,"28":0,"29":5,"30":97,"31":97,"32":291,"33":97,"34":97,"35":97,"36":97,"37":97,"38":97,"39":97,"40":5,"41":0,"42":0,"43":0,"44":5,"45":0,"46":5,"47":26,"48":26,"49":19,"50":0,"51":0,"52":26,"53":5,"54":28,"55":5,"56":6,"57":5,"58":33,"59":33,"60":5,"61":0,"62":0,"63":5,"64":0,"65":0,"66":0,"67":0,"68":5,"69":1,"70":1,"71":5,"72":47,"73":47,"74":47,"75":0,"76":0,"77":47,"78":5,"79":33,"80":25,"81":22,"82":22,"83":47,"84":5,"85":29,"86":5,"87":5},"f":{"0":5,"1":5,"2":0,"3":31,"4":5,"5":1,"6":28,"7":2,"8":1,"9":1,"10":0,"11":0,"12":20,"13":4,"14":0,"15":97,"16":0,"17":0,"18":0,"19":26,"20":28,"21":6,"22":33,"23":0,"24":0,"25":0,"26":1,"27":47,"28":33,"29":25,"30":29,"31":5},"b":{"0":[0,0],"1":[29],"2":[0,31],"3":[0,31],"4":[0,0],"5":[0,0],"6":[0,0],"7":[0,0],"8":[66,31],"9":[51,46],"10":[66,31],"11":[0,97],"12":[0,0],"13":[0,0],"14":[0,0],"15":[0,0],"16":[0,0],"17":[19,7],"18":[0,0],"19":[0,0],"20":[0,0,0],"21":[0],"22":[5,42],"23":[47,47,0],"24":[17,30],"25":[25,8],"26":[25,0]}}
,"/Users/shanebdavis/dev/art-suite-applications/packages/@art-suite/models/source/ArtSuite.Models/FluxModel.coffee": {"path":"/Users/shanebdavis/dev/art-suite-applications/packages/@art-suite/models/source/ArtSuite.Models/FluxModel.coffee","statementMap":{"0":{"start":{"line":1,"column":0},"end":{"line":1,"column":null}},"1":{"start":{"line":1,"column":0},"end":{"line":8,"column":null}},"2":{"start":{"line":10,"column":1},"end":{"line":10,"column":23}},"3":{"start":{"line":11,"column":1},"end":{"line":11,"column":41}},"4":{"start":{"line":13,"column":0},"end":{"line":13,"column":63}},"5":{"start":{"line":14,"column":1},"end":{"line":14,"column":18}},"6":{"start":{"line":15,"column":0},"end":{"line":15,"column":24}},"7":{"start":{"line":18,"column":0},"end":{"line":18,"column":13}},"8":{"start":{"line":19,"column":2},"end":{"line":19,"column":3}},"9":{"start":{"line":21,"column":2},"end":{"line":21,"column":3}},"10":{"start":{"line":28,"column":2},"end":{"line":28,"column":3}},"11":{"start":{"line":30,"column":6},"end":{"line":32,"column":null}},"12":{"start":{"line":36,"column":2},"end":{"line":36,"column":null}},"13":{"start":{"line":37,"column":4},"end":{"line":37,"column":5}},"14":{"start":{"line":38,"column":4},"end":{"line":38,"column":17}},"15":{"start":{"line":40,"column":2},"end":{"line":40,"column":29}},"16":{"start":{"line":40,"column":30},"end":{"line":null,"column":-1}},"17":{"start":{"line":42,"column":6},"end":{"line":42,"column":7}},"18":{"start":{"line":44,"column":6},"end":{"line":44,"column":7}},"19":{"start":{"line":45,"column":4},"end":{"line":45,"column":null}},"20":{"start":{"line":66,"column":2},"end":{"line":66,"column":13}},"21":{"start":{"line":66,"column":13},"end":{"line":66,"column":null}},"22":{"start":{"line":67,"column":4},"end":{"line":67,"column":31}},"23":{"start":{"line":68,"column":4},"end":{"line":68,"column":null}},"24":{"start":{"line":70,"column":2},"end":{"line":70,"column":null}},"25":{"start":{"line":72,"column":2},"end":{"line":72,"column":16}},"26":{"start":{"line":72,"column":22},"end":{"line":72,"column":27}},"27":{"start":{"line":75,"column":4},"end":{"line":75,"column":null}},"28":{"start":{"line":76,"column":4},"end":{"line":76,"column":34}},"29":{"start":{"line":77,"column":4},"end":{"line":77,"column":5}},"30":{"start":{"line":78,"column":4},"end":{"line":78,"column":null}},"31":{"start":{"line":80,"column":2},"end":{"line":80,"column":3}},"32":{"start":{"line":81,"column":15},"end":{"line":81,"column":null}},"33":{"start":{"line":82,"column":14},"end":{"line":82,"column":null}},"34":{"start":{"line":84,"column":2},"end":{"line":84,"column":3}},"35":{"start":{"line":85,"column":15},"end":{"line":85,"column":null}},"36":{"start":{"line":86,"column":14},"end":{"line":86,"column":null}},"37":{"start":{"line":87,"column":21},"end":{"line":87,"column":null}},"38":{"start":{"line":88,"column":21},"end":{"line":88,"column":26}},"39":{"start":{"line":91,"column":2},"end":{"line":91,"column":14}},"40":{"start":{"line":92,"column":4},"end":{"line":92,"column":7}},"41":{"start":{"line":93,"column":4},"end":{"line":93,"column":9}},"42":{"start":{"line":95,"column":2},"end":{"line":95,"column":3}},"43":{"start":{"line":96,"column":18},"end":{"line":96,"column":null}},"44":{"start":{"line":148,"column":2},"end":{"line":148,"column":9}},"45":{"start":{"line":154,"column":6},"end":{"line":154,"column":7}},"46":{"start":{"line":155,"column":6},"end":{"line":155,"column":null}},"47":{"start":{"line":157,"column":6},"end":{"line":157,"column":7}},"48":{"start":{"line":186,"column":2},"end":{"line":186,"column":16}},"49":{"start":{"line":189,"column":6},"end":{"line":189,"column":null}},"50":{"start":{"line":191,"column":4},"end":{"line":208,"column":13}},"51":{"start":{"line":192,"column":22},"end":{"line":192,"column":25}},"52":{"start":{"line":192,"column":25},"end":{"line":192,"column":26}},"53":{"start":{"line":193,"column":22},"end":{"line":193,"column":25}},"54":{"start":{"line":193,"column":25},"end":{"line":193,"column":26}},"55":{"start":{"line":194,"column":12},"end":{"line":194,"column":13}},"56":{"start":{"line":194,"column":25},"end":{"line":194,"column":26}},"57":{"start":{"line":195,"column":13},"end":{"line":195,"column":14}},"58":{"start":{"line":196,"column":8},"end":{"line":198,"column":null}},"59":{"start":{"line":199,"column":8},"end":{"line":199,"column":null}},"60":{"start":{"line":200,"column":8},"end":{"line":200,"column":28}},"61":{"start":{"line":201,"column":8},"end":{"line":201,"column":9}},"62":{"start":{"line":205,"column":12},"end":{"line":205,"column":13}},"63":{"start":{"line":205,"column":28},"end":{"line":205,"column":29}},"64":{"start":{"line":206,"column":13},"end":{"line":206,"column":14}},"65":{"start":{"line":206,"column":28},"end":{"line":206,"column":29}},"66":{"start":{"line":210,"column":4},"end":{"line":210,"column":null}},"67":{"start":{"line":211,"column":10},"end":{"line":211,"column":11}},"68":{"start":{"line":211,"column":22},"end":{"line":211,"column":23}},"69":{"start":{"line":211,"column":38},"end":{"line":211,"column":null}},"70":{"start":{"line":212,"column":10},"end":{"line":212,"column":11}},"71":{"start":{"line":212,"column":22},"end":{"line":212,"column":59}},"72":{"start":{"line":212,"column":59},"end":{"line":212,"column":null}},"73":{"start":{"line":217,"column":2},"end":{"line":217,"column":11}},"74":{"start":{"line":219,"column":10},"end":{"line":219,"column":11}},"75":{"start":{"line":220,"column":10},"end":{"line":220,"column":11}},"76":{"start":{"line":226,"column":2},"end":{"line":226,"column":18}},"77":{"start":{"line":228,"column":6},"end":{"line":228,"column":7}},"78":{"start":{"line":230,"column":2},"end":{"line":230,"column":17}},"79":{"start":{"line":230,"column":25},"end":{"line":230,"column":30}},"80":{"start":{"line":231,"column":2},"end":{"line":231,"column":17}},"81":{"start":{"line":231,"column":37},"end":{"line":231,"column":42}},"82":{"start":{"line":233,"column":2},"end":{"line":233,"column":22}},"83":{"start":{"line":233,"column":36},"end":{"line":233,"column":49}},"84":{"start":{"line":238,"column":2},"end":{"line":238,"column":8}},"85":{"start":{"line":239,"column":4},"end":{"line":239,"column":11}},"86":{"start":{"line":240,"column":4},"end":{"line":240,"column":11}},"87":{"start":{"line":240,"column":17},"end":{"line":240,"column":null}},"88":{"start":{"line":242,"column":8},"end":{"line":242,"column":null}},"89":{"start":{"line":244,"column":6},"end":{"line":244,"column":27}},"90":{"start":{"line":247,"column":7},"end":{"line":247,"column":null}},"91":{"start":{"line":249,"column":8},"end":{"line":249,"column":18}},"92":{"start":{"line":251,"column":6},"end":{"line":251,"column":null}},"93":{"start":{"line":255,"column":2},"end":{"line":255,"column":16}},"94":{"start":{"line":256,"column":30},"end":{"line":256,"column":31}},"95":{"start":{"line":257,"column":30},"end":{"line":257,"column":null}},"96":{"start":{"line":259,"column":6},"end":{"line":259,"column":16}},"97":{"start":{"line":263,"column":2},"end":{"line":263,"column":20}},"98":{"start":{"line":264,"column":4},"end":{"line":264,"column":14}},"99":{"start":{"line":266,"column":2},"end":{"line":266,"column":33}},"100":{"start":{"line":267,"column":4},"end":{"line":267,"column":5}},"101":{"start":{"line":268,"column":6},"end":{"line":268,"column":null}},"102":{"start":{"line":269,"column":30},"end":{"line":269,"column":49}},"103":{"start":{"line":271,"column":2},"end":{"line":271,"column":3}},"104":{"start":{"line":272,"column":19},"end":{"line":272,"column":44}},"105":{"start":{"line":281,"column":2},"end":{"line":281,"column":22}},"106":{"start":{"line":284,"column":2},"end":{"line":284,"column":20}},"107":{"start":{"line":287,"column":2},"end":{"line":287,"column":22}},"108":{"start":{"line":293,"column":2},"end":{"line":293,"column":19}},"109":{"start":{"line":293,"column":26},"end":{"line":293,"column":null}},"110":{"start":{"line":295,"column":2},"end":{"line":295,"column":19}},"111":{"start":{"line":297,"column":6},"end":{"line":297,"column":10}},"112":{"start":{"line":299,"column":6},"end":{"line":299,"column":null}},"113":{"start":{"line":301,"column":2},"end":{"line":301,"column":19}},"114":{"start":{"line":301,"column":32},"end":{"line":301,"column":44}}},"fnMap":{"0":{"name":"(anonymous_1)","decl":{"start":{"line":1,"column":0},"end":{"line":1,"column":null}},"loc":{"start":{"line":1,"column":0},"end":{"line":1,"column":null}}},"1":{"name":"(anonymous_3)","decl":{"start":{"line":18,"column":27},"end":{"line":18,"column":45}},"loc":{"start":{"line":18,"column":27},"end":{"line":18,"column":74}}},"2":{"name":"(anonymous_4)","decl":{"start":{"line":29,"column":23},"end":{"line":29,"column":null}},"loc":{"start":{"line":29,"column":23},"end":{"line":29,"column":null}}},"3":{"name":"(anonymous_5)","decl":{"start":{"line":36,"column":13},"end":{"line":36,"column":null}},"loc":{"start":{"line":36,"column":13},"end":{"line":36,"column":null}}},"4":{"name":"(anonymous_6)","decl":{"start":{"line":40,"column":28},"end":{"line":40,"column":29}},"loc":{"start":{"line":40,"column":28},"end":{"line":40,"column":29}}},"5":{"name":"(anonymous_7)","decl":{"start":{"line":66,"column":12},"end":{"line":66,"column":13}},"loc":{"start":{"line":66,"column":12},"end":{"line":66,"column":13}}},"6":{"name":"(anonymous_8)","decl":{"start":{"line":72,"column":15},"end":{"line":72,"column":16}},"loc":{"start":{"line":72,"column":15},"end":{"line":72,"column":16}}},"7":{"name":"FluxModel","decl":{"start":{"line":74,"column":15},"end":{"line":74,"column":16}},"loc":{"start":{"line":74,"column":15},"end":{"line":74,"column":16}}},"8":{"name":"(anonymous_10)","decl":{"start":{"line":81,"column":12},"end":{"line":81,"column":15}},"loc":{"start":{"line":81,"column":12},"end":{"line":81,"column":15}}},"9":{"name":"(anonymous_11)","decl":{"start":{"line":82,"column":11},"end":{"line":82,"column":14}},"loc":{"start":{"line":82,"column":11},"end":{"line":82,"column":14}}},"10":{"name":"(anonymous_12)","decl":{"start":{"line":85,"column":12},"end":{"line":85,"column":15}},"loc":{"start":{"line":85,"column":12},"end":{"line":85,"column":15}}},"11":{"name":"(anonymous_13)","decl":{"start":{"line":86,"column":11},"end":{"line":86,"column":14}},"loc":{"start":{"line":86,"column":11},"end":{"line":86,"column":14}}},"12":{"name":"(anonymous_14)","decl":{"start":{"line":87,"column":18},"end":{"line":87,"column":21}},"loc":{"start":{"line":87,"column":18},"end":{"line":87,"column":21}}},"13":{"name":"(anonymous_15)","decl":{"start":{"line":88,"column":18},"end":{"line":88,"column":21}},"loc":{"start":{"line":88,"column":18},"end":{"line":88,"column":21}}},"14":{"name":"(anonymous_16)","decl":{"start":{"line":91,"column":13},"end":{"line":91,"column":14}},"loc":{"start":{"line":91,"column":13},"end":{"line":91,"column":14}}},"15":{"name":"(anonymous_17)","decl":{"start":{"line":96,"column":15},"end":{"line":96,"column":18}},"loc":{"start":{"line":96,"column":15},"end":{"line":96,"column":18}}},"16":{"name":"(anonymous_18)","decl":{"start":{"line":148,"column":8},"end":{"line":148,"column":9}},"loc":{"start":{"line":148,"column":8},"end":{"line":148,"column":9}}},"17":{"name":"(anonymous_19)","decl":{"start":{"line":186,"column":15},"end":{"line":186,"column":16}},"loc":{"start":{"line":186,"column":15},"end":{"line":186,"column":16}}},"18":{"name":"(anonymous_20)","decl":{"start":{"line":192,"column":22},"end":{"line":192,"column":25}},"loc":{"start":{"line":192,"column":22},"end":{"line":192,"column":25}}},"19":{"name":"(anonymous_22)","decl":{"start":{"line":193,"column":22},"end":{"line":193,"column":25}},"loc":{"start":{"line":193,"column":22},"end":{"line":193,"column":25}}},"20":{"name":"(anonymous_24)","decl":{"start":{"line":194,"column":12},"end":{"line":194,"column":13}},"loc":{"start":{"line":194,"column":12},"end":{"line":194,"column":13}}},"21":{"name":"(anonymous_26)","decl":{"start":{"line":195,"column":13},"end":{"line":195,"column":14}},"loc":{"start":{"line":195,"column":13},"end":{"line":195,"column":14}}},"22":{"name":"(anonymous_28)","decl":{"start":{"line":205,"column":12},"end":{"line":205,"column":13}},"loc":{"start":{"line":205,"column":12},"end":{"line":205,"column":13}}},"23":{"name":"(anonymous_30)","decl":{"start":{"line":206,"column":13},"end":{"line":206,"column":14}},"loc":{"start":{"line":206,"column":13},"end":{"line":206,"column":14}}},"24":{"name":"(anonymous_32)","decl":{"start":{"line":211,"column":10},"end":{"line":211,"column":11}},"loc":{"start":{"line":211,"column":10},"end":{"line":211,"column":11}}},"25":{"name":"(anonymous_34)","decl":{"start":{"line":212,"column":10},"end":{"line":212,"column":11}},"loc":{"start":{"line":212,"column":10},"end":{"line":212,"column":11}}},"26":{"name":"(anonymous_36)","decl":{"start":{"line":217,"column":10},"end":{"line":217,"column":11}},"loc":{"start":{"line":217,"column":10},"end":{"line":217,"column":11}}},"27":{"name":"(anonymous_37)","decl":{"start":{"line":226,"column":17},"end":{"line":226,"column":18}},"loc":{"start":{"line":226,"column":17},"end":{"line":226,"column":18}}},"28":{"name":"(anonymous_38)","decl":{"start":{"line":230,"column":16},"end":{"line":230,"column":17}},"loc":{"start":{"line":230,"column":16},"end":{"line":230,"column":17}}},"29":{"name":"(anonymous_39)","decl":{"start":{"line":231,"column":16},"end":{"line":231,"column":17}},"loc":{"start":{"line":231,"column":16},"end":{"line":231,"column":17}}},"30":{"name":"(anonymous_40)","decl":{"start":{"line":233,"column":21},"end":{"line":233,"column":22}},"loc":{"start":{"line":233,"column":21},"end":{"line":233,"column":22}}},"31":{"name":"(anonymous_41)","decl":{"start":{"line":238,"column":7},"end":{"line":238,"column":8}},"loc":{"start":{"line":238,"column":7},"end":{"line":238,"column":8}}},"32":{"name":"(anonymous_42)","decl":{"start":{"line":240,"column":17},"end":{"line":240,"column":null}},"loc":{"start":{"line":240,"column":17},"end":{"line":240,"column":null}}},"33":{"name":"(anonymous_44)","decl":{"start":{"line":246,"column":10},"end":{"line":246,"column":11}},"loc":{"start":{"line":246,"column":10},"end":{"line":246,"column":11}}},"34":{"name":"(anonymous_45)","decl":{"start":{"line":255,"column":15},"end":{"line":255,"column":16}},"loc":{"start":{"line":255,"column":15},"end":{"line":255,"column":16}}},"35":{"name":"(anonymous_46)","decl":{"start":{"line":263,"column":19},"end":{"line":263,"column":20}},"loc":{"start":{"line":263,"column":19},"end":{"line":263,"column":20}}},"36":{"name":"(anonymous_47)","decl":{"start":{"line":266,"column":32},"end":{"line":266,"column":33}},"loc":{"start":{"line":266,"column":32},"end":{"line":266,"column":33}}},"37":{"name":"(anonymous_48)","decl":{"start":{"line":267,"column":4},"end":{"line":267,"column":5}},"loc":{"start":{"line":267,"column":4},"end":{"line":267,"column":5}}},"38":{"name":"(anonymous_50)","decl":{"start":{"line":272,"column":16},"end":{"line":272,"column":19}},"loc":{"start":{"line":272,"column":16},"end":{"line":272,"column":19}}},"39":{"name":"(anonymous_51)","decl":{"start":{"line":281,"column":21},"end":{"line":281,"column":22}},"loc":{"start":{"line":281,"column":21},"end":{"line":281,"column":22}}},"40":{"name":"(anonymous_52)","decl":{"start":{"line":284,"column":19},"end":{"line":284,"column":20}},"loc":{"start":{"line":284,"column":19},"end":{"line":284,"column":20}}},"41":{"name":"(anonymous_53)","decl":{"start":{"line":287,"column":21},"end":{"line":287,"column":22}},"loc":{"start":{"line":287,"column":21},"end":{"line":287,"column":22}}},"42":{"name":"(anonymous_54)","decl":{"start":{"line":293,"column":18},"end":{"line":293,"column":19}},"loc":{"start":{"line":293,"column":18},"end":{"line":293,"column":19}}},"43":{"name":"(anonymous_55)","decl":{"start":{"line":295,"column":18},"end":{"line":295,"column":19}},"loc":{"start":{"line":295,"column":18},"end":{"line":295,"column":19}}},"44":{"name":"(anonymous_56)","decl":{"start":{"line":301,"column":18},"end":{"line":301,"column":19}},"loc":{"start":{"line":301,"column":18},"end":{"line":301,"column":19}}}},"branchMap":{"0":{"loc":{"start":{"line":1,"column":0},"end":{"line":1,"column":null}},"type":"if","locations":[{"start":{"line":1,"column":0},"end":{"line":1,"column":null}},{"start":{"line":1,"column":0},"end":{"line":1,"column":null}}]},"1":{"loc":{"start":{"line":30,"column":6},"end":{"line":30,"column":null}},"type":"binary-expr","locations":[{"start":{"line":30,"column":6},"end":{"line":30,"column":null}},{"start":{"line":31,"column":6},"end":{"line":31,"column":null}},{"start":{"line":32,"column":6},"end":{"line":32,"column":null}}]},"2":{"loc":{"start":{"line":66,"column":13},"end":{"line":66,"column":null}},"type":"cond-expr","locations":[{"start":{"line":66,"column":13},"end":{"line":66,"column":null}},{"start":{"line":66,"column":13},"end":{"line":66,"column":null}}]},"3":{"loc":{"start":{"line":76,"column":13},"end":{"line":76,"column":21}},"type":"binary-expr","locations":[{"start":{"line":76,"column":13},"end":{"line":76,"column":21}},{"start":{"line":76,"column":21},"end":{"line":76,"column":34}}]},"4":{"loc":{"start":{"line":87,"column":21},"end":{"line":87,"column":39}},"type":"binary-expr","locations":[{"start":{"line":87,"column":21},"end":{"line":87,"column":39}},{"start":{"line":87,"column":39},"end":{"line":87,"column":null}}]},"5":{"loc":{"start":{"line":153,"column":7},"end":{"line":153,"column":20}},"type":"binary-expr","locations":[{"start":{"line":153,"column":7},"end":{"line":153,"column":20}},{"start":{"line":153,"column":20},"end":{"line":153,"column":null}}]},"6":{"loc":{"start":{"line":192,"column":6},"end":{"line":192,"column":13}},"type":"cond-expr","locations":[{"start":{"line":192,"column":6},"end":{"line":192,"column":13}},{"start":{"line":203,"column":12},"end":{"line":208,"column":13}}]},"7":{"loc":{"start":{"line":194,"column":57},"end":{"line":194,"column":46}},"type":"cond-expr","locations":[{"start":{"line":194,"column":57},"end":{"line":194,"column":46}},{"start":{"line":194,"column":90},"end":{"line":194,"column":26}}]},"8":{"loc":{"start":{"line":197,"column":10},"end":{"line":197,"column":null}},"type":"cond-expr","locations":[{"start":{"line":197,"column":10},"end":{"line":197,"column":null}},{"start":{"line":198,"column":13},"end":{"line":198,"column":null}}]},"9":{"loc":{"start":{"line":196,"column":32},"end":{"line":196,"column":64}},"type":"binary-expr","locations":[{"start":{"line":196,"column":32},"end":{"line":196,"column":64}},{"start":{"line":196,"column":64},"end":{"line":196,"column":null}}]},"10":{"loc":{"start":{"line":196,"column":32},"end":{"line":196,"column":64}},"type":"cond-expr","locations":[{"start":{"line":196,"column":32},"end":{"line":196,"column":64}},{"start":{"line":196,"column":54},"end":{"line":196,"column":64}}]},"11":{"loc":{"start":{"line":199,"column":15},"end":{"line":199,"column":null}},"type":"cond-expr","locations":[{"start":{"line":199,"column":15},"end":{"line":199,"column":null}},{"start":{"line":199,"column":22},"end":{"line":199,"column":null}}]},"12":{"loc":{"start":{"line":204,"column":6},"end":{"line":204,"column":7}},"type":"cond-expr","locations":[{"start":{"line":204,"column":6},"end":{"line":204,"column":7}},{"start":{"line":208,"column":6},"end":{"line":208,"column":13}}]},"13":{"loc":{"start":{"line":218,"column":7},"end":{"line":218,"column":20}},"type":"binary-expr","locations":[{"start":{"line":218,"column":7},"end":{"line":218,"column":20}},{"start":{"line":218,"column":20},"end":{"line":218,"column":null}}]},"14":{"loc":{"start":{"line":227,"column":7},"end":{"line":227,"column":null}},"type":"cond-expr","locations":[{"start":{"line":227,"column":7},"end":{"line":227,"column":null}},{"start":{"line":227,"column":47},"end":{"line":227,"column":null}}]},"15":{"loc":{"start":{"line":241,"column":6},"end":{"line":241,"column":57}},"type":"cond-expr","locations":[{"start":{"line":241,"column":6},"end":{"line":241,"column":57}},{"start":{"line":241,"column":47},"end":{"line":241,"column":57}}]},"16":{"loc":{"start":{"line":244,"column":6},"end":{"line":244,"column":26}},"type":"cond-expr","locations":[{"start":{"line":244,"column":6},"end":{"line":244,"column":26}},{"start":{"line":244,"column":26},"end":{"line":244,"column":27}}]},"17":{"loc":{"start":{"line":268,"column":19},"end":{"line":268,"column":32}},"type":"cond-expr","locations":[{"start":{"line":268,"column":19},"end":{"line":268,"column":32}},{"start":{"line":268,"column":32},"end":{"line":268,"column":null}}]},"18":{"loc":{"start":{"line":269,"column":30},"end":{"line":269,"column":36}},"type":"cond-expr","locations":[{"start":{"line":269,"column":30},"end":{"line":269,"column":36}},{"start":{"line":269,"column":30},"end":{"line":269,"column":49}}]},"19":{"loc":{"start":{"line":269,"column":30},"end":{"line":269,"column":36}},"type":"cond-expr","locations":[{"start":{"line":269,"column":30},"end":{"line":269,"column":36}},{"start":{"line":269,"column":30},"end":{"line":269,"column":36}}]},"20":{"loc":{"start":{"line":272,"column":19},"end":{"line":272,"column":35}},"type":"cond-expr","locations":[{"start":{"line":272,"column":19},"end":{"line":272,"column":35}},{"start":{"line":272,"column":19},"end":{"line":272,"column":44}}]}},"s":{"0":715,"1":5,"2":5,"3":5,"4":5,"5":5,"6":5,"7":5,"8":5,"9":5,"10":5,"11":31,"12":5,"13":34,"14":34,"15":5,"16":34,"17":0,"18":34,"19":34,"20":5,"21":1,"22":1,"23":1,"24":5,"25":5,"26":5,"27":34,"28":34,"29":34,"30":34,"31":5,"32":0,"33":0,"34":5,"35":0,"36":0,"37":0,"38":0,"39":5,"40":0,"41":0,"42":5,"43":68,"44":5,"45":3,"46":3,"47":9,"48":5,"49":1,"50":5,"51":4,"52":4,"53":4,"54":4,"55":4,"56":4,"57":4,"58":0,"59":0,"60":0,"61":0,"62":1,"63":1,"64":1,"65":0,"66":5,"67":5,"68":5,"69":5,"70":5,"71":5,"72":5,"73":5,"74":0,"75":0,"76":5,"77":0,"78":5,"79":4,"80":5,"81":32,"82":5,"83":0,"84":5,"85":0,"86":0,"87":0,"88":0,"89":0,"90":0,"91":0,"92":0,"93":5,"94":0,"95":12,"96":0,"97":5,"98":0,"99":5,"100":0,"101":0,"102":0,"103":5,"104":0,"105":5,"106":5,"107":5,"108":5,"109":0,"110":5,"111":0,"112":0,"113":5,"114":0},"f":{"0":10,"1":5,"2":31,"3":34,"4":34,"5":1,"6":5,"7":34,"8":0,"9":0,"10":0,"11":0,"12":0,"13":0,"14":0,"15":68,"16":12,"17":6,"18":8,"19":8,"20":8,"21":4,"22":2,"23":1,"24":10,"25":10,"26":0,"27":4,"28":4,"29":32,"30":0,"31":0,"32":0,"33":0,"34":12,"35":0,"36":0,"37":0,"38":0,"39":31,"40":27,"41":5,"42":0,"43":0,"44":0},"b":{"0":[335,10],"1":[31,31,31],"2":[1,0],"3":[34,34],"4":[0,0],"5":[12,10],"6":[4,1],"7":[4,0],"8":[0,0],"9":[0,0],"10":[0,0],"11":[0,0],"12":[1,0],"13":[0,0],"14":[2,2],"15":[0,0],"16":[0,0],"17":[0,0],"18":[0,0],"19":[0,0],"20":[0,0]}}
,"/Users/shanebdavis/dev/art-suite-applications/packages/@art-suite/models/source/ArtSuite.Models/FluxSubscriptionsMixin.coffee": {"path":"/Users/shanebdavis/dev/art-suite-applications/packages/@art-suite/models/source/ArtSuite.Models/FluxSubscriptionsMixin.coffee","statementMap":{"0":{"start":{"line":1,"column":0},"end":{"line":1,"column":null}},"1":{"start":{"line":1,"column":0},"end":{"line":7,"column":null}},"2":{"start":{"line":9,"column":0},"end":{"line":9,"column":23}},"3":{"start":{"line":10,"column":1},"end":{"line":10,"column":18}},"4":{"start":{"line":11,"column":0},"end":{"line":11,"column":24}},"5":{"start":{"line":13,"column":0},"end":{"line":13,"column":13}},"6":{"start":{"line":16,"column":2},"end":{"line":16,"column":3}},"7":{"start":{"line":16,"column":24},"end":{"line":16,"column":null}},"8":{"start":{"line":21,"column":6},"end":{"line":21,"column":null}},"9":{"start":{"line":22,"column":6},"end":{"line":22,"column":null}},"10":{"start":{"line":27,"column":4},"end":{"line":27,"column":5}},"11":{"start":{"line":28,"column":17},"end":{"line":28,"column":null}},"12":{"start":{"line":29,"column":24},"end":{"line":29,"column":null}},"13":{"start":{"line":85,"column":4},"end":{"line":85,"column":16}},"14":{"start":{"line":87,"column":9},"end":{"line":87,"column":null}},"15":{"start":{"line":88,"column":8},"end":{"line":88,"column":null}},"16":{"start":{"line":89,"column":8},"end":{"line":89,"column":43}},"17":{"start":{"line":91,"column":9},"end":{"line":91,"column":null}},"18":{"start":{"line":93,"column":6},"end":{"line":93,"column":16}},"19":{"start":{"line":94,"column":6},"end":{"line":94,"column":16}},"20":{"start":{"line":97,"column":6},"end":{"line":97,"column":7}},"21":{"start":{"line":101,"column":8},"end":{"line":101,"column":16}},"22":{"start":{"line":104,"column":8},"end":{"line":104,"column":18}},"23":{"start":{"line":106,"column":6},"end":{"line":106,"column":21}},"24":{"start":{"line":108,"column":6},"end":{"line":108,"column":30}},"25":{"start":{"line":108,"column":29},"end":{"line":108,"column":30}},"26":{"start":{"line":109,"column":8},"end":{"line":109,"column":null}},"27":{"start":{"line":110,"column":8},"end":{"line":110,"column":9}},"28":{"start":{"line":115,"column":6},"end":{"line":115,"column":7}},"29":{"start":{"line":128,"column":4},"end":{"line":128,"column":33}},"30":{"start":{"line":130,"column":9},"end":{"line":130,"column":null}},"31":{"start":{"line":132,"column":6},"end":{"line":132,"column":19}},"32":{"start":{"line":133,"column":12},"end":{"line":133,"column":15}},"33":{"start":{"line":133,"column":15},"end":{"line":133,"column":16}},"34":{"start":{"line":138,"column":4},"end":{"line":138,"column":18}},"35":{"start":{"line":140,"column":9},"end":{"line":140,"column":null}},"36":{"start":{"line":141,"column":8},"end":{"line":141,"column":13}},"37":{"start":{"line":142,"column":8},"end":{"line":142,"column":null}},"38":{"start":{"line":143,"column":6},"end":{"line":143,"column":null}},"39":{"start":{"line":145,"column":4},"end":{"line":145,"column":null}},"40":{"start":{"line":146,"column":6},"end":{"line":146,"column":null}},"41":{"start":{"line":147,"column":8},"end":{"line":147,"column":9}},"42":{"start":{"line":148,"column":6},"end":{"line":148,"column":null}},"43":{"start":{"line":153,"column":4},"end":{"line":153,"column":19}},"44":{"start":{"line":154,"column":6},"end":{"line":154,"column":null}},"45":{"start":{"line":155,"column":8},"end":{"line":155,"column":13}},"46":{"start":{"line":158,"column":4},"end":{"line":158,"column":29}},"47":{"start":{"line":160,"column":8},"end":{"line":160,"column":null}},"48":{"start":{"line":163,"column":9},"end":{"line":163,"column":70}},"49":{"start":{"line":164,"column":8},"end":{"line":164,"column":9}},"50":{"start":{"line":165,"column":8},"end":{"line":165,"column":9}},"51":{"start":{"line":166,"column":8},"end":{"line":166,"column":9}},"52":{"start":{"line":167,"column":8},"end":{"line":167,"column":9}},"53":{"start":{"line":168,"column":8},"end":{"line":168,"column":9}},"54":{"start":{"line":174,"column":6},"end":{"line":174,"column":null}}},"fnMap":{"0":{"name":"(anonymous_1)","decl":{"start":{"line":1,"column":0},"end":{"line":1,"column":null}},"loc":{"start":{"line":1,"column":0},"end":{"line":1,"column":null}}},"1":{"name":"(anonymous_3)","decl":{"start":{"line":13,"column":21},"end":{"line":13,"column":null}},"loc":{"start":{"line":13,"column":21},"end":{"line":13,"column":null}}},"2":{"name":"(anonymous_4)","decl":{"start":{"line":16,"column":2},"end":{"line":16,"column":3}},"loc":{"start":{"line":16,"column":2},"end":{"line":16,"column":3}}},"3":{"name":"(anonymous_5)","decl":{"start":{"line":16,"column":24},"end":{"line":16,"column":55}},"loc":{"start":{"line":16,"column":24},"end":{"line":16,"column":null}}},"4":{"name":"FluxSubscriptionsMixin","decl":{"start":{"line":20,"column":17},"end":{"line":20,"column":null}},"loc":{"start":{"line":20,"column":17},"end":{"line":20,"column":null}}},"5":{"name":"(anonymous_7)","decl":{"start":{"line":28,"column":14},"end":{"line":28,"column":17}},"loc":{"start":{"line":28,"column":14},"end":{"line":28,"column":17}}},"6":{"name":"(anonymous_8)","decl":{"start":{"line":29,"column":21},"end":{"line":29,"column":24}},"loc":{"start":{"line":29,"column":21},"end":{"line":29,"column":24}}},"7":{"name":"(anonymous_9)","decl":{"start":{"line":85,"column":15},"end":{"line":85,"column":16}},"loc":{"start":{"line":85,"column":15},"end":{"line":85,"column":16}}},"8":{"name":"(anonymous_10)","decl":{"start":{"line":108,"column":29},"end":{"line":108,"column":30}},"loc":{"start":{"line":108,"column":29},"end":{"line":108,"column":30}}},"9":{"name":"(anonymous_12)","decl":{"start":{"line":128,"column":32},"end":{"line":128,"column":33}},"loc":{"start":{"line":128,"column":32},"end":{"line":128,"column":33}}},"10":{"name":"(anonymous_13)","decl":{"start":{"line":133,"column":12},"end":{"line":133,"column":15}},"loc":{"start":{"line":133,"column":12},"end":{"line":133,"column":15}}},"11":{"name":"(anonymous_15)","decl":{"start":{"line":138,"column":17},"end":{"line":138,"column":18}},"loc":{"start":{"line":138,"column":17},"end":{"line":138,"column":18}}},"12":{"name":"(anonymous_16)","decl":{"start":{"line":145,"column":20},"end":{"line":145,"column":null}},"loc":{"start":{"line":145,"column":20},"end":{"line":145,"column":null}}},"13":{"name":"(anonymous_17)","decl":{"start":{"line":153,"column":18},"end":{"line":153,"column":19}},"loc":{"start":{"line":153,"column":18},"end":{"line":153,"column":19}}},"14":{"name":"(anonymous_18)","decl":{"start":{"line":154,"column":6},"end":{"line":154,"column":null}},"loc":{"start":{"line":154,"column":6},"end":{"line":154,"column":null}}},"15":{"name":"(anonymous_19)","decl":{"start":{"line":158,"column":28},"end":{"line":158,"column":29}},"loc":{"start":{"line":158,"column":28},"end":{"line":158,"column":29}}}},"branchMap":{"0":{"loc":{"start":{"line":1,"column":0},"end":{"line":1,"column":null}},"type":"if","locations":[{"start":{"line":1,"column":0},"end":{"line":1,"column":null}},{"start":{"line":1,"column":0},"end":{"line":1,"column":null}}]},"1":{"loc":{"start":{"line":89,"column":27},"end":{"line":89,"column":41}},"type":"binary-expr","locations":[{"start":{"line":89,"column":27},"end":{"line":89,"column":41}},{"start":{"line":89,"column":44},"end":{"line":89,"column":null}}]},"2":{"loc":{"start":{"line":94,"column":71},"end":{"line":94,"column":80}},"type":"binary-expr","locations":[{"start":{"line":94,"column":71},"end":{"line":94,"column":80}},{"start":{"line":94,"column":95},"end":{"line":94,"column":106}}]},"3":{"loc":{"start":{"line":100,"column":13},"end":{"line":100,"column":22}},"type":"binary-expr","locations":[{"start":{"line":100,"column":13},"end":{"line":100,"column":22}},{"start":{"line":100,"column":30},"end":{"line":100,"column":null}}]},"4":{"loc":{"start":{"line":101,"column":51},"end":{"line":101,"column":72}},"type":"binary-expr","locations":[{"start":{"line":101,"column":51},"end":{"line":101,"column":72}},{"start":{"line":101,"column":72},"end":{"line":101,"column":16}}]},"5":{"loc":{"start":{"line":159,"column":6},"end":{"line":159,"column":42}},"type":"binary-expr","locations":[{"start":{"line":159,"column":6},"end":{"line":159,"column":42}},{"start":{"line":159,"column":9},"end":{"line":159,"column":null}}]},"6":{"loc":{"start":{"line":159,"column":9},"end":{"line":159,"column":31}},"type":"cond-expr","locations":[{"start":{"line":159,"column":9},"end":{"line":159,"column":31}},{"start":{"line":159,"column":21},"end":{"line":159,"column":31}}]},"7":{"loc":{"start":{"line":159,"column":42},"end":{"line":159,"column":71}},"type":"cond-expr","locations":[{"start":{"line":159,"column":42},"end":{"line":159,"column":71}},{"start":{"line":159,"column":61},"end":{"line":159,"column":71}}]},"8":{"loc":{"start":{"line":162,"column":9},"end":{"line":162,"column":23}},"type":"binary-expr","locations":[{"start":{"line":162,"column":9},"end":{"line":162,"column":23}},{"start":{"line":162,"column":23},"end":{"line":162,"column":34}}]},"9":{"loc":{"start":{"line":163,"column":9},"end":{"line":163,"column":18}},"type":"cond-expr","locations":[{"start":{"line":163,"column":9},"end":{"line":163,"column":18}},{"start":{"line":163,"column":18},"end":{"line":163,"column":24}}]},"10":{"loc":{"start":{"line":163,"column":24},"end":{"line":163,"column":35}},"type":"cond-expr","locations":[{"start":{"line":163,"column":24},"end":{"line":163,"column":35}},{"start":{"line":163,"column":35},"end":{"line":163,"column":41}}]},"11":{"loc":{"start":{"line":163,"column":41},"end":{"line":163,"column":48}},"type":"cond-expr","locations":[{"start":{"line":163,"column":41},"end":{"line":163,"column":48}},{"start":{"line":163,"column":48},"end":{"line":163,"column":70}}]},"12":{"loc":{"start":{"line":165,"column":44},"end":{"line":165,"column":50}},"type":"cond-expr","locations":[{"start":{"line":165,"column":44},"end":{"line":165,"column":50}},{"start":{"line":165,"column":50},"end":{"line":165,"column":null}}]},"13":{"loc":{"start":{"line":170,"column":12},"end":{"line":170,"column":13}},"type":"cond-expr","locations":[{"start":{"line":170,"column":12},"end":{"line":170,"column":13}},{"start":{"line":172,"column":15},"end":{"line":172,"column":null}}]},"14":{"loc":{"start":{"line":169,"column":13},"end":{"line":169,"column":27}},"type":"binary-expr","locations":[{"start":{"line":169,"column":13},"end":{"line":169,"column":27}},{"start":{"line":169,"column":27},"end":{"line":169,"column":37}}]}},"s":{"0":1155,"1":5,"2":5,"3":5,"4":5,"5":5,"6":5,"7":8,"8":8,"9":8,"10":8,"11":8,"12":2,"13":8,"14":0,"15":0,"16":0,"17":9,"18":0,"19":0,"20":9,"21":1,"22":0,"23":8,"24":8,"25":8,"26":0,"27":2,"28":8,"29":8,"30":0,"31":1,"32":1,"33":1,"34":8,"35":3,"36":3,"37":3,"38":11,"39":8,"40":2,"41":1,"42":1,"43":8,"44":5,"45":0,"46":8,"47":0,"48":7,"49":7,"50":7,"51":7,"52":7,"53":7,"54":11},"f":{"0":16,"1":5,"2":8,"3":8,"4":8,"5":8,"6":2,"7":9,"8":10,"9":1,"10":2,"11":11,"12":1,"13":5,"14":0,"15":11},"b":{"0":[543,16],"1":[0,0],"2":[9,1],"3":[9,8],"4":[1,1],"5":[11,8],"6":[11,0],"7":[1,7],"8":[11,10],"9":[7,0],"10":[0,7],"11":[2,5],"12":[7,0],"13":[5,2],"14":[7,7]}}
,"/Users/shanebdavis/dev/art-suite-applications/packages/@art-suite/models/source/ArtSuite.Models/Lib.caf": {"path":"/Users/shanebdavis/dev/art-suite-applications/packages/@art-suite/models/source/ArtSuite.Models/Lib.caf","statementMap":{"0":{"start":{"line":1,"column":0},"end":{"line":13,"column":null}},"1":{"start":{"line":3,"column":0},"end":{"line":13,"column":null}},"2":{"start":{"line":4,"column":45},"end":{"line":6,"column":null}},"3":{"start":{"line":6,"column":6},"end":{"line":6,"column":null}},"4":{"start":{"line":8,"column":39},"end":{"line":9,"column":null}},"5":{"start":{"line":9,"column":7},"end":{"line":9,"column":null}},"6":{"start":{"line":11,"column":45},"end":{"line":13,"column":null}},"7":{"start":{"line":13,"column":6},"end":{"line":13,"column":null}}},"fnMap":{"0":{"name":"(anonymous_0)","decl":{"start":{"line":1,"column":0},"end":{"line":1,"column":7}},"loc":{"start":{"line":1,"column":0},"end":{"line":13,"column":null}}},"1":{"name":"(anonymous_1)","decl":{"start":{"line":1,"column":7},"end":{"line":1,"column":null}},"loc":{"start":{"line":1,"column":7},"end":{"line":13,"column":null}}},"2":{"name":"(anonymous_2)","decl":{"start":{"line":4,"column":2},"end":{"line":4,"column":18}},"loc":{"start":{"line":4,"column":35},"end":{"line":6,"column":null}}},"3":{"name":"(anonymous_3)","decl":{"start":{"line":6,"column":6},"end":{"line":6,"column":12}},"loc":{"start":{"line":6,"column":6},"end":{"line":6,"column":null}}},"4":{"name":"(anonymous_4)","decl":{"start":{"line":8,"column":24},"end":{"line":8,"column":27}},"loc":{"start":{"line":8,"column":28},"end":{"line":9,"column":null}}},"5":{"name":"(anonymous_5)","decl":{"start":{"line":8,"column":39},"end":{"line":8,"column":null}},"loc":{"start":{"line":9,"column":7},"end":{"line":9,"column":null}}},"6":{"name":"(anonymous_6)","decl":{"start":{"line":9,"column":7},"end":{"line":9,"column":13}},"loc":{"start":{"line":9,"column":7},"end":{"line":9,"column":null}}},"7":{"name":"(anonymous_7)","decl":{"start":{"line":11,"column":2},"end":{"line":11,"column":32}},"loc":{"start":{"line":11,"column":33},"end":{"line":13,"column":null}}},"8":{"name":"(anonymous_8)","decl":{"start":{"line":12,"column":34},"end":{"line":12,"column":null}},"loc":{"start":{"line":13,"column":6},"end":{"line":13,"column":null}}}},"branchMap":{"0":{"loc":{"start":{"line":6,"column":6},"end":{"line":6,"column":null}},"type":"cond-expr","locations":[{"start":{"line":6,"column":6},"end":{"line":6,"column":null}},{"start":{"line":6,"column":57},"end":{"line":6,"column":null}}]}},"s":{"0":10,"1":5,"2":561,"3":1,"4":31,"5":2,"6":10,"7":30},"f":{"0":5,"1":5,"2":561,"3":1,"4":31,"5":1,"6":1,"7":10,"8":30},"b":{"0":[1,560]}}
,"/Users/shanebdavis/dev/art-suite-applications/packages/@art-suite/models/source/ArtSuite.Models/ModelRegistry.caf": {"path":"/Users/shanebdavis/dev/art-suite-applications/packages/@art-suite/models/source/ArtSuite.Models/ModelRegistry.caf","statementMap":{"0":{"start":{"line":1,"column":0},"end":{"line":46,"column":null}},"1":{"start":{"line":3,"column":0},"end":{"line":46,"column":null}},"2":{"start":{"line":3,"column":28},"end":{"line":4,"column":null}},"3":{"start":{"line":4,"column":31},"end":{"line":4,"column":null}},"4":{"start":{"line":4,"column":31},"end":{"line":14,"column":null}},"5":{"start":{"line":12,"column":4},"end":{"line":12,"column":null}},"6":{"start":{"line":13,"column":4},"end":{"line":13,"column":null}},"7":{"start":{"line":13,"column":37},"end":{"line":14,"column":null}},"8":{"start":{"line":14,"column":22},"end":{"line":24,"column":null}},"9":{"start":{"line":21,"column":36},"end":{"line":24,"column":null}},"10":{"start":{"line":22,"column":61},"end":{"line":24,"column":null}},"11":{"start":{"line":24,"column":68},"end":{"line":24,"column":null}},"12":{"start":{"line":24,"column":82},"end":{"line":36,"column":null}},"13":{"start":{"line":30,"column":4},"end":{"line":34,"column":null}},"14":{"start":{"line":31,"column":6},"end":{"line":34,"column":null}},"15":{"start":{"line":34,"column":82},"end":{"line":36,"column":null}},"16":{"start":{"line":36,"column":20},"end":{"line":39,"column":null}},"17":{"start":{"line":38,"column":22},"end":{"line":39,"column":null}},"18":{"start":{"line":39,"column":44},"end":{"line":39,"column":null}},"19":{"start":{"line":39,"column":67},"end":{"line":43,"column":null}},"20":{"start":{"line":41,"column":31},"end":{"line":42,"column":null}},"21":{"start":{"line":42,"column":58},"end":{"line":43,"column":null}},"22":{"start":{"line":43,"column":4},"end":{"line":46,"column":null}},"23":{"start":{"line":46,"column":14},"end":{"line":46,"column":null}},"24":{"start":{"line":46,"column":49},"end":{"line":46,"column":null}}},"fnMap":{"0":{"name":"(anonymous_0)","decl":{"start":{"line":1,"column":0},"end":{"line":1,"column":7}},"loc":{"start":{"line":1,"column":0},"end":{"line":46,"column":null}}},"1":{"name":"(anonymous_1)","decl":{"start":{"line":1,"column":24},"end":{"line":1,"column":null}},"loc":{"start":{"line":1,"column":24},"end":{"line":46,"column":null}}},"2":{"name":"(anonymous_2)","decl":{"start":{"line":3,"column":28},"end":{"line":3,"column":null}},"loc":{"start":{"line":3,"column":28},"end":{"line":46,"column":null}}},"3":{"name":"(anonymous_3)","decl":{"start":{"line":11,"column":13},"end":{"line":11,"column":14}},"loc":{"start":{"line":11,"column":14},"end":{"line":14,"column":null}}},"4":{"name":"(anonymous_4)","decl":{"start":{"line":21,"column":22},"end":{"line":21,"column":23}},"loc":{"start":{"line":21,"column":23},"end":{"line":24,"column":null}}},"5":{"name":"(anonymous_5)","decl":{"start":{"line":22,"column":58},"end":{"line":22,"column":61}},"loc":{"start":{"line":22,"column":58},"end":{"line":24,"column":null}}},"6":{"name":"(anonymous_6)","decl":{"start":{"line":24,"column":20},"end":{"line":24,"column":21}},"loc":{"start":{"line":24,"column":68},"end":{"line":24,"column":null}}},"7":{"name":"(anonymous_7)","decl":{"start":{"line":29,"column":19},"end":{"line":29,"column":20}},"loc":{"start":{"line":29,"column":26},"end":{"line":36,"column":null}}},"8":{"name":"(anonymous_8)","decl":{"start":{"line":38,"column":21},"end":{"line":38,"column":22}},"loc":{"start":{"line":38,"column":22},"end":{"line":39,"column":null}}},"9":{"name":"(anonymous_9)","decl":{"start":{"line":39,"column":18},"end":{"line":39,"column":44}},"loc":{"start":{"line":39,"column":44},"end":{"line":39,"column":null}}},"10":{"name":"(anonymous_10)","decl":{"start":{"line":41,"column":21},"end":{"line":41,"column":22}},"loc":{"start":{"line":41,"column":22},"end":{"line":43,"column":null}}},"11":{"name":"(anonymous_11)","decl":{"start":{"line":46,"column":2},"end":{"line":46,"column":14}},"loc":{"start":{"line":46,"column":2},"end":{"line":46,"column":null}}},"12":{"name":"(anonymous_12)","decl":{"start":{"line":46,"column":36},"end":{"line":46,"column":49}},"loc":{"start":{"line":46,"column":49},"end":{"line":46,"column":null}}}},"branchMap":{"0":{"loc":{"start":{"line":4,"column":11},"end":{"line":4,"column":31}},"type":"cond-expr","locations":[{"start":{"line":4,"column":11},"end":{"line":4,"column":31}},{"start":{"line":4,"column":31},"end":{"line":4,"column":null}}]},"1":{"loc":{"start":{"line":22,"column":32},"end":{"line":22,"column":42}},"type":"cond-expr","locations":[{"start":{"line":22,"column":32},"end":{"line":22,"column":42}},{"start":{"line":22,"column":42},"end":{"line":24,"column":null}}]},"2":{"loc":{"start":{"line":23,"column":14},"end":{"line":23,"column":null}},"type":"cond-expr","locations":[{"start":{"line":23,"column":14},"end":{"line":23,"column":null}},{"start":{"line":24,"column":8},"end":{"line":24,"column":null}}]},"3":{"loc":{"start":{"line":30,"column":4},"end":{"line":34,"column":null}},"type":"if","locations":[{"start":{"line":30,"column":4},"end":{"line":34,"column":null}},{"start":{"line":30,"column":4},"end":{"line":34,"column":null}}]},"4":{"loc":{"start":{"line":41,"column":31},"end":{"line":42,"column":58}},"type":"binary-expr","locations":[{"start":{"line":41,"column":31},"end":{"line":42,"column":58}},{"start":{"line":42,"column":40},"end":{"line":42,"column":null}}]}},"s":{"0":10,"1":5,"2":5,"3":10,"4":5,"5":34,"6":34,"7":34,"8":5,"9":1,"10":1,"11":0,"12":5,"13":36,"14":0,"15":36,"16":5,"17":34,"18":2,"19":5,"20":34,"21":34,"22":5,"23":30,"24":31},"f":{"0":5,"1":5,"2":5,"3":34,"4":1,"5":1,"6":0,"7":36,"8":34,"9":2,"10":34,"11":30,"12":31},"b":{"0":[0,5],"1":[0,1],"2":[1,0],"3":[0,36],"4":[34,0]}}
,"/Users/shanebdavis/dev/art-suite-applications/packages/@art-suite/models/source/ArtSuite.Models/Models.caf": {"path":"/Users/shanebdavis/dev/art-suite-applications/packages/@art-suite/models/source/ArtSuite.Models/Models.caf","statementMap":{"0":{"start":{"line":1,"column":0},"end":{"line":8,"column":null}},"1":{"start":{"line":7,"column":4},"end":{"line":7,"column":null}},"2":{"start":{"line":7,"column":4},"end":{"line":8,"column":null}}},"fnMap":{"0":{"name":"(anonymous_0)","decl":{"start":{"line":1,"column":0},"end":{"line":1,"column":null}},"loc":{"start":{"line":1,"column":0},"end":{"line":8,"column":null}}},"1":{"name":"(anonymous_1)","decl":{"start":{"line":6,"column":2},"end":{"line":6,"column":null}},"loc":{"start":{"line":6,"column":2},"end":{"line":8,"column":null}}}},"branchMap":{},"s":{"0":10,"1":18,"2":18},"f":{"0":5,"1":18},"b":{}}
,"/Users/shanebdavis/dev/art-suite-applications/packages/@art-suite/models/source/ArtSuite.Models/StandardImport.caf": {"path":"/Users/shanebdavis/dev/art-suite-applications/packages/@art-suite/models/source/ArtSuite.Models/StandardImport.caf","statementMap":{"0":{"start":{"line":1,"column":0},"end":{"line":4,"column":null}}},"fnMap":{"0":{"name":"(anonymous_0)","decl":{"start":{"line":1,"column":0},"end":{"line":1,"column":null}},"loc":{"start":{"line":1,"column":0},"end":{"line":4,"column":null}}}},"branchMap":{},"s":{"0":10},"f":{"0":5},"b":{}}
,"/Users/shanebdavis/dev/art-suite-applications/packages/@art-suite/models/source/ArtSuite.Models/Store.caf": {"path":"/Users/shanebdavis/dev/art-suite-applications/packages/@art-suite/models/source/ArtSuite.Models/Store.caf","statementMap":{"0":{"start":{"line":1,"column":0},"end":{"line":213,"column":null}},"1":{"start":{"line":10,"column":0},"end":{"line":213,"column":null}},"2":{"start":{"line":10,"column":20},"end":{"line":10,"column":null}},"3":{"start":{"line":13,"column":18},"end":{"line":13,"column":null}},"4":{"start":{"line":15,"column":2},"end":{"line":37,"column":null}},"5":{"start":{"line":17,"column":15},"end":{"line":17,"column":null}},"6":{"start":{"line":18,"column":25},"end":{"line":18,"column":null}},"7":{"start":{"line":20,"column":6},"end":{"line":20,"column":null}},"8":{"start":{"line":21,"column":6},"end":{"line":21,"column":null}},"9":{"start":{"line":22,"column":6},"end":{"line":22,"column":null}},"10":{"start":{"line":23,"column":6},"end":{"line":23,"column":null}},"11":{"start":{"line":24,"column":6},"end":{"line":24,"column":null}},"12":{"start":{"line":25,"column":6},"end":{"line":25,"column":null}},"13":{"start":{"line":25,"column":12},"end":{"line":35,"column":null}},"14":{"start":{"line":28,"column":8},"end":{"line":28,"column":null}},"15":{"start":{"line":28,"column":8},"end":{"line":35,"column":null}},"16":{"start":{"line":30,"column":10},"end":{"line":30,"column":null}},"17":{"start":{"line":31,"column":10},"end":{"line":31,"column":null}},"18":{"start":{"line":31,"column":30},"end":{"line":35,"column":null}},"19":{"start":{"line":35,"column":68},"end":{"line":37,"column":null}},"20":{"start":{"line":37,"column":67},"end":{"line":39,"column":null}},"21":{"start":{"line":39,"column":42},"end":{"line":39,"column":null}},"22":{"start":{"line":39,"column":64},"end":{"line":40,"column":null}},"23":{"start":{"line":40,"column":42},"end":{"line":40,"column":null}},"24":{"start":{"line":40,"column":64},"end":{"line":41,"column":null}},"25":{"start":{"line":41,"column":42},"end":{"line":41,"column":null}},"26":{"start":{"line":43,"column":2},"end":{"line":43,"column":null}},"27":{"start":{"line":43,"column":39},"end":{"line":85,"column":null}},"28":{"start":{"line":84,"column":4},"end":{"line":84,"column":null}},"29":{"start":{"line":84,"column":52},"end":{"line":85,"column":null}},"30":{"start":{"line":85,"column":41},"end":{"line":98,"column":null}},"31":{"start":{"line":98,"column":47},"end":{"line":98,"column":null}},"32":{"start":{"line":98,"column":98},"end":{"line":118,"column":null}},"33":{"start":{"line":112,"column":4},"end":{"line":112,"column":null}},"34":{"start":{"line":113,"column":4},"end":{"line":116,"column":null}},"35":{"start":{"line":116,"column":15},"end":{"line":116,"column":null}},"36":{"start":{"line":116,"column":15},"end":{"line":118,"column":null}},"37":{"start":{"line":118,"column":4},"end":{"line":128,"column":null}},"38":{"start":{"line":126,"column":4},"end":{"line":126,"column":null}},"39":{"start":{"line":127,"column":4},"end":{"line":127,"column":null}},"40":{"start":{"line":127,"column":4},"end":{"line":128,"column":null}},"41":{"start":{"line":128,"column":4},"end":{"line":130,"column":null}},"42":{"start":{"line":130,"column":42},"end":{"line":130,"column":null}},"43":{"start":{"line":130,"column":73},"end":{"line":135,"column":null}},"44":{"start":{"line":133,"column":4},"end":{"line":133,"column":null}},"45":{"start":{"line":134,"column":4},"end":{"line":134,"column":null}},"46":{"start":{"line":134,"column":67},"end":{"line":135,"column":null}},"47":{"start":{"line":135,"column":40},"end":{"line":140,"column":null}},"48":{"start":{"line":138,"column":4},"end":{"line":138,"column":null}},"49":{"start":{"line":139,"column":4},"end":{"line":139,"column":null}},"50":{"start":{"line":139,"column":105},"end":{"line":140,"column":null}},"51":{"start":{"line":140,"column":4},"end":{"line":145,"column":null}},"52":{"start":{"line":143,"column":4},"end":{"line":143,"column":null}},"53":{"start":{"line":143,"column":4},"end":{"line":144,"column":null}},"54":{"start":{"line":144,"column":64},"end":{"line":145,"column":null}},"55":{"start":{"line":145,"column":4},"end":{"line":152,"column":null}},"56":{"start":{"line":150,"column":35},"end":{"line":152,"column":null}},"57":{"start":{"line":152,"column":28},"end":{"line":164,"column":null}},"58":{"start":{"line":162,"column":61},"end":{"line":164,"column":null}},"59":{"start":{"line":164,"column":43},"end":{"line":168,"column":null}},"60":{"start":{"line":166,"column":58},"end":{"line":168,"column":null}},"61":{"start":{"line":168,"column":43},"end":{"line":175,"column":null}},"62":{"start":{"line":171,"column":4},"end":{"line":171,"column":null}},"63":{"start":{"line":171,"column":108},"end":{"line":173,"column":null}},"64":{"start":{"line":173,"column":24},"end":{"line":173,"column":null}},"65":{"start":{"line":173,"column":24},"end":{"line":175,"column":null}},"66":{"start":{"line":175,"column":4},"end":{"line":185,"column":null}},"67":{"start":{"line":178,"column":27},"end":{"line":179,"column":null}},"68":{"start":{"line":179,"column":4},"end":{"line":179,"column":null}},"69":{"start":{"line":181,"column":4},"end":{"line":181,"column":null}},"70":{"start":{"line":182,"column":4},"end":{"line":182,"column":null}},"71":{"start":{"line":184,"column":4},"end":{"line":184,"column":null}},"72":{"start":{"line":184,"column":15},"end":{"line":185,"column":null}},"73":{"start":{"line":185,"column":4},"end":{"line":208,"column":null}},"74":{"start":{"line":191,"column":4},"end":{"line":191,"column":null}},"75":{"start":{"line":192,"column":4},"end":{"line":192,"column":null}},"76":{"start":{"line":192,"column":4},"end":{"line":194,"column":null}},"77":{"start":{"line":194,"column":84},"end":{"line":194,"column":null}},"78":{"start":{"line":194,"column":84},"end":{"line":198,"column":null}},"79":{"start":{"line":195,"column":6},"end":{"line":195,"column":null}},"80":{"start":{"line":196,"column":6},"end":{"line":198,"column":null}},"81":{"start":{"line":196,"column":36},"end":{"line":196,"column":null}},"82":{"start":{"line":197,"column":11},"end":{"line":198,"column":null}},"83":{"start":{"line":197,"column":36},"end":{"line":197,"column":null}},"84":{"start":{"line":198,"column":11},"end":{"line":198,"column":null}},"85":{"start":{"line":198,"column":36},"end":{"line":198,"column":null}},"86":{"start":{"line":198,"column":55},"end":{"line":198,"column":null}},"87":{"start":{"line":198,"column":55},"end":{"line":200,"column":null}},"88":{"start":{"line":200,"column":24},"end":{"line":200,"column":null}},"89":{"start":{"line":200,"column":24},"end":{"line":202,"column":null}},"90":{"start":{"line":201,"column":6},"end":{"line":201,"column":null}},"91":{"start":{"line":201,"column":6},"end":{"line":202,"column":null}},"92":{"start":{"line":202,"column":90},"end":{"line":202,"column":null}},"93":{"start":{"line":202,"column":90},"end":{"line":204,"column":44}},"94":{"start":{"line":204,"column":24},"end":{"line":204,"column":44}},"95":{"start":{"line":204,"column":24},"end":{"line":204,"column":null}},"96":{"start":{"line":204,"column":44},"end":{"line":204,"column":null}},"97":{"start":{"line":204,"column":44},"end":{"line":205,"column":44}},"98":{"start":{"line":205,"column":24},"end":{"line":205,"column":44}},"99":{"start":{"line":205,"column":24},"end":{"line":205,"column":null}},"100":{"start":{"line":205,"column":44},"end":{"line":205,"column":null}},"101":{"start":{"line":207,"column":4},"end":{"line":207,"column":null}},"102":{"start":{"line":207,"column":4},"end":{"line":208,"column":null}},"103":{"start":{"line":212,"column":2},"end":{"line":213,"column":null}},"104":{"start":{"line":213,"column":4},"end":{"line":213,"column":null}}},"fnMap":{"0":{"name":"(anonymous_0)","decl":{"start":{"line":1,"column":0},"end":{"line":1,"column":7}},"loc":{"start":{"line":1,"column":0},"end":{"line":213,"column":null}}},"1":{"name":"(anonymous_1)","decl":{"start":{"line":1,"column":63},"end":{"line":1,"column":null}},"loc":{"start":{"line":1,"column":63},"end":{"line":213,"column":null}}},"2":{"name":"(anonymous_2)","decl":{"start":{"line":10,"column":20},"end":{"line":10,"column":null}},"loc":{"start":{"line":10,"column":20},"end":{"line":13,"column":null}}},"3":{"name":"(anonymous_3)","decl":{"start":{"line":13,"column":18},"end":{"line":13,"column":null}},"loc":{"start":{"line":13,"column":18},"end":{"line":213,"column":null}}},"4":{"name":"(anonymous_4)","decl":{"start":{"line":17,"column":4},"end":{"line":17,"column":15}},"loc":{"start":{"line":17,"column":4},"end":{"line":17,"column":null}}},"5":{"name":"(anonymous_5)","decl":{"start":{"line":18,"column":4},"end":{"line":18,"column":25}},"loc":{"start":{"line":18,"column":4},"end":{"line":18,"column":null}}},"6":{"name":"(anonymous_6)","decl":{"start":{"line":19,"column":4},"end":{"line":19,"column":null}},"loc":{"start":{"line":19,"column":4},"end":{"line":37,"column":null}}},"7":{"name":"(anonymous_7)","decl":{"start":{"line":27,"column":22},"end":{"line":27,"column":null}},"loc":{"start":{"line":27,"column":22},"end":{"line":35,"column":null}}},"8":{"name":"(anonymous_8)","decl":{"start":{"line":29,"column":22},"end":{"line":29,"column":null}},"loc":{"start":{"line":29,"column":22},"end":{"line":35,"column":null}}},"9":{"name":"(anonymous_9)","decl":{"start":{"line":39,"column":2},"end":{"line":39,"column":22}},"loc":{"start":{"line":39,"column":34},"end":{"line":39,"column":null}}},"10":{"name":"(anonymous_10)","decl":{"start":{"line":40,"column":2},"end":{"line":40,"column":22}},"loc":{"start":{"line":40,"column":34},"end":{"line":40,"column":null}}},"11":{"name":"(anonymous_11)","decl":{"start":{"line":41,"column":2},"end":{"line":41,"column":22}},"loc":{"start":{"line":41,"column":23},"end":{"line":41,"column":null}}},"12":{"name":"(anonymous_12)","decl":{"start":{"line":83,"column":2},"end":{"line":83,"column":13}},"loc":{"start":{"line":83,"column":42},"end":{"line":85,"column":null}}},"13":{"name":"(anonymous_13)","decl":{"start":{"line":98,"column":2},"end":{"line":98,"column":15}},"loc":{"start":{"line":98,"column":32},"end":{"line":98,"column":null}}},"14":{"name":"(anonymous_14)","decl":{"start":{"line":111,"column":2},"end":{"line":111,"column":10}},"loc":{"start":{"line":111,"column":27},"end":{"line":118,"column":null}}},"15":{"name":"(anonymous_15)","decl":{"start":{"line":116,"column":12},"end":{"line":116,"column":15}},"loc":{"start":{"line":116,"column":15},"end":{"line":116,"column":null}}},"16":{"name":"(anonymous_16)","decl":{"start":{"line":125,"column":2},"end":{"line":125,"column":null}},"loc":{"start":{"line":125,"column":2},"end":{"line":128,"column":null}}},"17":{"name":"(anonymous_17)","decl":{"start":{"line":130,"column":2},"end":{"line":130,"column":27}},"loc":{"start":{"line":130,"column":28},"end":{"line":130,"column":null}}},"18":{"name":"(anonymous_18)","decl":{"start":{"line":132,"column":2},"end":{"line":132,"column":13}},"loc":{"start":{"line":132,"column":25},"end":{"line":135,"column":null}}},"19":{"name":"(anonymous_19)","decl":{"start":{"line":137,"column":2},"end":{"line":137,"column":13}},"loc":{"start":{"line":137,"column":30},"end":{"line":140,"column":null}}},"20":{"name":"(anonymous_20)","decl":{"start":{"line":142,"column":2},"end":{"line":142,"column":16}},"loc":{"start":{"line":142,"column":17},"end":{"line":145,"column":null}}},"21":{"name":"(anonymous_21)","decl":{"start":{"line":150,"column":2},"end":{"line":150,"column":16}},"loc":{"start":{"line":150,"column":28},"end":{"line":152,"column":null}}},"22":{"name":"(anonymous_22)","decl":{"start":{"line":162,"column":2},"end":{"line":162,"column":23}},"loc":{"start":{"line":162,"column":40},"end":{"line":164,"column":null}}},"23":{"name":"(anonymous_23)","decl":{"start":{"line":166,"column":2},"end":{"line":166,"column":39}},"loc":{"start":{"line":166,"column":51},"end":{"line":168,"column":null}}},"24":{"name":"(anonymous_24)","decl":{"start":{"line":170,"column":2},"end":{"line":170,"column":23}},"loc":{"start":{"line":170,"column":40},"end":{"line":175,"column":null}}},"25":{"name":"(anonymous_25)","decl":{"start":{"line":178,"column":2},"end":{"line":178,"column":16}},"loc":{"start":{"line":178,"column":17},"end":{"line":185,"column":null}}},"26":{"name":"(anonymous_26)","decl":{"start":{"line":190,"column":2},"end":{"line":190,"column":21}},"loc":{"start":{"line":190,"column":22},"end":{"line":208,"column":null}}}},"branchMap":{"0":{"loc":{"start":{"line":34,"column":12},"end":{"line":35,"column":null}},"type":"cond-expr","locations":[{"start":{"line":34,"column":12},"end":{"line":35,"column":null}},{"start":{"line":35,"column":68},"end":{"line":35,"column":null}}]},"1":{"loc":{"start":{"line":39,"column":42},"end":{"line":39,"column":null}},"type":"binary-expr","locations":[{"start":{"line":39,"column":42},"end":{"line":39,"column":null}},{"start":{"line":39,"column":64},"end":{"line":39,"column":null}}]},"2":{"loc":{"start":{"line":40,"column":42},"end":{"line":40,"column":null}},"type":"binary-expr","locations":[{"start":{"line":40,"column":42},"end":{"line":40,"column":null}},{"start":{"line":40,"column":64},"end":{"line":40,"column":null}}]},"3":{"loc":{"start":{"line":115,"column":12},"end":{"line":115,"column":null}},"type":"cond-expr","locations":[{"start":{"line":115,"column":12},"end":{"line":115,"column":null}},{"start":{"line":116,"column":12},"end":{"line":116,"column":null}}]},"4":{"loc":{"start":{"line":130,"column":63},"end":{"line":130,"column":73}},"type":"cond-expr","locations":[{"start":{"line":130,"column":63},"end":{"line":130,"column":73}},{"start":{"line":130,"column":73},"end":{"line":130,"column":null}}]},"5":{"loc":{"start":{"line":151,"column":26},"end":{"line":151,"column":null}},"type":"cond-expr","locations":[{"start":{"line":151,"column":26},"end":{"line":151,"column":null}},{"start":{"line":152,"column":6},"end":{"line":152,"column":null}}]},"6":{"loc":{"start":{"line":163,"column":26},"end":{"line":163,"column":null}},"type":"cond-expr","locations":[{"start":{"line":163,"column":26},"end":{"line":163,"column":null}},{"start":{"line":164,"column":6},"end":{"line":164,"column":null}}]},"7":{"loc":{"start":{"line":168,"column":6},"end":{"line":168,"column":null}},"type":"cond-expr","locations":[{"start":{"line":168,"column":6},"end":{"line":168,"column":null}},{"start":{"line":168,"column":43},"end":{"line":168,"column":null}}]},"8":{"loc":{"start":{"line":167,"column":7},"end":{"line":167,"column":64}},"type":"binary-expr","locations":[{"start":{"line":167,"column":7},"end":{"line":167,"column":64}},{"start":{"line":167,"column":36},"end":{"line":167,"column":76}},{"start":{"line":167,"column":64},"end":{"line":167,"column":null}}]},"9":{"loc":{"start":{"line":167,"column":15},"end":{"line":167,"column":36}},"type":"cond-expr","locations":[{"start":{"line":167,"column":15},"end":{"line":167,"column":36}},{"start":{"line":167,"column":36},"end":{"line":167,"column":64}}]},"10":{"loc":{"start":{"line":171,"column":39},"end":{"line":171,"column":56}},"type":"cond-expr","locations":[{"start":{"line":171,"column":39},"end":{"line":171,"column":56}},{"start":{"line":171,"column":56},"end":{"line":171,"column":null}}]},"11":{"loc":{"start":{"line":171,"column":108},"end":{"line":173,"column":null}},"type":"if","locations":[{"start":{"line":171,"column":108},"end":{"line":173,"column":null}},{"start":{"line":171,"column":108},"end":{"line":173,"column":null}}]},"12":{"loc":{"start":{"line":194,"column":84},"end":{"line":198,"column":null}},"type":"if","locations":[{"start":{"line":194,"column":84},"end":{"line":198,"column":null}},{"start":{"line":194,"column":84},"end":{"line":198,"column":null}}]},"13":{"loc":{"start":{"line":196,"column":6},"end":{"line":198,"column":null}},"type":"if","locations":[{"start":{"line":196,"column":6},"end":{"line":198,"column":null}},{"start":{"line":196,"column":6},"end":{"line":198,"column":null}}]},"14":{"loc":{"start":{"line":197,"column":11},"end":{"line":198,"column":null}},"type":"if","locations":[{"start":{"line":197,"column":11},"end":{"line":198,"column":null}},{"start":{"line":197,"column":11},"end":{"line":198,"column":null}}]},"15":{"loc":{"start":{"line":198,"column":11},"end":{"line":198,"column":null}},"type":"if","locations":[{"start":{"line":198,"column":11},"end":{"line":198,"column":null}},{"start":{"line":198,"column":11},"end":{"line":198,"column":null}}]},"16":{"loc":{"start":{"line":200,"column":24},"end":{"line":202,"column":null}},"type":"if","locations":[{"start":{"line":200,"column":24},"end":{"line":202,"column":null}},{"start":{"line":200,"column":24},"end":{"line":202,"column":null}}]},"17":{"loc":{"start":{"line":201,"column":6},"end":{"line":202,"column":null}},"type":"if","locations":[{"start":{"line":201,"column":6},"end":{"line":202,"column":null}},{"start":{"line":201,"column":6},"end":{"line":202,"column":null}}]},"18":{"loc":{"start":{"line":204,"column":24},"end":{"line":204,"column":null}},"type":"if","locations":[{"start":{"line":204,"column":24},"end":{"line":204,"column":null}},{"start":{"line":204,"column":24},"end":{"line":204,"column":null}}]},"19":{"loc":{"start":{"line":205,"column":24},"end":{"line":205,"column":null}},"type":"if","locations":[{"start":{"line":205,"column":24},"end":{"line":205,"column":null}},{"start":{"line":205,"column":24},"end":{"line":205,"column":null}}]},"20":{"loc":{"start":{"line":212,"column":2},"end":{"line":213,"column":null}},"type":"if","locations":[{"start":{"line":212,"column":2},"end":{"line":213,"column":null}},{"start":{"line":212,"column":2},"end":{"line":213,"column":null}}]},"21":{"loc":{"start":{"line":212,"column":5},"end":{"line":212,"column":null}},"type":"binary-expr","locations":[{"start":{"line":212,"column":5},"end":{"line":212,"column":null}},{"start":{"line":212,"column":24},"end":{"line":212,"column":null}},{"start":{"line":212,"column":24},"end":{"line":212,"column":null}}]}},"s":{"0":10,"1":5,"2":5,"3":10,"4":5,"5":207,"6":1,"7":1,"8":1,"9":1,"10":1,"11":1,"12":1,"13":1,"14":1,"15":1,"16":1,"17":1,"18":1,"19":1,"20":5,"21":12,"22":5,"23":0,"24":5,"25":0,"26":5,"27":5,"28":30,"29":30,"30":5,"31":5,"32":5,"33":48,"34":48,"35":40,"36":48,"37":5,"38":35,"39":35,"40":35,"41":5,"42":161,"43":5,"44":124,"45":124,"46":124,"47":5,"48":31,"49":31,"50":31,"51":5,"52":6,"53":6,"54":6,"55":5,"56":81,"57":5,"58":30,"59":5,"60":26,"61":5,"62":28,"63":28,"64":26,"65":28,"66":5,"67":83,"68":83,"69":83,"70":83,"71":83,"72":83,"73":5,"74":30,"75":30,"76":30,"77":171,"78":60,"79":81,"80":81,"81":47,"82":34,"83":29,"84":5,"85":5,"86":111,"87":30,"88":123,"89":60,"90":33,"91":33,"92":69,"93":30,"94":118,"95":60,"96":86,"97":30,"98":96,"99":60,"100":42,"101":30,"102":30,"103":5,"104":0},"f":{"0":5,"1":5,"2":5,"3":5,"4":207,"5":1,"6":1,"7":1,"8":1,"9":12,"10":0,"11":0,"12":30,"13":5,"14":48,"15":40,"16":35,"17":161,"18":124,"19":31,"20":6,"21":81,"22":30,"23":26,"24":28,"25":83,"26":30},"b":{"0":[0,1],"1":[12,9],"2":[0,0],"3":[7,41],"4":[135,26],"5":[78,3],"6":[2,28],"7":[0,26],"8":[26,0,0],"9":[0,26],"10":[2,26],"11":[26,2],"12":[30,0],"13":[47,34],"14":[29,5],"15":[5,0],"16":[30,0],"17":[6,27],"18":[30,0],"19":[30,0],"20":[0,5],"21":[5,0,0]}}
}
