{"/Users/shanebdavis/dev/art-suite-applications/packages/@art-suite/models/build/ArtSuite.Models/index.js": {"path":"/Users/shanebdavis/dev/art-suite-applications/packages/@art-suite/models/build/ArtSuite.Models/index.js","statementMap":{"0":{"start":{"line":4,"column":0},"end":{"line":13,"column":3}}},"fnMap":{},"branchMap":{},"s":{"0":4},"f":{},"b":{},"_coverageSchema":"1a1c01bbd47fc00a2c39e90264f33305004495a9","hash":"f742f2936bbb13dc411db67ffe03ce3d9a935615"}
,"/Users/shanebdavis/dev/art-suite-applications/packages/@art-suite/models/build/ArtSuite.Models/namespace.js": {"path":"/Users/shanebdavis/dev/art-suite-applications/packages/@art-suite/models/build/ArtSuite.Models/namespace.js","statementMap":{"0":{"start":{"line":4,"column":0},"end":{"line":8,"column":2}}},"fnMap":{},"branchMap":{},"s":{"0":4},"f":{},"b":{},"_coverageSchema":"1a1c01bbd47fc00a2c39e90264f33305004495a9","hash":"5bc29a5a84610e24e8f8a7a9caa14b0af2071ad4"}
,"/Users/shanebdavis/dev/art-suite-applications/packages/@art-suite/models/source/ArtSuite.Models/FluxEntry.caf": {"path":"/Users/shanebdavis/dev/art-suite-applications/packages/@art-suite/models/source/ArtSuite.Models/FluxEntry.caf","statementMap":{"0":{"start":{"line":1,"column":0},"end":{"line":142,"column":null}},"1":{"start":{"line":3,"column":0},"end":{"line":3,"column":null}},"2":{"start":{"line":3,"column":18},"end":{"line":3,"column":null}},"3":{"start":{"line":5,"column":0},"end":{"line":5,"column":null}},"4":{"start":{"line":5,"column":16},"end":{"line":142,"column":null}},"5":{"start":{"line":19,"column":27},"end":{"line":19,"column":null}},"6":{"start":{"line":20,"column":4},"end":{"line":20,"column":null}},"7":{"start":{"line":21,"column":4},"end":{"line":21,"column":null}},"8":{"start":{"line":23,"column":4},"end":{"line":23,"column":null}},"9":{"start":{"line":24,"column":4},"end":{"line":24,"column":null}},"10":{"start":{"line":25,"column":4},"end":{"line":25,"column":null}},"11":{"start":{"line":27,"column":4},"end":{"line":27,"column":null}},"12":{"start":{"line":29,"column":4},"end":{"line":29,"column":null}},"13":{"start":{"line":30,"column":4},"end":{"line":30,"column":null}},"14":{"start":{"line":30,"column":27},"end":{"line":30,"column":null}},"15":{"start":{"line":32,"column":2},"end":{"line":32,"column":null}},"16":{"start":{"line":33,"column":2},"end":{"line":33,"column":null}},"17":{"start":{"line":34,"column":2},"end":{"line":63,"column":null}},"18":{"start":{"line":35,"column":20},"end":{"line":35,"column":null}},"19":{"start":{"line":36,"column":26},"end":{"line":36,"column":null}},"20":{"start":{"line":37,"column":25},"end":{"line":37,"column":null}},"21":{"start":{"line":38,"column":25},"end":{"line":38,"column":null}},"22":{"start":{"line":39,"column":25},"end":{"line":39,"column":null}},"23":{"start":{"line":40,"column":25},"end":{"line":40,"column":null}},"24":{"start":{"line":41,"column":25},"end":{"line":41,"column":null}},"25":{"start":{"line":44,"column":6},"end":{"line":44,"column":null}},"26":{"start":{"line":44,"column":12},"end":{"line":48,"column":null}},"27":{"start":{"line":50,"column":36},"end":{"line":54,"column":null}},"28":{"start":{"line":56,"column":35},"end":{"line":60,"column":null}},"29":{"start":{"line":62,"column":23},"end":{"line":62,"column":null}},"30":{"start":{"line":63,"column":23},"end":{"line":63,"column":null}},"31":{"start":{"line":65,"column":2},"end":{"line":95,"column":null}},"32":{"start":{"line":66,"column":33},"end":{"line":67,"column":null}},"33":{"start":{"line":67,"column":77},"end":{"line":67,"column":null}},"34":{"start":{"line":68,"column":6},"end":{"line":68,"column":null}},"35":{"start":{"line":68,"column":58},"end":{"line":70,"column":null}},"36":{"start":{"line":70,"column":6},"end":{"line":70,"column":null}},"37":{"start":{"line":71,"column":6},"end":{"line":71,"column":null}},"38":{"start":{"line":72,"column":19},"end":{"line":72,"column":null}},"39":{"start":{"line":73,"column":19},"end":{"line":73,"column":null}},"40":{"start":{"line":73,"column":36},"end":{"line":74,"column":null}},"41":{"start":{"line":75,"column":19},"end":{"line":75,"column":null}},"42":{"start":{"line":76,"column":19},"end":{"line":76,"column":null}},"43":{"start":{"line":76,"column":56},"end":{"line":78,"column":null}},"44":{"start":{"line":80,"column":28},"end":{"line":95,"column":null}},"45":{"start":{"line":95,"column":30},"end":{"line":97,"column":null}},"46":{"start":{"line":97,"column":13},"end":{"line":97,"column":null}},"47":{"start":{"line":107,"column":2},"end":{"line":110,"column":null}},"48":{"start":{"line":107,"column":57},"end":{"line":110,"column":null}},"49":{"start":{"line":108,"column":26},"end":{"line":110,"column":null}},"50":{"start":{"line":110,"column":8},"end":{"line":126,"column":null}},"51":{"start":{"line":113,"column":4},"end":{"line":122,"column":null}},"52":{"start":{"line":120,"column":6},"end":{"line":122,"column":null}},"53":{"start":{"line":121,"column":41},"end":{"line":121,"column":70}},"54":{"start":{"line":122,"column":41},"end":{"line":122,"column":null}},"55":{"start":{"line":124,"column":16},"end":{"line":124,"column":null}},"56":{"start":{"line":125,"column":16},"end":{"line":125,"column":null}},"57":{"start":{"line":125,"column":28},"end":{"line":126,"column":null}},"58":{"start":{"line":126,"column":71},"end":{"line":131,"column":null}},"59":{"start":{"line":128,"column":25},"end":{"line":131,"column":null}},"60":{"start":{"line":130,"column":6},"end":{"line":130,"column":null}},"61":{"start":{"line":131,"column":27},"end":{"line":137,"column":null}},"62":{"start":{"line":133,"column":40},"end":{"line":134,"column":null}},"63":{"start":{"line":135,"column":4},"end":{"line":135,"column":null}},"64":{"start":{"line":135,"column":35},"end":{"line":137,"column":null}},"65":{"start":{"line":137,"column":29},"end":{"line":141,"column":null}},"66":{"start":{"line":141,"column":32},"end":{"line":141,"column":null}},"67":{"start":{"line":141,"column":64},"end":{"line":142,"column":null}},"68":{"start":{"line":142,"column":32},"end":{"line":142,"column":null}}},"fnMap":{"0":{"name":"(anonymous_0)","decl":{"start":{"line":1,"column":0},"end":{"line":1,"column":7}},"loc":{"start":{"line":1,"column":0},"end":{"line":142,"column":null}}},"1":{"name":"(anonymous_1)","decl":{"start":{"line":1,"column":24},"end":{"line":1,"column":null}},"loc":{"start":{"line":1,"column":24},"end":{"line":142,"column":null}}},"2":{"name":"(anonymous_2)","decl":{"start":{"line":3,"column":12},"end":{"line":3,"column":18}},"loc":{"start":{"line":3,"column":12},"end":{"line":3,"column":null}}},"3":{"name":"(anonymous_3)","decl":{"start":{"line":7,"column":24},"end":{"line":7,"column":null}},"loc":{"start":{"line":19,"column":27},"end":{"line":30,"column":null}}},"4":{"name":"(anonymous_4)","decl":{"start":{"line":30,"column":27},"end":{"line":30,"column":null}},"loc":{"start":{"line":30,"column":27},"end":{"line":142,"column":null}}},"5":{"name":"(anonymous_7)","decl":{"start":{"line":35,"column":4},"end":{"line":35,"column":20}},"loc":{"start":{"line":35,"column":4},"end":{"line":35,"column":null}}},"6":{"name":"(anonymous_8)","decl":{"start":{"line":36,"column":4},"end":{"line":36,"column":26}},"loc":{"start":{"line":36,"column":4},"end":{"line":36,"column":null}}},"7":{"name":"(anonymous_9)","decl":{"start":{"line":37,"column":4},"end":{"line":37,"column":25}},"loc":{"start":{"line":37,"column":4},"end":{"line":37,"column":null}}},"8":{"name":"(anonymous_10)","decl":{"start":{"line":38,"column":4},"end":{"line":38,"column":25}},"loc":{"start":{"line":38,"column":4},"end":{"line":38,"column":null}}},"9":{"name":"(anonymous_11)","decl":{"start":{"line":39,"column":4},"end":{"line":39,"column":25}},"loc":{"start":{"line":39,"column":4},"end":{"line":39,"column":null}}},"10":{"name":"(anonymous_12)","decl":{"start":{"line":40,"column":4},"end":{"line":40,"column":25}},"loc":{"start":{"line":40,"column":4},"end":{"line":40,"column":null}}},"11":{"name":"(anonymous_13)","decl":{"start":{"line":41,"column":4},"end":{"line":41,"column":25}},"loc":{"start":{"line":41,"column":4},"end":{"line":41,"column":null}}},"12":{"name":"(anonymous_14)","decl":{"start":{"line":43,"column":4},"end":{"line":43,"column":null}},"loc":{"start":{"line":43,"column":4},"end":{"line":48,"column":null}}},"13":{"name":"(anonymous_15)","decl":{"start":{"line":50,"column":4},"end":{"line":50,"column":36}},"loc":{"start":{"line":50,"column":4},"end":{"line":54,"column":null}}},"14":{"name":"(anonymous_16)","decl":{"start":{"line":56,"column":4},"end":{"line":56,"column":35}},"loc":{"start":{"line":56,"column":4},"end":{"line":60,"column":null}}},"15":{"name":"(anonymous_17)","decl":{"start":{"line":62,"column":4},"end":{"line":62,"column":23}},"loc":{"start":{"line":62,"column":4},"end":{"line":62,"column":null}}},"16":{"name":"(anonymous_18)","decl":{"start":{"line":63,"column":4},"end":{"line":63,"column":23}},"loc":{"start":{"line":63,"column":4},"end":{"line":63,"column":null}}},"17":{"name":"(anonymous_19)","decl":{"start":{"line":66,"column":4},"end":{"line":66,"column":16}},"loc":{"start":{"line":66,"column":17},"end":{"line":78,"column":null}}},"18":{"name":"(anonymous_20)","decl":{"start":{"line":80,"column":4},"end":{"line":80,"column":14}},"loc":{"start":{"line":80,"column":15},"end":{"line":95,"column":null}}},"19":{"name":"(anonymous_21)","decl":{"start":{"line":97,"column":2},"end":{"line":97,"column":13}},"loc":{"start":{"line":97,"column":2},"end":{"line":97,"column":null}}},"20":{"name":"(anonymous_22)","decl":{"start":{"line":107,"column":25},"end":{"line":107,"column":28}},"loc":{"start":{"line":107,"column":45},"end":{"line":110,"column":null}}},"21":{"name":"(anonymous_23)","decl":{"start":{"line":108,"column":14},"end":{"line":108,"column":26}},"loc":{"start":{"line":108,"column":14},"end":{"line":110,"column":null}}},"22":{"name":"(anonymous_24)","decl":{"start":{"line":112,"column":2},"end":{"line":112,"column":null}},"loc":{"start":{"line":112,"column":2},"end":{"line":126,"column":null}}},"23":{"name":"(anonymous_25)","decl":{"start":{"line":120,"column":6},"end":{"line":120,"column":13}},"loc":{"start":{"line":120,"column":6},"end":{"line":122,"column":null}}},"24":{"name":"(anonymous_26)","decl":{"start":{"line":128,"column":2},"end":{"line":128,"column":25}},"loc":{"start":{"line":128,"column":2},"end":{"line":131,"column":null}}},"25":{"name":"(anonymous_27)","decl":{"start":{"line":129,"column":23},"end":{"line":129,"column":null}},"loc":{"start":{"line":130,"column":6},"end":{"line":130,"column":null}}},"26":{"name":"(anonymous_28)","decl":{"start":{"line":133,"column":2},"end":{"line":133,"column":21}},"loc":{"start":{"line":133,"column":22},"end":{"line":137,"column":null}}},"27":{"name":"(anonymous_29)","decl":{"start":{"line":141,"column":2},"end":{"line":141,"column":16}},"loc":{"start":{"line":141,"column":17},"end":{"line":141,"column":null}}},"28":{"name":"(anonymous_30)","decl":{"start":{"line":142,"column":2},"end":{"line":142,"column":16}},"loc":{"start":{"line":142,"column":17},"end":{"line":142,"column":null}}}},"branchMap":{"0":{"loc":{"start":{"line":3,"column":18},"end":{"line":3,"column":28}},"type":"cond-expr","locations":[{"start":{"line":3,"column":18},"end":{"line":3,"column":28}},{"start":{"line":3,"column":28},"end":{"line":3,"column":null}}]},"1":{"loc":{"start":{"line":30,"column":27},"end":{"line":30,"column":null}},"type":"binary-expr","locations":[{"start":{"line":30,"column":27},"end":{"line":30,"column":null}},{"start":{"line":30,"column":27},"end":{"line":30,"column":null}}]},"2":{"loc":{"start":{"line":35,"column":21},"end":{"line":35,"column":49}},"type":"binary-expr","locations":[{"start":{"line":35,"column":21},"end":{"line":35,"column":49}},{"start":{"line":35,"column":29},"end":{"line":35,"column":49}}]},"3":{"loc":{"start":{"line":35,"column":29},"end":{"line":35,"column":null}},"type":"binary-expr","locations":[{"start":{"line":35,"column":29},"end":{"line":35,"column":null}},{"start":{"line":35,"column":49},"end":{"line":35,"column":null}}]},"4":{"loc":{"start":{"line":52,"column":8},"end":{"line":54,"column":null}},"type":"cond-expr","locations":[{"start":{"line":52,"column":8},"end":{"line":54,"column":null}},{"start":{"line":54,"column":10},"end":{"line":54,"column":null}}]},"5":{"loc":{"start":{"line":53,"column":23},"end":{"line":53,"column":35}},"type":"cond-expr","locations":[{"start":{"line":53,"column":23},"end":{"line":53,"column":35}},{"start":{"line":53,"column":35},"end":{"line":53,"column":38}}]},"6":{"loc":{"start":{"line":58,"column":8},"end":{"line":60,"column":null}},"type":"cond-expr","locations":[{"start":{"line":58,"column":8},"end":{"line":60,"column":null}},{"start":{"line":60,"column":10},"end":{"line":60,"column":null}}]},"7":{"loc":{"start":{"line":59,"column":23},"end":{"line":59,"column":35}},"type":"cond-expr","locations":[{"start":{"line":59,"column":23},"end":{"line":59,"column":35}},{"start":{"line":59,"column":35},"end":{"line":59,"column":38}}]},"8":{"loc":{"start":{"line":66,"column":33},"end":{"line":67,"column":null}},"type":"if","locations":[{"start":{"line":66,"column":33},"end":{"line":67,"column":null}},{"start":{"line":66,"column":33},"end":{"line":67,"column":null}}]},"9":{"loc":{"start":{"line":74,"column":19},"end":{"line":74,"column":26}},"type":"cond-expr","locations":[{"start":{"line":74,"column":19},"end":{"line":74,"column":26}},{"start":{"line":74,"column":26},"end":{"line":74,"column":null}}]},"10":{"loc":{"start":{"line":78,"column":36},"end":{"line":78,"column":null}},"type":"cond-expr","locations":[{"start":{"line":78,"column":36},"end":{"line":78,"column":null}},{"start":{"line":78,"column":36},"end":{"line":78,"column":null}}]},"11":{"loc":{"start":{"line":81,"column":6},"end":{"line":95,"column":null}},"type":"cond-expr","locations":[{"start":{"line":81,"column":6},"end":{"line":95,"column":null}},{"start":{"line":95,"column":30},"end":{"line":95,"column":null}}]},"12":{"loc":{"start":{"line":82,"column":45},"end":{"line":82,"column":52}},"type":"cond-expr","locations":[{"start":{"line":82,"column":45},"end":{"line":82,"column":52}},{"start":{"line":82,"column":52},"end":{"line":82,"column":null}}]},"13":{"loc":{"start":{"line":89,"column":8},"end":{"line":93,"column":null}},"type":"cond-expr","locations":[{"start":{"line":89,"column":8},"end":{"line":93,"column":null}},{"start":{"line":93,"column":75},"end":{"line":93,"column":null}}]},"14":{"loc":{"start":{"line":87,"column":23},"end":{"line":87,"column":28}},"type":"binary-expr","locations":[{"start":{"line":87,"column":23},"end":{"line":87,"column":28}},{"start":{"line":87,"column":28},"end":{"line":87,"column":72}},{"start":{"line":87,"column":72},"end":{"line":87,"column":null}}]},"15":{"loc":{"start":{"line":110,"column":8},"end":{"line":110,"column":null}},"type":"cond-expr","locations":[{"start":{"line":110,"column":8},"end":{"line":110,"column":null}},{"start":{"line":110,"column":8},"end":{"line":110,"column":null}}]},"16":{"loc":{"start":{"line":109,"column":27},"end":{"line":109,"column":null}},"type":"binary-expr","locations":[{"start":{"line":109,"column":27},"end":{"line":109,"column":null}},{"start":{"line":109,"column":71},"end":{"line":109,"column":null}}]},"17":{"loc":{"start":{"line":114,"column":6},"end":{"line":116,"column":null}},"type":"cond-expr","locations":[{"start":{"line":114,"column":6},"end":{"line":116,"column":null}},{"start":{"line":118,"column":12},"end":{"line":122,"column":null}}]},"18":{"loc":{"start":{"line":119,"column":6},"end":{"line":122,"column":null}},"type":"cond-expr","locations":[{"start":{"line":119,"column":6},"end":{"line":122,"column":null}},{"start":{"line":122,"column":41},"end":{"line":122,"column":null}}]},"19":{"loc":{"start":{"line":121,"column":8},"end":{"line":121,"column":70}},"type":"switch","locations":[{"start":{"line":121,"column":8},"end":{"line":121,"column":70}},{"start":{"line":121,"column":70},"end":{"line":122,"column":28}},{"start":{"line":122,"column":13},"end":{"line":122,"column":null}}]},"20":{"loc":{"start":{"line":126,"column":40},"end":{"line":126,"column":71}},"type":"cond-expr","locations":[{"start":{"line":126,"column":40},"end":{"line":126,"column":71}},{"start":{"line":126,"column":71},"end":{"line":126,"column":null}}]},"21":{"loc":{"start":{"line":128,"column":48},"end":{"line":131,"column":null}},"type":"cond-expr","locations":[{"start":{"line":128,"column":48},"end":{"line":131,"column":null}},{"start":{"line":131,"column":27},"end":{"line":131,"column":null}}]},"22":{"loc":{"start":{"line":134,"column":4},"end":{"line":134,"column":24}},"type":"cond-expr","locations":[{"start":{"line":134,"column":4},"end":{"line":134,"column":24}},{"start":{"line":134,"column":24},"end":{"line":134,"column":null}}]},"23":{"loc":{"start":{"line":135,"column":19},"end":{"line":135,"column":35}},"type":"binary-expr","locations":[{"start":{"line":135,"column":19},"end":{"line":135,"column":35}},{"start":{"line":135,"column":19},"end":{"line":135,"column":null}},{"start":{"line":135,"column":35},"end":{"line":135,"column":null}}]},"24":{"loc":{"start":{"line":137,"column":6},"end":{"line":137,"column":null}},"type":"cond-expr","locations":[{"start":{"line":137,"column":6},"end":{"line":137,"column":null}},{"start":{"line":137,"column":29},"end":{"line":137,"column":null}}]}},"s":{"0":8,"1":4,"2":0,"3":4,"4":4,"5":32,"6":32,"7":32,"8":32,"9":32,"10":32,"11":32,"12":32,"13":32,"14":568,"15":4,"16":4,"17":4,"18":0,"19":0,"20":1,"21":0,"22":69,"23":0,"24":1,"25":0,"26":0,"27":0,"28":0,"29":0,"30":3,"31":4,"32":70,"33":0,"34":70,"35":70,"36":140,"37":70,"38":70,"39":70,"40":70,"41":70,"42":70,"43":70,"44":0,"45":4,"46":0,"47":4,"48":0,"49":0,"50":4,"51":0,"52":0,"53":0,"54":0,"55":0,"56":0,"57":0,"58":4,"59":34,"60":22,"61":4,"62":48,"63":48,"64":48,"65":4,"66":30,"67":4,"68":5},"f":{"0":4,"1":4,"2":0,"3":32,"4":214,"5":0,"6":0,"7":1,"8":0,"9":69,"10":0,"11":1,"12":0,"13":0,"14":0,"15":0,"16":3,"17":70,"18":0,"19":0,"20":0,"21":0,"22":0,"23":0,"24":34,"25":22,"26":48,"27":30,"28":5},"b":{"0":[0,0],"1":[282,320],"2":[0,0],"3":[0,0],"4":[0,0],"5":[0,0],"6":[0,0],"7":[0,0],"8":[0,70],"9":[53,17],"10":[0,70],"11":[0,0],"12":[0,0],"13":[0,0],"14":[0,0,0],"15":[0,0],"16":[0,0],"17":[0,0],"18":[0,0],"19":[0,0,0],"20":[0,0],"21":[25,9],"22":[5,43],"23":[48,48,0],"24":[18,30]}}
,"/Users/shanebdavis/dev/art-suite-applications/packages/@art-suite/models/source/ArtSuite.Models/FluxModel.coffee": {"path":"/Users/shanebdavis/dev/art-suite-applications/packages/@art-suite/models/source/ArtSuite.Models/FluxModel.coffee","statementMap":{"0":{"start":{"line":1,"column":0},"end":{"line":1,"column":null}},"1":{"start":{"line":1,"column":0},"end":{"line":11,"column":null}},"2":{"start":{"line":13,"column":1},"end":{"line":13,"column":23}},"3":{"start":{"line":14,"column":1},"end":{"line":14,"column":41}},"4":{"start":{"line":16,"column":0},"end":{"line":16,"column":63}},"5":{"start":{"line":17,"column":1},"end":{"line":17,"column":22}},"6":{"start":{"line":18,"column":0},"end":{"line":18,"column":24}},"7":{"start":{"line":21,"column":0},"end":{"line":21,"column":13}},"8":{"start":{"line":22,"column":2},"end":{"line":22,"column":3}},"9":{"start":{"line":24,"column":2},"end":{"line":24,"column":3}},"10":{"start":{"line":31,"column":2},"end":{"line":31,"column":3}},"11":{"start":{"line":33,"column":6},"end":{"line":35,"column":null}},"12":{"start":{"line":39,"column":2},"end":{"line":39,"column":null}},"13":{"start":{"line":40,"column":4},"end":{"line":40,"column":5}},"14":{"start":{"line":41,"column":4},"end":{"line":41,"column":17}},"15":{"start":{"line":43,"column":2},"end":{"line":43,"column":null}},"16":{"start":{"line":44,"column":4},"end":{"line":44,"column":17}},"17":{"start":{"line":46,"column":2},"end":{"line":46,"column":29}},"18":{"start":{"line":46,"column":30},"end":{"line":null,"column":-1}},"19":{"start":{"line":48,"column":6},"end":{"line":48,"column":7}},"20":{"start":{"line":50,"column":6},"end":{"line":50,"column":7}},"21":{"start":{"line":51,"column":4},"end":{"line":51,"column":null}},"22":{"start":{"line":72,"column":2},"end":{"line":72,"column":13}},"23":{"start":{"line":72,"column":13},"end":{"line":72,"column":null}},"24":{"start":{"line":73,"column":4},"end":{"line":73,"column":31}},"25":{"start":{"line":74,"column":4},"end":{"line":74,"column":null}},"26":{"start":{"line":76,"column":2},"end":{"line":76,"column":null}},"27":{"start":{"line":78,"column":2},"end":{"line":78,"column":16}},"28":{"start":{"line":78,"column":22},"end":{"line":78,"column":31}},"29":{"start":{"line":81,"column":4},"end":{"line":81,"column":null}},"30":{"start":{"line":82,"column":4},"end":{"line":82,"column":34}},"31":{"start":{"line":83,"column":4},"end":{"line":83,"column":5}},"32":{"start":{"line":84,"column":4},"end":{"line":84,"column":null}},"33":{"start":{"line":86,"column":2},"end":{"line":86,"column":3}},"34":{"start":{"line":87,"column":15},"end":{"line":87,"column":null}},"35":{"start":{"line":88,"column":18},"end":{"line":88,"column":null}},"36":{"start":{"line":90,"column":2},"end":{"line":90,"column":3}},"37":{"start":{"line":91,"column":15},"end":{"line":91,"column":null}},"38":{"start":{"line":92,"column":18},"end":{"line":92,"column":null}},"39":{"start":{"line":93,"column":21},"end":{"line":93,"column":null}},"40":{"start":{"line":94,"column":25},"end":{"line":94,"column":34}},"41":{"start":{"line":97,"column":2},"end":{"line":97,"column":14}},"42":{"start":{"line":98,"column":4},"end":{"line":98,"column":7}},"43":{"start":{"line":99,"column":4},"end":{"line":99,"column":13}},"44":{"start":{"line":101,"column":2},"end":{"line":101,"column":3}},"45":{"start":{"line":102,"column":18},"end":{"line":102,"column":null}},"46":{"start":{"line":154,"column":2},"end":{"line":154,"column":9}},"47":{"start":{"line":160,"column":6},"end":{"line":160,"column":7}},"48":{"start":{"line":161,"column":6},"end":{"line":161,"column":null}},"49":{"start":{"line":163,"column":6},"end":{"line":163,"column":7}},"50":{"start":{"line":192,"column":2},"end":{"line":192,"column":16}},"51":{"start":{"line":195,"column":6},"end":{"line":195,"column":null}},"52":{"start":{"line":197,"column":4},"end":{"line":214,"column":13}},"53":{"start":{"line":198,"column":22},"end":{"line":198,"column":25}},"54":{"start":{"line":198,"column":25},"end":{"line":198,"column":26}},"55":{"start":{"line":199,"column":22},"end":{"line":199,"column":25}},"56":{"start":{"line":199,"column":25},"end":{"line":199,"column":26}},"57":{"start":{"line":200,"column":12},"end":{"line":200,"column":13}},"58":{"start":{"line":200,"column":25},"end":{"line":200,"column":26}},"59":{"start":{"line":201,"column":13},"end":{"line":201,"column":14}},"60":{"start":{"line":202,"column":8},"end":{"line":204,"column":null}},"61":{"start":{"line":205,"column":8},"end":{"line":205,"column":null}},"62":{"start":{"line":206,"column":8},"end":{"line":206,"column":28}},"63":{"start":{"line":207,"column":8},"end":{"line":207,"column":9}},"64":{"start":{"line":211,"column":12},"end":{"line":211,"column":13}},"65":{"start":{"line":211,"column":28},"end":{"line":211,"column":29}},"66":{"start":{"line":212,"column":13},"end":{"line":212,"column":14}},"67":{"start":{"line":212,"column":28},"end":{"line":212,"column":29}},"68":{"start":{"line":216,"column":4},"end":{"line":216,"column":null}},"69":{"start":{"line":217,"column":10},"end":{"line":217,"column":11}},"70":{"start":{"line":217,"column":22},"end":{"line":217,"column":23}},"71":{"start":{"line":217,"column":38},"end":{"line":217,"column":null}},"72":{"start":{"line":218,"column":10},"end":{"line":218,"column":11}},"73":{"start":{"line":218,"column":22},"end":{"line":218,"column":59}},"74":{"start":{"line":218,"column":59},"end":{"line":218,"column":null}},"75":{"start":{"line":223,"column":2},"end":{"line":223,"column":11}},"76":{"start":{"line":225,"column":6},"end":{"line":225,"column":7}},"77":{"start":{"line":227,"column":6},"end":{"line":227,"column":7}},"78":{"start":{"line":233,"column":2},"end":{"line":233,"column":18}},"79":{"start":{"line":235,"column":6},"end":{"line":235,"column":7}},"80":{"start":{"line":238,"column":2},"end":{"line":238,"column":20}},"81":{"start":{"line":238,"column":40},"end":{"line":238,"column":49}},"82":{"start":{"line":240,"column":2},"end":{"line":240,"column":22}},"83":{"start":{"line":240,"column":36},"end":{"line":240,"column":49}},"84":{"start":{"line":242,"column":2},"end":{"line":242,"column":17}},"85":{"start":{"line":243,"column":4},"end":{"line":243,"column":13}},"86":{"start":{"line":248,"column":2},"end":{"line":248,"column":8}},"87":{"start":{"line":249,"column":4},"end":{"line":249,"column":11}},"88":{"start":{"line":250,"column":4},"end":{"line":250,"column":11}},"89":{"start":{"line":250,"column":17},"end":{"line":250,"column":null}},"90":{"start":{"line":252,"column":8},"end":{"line":251,"column":9}},"91":{"start":{"line":253,"column":10},"end":{"line":253,"column":null}},"92":{"start":{"line":254,"column":6},"end":{"line":254,"column":28}},"93":{"start":{"line":256,"column":7},"end":{"line":256,"column":null}},"94":{"start":{"line":258,"column":8},"end":{"line":258,"column":12}},"95":{"start":{"line":259,"column":6},"end":{"line":259,"column":null}},"96":{"start":{"line":263,"column":2},"end":{"line":263,"column":16}},"97":{"start":{"line":265,"column":6},"end":{"line":265,"column":7}},"98":{"start":{"line":267,"column":6},"end":{"line":267,"column":null}},"99":{"start":{"line":269,"column":6},"end":{"line":269,"column":16}},"100":{"start":{"line":273,"column":2},"end":{"line":273,"column":20}},"101":{"start":{"line":274,"column":4},"end":{"line":274,"column":14}},"102":{"start":{"line":276,"column":2},"end":{"line":276,"column":33}},"103":{"start":{"line":277,"column":4},"end":{"line":277,"column":5}},"104":{"start":{"line":278,"column":6},"end":{"line":278,"column":null}},"105":{"start":{"line":279,"column":30},"end":{"line":279,"column":49}},"106":{"start":{"line":281,"column":2},"end":{"line":281,"column":3}},"107":{"start":{"line":282,"column":19},"end":{"line":282,"column":44}},"108":{"start":{"line":291,"column":2},"end":{"line":291,"column":26}},"109":{"start":{"line":294,"column":2},"end":{"line":294,"column":24}},"110":{"start":{"line":297,"column":2},"end":{"line":297,"column":26}},"111":{"start":{"line":303,"column":2},"end":{"line":303,"column":19}},"112":{"start":{"line":303,"column":26},"end":{"line":303,"column":null}},"113":{"start":{"line":305,"column":2},"end":{"line":305,"column":19}},"114":{"start":{"line":307,"column":6},"end":{"line":307,"column":10}},"115":{"start":{"line":309,"column":6},"end":{"line":309,"column":null}},"116":{"start":{"line":311,"column":2},"end":{"line":311,"column":19}},"117":{"start":{"line":311,"column":32},"end":{"line":311,"column":44}}},"fnMap":{"0":{"name":"(anonymous_1)","decl":{"start":{"line":1,"column":0},"end":{"line":1,"column":null}},"loc":{"start":{"line":1,"column":0},"end":{"line":1,"column":null}}},"1":{"name":"(anonymous_3)","decl":{"start":{"line":21,"column":27},"end":{"line":21,"column":45}},"loc":{"start":{"line":21,"column":27},"end":{"line":21,"column":74}}},"2":{"name":"(anonymous_4)","decl":{"start":{"line":32,"column":23},"end":{"line":32,"column":null}},"loc":{"start":{"line":32,"column":23},"end":{"line":32,"column":null}}},"3":{"name":"(anonymous_5)","decl":{"start":{"line":39,"column":13},"end":{"line":39,"column":null}},"loc":{"start":{"line":39,"column":13},"end":{"line":39,"column":null}}},"4":{"name":"(anonymous_6)","decl":{"start":{"line":43,"column":12},"end":{"line":43,"column":null}},"loc":{"start":{"line":43,"column":12},"end":{"line":43,"column":null}}},"5":{"name":"(anonymous_7)","decl":{"start":{"line":46,"column":28},"end":{"line":46,"column":29}},"loc":{"start":{"line":46,"column":28},"end":{"line":46,"column":29}}},"6":{"name":"(anonymous_8)","decl":{"start":{"line":72,"column":12},"end":{"line":72,"column":13}},"loc":{"start":{"line":72,"column":12},"end":{"line":72,"column":13}}},"7":{"name":"(anonymous_9)","decl":{"start":{"line":78,"column":15},"end":{"line":78,"column":16}},"loc":{"start":{"line":78,"column":15},"end":{"line":78,"column":16}}},"8":{"name":"FluxModel","decl":{"start":{"line":80,"column":15},"end":{"line":80,"column":16}},"loc":{"start":{"line":80,"column":15},"end":{"line":80,"column":16}}},"9":{"name":"(anonymous_11)","decl":{"start":{"line":87,"column":12},"end":{"line":87,"column":15}},"loc":{"start":{"line":87,"column":12},"end":{"line":87,"column":15}}},"10":{"name":"(anonymous_12)","decl":{"start":{"line":88,"column":15},"end":{"line":88,"column":18}},"loc":{"start":{"line":88,"column":15},"end":{"line":88,"column":18}}},"11":{"name":"(anonymous_13)","decl":{"start":{"line":91,"column":12},"end":{"line":91,"column":15}},"loc":{"start":{"line":91,"column":12},"end":{"line":91,"column":15}}},"12":{"name":"(anonymous_14)","decl":{"start":{"line":92,"column":15},"end":{"line":92,"column":18}},"loc":{"start":{"line":92,"column":15},"end":{"line":92,"column":18}}},"13":{"name":"(anonymous_15)","decl":{"start":{"line":93,"column":18},"end":{"line":93,"column":21}},"loc":{"start":{"line":93,"column":18},"end":{"line":93,"column":21}}},"14":{"name":"(anonymous_16)","decl":{"start":{"line":94,"column":22},"end":{"line":94,"column":25}},"loc":{"start":{"line":94,"column":22},"end":{"line":94,"column":25}}},"15":{"name":"(anonymous_17)","decl":{"start":{"line":97,"column":13},"end":{"line":97,"column":14}},"loc":{"start":{"line":97,"column":13},"end":{"line":97,"column":14}}},"16":{"name":"(anonymous_18)","decl":{"start":{"line":102,"column":15},"end":{"line":102,"column":18}},"loc":{"start":{"line":102,"column":15},"end":{"line":102,"column":18}}},"17":{"name":"(anonymous_19)","decl":{"start":{"line":154,"column":8},"end":{"line":154,"column":9}},"loc":{"start":{"line":154,"column":8},"end":{"line":154,"column":9}}},"18":{"name":"(anonymous_20)","decl":{"start":{"line":192,"column":15},"end":{"line":192,"column":16}},"loc":{"start":{"line":192,"column":15},"end":{"line":192,"column":16}}},"19":{"name":"(anonymous_21)","decl":{"start":{"line":198,"column":22},"end":{"line":198,"column":25}},"loc":{"start":{"line":198,"column":22},"end":{"line":198,"column":25}}},"20":{"name":"(anonymous_23)","decl":{"start":{"line":199,"column":22},"end":{"line":199,"column":25}},"loc":{"start":{"line":199,"column":22},"end":{"line":199,"column":25}}},"21":{"name":"(anonymous_25)","decl":{"start":{"line":200,"column":12},"end":{"line":200,"column":13}},"loc":{"start":{"line":200,"column":12},"end":{"line":200,"column":13}}},"22":{"name":"(anonymous_27)","decl":{"start":{"line":201,"column":13},"end":{"line":201,"column":14}},"loc":{"start":{"line":201,"column":13},"end":{"line":201,"column":14}}},"23":{"name":"(anonymous_29)","decl":{"start":{"line":211,"column":12},"end":{"line":211,"column":13}},"loc":{"start":{"line":211,"column":12},"end":{"line":211,"column":13}}},"24":{"name":"(anonymous_31)","decl":{"start":{"line":212,"column":13},"end":{"line":212,"column":14}},"loc":{"start":{"line":212,"column":13},"end":{"line":212,"column":14}}},"25":{"name":"(anonymous_33)","decl":{"start":{"line":217,"column":10},"end":{"line":217,"column":11}},"loc":{"start":{"line":217,"column":10},"end":{"line":217,"column":11}}},"26":{"name":"(anonymous_35)","decl":{"start":{"line":218,"column":10},"end":{"line":218,"column":11}},"loc":{"start":{"line":218,"column":10},"end":{"line":218,"column":11}}},"27":{"name":"(anonymous_37)","decl":{"start":{"line":223,"column":10},"end":{"line":223,"column":11}},"loc":{"start":{"line":223,"column":10},"end":{"line":223,"column":11}}},"28":{"name":"(anonymous_38)","decl":{"start":{"line":233,"column":17},"end":{"line":233,"column":18}},"loc":{"start":{"line":233,"column":17},"end":{"line":233,"column":18}}},"29":{"name":"(anonymous_39)","decl":{"start":{"line":238,"column":19},"end":{"line":238,"column":20}},"loc":{"start":{"line":238,"column":19},"end":{"line":238,"column":20}}},"30":{"name":"(anonymous_40)","decl":{"start":{"line":240,"column":21},"end":{"line":240,"column":22}},"loc":{"start":{"line":240,"column":21},"end":{"line":240,"column":22}}},"31":{"name":"(anonymous_41)","decl":{"start":{"line":242,"column":16},"end":{"line":242,"column":17}},"loc":{"start":{"line":242,"column":16},"end":{"line":242,"column":17}}},"32":{"name":"(anonymous_42)","decl":{"start":{"line":248,"column":7},"end":{"line":248,"column":8}},"loc":{"start":{"line":248,"column":7},"end":{"line":248,"column":8}}},"33":{"name":"(anonymous_43)","decl":{"start":{"line":250,"column":17},"end":{"line":250,"column":null}},"loc":{"start":{"line":250,"column":17},"end":{"line":250,"column":null}}},"34":{"name":"(anonymous_45)","decl":{"start":{"line":255,"column":10},"end":{"line":255,"column":11}},"loc":{"start":{"line":255,"column":10},"end":{"line":255,"column":11}}},"35":{"name":"(anonymous_46)","decl":{"start":{"line":263,"column":15},"end":{"line":263,"column":16}},"loc":{"start":{"line":263,"column":15},"end":{"line":263,"column":16}}},"36":{"name":"(anonymous_47)","decl":{"start":{"line":273,"column":19},"end":{"line":273,"column":20}},"loc":{"start":{"line":273,"column":19},"end":{"line":273,"column":20}}},"37":{"name":"(anonymous_48)","decl":{"start":{"line":276,"column":32},"end":{"line":276,"column":33}},"loc":{"start":{"line":276,"column":32},"end":{"line":276,"column":33}}},"38":{"name":"(anonymous_49)","decl":{"start":{"line":277,"column":4},"end":{"line":277,"column":5}},"loc":{"start":{"line":277,"column":4},"end":{"line":277,"column":5}}},"39":{"name":"(anonymous_51)","decl":{"start":{"line":282,"column":16},"end":{"line":282,"column":19}},"loc":{"start":{"line":282,"column":16},"end":{"line":282,"column":19}}},"40":{"name":"(anonymous_52)","decl":{"start":{"line":291,"column":25},"end":{"line":291,"column":26}},"loc":{"start":{"line":291,"column":25},"end":{"line":291,"column":26}}},"41":{"name":"(anonymous_53)","decl":{"start":{"line":294,"column":23},"end":{"line":294,"column":24}},"loc":{"start":{"line":294,"column":23},"end":{"line":294,"column":24}}},"42":{"name":"(anonymous_54)","decl":{"start":{"line":297,"column":25},"end":{"line":297,"column":26}},"loc":{"start":{"line":297,"column":25},"end":{"line":297,"column":26}}},"43":{"name":"(anonymous_55)","decl":{"start":{"line":303,"column":18},"end":{"line":303,"column":19}},"loc":{"start":{"line":303,"column":18},"end":{"line":303,"column":19}}},"44":{"name":"(anonymous_56)","decl":{"start":{"line":305,"column":18},"end":{"line":305,"column":19}},"loc":{"start":{"line":305,"column":18},"end":{"line":305,"column":19}}},"45":{"name":"(anonymous_57)","decl":{"start":{"line":311,"column":18},"end":{"line":311,"column":19}},"loc":{"start":{"line":311,"column":18},"end":{"line":311,"column":19}}}},"branchMap":{"0":{"loc":{"start":{"line":1,"column":0},"end":{"line":1,"column":null}},"type":"if","locations":[{"start":{"line":1,"column":0},"end":{"line":1,"column":null}},{"start":{"line":1,"column":0},"end":{"line":1,"column":null}}]},"1":{"loc":{"start":{"line":33,"column":6},"end":{"line":33,"column":null}},"type":"binary-expr","locations":[{"start":{"line":33,"column":6},"end":{"line":33,"column":null}},{"start":{"line":34,"column":6},"end":{"line":34,"column":null}},{"start":{"line":35,"column":6},"end":{"line":35,"column":null}}]},"2":{"loc":{"start":{"line":72,"column":13},"end":{"line":72,"column":null}},"type":"cond-expr","locations":[{"start":{"line":72,"column":13},"end":{"line":72,"column":null}},{"start":{"line":72,"column":13},"end":{"line":72,"column":null}}]},"3":{"loc":{"start":{"line":82,"column":13},"end":{"line":82,"column":21}},"type":"binary-expr","locations":[{"start":{"line":82,"column":13},"end":{"line":82,"column":21}},{"start":{"line":82,"column":21},"end":{"line":82,"column":34}}]},"4":{"loc":{"start":{"line":93,"column":21},"end":{"line":93,"column":39}},"type":"binary-expr","locations":[{"start":{"line":93,"column":21},"end":{"line":93,"column":39}},{"start":{"line":93,"column":39},"end":{"line":93,"column":null}}]},"5":{"loc":{"start":{"line":159,"column":7},"end":{"line":159,"column":20}},"type":"binary-expr","locations":[{"start":{"line":159,"column":7},"end":{"line":159,"column":20}},{"start":{"line":159,"column":20},"end":{"line":159,"column":null}}]},"6":{"loc":{"start":{"line":198,"column":6},"end":{"line":198,"column":13}},"type":"cond-expr","locations":[{"start":{"line":198,"column":6},"end":{"line":198,"column":13}},{"start":{"line":209,"column":12},"end":{"line":214,"column":13}}]},"7":{"loc":{"start":{"line":200,"column":61},"end":{"line":200,"column":50}},"type":"cond-expr","locations":[{"start":{"line":200,"column":61},"end":{"line":200,"column":50}},{"start":{"line":200,"column":94},"end":{"line":200,"column":26}}]},"8":{"loc":{"start":{"line":203,"column":10},"end":{"line":203,"column":null}},"type":"cond-expr","locations":[{"start":{"line":203,"column":10},"end":{"line":203,"column":null}},{"start":{"line":204,"column":13},"end":{"line":204,"column":null}}]},"9":{"loc":{"start":{"line":202,"column":32},"end":{"line":202,"column":64}},"type":"binary-expr","locations":[{"start":{"line":202,"column":32},"end":{"line":202,"column":64}},{"start":{"line":202,"column":64},"end":{"line":202,"column":null}}]},"10":{"loc":{"start":{"line":202,"column":32},"end":{"line":202,"column":64}},"type":"cond-expr","locations":[{"start":{"line":202,"column":32},"end":{"line":202,"column":64}},{"start":{"line":202,"column":54},"end":{"line":202,"column":64}}]},"11":{"loc":{"start":{"line":205,"column":15},"end":{"line":205,"column":null}},"type":"cond-expr","locations":[{"start":{"line":205,"column":15},"end":{"line":205,"column":null}},{"start":{"line":205,"column":22},"end":{"line":205,"column":null}}]},"12":{"loc":{"start":{"line":210,"column":6},"end":{"line":210,"column":7}},"type":"cond-expr","locations":[{"start":{"line":210,"column":6},"end":{"line":210,"column":7}},{"start":{"line":214,"column":6},"end":{"line":214,"column":13}}]},"13":{"loc":{"start":{"line":224,"column":7},"end":{"line":224,"column":20}},"type":"binary-expr","locations":[{"start":{"line":224,"column":7},"end":{"line":224,"column":20}},{"start":{"line":224,"column":20},"end":{"line":224,"column":null}}]},"14":{"loc":{"start":{"line":234,"column":7},"end":{"line":234,"column":null}},"type":"cond-expr","locations":[{"start":{"line":234,"column":7},"end":{"line":234,"column":null}},{"start":{"line":234,"column":51},"end":{"line":234,"column":null}}]},"15":{"loc":{"start":{"line":252,"column":8},"end":{"line":251,"column":9}},"type":"if","locations":[{"start":{"line":252,"column":8},"end":{"line":251,"column":9}},{"start":{"line":252,"column":8},"end":{"line":251,"column":9}}]},"16":{"loc":{"start":{"line":254,"column":6},"end":{"line":254,"column":27}},"type":"binary-expr","locations":[{"start":{"line":254,"column":6},"end":{"line":254,"column":27}},{"start":{"line":254,"column":27},"end":{"line":254,"column":28}}]},"17":{"loc":{"start":{"line":278,"column":19},"end":{"line":278,"column":32}},"type":"cond-expr","locations":[{"start":{"line":278,"column":19},"end":{"line":278,"column":32}},{"start":{"line":278,"column":32},"end":{"line":278,"column":null}}]},"18":{"loc":{"start":{"line":279,"column":30},"end":{"line":279,"column":36}},"type":"cond-expr","locations":[{"start":{"line":279,"column":30},"end":{"line":279,"column":36}},{"start":{"line":279,"column":30},"end":{"line":279,"column":49}}]},"19":{"loc":{"start":{"line":279,"column":30},"end":{"line":279,"column":36}},"type":"cond-expr","locations":[{"start":{"line":279,"column":30},"end":{"line":279,"column":36}},{"start":{"line":279,"column":30},"end":{"line":279,"column":36}}]},"20":{"loc":{"start":{"line":282,"column":19},"end":{"line":282,"column":35}},"type":"cond-expr","locations":[{"start":{"line":282,"column":19},"end":{"line":282,"column":35}},{"start":{"line":282,"column":19},"end":{"line":282,"column":44}}]}},"s":{"0":572,"1":4,"2":4,"3":4,"4":4,"5":4,"6":4,"7":4,"8":4,"9":4,"10":4,"11":32,"12":4,"13":35,"14":35,"15":4,"16":0,"17":4,"18":35,"19":0,"20":35,"21":35,"22":4,"23":1,"24":1,"25":1,"26":4,"27":4,"28":5,"29":35,"30":35,"31":35,"32":35,"33":4,"34":0,"35":0,"36":4,"37":0,"38":0,"39":0,"40":0,"41":4,"42":0,"43":0,"44":4,"45":70,"46":4,"47":3,"48":3,"49":10,"50":4,"51":1,"52":5,"53":4,"54":4,"55":4,"56":4,"57":4,"58":4,"59":4,"60":0,"61":0,"62":0,"63":0,"64":1,"65":1,"66":1,"67":0,"68":5,"69":5,"70":5,"71":5,"72":5,"73":5,"74":5,"75":4,"76":0,"77":0,"78":4,"79":0,"80":4,"81":33,"82":4,"83":0,"84":4,"85":4,"86":4,"87":0,"88":0,"89":0,"90":0,"91":0,"92":0,"93":0,"94":0,"95":0,"96":4,"97":0,"98":12,"99":0,"100":4,"101":0,"102":4,"103":0,"104":0,"105":0,"106":4,"107":0,"108":4,"109":4,"110":4,"111":4,"112":0,"113":4,"114":0,"115":0,"116":4,"117":0},"f":{"0":8,"1":4,"2":32,"3":35,"4":0,"5":35,"6":1,"7":5,"8":35,"9":0,"10":0,"11":0,"12":0,"13":0,"14":0,"15":0,"16":70,"17":13,"18":6,"19":8,"20":8,"21":8,"22":4,"23":2,"24":1,"25":10,"26":10,"27":0,"28":4,"29":33,"30":0,"31":4,"32":0,"33":0,"34":0,"35":12,"36":0,"37":0,"38":0,"39":0,"40":32,"41":28,"42":5,"43":0,"44":0,"45":0},"b":{"0":[268,8],"1":[32,32,32],"2":[1,0],"3":[35,35],"4":[0,0],"5":[13,11],"6":[4,1],"7":[4,0],"8":[0,0],"9":[0,0],"10":[0,0],"11":[0,0],"12":[1,0],"13":[0,0],"14":[2,2],"15":[0,0],"16":[0,0],"17":[0,0],"18":[0,0],"19":[0,0],"20":[0,0]}}
,"/Users/shanebdavis/dev/art-suite-applications/packages/@art-suite/models/source/ArtSuite.Models/FluxStore.coffee": {"path":"/Users/shanebdavis/dev/art-suite-applications/packages/@art-suite/models/source/ArtSuite.Models/FluxStore.coffee","statementMap":{"0":{"start":{"line":1,"column":0},"end":{"line":1,"column":null}},"1":{"start":{"line":1,"column":0},"end":{"line":11,"column":null}},"2":{"start":{"line":14,"column":0},"end":{"line":14,"column":39}},"3":{"start":{"line":15,"column":1},"end":{"line":15,"column":23}},"4":{"start":{"line":17,"column":0},"end":{"line":17,"column":20}},"5":{"start":{"line":18,"column":0},"end":{"line":18,"column":24}},"6":{"start":{"line":27,"column":0},"end":{"line":27,"column":13}},"7":{"start":{"line":28,"column":2},"end":{"line":28,"column":3}},"8":{"start":{"line":31,"column":4},"end":{"line":31,"column":null}},"9":{"start":{"line":32,"column":4},"end":{"line":32,"column":5}},"10":{"start":{"line":34,"column":2},"end":{"line":34,"column":3}},"11":{"start":{"line":36,"column":2},"end":{"line":36,"column":22}},"12":{"start":{"line":36,"column":67},"end":{"line":36,"column":null}},"13":{"start":{"line":37,"column":2},"end":{"line":37,"column":22}},"14":{"start":{"line":37,"column":67},"end":{"line":37,"column":null}},"15":{"start":{"line":38,"column":2},"end":{"line":38,"column":22}},"16":{"start":{"line":38,"column":41},"end":{"line":38,"column":69}},"17":{"start":{"line":39,"column":2},"end":{"line":39,"column":23}},"18":{"start":{"line":39,"column":38},"end":{"line":39,"column":null}},"19":{"start":{"line":75,"column":2},"end":{"line":75,"column":14}},"20":{"start":{"line":76,"column":4},"end":{"line":76,"column":5}},"21":{"start":{"line":77,"column":4},"end":{"line":77,"column":null}},"22":{"start":{"line":90,"column":2},"end":{"line":90,"column":16}},"23":{"start":{"line":91,"column":4},"end":{"line":91,"column":5}},"24":{"start":{"line":105,"column":2},"end":{"line":105,"column":11}},"25":{"start":{"line":106,"column":4},"end":{"line":106,"column":14}},"26":{"start":{"line":107,"column":4},"end":{"line":107,"column":5}},"27":{"start":{"line":114,"column":25},"end":{"line":114,"column":null}},"28":{"start":{"line":115,"column":4},"end":{"line":115,"column":null}},"29":{"start":{"line":117,"column":2},"end":{"line":117,"column":3}},"30":{"start":{"line":119,"column":6},"end":{"line":119,"column":null}},"31":{"start":{"line":120,"column":6},"end":{"line":120,"column":null}},"32":{"start":{"line":121,"column":6},"end":{"line":121,"column":null}},"33":{"start":{"line":122,"column":6},"end":{"line":122,"column":null}},"34":{"start":{"line":123,"column":6},"end":{"line":123,"column":null}},"35":{"start":{"line":124,"column":6},"end":{"line":124,"column":null}},"36":{"start":{"line":126,"column":6},"end":{"line":126,"column":null}},"37":{"start":{"line":127,"column":8},"end":{"line":127,"column":null}},"38":{"start":{"line":129,"column":8},"end":{"line":129,"column":null}},"39":{"start":{"line":130,"column":10},"end":{"line":130,"column":null}},"40":{"start":{"line":131,"column":10},"end":{"line":131,"column":null}},"41":{"start":{"line":134,"column":12},"end":{"line":134,"column":null}},"42":{"start":{"line":135,"column":12},"end":{"line":135,"column":29}},"43":{"start":{"line":139,"column":2},"end":{"line":139,"column":23}},"44":{"start":{"line":140,"column":4},"end":{"line":140,"column":null}},"45":{"start":{"line":141,"column":4},"end":{"line":141,"column":null}},"46":{"start":{"line":142,"column":25},"end":{"line":142,"column":63}},"47":{"start":{"line":144,"column":8},"end":{"line":144,"column":null}},"48":{"start":{"line":145,"column":4},"end":{"line":145,"column":null}},"49":{"start":{"line":152,"column":2},"end":{"line":152,"column":null}},"50":{"start":{"line":153,"column":4},"end":{"line":153,"column":null}},"51":{"start":{"line":154,"column":4},"end":{"line":154,"column":null}},"52":{"start":{"line":155,"column":4},"end":{"line":155,"column":null}},"53":{"start":{"line":157,"column":2},"end":{"line":157,"column":28}},"54":{"start":{"line":158,"column":25},"end":{"line":158,"column":null}},"55":{"start":{"line":160,"column":2},"end":{"line":160,"column":14}},"56":{"start":{"line":161,"column":4},"end":{"line":161,"column":14}},"57":{"start":{"line":162,"column":4},"end":{"line":162,"column":14}},"58":{"start":{"line":163,"column":4},"end":{"line":163,"column":null}},"59":{"start":{"line":165,"column":2},"end":{"line":165,"column":14}},"60":{"start":{"line":166,"column":4},"end":{"line":166,"column":5}},"61":{"start":{"line":167,"column":4},"end":{"line":167,"column":59}},"62":{"start":{"line":168,"column":4},"end":{"line":168,"column":21}},"63":{"start":{"line":169,"column":4},"end":{"line":169,"column":null}},"64":{"start":{"line":171,"column":2},"end":{"line":171,"column":17}},"65":{"start":{"line":172,"column":4},"end":{"line":172,"column":5}},"66":{"start":{"line":173,"column":4},"end":{"line":173,"column":69}},"67":{"start":{"line":184,"column":2},"end":{"line":184,"column":24}},"68":{"start":{"line":185,"column":4},"end":{"line":185,"column":13}},"69":{"start":{"line":187,"column":6},"end":{"line":187,"column":15}},"70":{"start":{"line":190,"column":8},"end":{"line":189,"column":13}},"71":{"start":{"line":191,"column":10},"end":{"line":190,"column":11}},"72":{"start":{"line":193,"column":6},"end":{"line":186,"column":11}},"73":{"start":{"line":194,"column":8},"end":{"line":194,"column":13}},"74":{"start":{"line":196,"column":8},"end":{"line":196,"column":9}},"75":{"start":{"line":197,"column":4},"end":{"line":197,"column":null}},"76":{"start":{"line":199,"column":2},"end":{"line":199,"column":45}},"77":{"start":{"line":200,"column":4},"end":{"line":200,"column":null}},"78":{"start":{"line":202,"column":6},"end":{"line":202,"column":27}},"79":{"start":{"line":202,"column":26},"end":{"line":202,"column":27}},"80":{"start":{"line":204,"column":10},"end":{"line":203,"column":11}},"81":{"start":{"line":205,"column":12},"end":{"line":205,"column":31}},"82":{"start":{"line":206,"column":12},"end":{"line":206,"column":19}},"83":{"start":{"line":208,"column":12},"end":{"line":208,"column":16}},"84":{"start":{"line":214,"column":6},"end":{"line":201,"column":7}},"85":{"start":{"line":215,"column":8},"end":{"line":214,"column":null}},"86":{"start":{"line":216,"column":10},"end":{"line":216,"column":15}},"87":{"start":{"line":217,"column":12},"end":{"line":217,"column":null}},"88":{"start":{"line":218,"column":8},"end":{"line":218,"column":null}},"89":{"start":{"line":219,"column":8},"end":{"line":219,"column":15}},"90":{"start":{"line":220,"column":8},"end":{"line":220,"column":13}},"91":{"start":{"line":222,"column":6},"end":{"line":222,"column":13}},"92":{"start":{"line":227,"column":2},"end":{"line":227,"column":17}},"93":{"start":{"line":228,"column":4},"end":{"line":228,"column":35}},"94":{"start":{"line":231,"column":2},"end":{"line":231,"column":17}},"95":{"start":{"line":232,"column":5},"end":{"line":232,"column":null}},"96":{"start":{"line":233,"column":4},"end":{"line":233,"column":14}},"97":{"start":{"line":234,"column":4},"end":{"line":234,"column":14}},"98":{"start":{"line":236,"column":4},"end":{"line":236,"column":5}},"99":{"start":{"line":237,"column":4},"end":{"line":237,"column":null}},"100":{"start":{"line":239,"column":2},"end":{"line":239,"column":22}},"101":{"start":{"line":240,"column":4},"end":{"line":240,"column":null}},"102":{"start":{"line":241,"column":4},"end":{"line":241,"column":null}},"103":{"start":{"line":243,"column":4},"end":{"line":243,"column":9}},"104":{"start":{"line":243,"column":9},"end":{"line":243,"column":null}},"105":{"start":{"line":245,"column":6},"end":{"line":245,"column":15}},"106":{"start":{"line":247,"column":36},"end":{"line":247,"column":41}},"107":{"start":{"line":248,"column":36},"end":{"line":248,"column":41}},"108":{"start":{"line":249,"column":36},"end":{"line":249,"column":41}},"109":{"start":{"line":251,"column":6},"end":{"line":251,"column":23}},"110":{"start":{"line":253,"column":5},"end":{"line":253,"column":null}},"111":{"start":{"line":254,"column":4},"end":{"line":254,"column":null}},"112":{"start":{"line":255,"column":34},"end":{"line":null,"column":-1}},"113":{"start":{"line":256,"column":6},"end":{"line":256,"column":11}},"114":{"start":{"line":258,"column":8},"end":{"line":258,"column":25}},"115":{"start":{"line":259,"column":8},"end":{"line":259,"column":9}},"116":{"start":{"line":261,"column":4},"end":{"line":261,"column":32}},"117":{"start":{"line":261,"column":32},"end":{"line":null,"column":-1}},"118":{"start":{"line":262,"column":4},"end":{"line":262,"column":32}},"119":{"start":{"line":262,"column":32},"end":{"line":null,"column":-1}},"120":{"start":{"line":264,"column":4},"end":{"line":264,"column":null}},"121":{"start":{"line":265,"column":4},"end":{"line":265,"column":null}},"122":{"start":{"line":270,"column":2},"end":{"line":270,"column":18}}},"fnMap":{"0":{"name":"(anonymous_1)","decl":{"start":{"line":1,"column":0},"end":{"line":1,"column":null}},"loc":{"start":{"line":1,"column":0},"end":{"line":1,"column":null}}},"1":{"name":"(anonymous_3)","decl":{"start":{"line":27,"column":27},"end":{"line":27,"column":45}},"loc":{"start":{"line":27,"column":27},"end":{"line":27,"column":null}}},"2":{"name":"FluxStore","decl":{"start":{"line":30,"column":15},"end":{"line":30,"column":null}},"loc":{"start":{"line":30,"column":15},"end":{"line":30,"column":null}}},"3":{"name":"(anonymous_5)","decl":{"start":{"line":36,"column":21},"end":{"line":36,"column":22}},"loc":{"start":{"line":36,"column":21},"end":{"line":36,"column":22}}},"4":{"name":"(anonymous_6)","decl":{"start":{"line":37,"column":21},"end":{"line":37,"column":22}},"loc":{"start":{"line":37,"column":21},"end":{"line":37,"column":22}}},"5":{"name":"(anonymous_7)","decl":{"start":{"line":38,"column":21},"end":{"line":38,"column":22}},"loc":{"start":{"line":38,"column":21},"end":{"line":38,"column":22}}},"6":{"name":"(anonymous_8)","decl":{"start":{"line":39,"column":22},"end":{"line":39,"column":23}},"loc":{"start":{"line":39,"column":22},"end":{"line":39,"column":23}}},"7":{"name":"(anonymous_9)","decl":{"start":{"line":75,"column":13},"end":{"line":75,"column":14}},"loc":{"start":{"line":75,"column":13},"end":{"line":75,"column":14}}},"8":{"name":"(anonymous_10)","decl":{"start":{"line":90,"column":15},"end":{"line":90,"column":16}},"loc":{"start":{"line":90,"column":15},"end":{"line":90,"column":16}}},"9":{"name":"(anonymous_11)","decl":{"start":{"line":105,"column":10},"end":{"line":105,"column":11}},"loc":{"start":{"line":105,"column":10},"end":{"line":105,"column":11}}},"10":{"name":"(anonymous_12)","decl":{"start":{"line":114,"column":10},"end":{"line":114,"column":11}},"loc":{"start":{"line":114,"column":10},"end":{"line":114,"column":11}}},"11":{"name":"(anonymous_13)","decl":{"start":{"line":118,"column":12},"end":{"line":118,"column":null}},"loc":{"start":{"line":118,"column":12},"end":{"line":118,"column":null}}},"12":{"name":"(anonymous_14)","decl":{"start":{"line":139,"column":22},"end":{"line":139,"column":23}},"loc":{"start":{"line":139,"column":22},"end":{"line":139,"column":23}}},"13":{"name":"(anonymous_16)","decl":{"start":{"line":152,"column":10},"end":{"line":152,"column":null}},"loc":{"start":{"line":152,"column":10},"end":{"line":152,"column":null}}},"14":{"name":"(anonymous_17)","decl":{"start":{"line":157,"column":27},"end":{"line":157,"column":28}},"loc":{"start":{"line":157,"column":27},"end":{"line":157,"column":28}}},"15":{"name":"(anonymous_18)","decl":{"start":{"line":160,"column":13},"end":{"line":160,"column":14}},"loc":{"start":{"line":160,"column":13},"end":{"line":160,"column":14}}},"16":{"name":"(anonymous_19)","decl":{"start":{"line":165,"column":13},"end":{"line":165,"column":14}},"loc":{"start":{"line":165,"column":13},"end":{"line":165,"column":14}}},"17":{"name":"(anonymous_20)","decl":{"start":{"line":171,"column":16},"end":{"line":171,"column":17}},"loc":{"start":{"line":171,"column":16},"end":{"line":171,"column":17}}},"18":{"name":"(anonymous_21)","decl":{"start":{"line":184,"column":23},"end":{"line":184,"column":24}},"loc":{"start":{"line":184,"column":23},"end":{"line":184,"column":24}}},"19":{"name":"(anonymous_22)","decl":{"start":{"line":199,"column":44},"end":{"line":199,"column":45}},"loc":{"start":{"line":199,"column":44},"end":{"line":199,"column":45}}},"20":{"name":"(anonymous_23)","decl":{"start":{"line":202,"column":26},"end":{"line":202,"column":27}},"loc":{"start":{"line":202,"column":26},"end":{"line":202,"column":27}}},"21":{"name":"(anonymous_25)","decl":{"start":{"line":227,"column":16},"end":{"line":227,"column":17}},"loc":{"start":{"line":227,"column":16},"end":{"line":227,"column":17}}},"22":{"name":"(anonymous_26)","decl":{"start":{"line":231,"column":16},"end":{"line":231,"column":17}},"loc":{"start":{"line":231,"column":16},"end":{"line":231,"column":17}}},"23":{"name":"(anonymous_27)","decl":{"start":{"line":239,"column":21},"end":{"line":239,"column":22}},"loc":{"start":{"line":239,"column":21},"end":{"line":239,"column":22}}}},"branchMap":{"0":{"loc":{"start":{"line":1,"column":0},"end":{"line":1,"column":null}},"type":"if","locations":[{"start":{"line":1,"column":0},"end":{"line":1,"column":null}},{"start":{"line":1,"column":0},"end":{"line":1,"column":null}}]},"1":{"loc":{"start":{"line":36,"column":67},"end":{"line":36,"column":null}},"type":"cond-expr","locations":[{"start":{"line":36,"column":67},"end":{"line":36,"column":null}},{"start":{"line":36,"column":69},"end":{"line":36,"column":null}}]},"2":{"loc":{"start":{"line":37,"column":67},"end":{"line":37,"column":null}},"type":"cond-expr","locations":[{"start":{"line":37,"column":67},"end":{"line":37,"column":null}},{"start":{"line":37,"column":69},"end":{"line":37,"column":null}}]},"3":{"loc":{"start":{"line":38,"column":42},"end":{"line":38,"column":69}},"type":"cond-expr","locations":[{"start":{"line":38,"column":42},"end":{"line":38,"column":69}},{"start":{"line":38,"column":43},"end":{"line":38,"column":69}}]},"4":{"loc":{"start":{"line":112,"column":10},"end":{"line":112,"column":null}},"type":"cond-expr","locations":[{"start":{"line":112,"column":10},"end":{"line":112,"column":null}},{"start":{"line":114,"column":10},"end":{"line":114,"column":11}}]},"5":{"loc":{"start":{"line":158,"column":25},"end":{"line":158,"column":39}},"type":"cond-expr","locations":[{"start":{"line":158,"column":25},"end":{"line":158,"column":39}},{"start":{"line":158,"column":25},"end":{"line":158,"column":null}}]},"6":{"loc":{"start":{"line":190,"column":8},"end":{"line":189,"column":13}},"type":"if","locations":[{"start":{"line":190,"column":8},"end":{"line":189,"column":13}},{"start":{"line":190,"column":8},"end":{"line":189,"column":13}}]},"7":{"loc":{"start":{"line":190,"column":11},"end":{"line":190,"column":null}},"type":"cond-expr","locations":[{"start":{"line":190,"column":11},"end":{"line":190,"column":null}},{"start":{"line":190,"column":50},"end":{"line":190,"column":null}}]},"8":{"loc":{"start":{"line":193,"column":6},"end":{"line":186,"column":11}},"type":"if","locations":[{"start":{"line":193,"column":6},"end":{"line":186,"column":11}},{"start":{"line":193,"column":6},"end":{"line":186,"column":11}}]},"9":{"loc":{"start":{"line":203,"column":11},"end":{"line":203,"column":41}},"type":"binary-expr","locations":[{"start":{"line":203,"column":11},"end":{"line":203,"column":41}},{"start":{"line":203,"column":41},"end":{"line":203,"column":71}},{"start":{"line":203,"column":71},"end":{"line":203,"column":null}}]},"10":{"loc":{"start":{"line":204,"column":10},"end":{"line":203,"column":11}},"type":"if","locations":[{"start":{"line":204,"column":10},"end":{"line":203,"column":11}},{"start":{"line":204,"column":10},"end":{"line":203,"column":11}}]},"11":{"loc":{"start":{"line":215,"column":8},"end":{"line":214,"column":null}},"type":"if","locations":[{"start":{"line":215,"column":8},"end":{"line":214,"column":null}},{"start":{"line":215,"column":8},"end":{"line":214,"column":null}}]},"12":{"loc":{"start":{"line":228,"column":4},"end":{"line":228,"column":5}},"type":"binary-expr","locations":[{"start":{"line":228,"column":4},"end":{"line":228,"column":5}},{"start":{"line":228,"column":34},"end":{"line":228,"column":35}}]},"13":{"loc":{"start":{"line":269,"column":3},"end":{"line":269,"column":null}},"type":"cond-expr","locations":[{"start":{"line":269,"column":3},"end":{"line":269,"column":null}},{"start":{"line":269,"column":48},"end":{"line":269,"column":null}}]}},"s":{"0":556,"1":4,"2":4,"3":4,"4":4,"5":4,"6":4,"7":4,"8":4,"9":4,"10":4,"11":4,"12":12,"13":4,"14":0,"15":4,"16":3,"17":4,"18":0,"19":4,"20":31,"21":31,"22":4,"23":5,"24":4,"25":0,"26":49,"27":41,"28":49,"29":4,"30":1,"31":1,"32":1,"33":1,"34":1,"35":1,"36":2,"37":1,"38":1,"39":1,"40":1,"41":0,"42":0,"43":4,"44":0,"45":0,"46":0,"47":0,"48":0,"49":4,"50":35,"51":35,"52":35,"53":4,"54":168,"55":4,"56":0,"57":0,"58":130,"59":4,"60":32,"61":32,"62":32,"63":32,"64":4,"65":6,"66":6,"67":4,"68":31,"69":29,"70":27,"71":0,"72":29,"73":2,"74":27,"75":31,"76":4,"77":27,"78":27,"79":27,"80":0,"81":0,"82":0,"83":0,"84":27,"85":27,"86":20,"87":0,"88":0,"89":0,"90":0,"91":0,"92":4,"93":83,"94":4,"95":85,"96":0,"97":0,"98":85,"99":85,"100":4,"101":31,"102":31,"103":31,"104":83,"105":83,"106":48,"107":30,"108":5,"109":83,"110":31,"111":31,"112":34,"113":34,"114":6,"115":6,"116":62,"117":29,"118":31,"119":6,"120":31,"121":31,"122":0},"f":{"0":8,"1":4,"2":4,"3":12,"4":0,"5":3,"6":0,"7":31,"8":5,"9":49,"10":41,"11":1,"12":0,"13":35,"14":168,"15":130,"16":32,"17":6,"18":31,"19":27,"20":27,"21":83,"22":85,"23":31},"b":{"0":[260,8],"1":[9,3],"2":[0,0],"3":[3,0],"4":[7,42],"5":[141,27],"6":[0,27],"7":[0,27],"8":[2,27],"9":[0,0,0],"10":[0,0],"11":[20,7],"12":[83,3],"13":[0,4]}}
,"/Users/shanebdavis/dev/art-suite-applications/packages/@art-suite/models/source/ArtSuite.Models/FluxSubscriptionsMixin.coffee": {"path":"/Users/shanebdavis/dev/art-suite-applications/packages/@art-suite/models/source/ArtSuite.Models/FluxSubscriptionsMixin.coffee","statementMap":{"0":{"start":{"line":1,"column":0},"end":{"line":1,"column":null}},"1":{"start":{"line":1,"column":0},"end":{"line":7,"column":null}},"2":{"start":{"line":9,"column":0},"end":{"line":9,"column":23}},"3":{"start":{"line":10,"column":1},"end":{"line":10,"column":22}},"4":{"start":{"line":11,"column":0},"end":{"line":11,"column":24}},"5":{"start":{"line":13,"column":0},"end":{"line":13,"column":13}},"6":{"start":{"line":16,"column":2},"end":{"line":16,"column":3}},"7":{"start":{"line":16,"column":24},"end":{"line":16,"column":null}},"8":{"start":{"line":21,"column":6},"end":{"line":21,"column":null}},"9":{"start":{"line":22,"column":6},"end":{"line":22,"column":null}},"10":{"start":{"line":27,"column":4},"end":{"line":27,"column":5}},"11":{"start":{"line":28,"column":17},"end":{"line":28,"column":null}},"12":{"start":{"line":29,"column":24},"end":{"line":29,"column":null}},"13":{"start":{"line":85,"column":4},"end":{"line":85,"column":16}},"14":{"start":{"line":87,"column":9},"end":{"line":87,"column":null}},"15":{"start":{"line":88,"column":8},"end":{"line":88,"column":null}},"16":{"start":{"line":89,"column":8},"end":{"line":89,"column":43}},"17":{"start":{"line":91,"column":9},"end":{"line":91,"column":null}},"18":{"start":{"line":93,"column":6},"end":{"line":93,"column":16}},"19":{"start":{"line":94,"column":6},"end":{"line":94,"column":16}},"20":{"start":{"line":97,"column":6},"end":{"line":97,"column":7}},"21":{"start":{"line":101,"column":8},"end":{"line":101,"column":16}},"22":{"start":{"line":104,"column":8},"end":{"line":104,"column":18}},"23":{"start":{"line":106,"column":6},"end":{"line":106,"column":21}},"24":{"start":{"line":108,"column":6},"end":{"line":108,"column":30}},"25":{"start":{"line":108,"column":29},"end":{"line":108,"column":30}},"26":{"start":{"line":109,"column":8},"end":{"line":109,"column":null}},"27":{"start":{"line":110,"column":8},"end":{"line":110,"column":9}},"28":{"start":{"line":115,"column":6},"end":{"line":115,"column":7}},"29":{"start":{"line":128,"column":4},"end":{"line":128,"column":33}},"30":{"start":{"line":130,"column":9},"end":{"line":130,"column":null}},"31":{"start":{"line":132,"column":6},"end":{"line":132,"column":19}},"32":{"start":{"line":133,"column":12},"end":{"line":133,"column":15}},"33":{"start":{"line":133,"column":15},"end":{"line":133,"column":16}},"34":{"start":{"line":138,"column":4},"end":{"line":138,"column":18}},"35":{"start":{"line":140,"column":9},"end":{"line":140,"column":null}},"36":{"start":{"line":141,"column":8},"end":{"line":141,"column":17}},"37":{"start":{"line":142,"column":8},"end":{"line":142,"column":null}},"38":{"start":{"line":143,"column":6},"end":{"line":143,"column":null}},"39":{"start":{"line":145,"column":4},"end":{"line":145,"column":null}},"40":{"start":{"line":146,"column":6},"end":{"line":146,"column":null}},"41":{"start":{"line":147,"column":8},"end":{"line":147,"column":9}},"42":{"start":{"line":148,"column":6},"end":{"line":148,"column":null}},"43":{"start":{"line":153,"column":4},"end":{"line":153,"column":19}},"44":{"start":{"line":154,"column":6},"end":{"line":154,"column":null}},"45":{"start":{"line":155,"column":8},"end":{"line":155,"column":17}},"46":{"start":{"line":158,"column":4},"end":{"line":158,"column":29}},"47":{"start":{"line":160,"column":8},"end":{"line":160,"column":null}},"48":{"start":{"line":163,"column":9},"end":{"line":163,"column":70}},"49":{"start":{"line":164,"column":8},"end":{"line":164,"column":9}},"50":{"start":{"line":165,"column":8},"end":{"line":165,"column":9}},"51":{"start":{"line":166,"column":8},"end":{"line":166,"column":9}},"52":{"start":{"line":167,"column":8},"end":{"line":167,"column":9}},"53":{"start":{"line":168,"column":8},"end":{"line":168,"column":9}},"54":{"start":{"line":174,"column":6},"end":{"line":174,"column":null}}},"fnMap":{"0":{"name":"(anonymous_1)","decl":{"start":{"line":1,"column":0},"end":{"line":1,"column":null}},"loc":{"start":{"line":1,"column":0},"end":{"line":1,"column":null}}},"1":{"name":"(anonymous_3)","decl":{"start":{"line":13,"column":21},"end":{"line":13,"column":null}},"loc":{"start":{"line":13,"column":21},"end":{"line":13,"column":null}}},"2":{"name":"(anonymous_4)","decl":{"start":{"line":16,"column":2},"end":{"line":16,"column":3}},"loc":{"start":{"line":16,"column":2},"end":{"line":16,"column":3}}},"3":{"name":"(anonymous_5)","decl":{"start":{"line":16,"column":24},"end":{"line":16,"column":55}},"loc":{"start":{"line":16,"column":24},"end":{"line":16,"column":null}}},"4":{"name":"FluxSubscriptionsMixin","decl":{"start":{"line":20,"column":17},"end":{"line":20,"column":null}},"loc":{"start":{"line":20,"column":17},"end":{"line":20,"column":null}}},"5":{"name":"(anonymous_7)","decl":{"start":{"line":28,"column":14},"end":{"line":28,"column":17}},"loc":{"start":{"line":28,"column":14},"end":{"line":28,"column":17}}},"6":{"name":"(anonymous_8)","decl":{"start":{"line":29,"column":21},"end":{"line":29,"column":24}},"loc":{"start":{"line":29,"column":21},"end":{"line":29,"column":24}}},"7":{"name":"(anonymous_9)","decl":{"start":{"line":85,"column":15},"end":{"line":85,"column":16}},"loc":{"start":{"line":85,"column":15},"end":{"line":85,"column":16}}},"8":{"name":"(anonymous_10)","decl":{"start":{"line":108,"column":29},"end":{"line":108,"column":30}},"loc":{"start":{"line":108,"column":29},"end":{"line":108,"column":30}}},"9":{"name":"(anonymous_12)","decl":{"start":{"line":128,"column":32},"end":{"line":128,"column":33}},"loc":{"start":{"line":128,"column":32},"end":{"line":128,"column":33}}},"10":{"name":"(anonymous_13)","decl":{"start":{"line":133,"column":12},"end":{"line":133,"column":15}},"loc":{"start":{"line":133,"column":12},"end":{"line":133,"column":15}}},"11":{"name":"(anonymous_15)","decl":{"start":{"line":138,"column":17},"end":{"line":138,"column":18}},"loc":{"start":{"line":138,"column":17},"end":{"line":138,"column":18}}},"12":{"name":"(anonymous_16)","decl":{"start":{"line":145,"column":20},"end":{"line":145,"column":null}},"loc":{"start":{"line":145,"column":20},"end":{"line":145,"column":null}}},"13":{"name":"(anonymous_17)","decl":{"start":{"line":153,"column":18},"end":{"line":153,"column":19}},"loc":{"start":{"line":153,"column":18},"end":{"line":153,"column":19}}},"14":{"name":"(anonymous_18)","decl":{"start":{"line":154,"column":6},"end":{"line":154,"column":null}},"loc":{"start":{"line":154,"column":6},"end":{"line":154,"column":null}}},"15":{"name":"(anonymous_19)","decl":{"start":{"line":158,"column":28},"end":{"line":158,"column":29}},"loc":{"start":{"line":158,"column":28},"end":{"line":158,"column":29}}}},"branchMap":{"0":{"loc":{"start":{"line":1,"column":0},"end":{"line":1,"column":null}},"type":"if","locations":[{"start":{"line":1,"column":0},"end":{"line":1,"column":null}},{"start":{"line":1,"column":0},"end":{"line":1,"column":null}}]},"1":{"loc":{"start":{"line":89,"column":27},"end":{"line":89,"column":41}},"type":"binary-expr","locations":[{"start":{"line":89,"column":27},"end":{"line":89,"column":41}},{"start":{"line":89,"column":44},"end":{"line":89,"column":null}}]},"2":{"loc":{"start":{"line":94,"column":71},"end":{"line":94,"column":80}},"type":"binary-expr","locations":[{"start":{"line":94,"column":71},"end":{"line":94,"column":80}},{"start":{"line":94,"column":95},"end":{"line":94,"column":106}}]},"3":{"loc":{"start":{"line":100,"column":13},"end":{"line":100,"column":22}},"type":"binary-expr","locations":[{"start":{"line":100,"column":13},"end":{"line":100,"column":22}},{"start":{"line":100,"column":30},"end":{"line":100,"column":null}}]},"4":{"loc":{"start":{"line":101,"column":51},"end":{"line":101,"column":72}},"type":"binary-expr","locations":[{"start":{"line":101,"column":51},"end":{"line":101,"column":72}},{"start":{"line":101,"column":72},"end":{"line":101,"column":16}}]},"5":{"loc":{"start":{"line":159,"column":6},"end":{"line":159,"column":42}},"type":"binary-expr","locations":[{"start":{"line":159,"column":6},"end":{"line":159,"column":42}},{"start":{"line":159,"column":9},"end":{"line":159,"column":null}}]},"6":{"loc":{"start":{"line":159,"column":9},"end":{"line":159,"column":31}},"type":"cond-expr","locations":[{"start":{"line":159,"column":9},"end":{"line":159,"column":31}},{"start":{"line":159,"column":21},"end":{"line":159,"column":31}}]},"7":{"loc":{"start":{"line":159,"column":42},"end":{"line":159,"column":71}},"type":"cond-expr","locations":[{"start":{"line":159,"column":42},"end":{"line":159,"column":71}},{"start":{"line":159,"column":61},"end":{"line":159,"column":71}}]},"8":{"loc":{"start":{"line":162,"column":9},"end":{"line":162,"column":23}},"type":"binary-expr","locations":[{"start":{"line":162,"column":9},"end":{"line":162,"column":23}},{"start":{"line":162,"column":23},"end":{"line":162,"column":34}}]},"9":{"loc":{"start":{"line":163,"column":9},"end":{"line":163,"column":18}},"type":"cond-expr","locations":[{"start":{"line":163,"column":9},"end":{"line":163,"column":18}},{"start":{"line":163,"column":18},"end":{"line":163,"column":24}}]},"10":{"loc":{"start":{"line":163,"column":24},"end":{"line":163,"column":35}},"type":"cond-expr","locations":[{"start":{"line":163,"column":24},"end":{"line":163,"column":35}},{"start":{"line":163,"column":35},"end":{"line":163,"column":41}}]},"11":{"loc":{"start":{"line":163,"column":41},"end":{"line":163,"column":48}},"type":"cond-expr","locations":[{"start":{"line":163,"column":41},"end":{"line":163,"column":48}},{"start":{"line":163,"column":48},"end":{"line":163,"column":70}}]},"12":{"loc":{"start":{"line":165,"column":44},"end":{"line":165,"column":50}},"type":"cond-expr","locations":[{"start":{"line":165,"column":44},"end":{"line":165,"column":50}},{"start":{"line":165,"column":50},"end":{"line":165,"column":null}}]},"13":{"loc":{"start":{"line":170,"column":12},"end":{"line":170,"column":13}},"type":"cond-expr","locations":[{"start":{"line":170,"column":12},"end":{"line":170,"column":13}},{"start":{"line":172,"column":15},"end":{"line":172,"column":null}}]},"14":{"loc":{"start":{"line":169,"column":13},"end":{"line":169,"column":27}},"type":"binary-expr","locations":[{"start":{"line":169,"column":13},"end":{"line":169,"column":27}},{"start":{"line":169,"column":27},"end":{"line":169,"column":37}}]}},"s":{"0":1154,"1":4,"2":4,"3":4,"4":4,"5":4,"6":4,"7":8,"8":8,"9":8,"10":8,"11":8,"12":2,"13":8,"14":0,"15":0,"16":0,"17":9,"18":0,"19":0,"20":9,"21":1,"22":0,"23":8,"24":8,"25":8,"26":0,"27":2,"28":8,"29":8,"30":0,"31":1,"32":1,"33":1,"34":8,"35":3,"36":3,"37":3,"38":11,"39":8,"40":2,"41":1,"42":1,"43":8,"44":5,"45":0,"46":8,"47":0,"48":7,"49":7,"50":7,"51":7,"52":7,"53":7,"54":11},"f":{"0":16,"1":4,"2":8,"3":8,"4":8,"5":8,"6":2,"7":9,"8":10,"9":1,"10":2,"11":11,"12":1,"13":5,"14":0,"15":11},"b":{"0":[543,16],"1":[0,0],"2":[9,1],"3":[9,8],"4":[1,1],"5":[11,8],"6":[11,0],"7":[1,7],"8":[11,10],"9":[7,0],"10":[0,7],"11":[2,5],"12":[7,0],"13":[5,2],"14":[7,7]}}
,"/Users/shanebdavis/dev/art-suite-applications/packages/@art-suite/models/source/ArtSuite.Models/ModelRegistry.caf": {"path":"/Users/shanebdavis/dev/art-suite-applications/packages/@art-suite/models/source/ArtSuite.Models/ModelRegistry.caf","statementMap":{"0":{"start":{"line":1,"column":0},"end":{"line":46,"column":null}},"1":{"start":{"line":3,"column":0},"end":{"line":46,"column":null}},"2":{"start":{"line":3,"column":28},"end":{"line":4,"column":null}},"3":{"start":{"line":4,"column":31},"end":{"line":4,"column":null}},"4":{"start":{"line":4,"column":31},"end":{"line":14,"column":null}},"5":{"start":{"line":12,"column":4},"end":{"line":12,"column":null}},"6":{"start":{"line":13,"column":4},"end":{"line":13,"column":null}},"7":{"start":{"line":13,"column":37},"end":{"line":14,"column":null}},"8":{"start":{"line":14,"column":22},"end":{"line":24,"column":null}},"9":{"start":{"line":21,"column":36},"end":{"line":24,"column":null}},"10":{"start":{"line":22,"column":61},"end":{"line":24,"column":null}},"11":{"start":{"line":24,"column":68},"end":{"line":24,"column":null}},"12":{"start":{"line":24,"column":82},"end":{"line":36,"column":null}},"13":{"start":{"line":30,"column":4},"end":{"line":34,"column":null}},"14":{"start":{"line":31,"column":6},"end":{"line":34,"column":null}},"15":{"start":{"line":34,"column":82},"end":{"line":36,"column":null}},"16":{"start":{"line":36,"column":20},"end":{"line":39,"column":null}},"17":{"start":{"line":38,"column":22},"end":{"line":39,"column":null}},"18":{"start":{"line":39,"column":44},"end":{"line":39,"column":null}},"19":{"start":{"line":39,"column":67},"end":{"line":43,"column":null}},"20":{"start":{"line":41,"column":31},"end":{"line":42,"column":null}},"21":{"start":{"line":42,"column":58},"end":{"line":43,"column":null}},"22":{"start":{"line":43,"column":4},"end":{"line":46,"column":null}},"23":{"start":{"line":46,"column":14},"end":{"line":46,"column":null}},"24":{"start":{"line":46,"column":49},"end":{"line":46,"column":null}}},"fnMap":{"0":{"name":"(anonymous_0)","decl":{"start":{"line":1,"column":0},"end":{"line":1,"column":7}},"loc":{"start":{"line":1,"column":0},"end":{"line":46,"column":null}}},"1":{"name":"(anonymous_1)","decl":{"start":{"line":1,"column":24},"end":{"line":1,"column":null}},"loc":{"start":{"line":1,"column":24},"end":{"line":46,"column":null}}},"2":{"name":"(anonymous_2)","decl":{"start":{"line":3,"column":28},"end":{"line":3,"column":null}},"loc":{"start":{"line":3,"column":28},"end":{"line":46,"column":null}}},"3":{"name":"(anonymous_3)","decl":{"start":{"line":11,"column":13},"end":{"line":11,"column":14}},"loc":{"start":{"line":11,"column":14},"end":{"line":14,"column":null}}},"4":{"name":"(anonymous_4)","decl":{"start":{"line":21,"column":22},"end":{"line":21,"column":23}},"loc":{"start":{"line":21,"column":23},"end":{"line":24,"column":null}}},"5":{"name":"(anonymous_5)","decl":{"start":{"line":22,"column":58},"end":{"line":22,"column":61}},"loc":{"start":{"line":22,"column":58},"end":{"line":24,"column":null}}},"6":{"name":"(anonymous_6)","decl":{"start":{"line":24,"column":20},"end":{"line":24,"column":21}},"loc":{"start":{"line":24,"column":68},"end":{"line":24,"column":null}}},"7":{"name":"(anonymous_7)","decl":{"start":{"line":29,"column":19},"end":{"line":29,"column":20}},"loc":{"start":{"line":29,"column":26},"end":{"line":36,"column":null}}},"8":{"name":"(anonymous_8)","decl":{"start":{"line":38,"column":21},"end":{"line":38,"column":22}},"loc":{"start":{"line":38,"column":22},"end":{"line":39,"column":null}}},"9":{"name":"(anonymous_9)","decl":{"start":{"line":39,"column":18},"end":{"line":39,"column":44}},"loc":{"start":{"line":39,"column":44},"end":{"line":39,"column":null}}},"10":{"name":"(anonymous_10)","decl":{"start":{"line":41,"column":21},"end":{"line":41,"column":22}},"loc":{"start":{"line":41,"column":22},"end":{"line":43,"column":null}}},"11":{"name":"(anonymous_11)","decl":{"start":{"line":46,"column":2},"end":{"line":46,"column":14}},"loc":{"start":{"line":46,"column":2},"end":{"line":46,"column":null}}},"12":{"name":"(anonymous_12)","decl":{"start":{"line":46,"column":36},"end":{"line":46,"column":49}},"loc":{"start":{"line":46,"column":49},"end":{"line":46,"column":null}}}},"branchMap":{"0":{"loc":{"start":{"line":4,"column":11},"end":{"line":4,"column":31}},"type":"cond-expr","locations":[{"start":{"line":4,"column":11},"end":{"line":4,"column":31}},{"start":{"line":4,"column":31},"end":{"line":4,"column":null}}]},"1":{"loc":{"start":{"line":22,"column":32},"end":{"line":22,"column":42}},"type":"cond-expr","locations":[{"start":{"line":22,"column":32},"end":{"line":22,"column":42}},{"start":{"line":22,"column":42},"end":{"line":24,"column":null}}]},"2":{"loc":{"start":{"line":23,"column":14},"end":{"line":23,"column":null}},"type":"cond-expr","locations":[{"start":{"line":23,"column":14},"end":{"line":23,"column":null}},{"start":{"line":24,"column":8},"end":{"line":24,"column":null}}]},"3":{"loc":{"start":{"line":30,"column":4},"end":{"line":34,"column":null}},"type":"if","locations":[{"start":{"line":30,"column":4},"end":{"line":34,"column":null}},{"start":{"line":30,"column":4},"end":{"line":34,"column":null}}]},"4":{"loc":{"start":{"line":41,"column":31},"end":{"line":42,"column":58}},"type":"binary-expr","locations":[{"start":{"line":41,"column":31},"end":{"line":42,"column":58}},{"start":{"line":42,"column":40},"end":{"line":42,"column":null}}]}},"s":{"0":8,"1":4,"2":4,"3":8,"4":4,"5":35,"6":35,"7":35,"8":4,"9":1,"10":1,"11":0,"12":4,"13":37,"14":0,"15":37,"16":4,"17":35,"18":2,"19":4,"20":35,"21":35,"22":4,"23":31,"24":32},"f":{"0":4,"1":4,"2":4,"3":35,"4":1,"5":1,"6":0,"7":37,"8":35,"9":2,"10":35,"11":31,"12":32},"b":{"0":[0,4],"1":[0,1],"2":[1,0],"3":[0,37],"4":[35,0]}}
,"/Users/shanebdavis/dev/art-suite-applications/packages/@art-suite/models/source/ArtSuite.Models/Models.caf": {"path":"/Users/shanebdavis/dev/art-suite-applications/packages/@art-suite/models/source/ArtSuite.Models/Models.caf","statementMap":{"0":{"start":{"line":1,"column":0},"end":{"line":8,"column":null}},"1":{"start":{"line":7,"column":4},"end":{"line":7,"column":null}},"2":{"start":{"line":7,"column":4},"end":{"line":8,"column":null}}},"fnMap":{"0":{"name":"(anonymous_0)","decl":{"start":{"line":1,"column":0},"end":{"line":1,"column":null}},"loc":{"start":{"line":1,"column":0},"end":{"line":8,"column":null}}},"1":{"name":"(anonymous_1)","decl":{"start":{"line":6,"column":2},"end":{"line":6,"column":null}},"loc":{"start":{"line":6,"column":2},"end":{"line":8,"column":null}}}},"branchMap":{},"s":{"0":8,"1":18,"2":18},"f":{"0":4,"1":18},"b":{}}
,"/Users/shanebdavis/dev/art-suite-applications/packages/@art-suite/models/source/ArtSuite.Models/StandardImport.caf": {"path":"/Users/shanebdavis/dev/art-suite-applications/packages/@art-suite/models/source/ArtSuite.Models/StandardImport.caf","statementMap":{"0":{"start":{"line":1,"column":0},"end":{"line":4,"column":null}}},"fnMap":{"0":{"name":"(anonymous_0)","decl":{"start":{"line":1,"column":0},"end":{"line":1,"column":null}},"loc":{"start":{"line":1,"column":0},"end":{"line":4,"column":null}}}},"branchMap":{},"s":{"0":8},"f":{"0":4},"b":{}}
}
