TN:
SF:build/ArtSuite.Models/index.js
FNF:0
FNH:0
DA:4,4
LF:1
LH:1
BRF:0
BRH:0
end_of_record
TN:
SF:build/ArtSuite.Models/namespace.js
FNF:0
FNH:0
DA:4,4
LF:1
LH:1
BRF:0
BRH:0
end_of_record
TN:
SF:source/ArtSuite.Models/FluxEntry.caf
FN:1,(anonymous_0)
FN:1,(anonymous_1)
FN:3,(anonymous_2)
FN:7,(anonymous_3)
FN:30,(anonymous_4)
FN:35,(anonymous_7)
FN:36,(anonymous_8)
FN:37,(anonymous_9)
FN:38,(anonymous_10)
FN:39,(anonymous_11)
FN:40,(anonymous_12)
FN:41,(anonymous_13)
FN:43,(anonymous_14)
FN:50,(anonymous_15)
FN:56,(anonymous_16)
FN:62,(anonymous_17)
FN:63,(anonymous_18)
FN:66,(anonymous_19)
FN:80,(anonymous_20)
FN:97,(anonymous_21)
FN:107,(anonymous_22)
FN:108,(anonymous_23)
FN:112,(anonymous_24)
FN:120,(anonymous_25)
FN:128,(anonymous_26)
FN:129,(anonymous_27)
FN:133,(anonymous_28)
FN:141,(anonymous_29)
FN:142,(anonymous_30)
FNF:29
FNH:14
FNDA:4,(anonymous_0)
FNDA:4,(anonymous_1)
FNDA:0,(anonymous_2)
FNDA:32,(anonymous_3)
FNDA:214,(anonymous_4)
FNDA:0,(anonymous_7)
FNDA:0,(anonymous_8)
FNDA:1,(anonymous_9)
FNDA:0,(anonymous_10)
FNDA:69,(anonymous_11)
FNDA:0,(anonymous_12)
FNDA:1,(anonymous_13)
FNDA:0,(anonymous_14)
FNDA:0,(anonymous_15)
FNDA:0,(anonymous_16)
FNDA:0,(anonymous_17)
FNDA:3,(anonymous_18)
FNDA:70,(anonymous_19)
FNDA:0,(anonymous_20)
FNDA:0,(anonymous_21)
FNDA:0,(anonymous_22)
FNDA:0,(anonymous_23)
FNDA:0,(anonymous_24)
FNDA:0,(anonymous_25)
FNDA:34,(anonymous_26)
FNDA:22,(anonymous_27)
FNDA:48,(anonymous_28)
FNDA:30,(anonymous_29)
FNDA:5,(anonymous_30)
DA:1,8
DA:3,4
DA:5,4
DA:19,32
DA:20,32
DA:21,32
DA:23,32
DA:24,32
DA:25,32
DA:27,32
DA:29,32
DA:30,568
DA:32,4
DA:33,4
DA:34,4
DA:35,0
DA:36,0
DA:37,1
DA:38,0
DA:39,69
DA:40,0
DA:41,1
DA:44,0
DA:50,0
DA:56,0
DA:62,0
DA:63,3
DA:65,4
DA:66,70
DA:67,0
DA:68,70
DA:70,140
DA:71,70
DA:72,70
DA:73,70
DA:75,70
DA:76,70
DA:80,0
DA:95,4
DA:97,0
DA:107,4
DA:108,0
DA:110,4
DA:113,0
DA:120,0
DA:121,0
DA:122,0
DA:124,0
DA:125,0
DA:126,4
DA:128,34
DA:130,22
DA:131,4
DA:133,48
DA:135,48
DA:137,4
DA:141,30
DA:142,5
LF:58
LH:40
BRDA:3,0,0,0
BRDA:3,0,1,0
BRDA:30,1,0,282
BRDA:30,1,1,320
BRDA:35,2,0,0
BRDA:35,2,1,0
BRDA:35,3,0,0
BRDA:35,3,1,0
BRDA:52,4,0,0
BRDA:52,4,1,0
BRDA:53,5,0,0
BRDA:53,5,1,0
BRDA:58,6,0,0
BRDA:58,6,1,0
BRDA:59,7,0,0
BRDA:59,7,1,0
BRDA:66,8,0,0
BRDA:66,8,1,70
BRDA:74,9,0,53
BRDA:74,9,1,17
BRDA:78,10,0,0
BRDA:78,10,1,70
BRDA:81,11,0,0
BRDA:81,11,1,0
BRDA:82,12,0,0
BRDA:82,12,1,0
BRDA:89,13,0,0
BRDA:89,13,1,0
BRDA:87,14,0,0
BRDA:87,14,1,0
BRDA:87,14,2,0
BRDA:110,15,0,0
BRDA:110,15,1,0
BRDA:109,16,0,0
BRDA:109,16,1,0
BRDA:114,17,0,0
BRDA:114,17,1,0
BRDA:119,18,0,0
BRDA:119,18,1,0
BRDA:121,19,0,0
BRDA:121,19,1,0
BRDA:121,19,2,0
BRDA:126,20,0,0
BRDA:126,20,1,0
BRDA:128,21,0,25
BRDA:128,21,1,9
BRDA:134,22,0,5
BRDA:134,22,1,43
BRDA:135,23,0,48
BRDA:135,23,1,48
BRDA:135,23,2,0
BRDA:137,24,0,18
BRDA:137,24,1,30
BRF:53
BRH:14
end_of_record
TN:
SF:source/ArtSuite.Models/FluxModel.coffee
FN:1,(anonymous_1)
FN:21,(anonymous_3)
FN:32,(anonymous_4)
FN:39,(anonymous_5)
FN:43,(anonymous_6)
FN:46,(anonymous_7)
FN:72,(anonymous_8)
FN:78,(anonymous_9)
FN:80,FluxModel
FN:87,(anonymous_11)
FN:88,(anonymous_12)
FN:91,(anonymous_13)
FN:92,(anonymous_14)
FN:93,(anonymous_15)
FN:94,(anonymous_16)
FN:97,(anonymous_17)
FN:102,(anonymous_18)
FN:154,(anonymous_19)
FN:192,(anonymous_20)
FN:198,(anonymous_21)
FN:199,(anonymous_23)
FN:200,(anonymous_25)
FN:201,(anonymous_27)
FN:211,(anonymous_29)
FN:212,(anonymous_31)
FN:217,(anonymous_33)
FN:218,(anonymous_35)
FN:223,(anonymous_37)
FN:233,(anonymous_38)
FN:238,(anonymous_39)
FN:240,(anonymous_40)
FN:242,(anonymous_41)
FN:248,(anonymous_42)
FN:250,(anonymous_43)
FN:255,(anonymous_45)
FN:263,(anonymous_46)
FN:273,(anonymous_47)
FN:276,(anonymous_48)
FN:277,(anonymous_49)
FN:282,(anonymous_51)
FN:291,(anonymous_52)
FN:294,(anonymous_53)
FN:297,(anonymous_54)
FN:303,(anonymous_55)
FN:305,(anonymous_56)
FN:311,(anonymous_57)
FNF:46
FNH:26
FNDA:8,(anonymous_1)
FNDA:4,(anonymous_3)
FNDA:32,(anonymous_4)
FNDA:35,(anonymous_5)
FNDA:0,(anonymous_6)
FNDA:35,(anonymous_7)
FNDA:1,(anonymous_8)
FNDA:5,(anonymous_9)
FNDA:35,FluxModel
FNDA:0,(anonymous_11)
FNDA:0,(anonymous_12)
FNDA:0,(anonymous_13)
FNDA:0,(anonymous_14)
FNDA:0,(anonymous_15)
FNDA:0,(anonymous_16)
FNDA:0,(anonymous_17)
FNDA:70,(anonymous_18)
FNDA:13,(anonymous_19)
FNDA:6,(anonymous_20)
FNDA:8,(anonymous_21)
FNDA:8,(anonymous_23)
FNDA:8,(anonymous_25)
FNDA:4,(anonymous_27)
FNDA:2,(anonymous_29)
FNDA:1,(anonymous_31)
FNDA:10,(anonymous_33)
FNDA:10,(anonymous_35)
FNDA:0,(anonymous_37)
FNDA:4,(anonymous_38)
FNDA:33,(anonymous_39)
FNDA:0,(anonymous_40)
FNDA:4,(anonymous_41)
FNDA:0,(anonymous_42)
FNDA:0,(anonymous_43)
FNDA:0,(anonymous_45)
FNDA:12,(anonymous_46)
FNDA:0,(anonymous_47)
FNDA:0,(anonymous_48)
FNDA:0,(anonymous_49)
FNDA:0,(anonymous_51)
FNDA:32,(anonymous_52)
FNDA:28,(anonymous_53)
FNDA:5,(anonymous_54)
FNDA:0,(anonymous_55)
FNDA:0,(anonymous_56)
FNDA:0,(anonymous_57)
DA:1,572
DA:13,4
DA:14,4
DA:16,4
DA:17,4
DA:18,4
DA:21,4
DA:22,4
DA:24,4
DA:31,4
DA:33,32
DA:39,4
DA:40,35
DA:41,35
DA:43,4
DA:44,0
DA:46,35
DA:48,0
DA:50,35
DA:51,35
DA:72,4
DA:73,1
DA:74,1
DA:76,4
DA:78,5
DA:81,35
DA:82,35
DA:83,35
DA:84,35
DA:86,4
DA:87,0
DA:88,0
DA:90,4
DA:91,0
DA:92,0
DA:93,0
DA:94,0
DA:97,4
DA:98,0
DA:99,0
DA:101,4
DA:102,70
DA:154,4
DA:160,3
DA:161,3
DA:163,10
DA:192,4
DA:195,1
DA:197,5
DA:198,4
DA:199,4
DA:200,4
DA:201,4
DA:202,0
DA:205,0
DA:206,0
DA:207,0
DA:211,1
DA:212,1
DA:216,5
DA:217,5
DA:218,5
DA:223,4
DA:225,0
DA:227,0
DA:233,4
DA:235,0
DA:238,33
DA:240,4
DA:242,4
DA:243,4
DA:248,4
DA:249,0
DA:250,0
DA:252,0
DA:253,0
DA:254,0
DA:256,0
DA:258,0
DA:259,0
DA:263,4
DA:265,0
DA:267,12
DA:269,0
DA:273,4
DA:274,0
DA:276,4
DA:277,0
DA:278,0
DA:279,0
DA:281,4
DA:282,0
DA:291,4
DA:294,4
DA:297,4
DA:303,4
DA:305,4
DA:307,0
DA:309,0
DA:311,4
LF:100
LH:66
BRDA:1,0,0,268
BRDA:1,0,1,8
BRDA:33,1,0,32
BRDA:33,1,1,32
BRDA:33,1,2,32
BRDA:72,2,0,1
BRDA:72,2,1,0
BRDA:82,3,0,35
BRDA:82,3,1,35
BRDA:93,4,0,0
BRDA:93,4,1,0
BRDA:159,5,0,13
BRDA:159,5,1,11
BRDA:198,6,0,4
BRDA:198,6,1,1
BRDA:200,7,0,4
BRDA:200,7,1,0
BRDA:203,8,0,0
BRDA:203,8,1,0
BRDA:202,9,0,0
BRDA:202,9,1,0
BRDA:202,10,0,0
BRDA:202,10,1,0
BRDA:205,11,0,0
BRDA:205,11,1,0
BRDA:210,12,0,1
BRDA:210,12,1,0
BRDA:224,13,0,0
BRDA:224,13,1,0
BRDA:234,14,0,2
BRDA:234,14,1,2
BRDA:252,15,0,0
BRDA:252,15,1,0
BRDA:254,16,0,0
BRDA:254,16,1,0
BRDA:278,17,0,0
BRDA:278,17,1,0
BRDA:279,18,0,0
BRDA:279,18,1,0
BRDA:279,19,0,0
BRDA:279,19,1,0
BRDA:282,20,0,0
BRDA:282,20,1,0
BRF:43
BRH:16
end_of_record
TN:
SF:source/ArtSuite.Models/FluxStore.coffee
FN:1,(anonymous_1)
FN:27,(anonymous_3)
FN:30,FluxStore
FN:36,(anonymous_5)
FN:37,(anonymous_6)
FN:38,(anonymous_7)
FN:39,(anonymous_8)
FN:75,(anonymous_9)
FN:90,(anonymous_10)
FN:105,(anonymous_11)
FN:114,(anonymous_12)
FN:118,(anonymous_13)
FN:139,(anonymous_14)
FN:152,(anonymous_16)
FN:157,(anonymous_17)
FN:160,(anonymous_18)
FN:165,(anonymous_19)
FN:171,(anonymous_20)
FN:184,(anonymous_21)
FN:199,(anonymous_22)
FN:202,(anonymous_23)
FN:227,(anonymous_25)
FN:231,(anonymous_26)
FN:239,(anonymous_27)
FNF:24
FNH:21
FNDA:8,(anonymous_1)
FNDA:4,(anonymous_3)
FNDA:4,FluxStore
FNDA:12,(anonymous_5)
FNDA:0,(anonymous_6)
FNDA:3,(anonymous_7)
FNDA:0,(anonymous_8)
FNDA:31,(anonymous_9)
FNDA:5,(anonymous_10)
FNDA:49,(anonymous_11)
FNDA:41,(anonymous_12)
FNDA:1,(anonymous_13)
FNDA:0,(anonymous_14)
FNDA:35,(anonymous_16)
FNDA:168,(anonymous_17)
FNDA:130,(anonymous_18)
FNDA:32,(anonymous_19)
FNDA:6,(anonymous_20)
FNDA:31,(anonymous_21)
FNDA:27,(anonymous_22)
FNDA:27,(anonymous_23)
FNDA:83,(anonymous_25)
FNDA:85,(anonymous_26)
FNDA:31,(anonymous_27)
DA:1,556
DA:14,4
DA:15,4
DA:17,4
DA:18,4
DA:27,4
DA:28,4
DA:31,4
DA:32,4
DA:34,4
DA:36,12
DA:37,4
DA:38,4
DA:39,4
DA:75,4
DA:76,31
DA:77,31
DA:90,4
DA:91,5
DA:105,4
DA:106,0
DA:107,49
DA:114,41
DA:115,49
DA:117,4
DA:119,1
DA:120,1
DA:121,1
DA:122,1
DA:123,1
DA:124,1
DA:126,2
DA:127,1
DA:129,1
DA:130,1
DA:131,1
DA:134,0
DA:135,0
DA:139,4
DA:140,0
DA:141,0
DA:142,0
DA:144,0
DA:145,0
DA:152,4
DA:153,35
DA:154,35
DA:155,35
DA:157,4
DA:158,168
DA:160,4
DA:161,0
DA:162,0
DA:163,130
DA:165,4
DA:166,32
DA:167,32
DA:168,32
DA:169,32
DA:171,4
DA:172,6
DA:173,6
DA:184,4
DA:185,31
DA:187,29
DA:190,27
DA:191,0
DA:193,29
DA:194,2
DA:196,27
DA:197,31
DA:199,4
DA:200,27
DA:202,27
DA:204,0
DA:205,0
DA:206,0
DA:208,0
DA:214,27
DA:215,27
DA:216,20
DA:217,0
DA:218,0
DA:219,0
DA:220,0
DA:222,0
DA:227,4
DA:228,83
DA:231,4
DA:232,85
DA:233,0
DA:234,0
DA:236,85
DA:237,85
DA:239,4
DA:240,31
DA:241,31
DA:243,83
DA:245,83
DA:247,48
DA:248,30
DA:249,5
DA:251,83
DA:253,31
DA:254,31
DA:255,34
DA:256,34
DA:258,6
DA:259,6
DA:261,62
DA:262,31
DA:264,31
DA:265,31
DA:270,0
LF:114
LH:91
BRDA:1,0,0,260
BRDA:1,0,1,8
BRDA:36,1,0,9
BRDA:36,1,1,3
BRDA:37,2,0,0
BRDA:37,2,1,0
BRDA:38,3,0,3
BRDA:38,3,1,0
BRDA:112,4,0,7
BRDA:112,4,1,42
BRDA:158,5,0,141
BRDA:158,5,1,27
BRDA:190,6,0,0
BRDA:190,6,1,27
BRDA:190,7,0,0
BRDA:190,7,1,27
BRDA:193,8,0,2
BRDA:193,8,1,27
BRDA:203,9,0,0
BRDA:203,9,1,0
BRDA:203,9,2,0
BRDA:204,10,0,0
BRDA:204,10,1,0
BRDA:215,11,0,20
BRDA:215,11,1,7
BRDA:228,12,0,83
BRDA:228,12,1,3
BRDA:269,13,0,0
BRDA:269,13,1,4
BRF:29
BRH:18
end_of_record
TN:
SF:source/ArtSuite.Models/FluxSubscriptionsMixin.coffee
FN:1,(anonymous_1)
FN:13,(anonymous_3)
FN:16,(anonymous_4)
FN:16,(anonymous_5)
FN:20,FluxSubscriptionsMixin
FN:28,(anonymous_7)
FN:29,(anonymous_8)
FN:85,(anonymous_9)
FN:108,(anonymous_10)
FN:128,(anonymous_12)
FN:133,(anonymous_13)
FN:138,(anonymous_15)
FN:145,(anonymous_16)
FN:153,(anonymous_17)
FN:154,(anonymous_18)
FN:158,(anonymous_19)
FNF:16
FNH:15
FNDA:16,(anonymous_1)
FNDA:4,(anonymous_3)
FNDA:8,(anonymous_4)
FNDA:8,(anonymous_5)
FNDA:8,FluxSubscriptionsMixin
FNDA:8,(anonymous_7)
FNDA:2,(anonymous_8)
FNDA:9,(anonymous_9)
FNDA:10,(anonymous_10)
FNDA:1,(anonymous_12)
FNDA:2,(anonymous_13)
FNDA:11,(anonymous_15)
FNDA:1,(anonymous_16)
FNDA:5,(anonymous_17)
FNDA:0,(anonymous_18)
FNDA:11,(anonymous_19)
DA:1,1154
DA:9,4
DA:10,4
DA:11,4
DA:13,4
DA:16,8
DA:21,8
DA:22,8
DA:27,8
DA:28,8
DA:29,2
DA:85,8
DA:87,0
DA:88,0
DA:89,0
DA:91,9
DA:93,0
DA:94,0
DA:97,9
DA:101,1
DA:104,0
DA:106,8
DA:108,8
DA:109,0
DA:110,2
DA:115,8
DA:128,8
DA:130,0
DA:132,1
DA:133,1
DA:138,8
DA:140,3
DA:141,3
DA:142,3
DA:143,11
DA:145,8
DA:146,2
DA:147,1
DA:148,1
DA:153,8
DA:154,5
DA:155,0
DA:158,8
DA:160,0
DA:163,7
DA:164,7
DA:165,7
DA:166,7
DA:167,7
DA:168,7
DA:174,11
LF:51
LH:41
BRDA:1,0,0,543
BRDA:1,0,1,16
BRDA:89,1,0,0
BRDA:89,1,1,0
BRDA:94,2,0,9
BRDA:94,2,1,1
BRDA:100,3,0,9
BRDA:100,3,1,8
BRDA:101,4,0,1
BRDA:101,4,1,1
BRDA:159,5,0,11
BRDA:159,5,1,8
BRDA:159,6,0,11
BRDA:159,6,1,0
BRDA:159,7,0,1
BRDA:159,7,1,7
BRDA:162,8,0,11
BRDA:162,8,1,10
BRDA:163,9,0,7
BRDA:163,9,1,0
BRDA:163,10,0,0
BRDA:163,10,1,7
BRDA:163,11,0,2
BRDA:163,11,1,5
BRDA:165,12,0,7
BRDA:165,12,1,0
BRDA:170,13,0,5
BRDA:170,13,1,2
BRDA:169,14,0,7
BRDA:169,14,1,7
BRF:30
BRH:24
end_of_record
TN:
SF:source/ArtSuite.Models/ModelRegistry.caf
FN:1,(anonymous_0)
FN:1,(anonymous_1)
FN:3,(anonymous_2)
FN:11,(anonymous_3)
FN:21,(anonymous_4)
FN:22,(anonymous_5)
FN:24,(anonymous_6)
FN:29,(anonymous_7)
FN:38,(anonymous_8)
FN:39,(anonymous_9)
FN:41,(anonymous_10)
FN:46,(anonymous_11)
FN:46,(anonymous_12)
FNF:13
FNH:12
FNDA:4,(anonymous_0)
FNDA:4,(anonymous_1)
FNDA:4,(anonymous_2)
FNDA:35,(anonymous_3)
FNDA:1,(anonymous_4)
FNDA:1,(anonymous_5)
FNDA:0,(anonymous_6)
FNDA:37,(anonymous_7)
FNDA:35,(anonymous_8)
FNDA:2,(anonymous_9)
FNDA:35,(anonymous_10)
FNDA:31,(anonymous_11)
FNDA:32,(anonymous_12)
DA:1,8
DA:3,4
DA:4,8
DA:12,35
DA:13,35
DA:14,4
DA:21,1
DA:22,1
DA:24,4
DA:30,37
DA:31,0
DA:34,37
DA:36,4
DA:38,35
DA:39,4
DA:41,35
DA:42,35
DA:43,4
DA:46,32
LF:19
LH:18
BRDA:4,0,0,0
BRDA:4,0,1,4
BRDA:22,1,0,0
BRDA:22,1,1,1
BRDA:23,2,0,1
BRDA:23,2,1,0
BRDA:30,3,0,0
BRDA:30,3,1,37
BRDA:41,4,0,35
BRDA:41,4,1,0
BRF:10
BRH:5
end_of_record
TN:
SF:source/ArtSuite.Models/Models.caf
FN:1,(anonymous_0)
FN:6,(anonymous_1)
FNF:2
FNH:2
FNDA:4,(anonymous_0)
FNDA:18,(anonymous_1)
DA:1,8
DA:7,18
LF:2
LH:2
BRF:0
BRH:0
end_of_record
TN:
SF:source/ArtSuite.Models/StandardImport.caf
FN:1,(anonymous_0)
FNF:1
FNH:1
FNDA:4,(anonymous_0)
DA:1,8
LF:1
LH:1
BRF:0
BRH:0
end_of_record
