<?xml version="1.0" encoding="UTF-8"?>
<coverage generated="1607267055133" clover="3.2.0">
  <project timestamp="1607267055133" name="All files">
    <metrics statements="1111" coveredstatements="739" conditionals="436" coveredconditionals="250" methods="379" coveredmethods="195" elements="1926" coveredelements="1184" complexity="0" loc="1111" ncloc="1111" packages="3" files="10" classes="10"/>
    <package name="source-source.Art.Atomic">
      <metrics statements="1106" coveredstatements="734" conditionals="436" coveredconditionals="250" methods="378" coveredmethods="194"/>
      <file name="Atomic.coffee" path="/Users/shanebdavis/dev/art-suite-applications/packages/art-atomic/source-source/Art.Atomic/Atomic.coffee">
        <metrics statements="6" coveredstatements="6" conditionals="0" coveredconditionals="0" methods="0" coveredmethods="0"/>
        <line num="1" count="7" type="stmt"/>
        <line num="2" count="7" type="stmt"/>
        <line num="3" count="7" type="stmt"/>
        <line num="4" count="7" type="stmt"/>
        <line num="5" count="7" type="stmt"/>
        <line num="7" count="7" type="stmt"/>
      </file>
      <file name="Base.coffee" path="/Users/shanebdavis/dev/art-suite-applications/packages/art-atomic/source-source/Art.Atomic/Base.coffee">
        <metrics statements="98" coveredstatements="79" conditionals="14" coveredconditionals="11" methods="41" coveredmethods="28"/>
        <line num="1" count="973" type="cond" truecount="2" falsecount="0"/>
        <line num="15" count="7" type="stmt"/>
        <line num="119" count="7" type="stmt"/>
        <line num="120" count="7" type="stmt"/>
        <line num="123" count="2614" type="stmt"/>
        <line num="124" count="5" type="stmt"/>
        <line num="125" count="1007" type="stmt"/>
        <line num="126" count="18" type="stmt"/>
        <line num="127" count="0" type="cond" truecount="3" falsecount="1"/>
        <line num="128" count="1584" type="stmt"/>
        <line num="132" count="2614" type="stmt"/>
        <line num="134" count="7" type="stmt"/>
        <line num="135" count="371" type="stmt"/>
        <line num="136" count="1" type="stmt"/>
        <line num="137" count="1" type="stmt"/>
        <line num="138" count="1" type="stmt"/>
        <line num="140" count="105" type="cond" truecount="2" falsecount="0"/>
        <line num="142" count="7" type="stmt"/>
        <line num="143" count="0" type="stmt"/>
        <line num="144" count="0" type="stmt"/>
        <line num="146" count="0" type="stmt"/>
        <line num="148" count="0" type="stmt"/>
        <line num="149" count="0" type="stmt"/>
        <line num="151" count="0" type="stmt"/>
        <line num="152" count="0" type="stmt"/>
        <line num="155" count="0" type="stmt"/>
        <line num="156" count="0" type="stmt"/>
        <line num="157" count="0" type="stmt"/>
        <line num="159" count="0" type="stmt"/>
        <line num="161" count="7" type="stmt"/>
        <line num="162" count="7" type="stmt"/>
        <line num="163" count="0" type="stmt"/>
        <line num="164" count="0" type="stmt"/>
        <line num="165" count="0" type="stmt"/>
        <line num="166" count="0" type="stmt"/>
        <line num="167" count="0" type="stmt"/>
        <line num="168" count="0" type="stmt"/>
        <line num="170" count="7" type="stmt"/>
        <line num="171" count="7" type="stmt"/>
        <line num="173" count="70" type="stmt"/>
        <line num="174" count="7" type="stmt"/>
        <line num="175" count="7" type="stmt"/>
        <line num="177" count="0" type="stmt"/>
        <line num="179" count="206" type="stmt"/>
        <line num="181" count="7" type="stmt"/>
        <line num="182" count="7" type="cond" truecount="0" falsecount="2"/>
        <line num="183" count="7" type="stmt"/>
        <line num="184" count="7" type="stmt"/>
        <line num="189" count="35" type="stmt"/>
        <line num="190" count="35" type="stmt"/>
        <line num="192" count="35" type="stmt"/>
        <line num="194" count="35" type="stmt"/>
        <line num="195" count="35" type="stmt"/>
        <line num="196" count="35" type="stmt"/>
        <line num="212" count="7" type="stmt"/>
        <line num="214" count="770" type="cond" truecount="2" falsecount="0"/>
        <line num="215" count="770" type="stmt"/>
        <line num="230" count="7" type="stmt"/>
        <line num="231" count="7" type="stmt"/>
        <line num="232" count="35" type="stmt"/>
        <line num="234" count="35" type="stmt"/>
        <line num="236" count="35" type="stmt"/>
        <line num="239" count="140" type="stmt"/>
        <line num="242" count="140" type="stmt"/>
        <line num="252" count="70" type="stmt"/>
        <line num="253" count="140" type="stmt"/>
        <line num="255" count="560" type="stmt"/>
        <line num="258" count="560" type="stmt"/>
        <line num="279" count="7" type="stmt"/>
        <line num="287" count="35" type="stmt"/>
        <line num="289" count="70" type="stmt"/>
        <line num="290" count="140" type="stmt"/>
        <line num="294" count="560" type="stmt"/>
        <line num="299" count="560" type="stmt"/>
        <line num="304" count="560" type="stmt"/>
        <line num="309" count="7" type="stmt"/>
        <line num="310" count="35" type="stmt"/>
        <line num="311" count="35" type="stmt"/>
        <line num="319" count="35" type="stmt"/>
        <line num="320" count="70" type="stmt"/>
        <line num="321" count="140" type="stmt"/>
        <line num="326" count="35" type="stmt"/>
        <line num="328" count="140" type="stmt"/>
        <line num="332" count="35" type="stmt"/>
        <line num="335" count="70" type="stmt"/>
        <line num="336" count="140" type="stmt"/>
        <line num="340" count="35" type="stmt"/>
        <line num="348" count="35" type="stmt"/>
        <line num="350" count="140" type="stmt"/>
        <line num="353" count="35" type="stmt"/>
        <line num="354" count="140" type="stmt"/>
        <line num="357" count="616" type="cond" truecount="2" falsecount="0"/>
        <line num="361" count="35" type="stmt"/>
        <line num="365" count="140" type="stmt"/>
        <line num="369" count="35" type="stmt"/>
        <line num="370" count="140" type="stmt"/>
        <line num="373" count="35" type="stmt"/>
        <line num="374" count="140" type="stmt"/>
      </file>
      <file name="Color.coffee" path="/Users/shanebdavis/dev/art-suite-applications/packages/art-atomic/source-source/Art.Atomic/Color.coffee">
        <metrics statements="281" coveredstatements="168" conditionals="153" coveredconditionals="61" methods="85" coveredmethods="39"/>
        <line num="1" count="1085" type="cond" truecount="2" falsecount="0"/>
        <line num="2" count="7" type="stmt"/>
        <line num="18" count="7" type="stmt"/>
        <line num="20" count="7" type="stmt"/>
        <line num="22" count="6" type="stmt"/>
        <line num="24" count="39" type="stmt"/>
        <line num="26" count="7" type="stmt"/>
        <line num="27" count="7" type="stmt"/>
        <line num="28" count="1103" type="cond" truecount="2" falsecount="0"/>
        <line num="29" count="7" type="stmt"/>
        <line num="30" count="0" type="cond" truecount="0" falsecount="3"/>
        <line num="33" count="7" type="stmt"/>
        <line num="212" count="7" type="stmt"/>
        <line num="214" count="7" type="stmt"/>
        <line num="216" count="7" type="stmt"/>
        <line num="217" count="3" type="cond" truecount="2" falsecount="0"/>
        <line num="218" count="67" type="cond" truecount="4" falsecount="0"/>
        <line num="219" count="1030" type="stmt"/>
        <line num="221" count="7" type="stmt"/>
        <line num="222" count="0" type="cond" truecount="0" falsecount="2"/>
        <line num="223" count="0" type="cond" truecount="0" falsecount="4"/>
        <line num="224" count="0" type="stmt"/>
        <line num="225" count="0" type="stmt"/>
        <line num="226" count="0" type="stmt"/>
        <line num="227" count="0" type="stmt"/>
        <line num="228" count="0" type="stmt"/>
        <line num="229" count="0" type="stmt"/>
        <line num="230" count="0" type="stmt"/>
        <line num="231" count="0" type="stmt"/>
        <line num="233" count="7" type="stmt"/>
        <line num="234" count="7" type="stmt"/>
        <line num="235" count="0" type="stmt"/>
        <line num="236" count="0" type="stmt"/>
        <line num="238" count="25" type="stmt"/>
        <line num="239" count="0" type="stmt"/>
        <line num="241" count="31" type="stmt"/>
        <line num="242" count="31" type="stmt"/>
        <line num="243" count="31" type="stmt"/>
        <line num="244" count="31" type="stmt"/>
        <line num="245" count="31" type="stmt"/>
        <line num="246" count="31" type="stmt"/>
        <line num="247" count="31" type="cond" truecount="1" falsecount="1"/>
        <line num="248" count="31" type="cond" truecount="6" falsecount="0"/>
        <line num="249" count="17" type="stmt"/>
        <line num="250" count="1" type="stmt"/>
        <line num="251" count="1" type="stmt"/>
        <line num="252" count="5" type="stmt"/>
        <line num="253" count="4" type="stmt"/>
        <line num="254" count="3" type="stmt"/>
        <line num="256" count="7" type="stmt"/>
        <line num="258" count="0" type="stmt"/>
        <line num="259" count="0" type="stmt"/>
        <line num="260" count="0" type="stmt"/>
        <line num="261" count="0" type="stmt"/>
        <line num="262" count="0" type="stmt"/>
        <line num="263" count="0" type="stmt"/>
        <line num="264" count="0" type="cond" truecount="0" falsecount="2"/>
        <line num="265" count="0" type="cond" truecount="0" falsecount="6"/>
        <line num="266" count="0" type="stmt"/>
        <line num="267" count="0" type="stmt"/>
        <line num="268" count="0" type="stmt"/>
        <line num="269" count="0" type="stmt"/>
        <line num="270" count="0" type="stmt"/>
        <line num="271" count="0" type="stmt"/>
        <line num="273" count="7" type="stmt"/>
        <line num="274" count="0" type="stmt"/>
        <line num="275" count="0" type="stmt"/>
        <line num="277" count="7" type="stmt"/>
        <line num="278" count="1000" type="stmt"/>
        <line num="279" count="1000" type="stmt"/>
        <line num="283" count="9" type="stmt"/>
        <line num="284" count="7" type="stmt"/>
        <line num="285" count="9" type="cond" truecount="2" falsecount="0"/>
        <line num="286" count="9" type="stmt"/>
        <line num="287" count="9" type="stmt"/>
        <line num="288" count="9" type="stmt"/>
        <line num="289" count="9" type="stmt"/>
        <line num="292" count="2" type="stmt"/>
        <line num="293" count="2" type="stmt"/>
        <line num="296" count="2" type="stmt"/>
        <line num="297" count="2" type="stmt"/>
        <line num="301" count="972" type="stmt"/>
        <line num="302" count="969" type="stmt"/>
        <line num="303" count="972" type="cond" truecount="2" falsecount="0"/>
        <line num="304" count="972" type="stmt"/>
        <line num="305" count="972" type="stmt"/>
        <line num="306" count="972" type="stmt"/>
        <line num="307" count="972" type="stmt"/>
        <line num="311" count="5" type="stmt"/>
        <line num="312" count="5" type="stmt"/>
        <line num="313" count="5" type="stmt"/>
        <line num="314" count="5" type="stmt"/>
        <line num="315" count="5" type="stmt"/>
        <line num="319" count="10" type="stmt"/>
        <line num="320" count="10" type="stmt"/>
        <line num="321" count="10" type="stmt"/>
        <line num="322" count="10" type="stmt"/>
        <line num="323" count="10" type="stmt"/>
        <line num="327" count="0" type="stmt"/>
        <line num="328" count="0" type="stmt"/>
        <line num="329" count="0" type="stmt"/>
        <line num="330" count="0" type="stmt"/>
        <line num="331" count="0" type="stmt"/>
        <line num="332" count="0" type="stmt"/>
        <line num="334" count="0" type="stmt"/>
        <line num="336" count="0" type="stmt"/>
        <line num="338" count="7" type="stmt"/>
        <line num="339" count="1073" type="stmt"/>
        <line num="340" count="1073" type="stmt"/>
        <line num="341" count="1073" type="stmt"/>
        <line num="342" count="1073" type="stmt"/>
        <line num="343" count="1073" type="stmt"/>
        <line num="346" count="7" type="stmt"/>
        <line num="347" count="73" type="stmt"/>
        <line num="348" count="32" type="stmt"/>
        <line num="349" count="32" type="stmt"/>
        <line num="350" count="32" type="stmt"/>
        <line num="352" count="1" type="stmt"/>
        <line num="354" count="1" type="stmt"/>
        <line num="356" count="71" type="stmt"/>
        <line num="357" count="71" type="stmt"/>
        <line num="358" count="71" type="stmt"/>
        <line num="359" count="71" type="cond" truecount="2" falsecount="0"/>
        <line num="361" count="7" type="stmt"/>
        <line num="362" count="22" type="cond" truecount="1" falsecount="4"/>
        <line num="363" count="0" type="stmt"/>
        <line num="364" count="0" type="stmt"/>
        <line num="366" count="0" type="cond" truecount="0" falsecount="4"/>
        <line num="372" count="22" type="stmt"/>
        <line num="373" count="22" type="stmt"/>
        <line num="374" count="22" type="stmt"/>
        <line num="375" count="22" type="stmt"/>
        <line num="376" count="22" type="stmt"/>
        <line num="377" count="22" type="stmt"/>
        <line num="378" count="22" type="stmt"/>
        <line num="379" count="22" type="cond" truecount="11" falsecount="2"/>
        <line num="387" count="0" type="stmt"/>
        <line num="389" count="7" type="stmt"/>
        <line num="390" count="3" type="stmt"/>
        <line num="393" count="3" type="stmt"/>
        <line num="396" count="0" type="stmt"/>
        <line num="397" count="0" type="stmt"/>
        <line num="399" count="3" type="stmt"/>
        <line num="400" count="3" type="stmt"/>
        <line num="407" count="7" type="stmt"/>
        <line num="408" count="0" type="stmt"/>
        <line num="409" count="0" type="stmt"/>
        <line num="410" count="0" type="cond" truecount="0" falsecount="4"/>
        <line num="412" count="0" type="stmt"/>
        <line num="419" count="0" type="stmt"/>
        <line num="421" count="0" type="stmt"/>
        <line num="423" count="0" type="stmt"/>
        <line num="424" count="0" type="stmt"/>
        <line num="431" count="7" type="stmt"/>
        <line num="432" count="7" type="stmt"/>
        <line num="433" count="7" type="stmt"/>
        <line num="434" count="7" type="stmt"/>
        <line num="435" count="1" type="stmt"/>
        <line num="437" count="1" type="stmt"/>
        <line num="438" count="1" type="stmt"/>
        <line num="439" count="0" type="stmt"/>
        <line num="440" count="1" type="stmt"/>
        <line num="442" count="7" type="stmt"/>
        <line num="443" count="7" type="stmt"/>
        <line num="444" count="7" type="stmt"/>
        <line num="446" count="7" type="stmt"/>
        <line num="447" count="7" type="stmt"/>
        <line num="448" count="7" type="stmt"/>
        <line num="449" count="7" type="stmt"/>
        <line num="451" count="7" type="stmt"/>
        <line num="452" count="0" type="cond" truecount="0" falsecount="16"/>
        <line num="453" count="0" type="stmt"/>
        <line num="454" count="0" type="stmt"/>
        <line num="455" count="0" type="stmt"/>
        <line num="456" count="0" type="stmt"/>
        <line num="457" count="0" type="stmt"/>
        <line num="458" count="0" type="stmt"/>
        <line num="459" count="0" type="stmt"/>
        <line num="460" count="0" type="stmt"/>
        <line num="462" count="7" type="stmt"/>
        <line num="464" count="0" type="cond" truecount="0" falsecount="2"/>
        <line num="465" count="0" type="cond" truecount="0" falsecount="2"/>
        <line num="466" count="0" type="cond" truecount="0" falsecount="2"/>
        <line num="467" count="0" type="cond" truecount="0" falsecount="2"/>
        <line num="468" count="0" type="stmt"/>
        <line num="470" count="0" type="cond" truecount="0" falsecount="2"/>
        <line num="471" count="0" type="cond" truecount="0" falsecount="2"/>
        <line num="472" count="0" type="cond" truecount="0" falsecount="2"/>
        <line num="473" count="0" type="cond" truecount="0" falsecount="2"/>
        <line num="474" count="0" type="stmt"/>
        <line num="476" count="7" type="stmt"/>
        <line num="477" count="111" type="stmt"/>
        <line num="478" count="111" type="stmt"/>
        <line num="480" count="7" type="stmt"/>
        <line num="481" count="2" type="stmt"/>
        <line num="483" count="0" type="stmt"/>
        <line num="484" count="0" type="stmt"/>
        <line num="485" count="0" type="cond" truecount="0" falsecount="2"/>
        <line num="487" count="0" type="stmt"/>
        <line num="488" count="0" type="stmt"/>
        <line num="491" count="2" type="stmt"/>
        <line num="498" count="33" type="stmt"/>
        <line num="499" count="33" type="stmt"/>
        <line num="500" count="0" type="stmt"/>
        <line num="501" count="25" type="stmt"/>
        <line num="503" count="0" type="stmt"/>
        <line num="504" count="0" type="stmt"/>
        <line num="505" count="0" type="stmt"/>
        <line num="506" count="0" type="stmt"/>
        <line num="508" count="0" type="stmt"/>
        <line num="509" count="0" type="stmt"/>
        <line num="510" count="33" type="stmt"/>
        <line num="512" count="0" type="stmt"/>
        <line num="513" count="0" type="stmt"/>
        <line num="514" count="0" type="stmt"/>
        <line num="515" count="3" type="stmt"/>
        <line num="517" count="0" type="stmt"/>
        <line num="518" count="0" type="stmt"/>
        <line num="520" count="3" type="stmt"/>
        <line num="521" count="1" type="stmt"/>
        <line num="524" count="5" type="stmt"/>
        <line num="527" count="24" type="stmt"/>
        <line num="530" count="0" type="stmt"/>
        <line num="535" count="0" type="stmt"/>
        <line num="538" count="0" type="stmt"/>
        <line num="544" count="0" type="stmt"/>
        <line num="545" count="0" type="stmt"/>
        <line num="548" count="29" type="stmt"/>
        <line num="552" count="24" type="stmt"/>
        <line num="554" count="7" type="stmt"/>
        <line num="555" count="2" type="cond" truecount="1" falsecount="1"/>
        <line num="556" count="2" type="stmt"/>
        <line num="558" count="7" type="stmt"/>
        <line num="559" count="4" type="cond" truecount="2" falsecount="0"/>
        <line num="565" count="7" type="stmt"/>
        <line num="566" count="0" type="stmt"/>
        <line num="567" count="0" type="stmt"/>
        <line num="568" count="0" type="stmt"/>
        <line num="569" count="0" type="stmt"/>
        <line num="571" count="7" type="stmt"/>
        <line num="573" count="7" type="stmt"/>
        <line num="574" count="0" type="stmt"/>
        <line num="575" count="0" type="stmt"/>
        <line num="578" count="7" type="stmt"/>
        <line num="579" count="15" type="cond" truecount="4" falsecount="0"/>
        <line num="580" count="8" type="cond" truecount="4" falsecount="0"/>
        <line num="581" count="7" type="cond" truecount="4" falsecount="0"/>
        <line num="582" count="0" type="stmt"/>
        <line num="583" count="0" type="stmt"/>
        <line num="584" count="0" type="stmt"/>
        <line num="585" count="3" type="cond" truecount="1" falsecount="3"/>
        <line num="586" count="1" type="cond" truecount="1" falsecount="3"/>
        <line num="587" count="1" type="cond" truecount="1" falsecount="3"/>
        <line num="588" count="2" type="cond" truecount="1" falsecount="3"/>
        <line num="589" count="2" type="cond" truecount="1" falsecount="3"/>
        <line num="591" count="0" type="stmt"/>
        <line num="593" count="0" type="stmt"/>
        <line num="594" count="0" type="stmt"/>
        <line num="595" count="0" type="stmt"/>
        <line num="598" count="0" type="stmt"/>
        <line num="600" count="0" type="stmt"/>
        <line num="602" count="0" type="stmt"/>
        <line num="605" count="0" type="stmt"/>
        <line num="607" count="0" type="stmt"/>
        <line num="609" count="7" type="stmt"/>
        <line num="610" count="0" type="stmt"/>
        <line num="611" count="9" type="stmt"/>
        <line num="613" count="9" type="stmt"/>
        <line num="614" count="9" type="stmt"/>
        <line num="617" count="1" type="stmt"/>
        <line num="620" count="8" type="stmt"/>
        <line num="622" count="8" type="stmt"/>
        <line num="624" count="8" type="cond" truecount="3" falsecount="0"/>
        <line num="625" count="3" type="cond" truecount="1" falsecount="1"/>
        <line num="626" count="2" type="stmt"/>
        <line num="627" count="3" type="stmt"/>
        <line num="629" count="9" type="stmt"/>
        <line num="631" count="9" type="stmt"/>
        <line num="633" count="7" type="stmt"/>
        <line num="634" count="1036" type="stmt"/>
        <line num="636" count="7" type="stmt"/>
      </file>
      <file name="Matrix.coffee" path="/Users/shanebdavis/dev/art-suite-applications/packages/art-atomic/source-source/Art.Atomic/Matrix.coffee">
        <metrics statements="258" coveredstatements="181" conditionals="100" coveredconditionals="63" methods="72" coveredmethods="43"/>
        <line num="1" count="1085" type="cond" truecount="2" falsecount="0"/>
        <line num="56" count="7" type="stmt"/>
        <line num="57" count="7" type="stmt"/>
        <line num="58" count="7" type="stmt"/>
        <line num="60" count="7" type="stmt"/>
        <line num="61" count="7" type="stmt"/>
        <line num="62" count="7" type="stmt"/>
        <line num="63" count="7" type="stmt"/>
        <line num="69" count="7" type="stmt"/>
        <line num="70" count="7" type="stmt"/>
        <line num="71" count="129" type="cond" truecount="2" falsecount="0"/>
        <line num="73" count="7" type="stmt"/>
        <line num="75" count="0" type="stmt"/>
        <line num="77" count="2" type="stmt"/>
        <line num="79" count="33" type="stmt"/>
        <line num="81" count="7" type="stmt"/>
        <line num="82" count="18" type="stmt"/>
        <line num="87" count="18" type="stmt"/>
        <line num="89" count="7" type="stmt"/>
        <line num="90" count="0" type="stmt"/>
        <line num="92" count="2" type="stmt"/>
        <line num="94" count="4" type="stmt"/>
        <line num="96" count="6" type="stmt"/>
        <line num="98" count="7" type="stmt"/>
        <line num="100" count="1" type="stmt"/>
        <line num="102" count="23" type="stmt"/>
        <line num="104" count="7" type="stmt"/>
        <line num="105" count="0" type="stmt"/>
        <line num="107" count="5" type="stmt"/>
        <line num="109" count="4" type="stmt"/>
        <line num="111" count="9" type="stmt"/>
        <line num="113" count="7" type="stmt"/>
        <line num="115" count="0" type="stmt"/>
        <line num="117" count="15" type="stmt"/>
        <line num="119" count="7" type="stmt"/>
        <line num="120" count="14" type="stmt"/>
        <line num="121" count="14" type="stmt"/>
        <line num="124" count="1" type="stmt"/>
        <line num="127" count="13" type="stmt"/>
        <line num="140" count="7" type="stmt"/>
        <line num="142" count="3" type="stmt"/>
        <line num="143" count="3" type="stmt"/>
        <line num="145" count="3" type="stmt"/>
        <line num="146" count="3" type="stmt"/>
        <line num="148" count="3" type="stmt"/>
        <line num="149" count="3" type="stmt"/>
        <line num="151" count="3" type="stmt"/>
        <line num="152" count="3" type="stmt"/>
        <line num="154" count="3" type="stmt"/>
        <line num="158" count="3" type="stmt"/>
        <line num="159" count="3" type="stmt"/>
        <line num="160" count="1" type="stmt"/>
        <line num="161" count="3" type="cond" truecount="2" falsecount="0"/>
        <line num="163" count="3" type="stmt"/>
        <line num="165" count="7" type="stmt"/>
        <line num="167" count="0" type="stmt"/>
        <line num="168" count="0" type="stmt"/>
        <line num="177" count="7" type="stmt"/>
        <line num="178" count="337" type="stmt"/>
        <line num="179" count="337" type="stmt"/>
        <line num="180" count="337" type="stmt"/>
        <line num="181" count="337" type="stmt"/>
        <line num="182" count="337" type="stmt"/>
        <line num="184" count="7" type="stmt"/>
        <line num="185" count="337" type="stmt"/>
        <line num="186" count="243" type="stmt"/>
        <line num="187" count="0" type="stmt"/>
        <line num="188" count="1" type="stmt"/>
        <line num="190" count="93" type="stmt"/>
        <line num="191" count="93" type="stmt"/>
        <line num="192" count="93" type="stmt"/>
        <line num="193" count="93" type="stmt"/>
        <line num="194" count="93" type="stmt"/>
        <line num="195" count="93" type="cond" truecount="1" falsecount="1"/>
        <line num="197" count="7" type="stmt"/>
        <line num="199" count="7" type="stmt"/>
        <line num="200" count="0" type="stmt"/>
        <line num="201" count="0" type="stmt"/>
        <line num="202" count="0" type="stmt"/>
        <line num="203" count="6" type="stmt"/>
        <line num="204" count="6" type="stmt"/>
        <line num="205" count="3" type="stmt"/>
        <line num="206" count="3" type="stmt"/>
        <line num="207" count="6" type="cond" truecount="2" falsecount="0"/>
        <line num="208" count="6" type="cond" truecount="2" falsecount="0"/>
        <line num="209" count="179" type="stmt"/>
        <line num="210" count="0" type="stmt"/>
        <line num="211" count="0" type="stmt"/>
        <line num="212" count="0" type="stmt"/>
        <line num="213" count="0" type="stmt"/>
        <line num="214" count="0" type="stmt"/>
        <line num="215" count="3" type="stmt"/>
        <line num="216" count="0" type="stmt"/>
        <line num="218" count="0" type="stmt"/>
        <line num="221" count="0" type="stmt"/>
        <line num="224" count="3" type="stmt"/>
        <line num="225" count="3" type="stmt"/>
        <line num="226" count="3" type="stmt"/>
        <line num="228" count="0" type="stmt"/>
        <line num="231" count="0" type="cond" truecount="0" falsecount="6"/>
        <line num="239" count="0" type="cond" truecount="0" falsecount="4"/>
        <line num="245" count="0" type="cond" truecount="0" falsecount="2"/>
        <line num="249" count="0" type="cond" truecount="0" falsecount="3"/>
        <line num="254" count="5" type="cond" truecount="2" falsecount="0"/>
        <line num="257" count="0" type="stmt"/>
        <line num="260" count="0" type="cond" truecount="0" falsecount="4"/>
        <line num="265" count="7" type="stmt"/>
        <line num="266" count="0" type="stmt"/>
        <line num="267" count="0" type="stmt"/>
        <line num="268" count="0" type="stmt"/>
        <line num="269" count="0" type="stmt"/>
        <line num="270" count="0" type="stmt"/>
        <line num="271" count="0" type="stmt"/>
        <line num="272" count="0" type="stmt"/>
        <line num="274" count="7" type="stmt"/>
        <line num="277" count="0" type="stmt"/>
        <line num="287" count="7" type="stmt"/>
        <line num="290" count="7" type="stmt"/>
        <line num="292" count="0" type="stmt"/>
        <line num="293" count="0" type="cond" truecount="0" falsecount="2"/>
        <line num="295" count="0" type="stmt"/>
        <line num="297" count="0" type="stmt"/>
        <line num="300" count="7" type="stmt"/>
        <line num="302" count="0" type="stmt"/>
        <line num="303" count="0" type="cond" truecount="0" falsecount="2"/>
        <line num="305" count="0" type="stmt"/>
        <line num="308" count="0" type="stmt"/>
        <line num="311" count="0" type="stmt"/>
        <line num="313" count="7" type="stmt"/>
        <line num="315" count="0" type="stmt"/>
        <line num="318" count="0" type="stmt"/>
        <line num="325" count="7" type="stmt"/>
        <line num="327" count="4" type="stmt"/>
        <line num="329" count="0" type="stmt"/>
        <line num="331" count="0" type="stmt"/>
        <line num="333" count="4" type="stmt"/>
        <line num="335" count="7" type="stmt"/>
        <line num="336" count="10" type="stmt"/>
        <line num="338" count="7" type="stmt"/>
        <line num="339" count="10" type="stmt"/>
        <line num="340" count="10" type="stmt"/>
        <line num="341" count="10" type="stmt"/>
        <line num="350" count="7" type="stmt"/>
        <line num="351" count="0" type="stmt"/>
        <line num="353" count="4" type="stmt"/>
        <line num="355" count="0" type="stmt"/>
        <line num="357" count="4" type="stmt"/>
        <line num="359" count="7" type="stmt"/>
        <line num="360" count="8" type="stmt"/>
        <line num="368" count="7" type="stmt"/>
        <line num="370" count="365" type="stmt"/>
        <line num="372" count="7" type="stmt"/>
        <line num="373" count="189" type="stmt"/>
        <line num="374" count="189" type="stmt"/>
        <line num="382" count="7" type="stmt"/>
        <line num="383" count="0" type="stmt"/>
        <line num="384" count="0" type="stmt"/>
        <line num="385" count="0" type="stmt"/>
        <line num="386" count="0" type="stmt"/>
        <line num="387" count="0" type="stmt"/>
        <line num="388" count="0" type="stmt"/>
        <line num="389" count="0" type="stmt"/>
        <line num="390" count="0" type="stmt"/>
        <line num="398" count="7" type="stmt"/>
        <line num="400" count="6" type="stmt"/>
        <line num="408" count="8" type="stmt"/>
        <line num="416" count="7" type="stmt"/>
        <line num="417" count="6" type="stmt"/>
        <line num="421" count="6" type="stmt"/>
        <line num="423" count="7" type="stmt"/>
        <line num="424" count="10" type="stmt"/>
        <line num="425" count="10" type="cond" truecount="2" falsecount="0"/>
        <line num="426" count="1" type="cond" truecount="4" falsecount="1"/>
        <line num="427" count="9" type="stmt"/>
        <line num="433" count="7" type="stmt"/>
        <line num="434" count="10" type="stmt"/>
        <line num="435" count="10" type="cond" truecount="2" falsecount="0"/>
        <line num="436" count="1" type="cond" truecount="4" falsecount="1"/>
        <line num="437" count="9" type="stmt"/>
        <line num="443" count="7" type="stmt"/>
        <line num="445" count="750" type="stmt"/>
        <line num="451" count="7" type="stmt"/>
        <line num="453" count="0" type="stmt"/>
        <line num="454" count="0" type="stmt"/>
        <line num="455" count="0" type="cond" truecount="0" falsecount="2"/>
        <line num="457" count="190" type="stmt"/>
        <line num="459" count="190" type="stmt"/>
        <line num="461" count="191" type="stmt"/>
        <line num="462" count="191" type="stmt"/>
        <line num="464" count="7" type="stmt"/>
        <line num="465" count="191" type="stmt"/>
        <line num="471" count="7" type="stmt"/>
        <line num="473" count="0" type="stmt"/>
        <line num="474" count="0" type="cond" truecount="0" falsecount="2"/>
        <line num="476" count="176" type="stmt"/>
        <line num="478" count="176" type="stmt"/>
        <line num="479" count="176" type="stmt"/>
        <line num="480" count="176" type="stmt"/>
        <line num="481" count="176" type="stmt"/>
        <line num="482" count="176" type="stmt"/>
        <line num="483" count="176" type="stmt"/>
        <line num="484" count="176" type="stmt"/>
        <line num="486" count="176" type="stmt"/>
        <line num="498" count="7" type="stmt"/>
        <line num="499" count="1" type="cond" truecount="3" falsecount="2"/>
        <line num="500" count="0" type="stmt"/>
        <line num="501" count="1" type="stmt"/>
        <line num="502" count="0" type="stmt"/>
        <line num="503" count="1" type="stmt"/>
        <line num="510" count="7" type="stmt"/>
        <line num="511" count="0" type="stmt"/>
        <line num="512" count="0" type="stmt"/>
        <line num="513" count="0" type="stmt"/>
        <line num="525" count="7" type="stmt"/>
        <line num="526" count="5" type="stmt"/>
        <line num="528" count="0" type="stmt"/>
        <line num="532" count="3" type="stmt"/>
        <line num="533" count="3" type="stmt"/>
        <line num="534" count="3" type="stmt"/>
        <line num="535" count="3" type="stmt"/>
        <line num="537" count="1" type="stmt"/>
        <line num="538" count="3" type="cond" truecount="2" falsecount="0"/>
        <line num="542" count="2" type="stmt"/>
        <line num="544" count="2" type="stmt"/>
        <line num="545" count="2" type="stmt"/>
        <line num="547" count="2" type="stmt"/>
        <line num="548" count="2" type="stmt"/>
        <line num="550" count="2" type="stmt"/>
        <line num="551" count="2" type="stmt"/>
        <line num="553" count="2" type="stmt"/>
        <line num="554" count="2" type="stmt"/>
        <line num="556" count="2" type="stmt"/>
        <line num="557" count="2" type="stmt"/>
        <line num="559" count="2" type="stmt"/>
        <line num="560" count="2" type="stmt"/>
        <line num="563" count="0" type="stmt"/>
        <line num="564" count="0" type="stmt"/>
        <line num="565" count="0" type="stmt"/>
        <line num="566" count="0" type="stmt"/>
        <line num="567" count="0" type="stmt"/>
        <line num="568" count="0" type="stmt"/>
        <line num="571" count="0" type="stmt"/>
        <line num="574" count="5" type="stmt"/>
        <line num="577" count="7" type="stmt"/>
        <line num="578" count="7" type="stmt"/>
        <line num="579" count="7" type="stmt"/>
        <line num="584" count="7" type="stmt"/>
        <line num="585" count="1" type="stmt"/>
        <line num="586" count="1" type="stmt"/>
        <line num="587" count="1" type="stmt"/>
        <line num="588" count="1" type="stmt"/>
        <line num="589" count="1" type="stmt"/>
        <line num="590" count="1" type="stmt"/>
        <line num="591" count="1" type="stmt"/>
        <line num="593" count="7" type="stmt"/>
        <line num="594" count="0" type="stmt"/>
        <line num="595" count="0" type="stmt"/>
        <line num="596" count="0" type="stmt"/>
      </file>
      <file name="Perimeter.coffee" path="/Users/shanebdavis/dev/art-suite-applications/packages/art-atomic/source-source/Art.Atomic/Perimeter.coffee">
        <metrics statements="61" coveredstatements="35" conditionals="73" coveredconditionals="51" methods="17" coveredmethods="10"/>
        <line num="6" count="1085" type="cond" truecount="2" falsecount="0"/>
        <line num="7" count="7" type="stmt"/>
        <line num="8" count="7" type="stmt"/>
        <line num="16" count="7" type="stmt"/>
        <line num="17" count="7" type="stmt"/>
        <line num="19" count="7" type="stmt"/>
        <line num="20" count="7" type="stmt"/>
        <line num="21" count="22" type="cond" truecount="2" falsecount="0"/>
        <line num="23" count="7" type="stmt"/>
        <line num="25" count="0" type="stmt"/>
        <line num="27" count="0" type="stmt"/>
        <line num="29" count="4" type="cond" truecount="3" falsecount="0"/>
        <line num="31" count="18" type="stmt"/>
        <line num="33" count="7" type="stmt"/>
        <line num="34" count="26" type="stmt"/>
        <line num="36" count="7" type="stmt"/>
        <line num="37" count="15" type="stmt"/>
        <line num="44" count="7" type="stmt"/>
        <line num="45" count="26" type="stmt"/>
        <line num="46" count="26" type="stmt"/>
        <line num="55" count="26" type="cond" truecount="4" falsecount="1"/>
        <line num="56" count="1" type="stmt"/>
        <line num="57" count="7" type="stmt"/>
        <line num="58" count="1" type="stmt"/>
        <line num="59" count="17" type="stmt"/>
        <line num="60" count="0" type="stmt"/>
        <line num="62" count="7" type="stmt"/>
        <line num="64" count="0" type="stmt"/>
        <line num="66" count="0" type="stmt"/>
        <line num="68" count="0" type="stmt"/>
        <line num="70" count="0" type="cond" truecount="0" falsecount="2"/>
        <line num="72" count="0" type="stmt"/>
        <line num="73" count="0" type="cond" truecount="0" falsecount="2"/>
        <line num="74" count="0" type="cond" truecount="0" falsecount="2"/>
        <line num="75" count="0" type="cond" truecount="0" falsecount="2"/>
        <line num="77" count="0" type="stmt"/>
        <line num="78" count="0" type="cond" truecount="0" falsecount="2"/>
        <line num="79" count="1" type="stmt"/>
        <line num="80" count="1" type="stmt"/>
        <line num="81" count="0" type="stmt"/>
        <line num="82" count="0" type="stmt"/>
        <line num="83" count="0" type="cond" truecount="0" falsecount="2"/>
        <line num="85" count="7" type="stmt"/>
        <line num="86" count="0" type="stmt"/>
        <line num="87" count="0" type="stmt"/>
        <line num="90" count="0" type="stmt"/>
        <line num="92" count="0" type="stmt"/>
        <line num="94" count="7" type="stmt"/>
        <line num="95" count="0" type="stmt"/>
        <line num="96" count="0" type="stmt"/>
        <line num="99" count="0" type="stmt"/>
        <line num="101" count="0" type="stmt"/>
        <line num="103" count="7" type="stmt"/>
        <line num="104" count="0" type="stmt"/>
        <line num="112" count="0" type="stmt"/>
        <line num="120" count="14" type="stmt"/>
        <line num="121" count="7" type="stmt"/>
        <line num="123" count="7" type="stmt"/>
        <line num="124" count="3" type="stmt"/>
        <line num="125" count="3" type="stmt"/>
        <line num="126" count="3" type="stmt"/>
      </file>
      <file name="Point.coffee" path="/Users/shanebdavis/dev/art-suite-applications/packages/art-atomic/source-source/Art.Atomic/Point.coffee">
        <metrics statements="202" coveredstatements="124" conditionals="40" coveredconditionals="24" methods="96" coveredmethods="39"/>
        <line num="6" count="1085" type="cond" truecount="2" falsecount="0"/>
        <line num="7" count="7" type="stmt"/>
        <line num="8" count="7" type="stmt"/>
        <line num="13" count="7" type="stmt"/>
        <line num="48" count="7" type="stmt"/>
        <line num="49" count="7" type="stmt"/>
        <line num="50" count="478" type="cond" truecount="2" falsecount="0"/>
        <line num="52" count="7" type="stmt"/>
        <line num="53" count="1" type="stmt"/>
        <line num="55" count="0" type="cond" truecount="0" falsecount="2"/>
        <line num="56" count="0" type="stmt"/>
        <line num="57" count="0" type="stmt"/>
        <line num="60" count="1" type="stmt"/>
        <line num="61" count="1" type="stmt"/>
        <line num="62" count="1" type="cond" truecount="1" falsecount="1"/>
        <line num="64" count="9" type="cond" truecount="1" falsecount="1"/>
        <line num="66" count="0" type="stmt"/>
        <line num="67" count="0" type="stmt"/>
        <line num="68" count="0" type="cond" truecount="0" falsecount="2"/>
        <line num="70" count="0" type="stmt"/>
        <line num="73" count="0" type="stmt"/>
        <line num="76" count="0" type="stmt"/>
        <line num="77" count="0" type="stmt"/>
        <line num="78" count="0" type="cond" truecount="0" falsecount="2"/>
        <line num="80" count="0" type="stmt"/>
        <line num="83" count="0" type="stmt"/>
        <line num="86" count="9" type="stmt"/>
        <line num="87" count="9" type="stmt"/>
        <line num="92" count="7" type="stmt"/>
        <line num="94" count="5" type="stmt"/>
        <line num="96" count="11" type="stmt"/>
        <line num="100" count="9" type="stmt"/>
        <line num="103" count="290" type="cond" truecount="2" falsecount="0"/>
        <line num="104" count="290" type="cond" truecount="2" falsecount="0"/>
        <line num="106" count="14" type="stmt"/>
        <line num="107" count="22" type="stmt"/>
        <line num="110" count="254" type="stmt"/>
        <line num="112" count="7" type="stmt"/>
        <line num="113" count="0" type="stmt"/>
        <line num="114" count="0" type="stmt"/>
        <line num="116" count="7" type="stmt"/>
        <line num="117" count="855" type="cond" truecount="2" falsecount="0"/>
        <line num="118" count="150" type="stmt"/>
        <line num="119" count="855" type="stmt"/>
        <line num="120" count="855" type="stmt"/>
        <line num="122" count="7" type="stmt"/>
        <line num="124" count="0" type="stmt"/>
        <line num="126" count="0" type="stmt"/>
        <line num="128" count="0" type="stmt"/>
        <line num="129" count="0" type="stmt"/>
        <line num="130" count="0" type="stmt"/>
        <line num="131" count="0" type="stmt"/>
        <line num="132" count="4" type="stmt"/>
        <line num="133" count="4" type="stmt"/>
        <line num="135" count="3" type="stmt"/>
        <line num="136" count="3" type="stmt"/>
        <line num="137" count="0" type="stmt"/>
        <line num="138" count="0" type="stmt"/>
        <line num="139" count="0" type="stmt"/>
        <line num="140" count="0" type="stmt"/>
        <line num="143" count="0" type="stmt"/>
        <line num="144" count="0" type="stmt"/>
        <line num="145" count="0" type="stmt"/>
        <line num="146" count="0" type="stmt"/>
        <line num="147" count="0" type="stmt"/>
        <line num="148" count="0" type="stmt"/>
        <line num="149" count="0" type="stmt"/>
        <line num="150" count="0" type="stmt"/>
        <line num="151" count="0" type="stmt"/>
        <line num="154" count="0" type="stmt"/>
        <line num="157" count="0" type="stmt"/>
        <line num="158" count="0" type="stmt"/>
        <line num="159" count="0" type="stmt"/>
        <line num="160" count="0" type="stmt"/>
        <line num="161" count="0" type="stmt"/>
        <line num="162" count="0" type="stmt"/>
        <line num="163" count="0" type="stmt"/>
        <line num="164" count="0" type="stmt"/>
        <line num="165" count="0" type="stmt"/>
        <line num="166" count="0" type="cond" truecount="0" falsecount="2"/>
        <line num="167" count="0" type="stmt"/>
        <line num="169" count="6" type="stmt"/>
        <line num="170" count="0" type="stmt"/>
        <line num="171" count="6" type="stmt"/>
        <line num="172" count="0" type="stmt"/>
        <line num="173" count="0" type="stmt"/>
        <line num="174" count="0" type="stmt"/>
        <line num="175" count="1" type="stmt"/>
        <line num="176" count="6" type="stmt"/>
        <line num="177" count="30" type="stmt"/>
        <line num="178" count="54" type="stmt"/>
        <line num="179" count="0" type="stmt"/>
        <line num="180" count="0" type="stmt"/>
        <line num="181" count="0" type="stmt"/>
        <line num="182" count="0" type="stmt"/>
        <line num="183" count="0" type="stmt"/>
        <line num="184" count="75" type="stmt"/>
        <line num="185" count="0" type="stmt"/>
        <line num="186" count="0" type="stmt"/>
        <line num="187" count="0" type="stmt"/>
        <line num="188" count="0" type="stmt"/>
        <line num="189" count="0" type="stmt"/>
        <line num="191" count="0" type="stmt"/>
        <line num="192" count="0" type="stmt"/>
        <line num="196" count="3" type="cond" truecount="1" falsecount="1"/>
        <line num="198" count="6" type="cond" truecount="2" falsecount="0"/>
        <line num="199" count="1" type="stmt"/>
        <line num="205" count="0" type="stmt"/>
        <line num="207" count="0" type="cond" truecount="0" falsecount="2"/>
        <line num="209" count="7" type="stmt"/>
        <line num="210" count="7" type="stmt"/>
        <line num="211" count="6" type="stmt"/>
        <line num="212" count="6" type="stmt"/>
        <line num="213" count="6" type="stmt"/>
        <line num="215" count="7" type="stmt"/>
        <line num="216" count="4" type="stmt"/>
        <line num="217" count="0" type="cond" truecount="2" falsecount="0"/>
        <line num="218" count="4" type="stmt"/>
        <line num="220" count="7" type="stmt"/>
        <line num="223" count="7" type="stmt"/>
        <line num="226" count="7" type="cond" truecount="0" falsecount="3"/>
        <line num="228" count="7" type="stmt"/>
        <line num="230" count="7" type="stmt"/>
        <line num="231" count="1" type="stmt"/>
        <line num="232" count="1" type="stmt"/>
        <line num="233" count="1" type="stmt"/>
        <line num="237" count="7" type="stmt"/>
        <line num="238" count="7" type="stmt"/>
        <line num="240" count="7" type="stmt"/>
        <line num="241" count="7" type="stmt"/>
        <line num="243" count="7" type="stmt"/>
        <line num="244" count="0" type="stmt"/>
        <line num="246" count="7" type="stmt"/>
        <line num="247" count="0" type="stmt"/>
        <line num="249" count="7" type="stmt"/>
        <line num="250" count="0" type="stmt"/>
        <line num="252" count="7" type="stmt"/>
        <line num="253" count="0" type="stmt"/>
        <line num="256" count="7" type="stmt"/>
        <line num="257" count="7" type="stmt"/>
        <line num="259" count="7" type="stmt"/>
        <line num="261" count="1" type="stmt"/>
        <line num="263" count="1" type="stmt"/>
        <line num="265" count="7" type="stmt"/>
        <line num="267" count="1" type="stmt"/>
        <line num="269" count="1" type="stmt"/>
        <line num="271" count="7" type="stmt"/>
        <line num="273" count="0" type="stmt"/>
        <line num="275" count="3" type="stmt"/>
        <line num="277" count="7" type="stmt"/>
        <line num="278" count="10" type="stmt"/>
        <line num="280" count="7" type="stmt"/>
        <line num="289" count="7" type="stmt"/>
        <line num="290" count="0" type="stmt"/>
        <line num="292" count="0" type="stmt"/>
        <line num="294" count="14" type="stmt"/>
        <line num="295" count="14" type="stmt"/>
        <line num="296" count="14" type="stmt"/>
        <line num="297" count="14" type="stmt"/>
        <line num="308" count="7" type="stmt"/>
        <line num="310" count="0" type="stmt"/>
        <line num="312" count="14" type="stmt"/>
        <line num="313" count="14" type="stmt"/>
        <line num="314" count="14" type="stmt"/>
        <line num="315" count="14" type="stmt"/>
        <line num="322" count="7" type="stmt"/>
        <line num="323" count="18" type="stmt"/>
        <line num="325" count="7" type="stmt"/>
        <line num="326" count="0" type="stmt"/>
        <line num="327" count="0" type="stmt"/>
        <line num="329" count="7" type="stmt"/>
        <line num="331" count="0" type="stmt"/>
        <line num="333" count="1" type="stmt"/>
        <line num="335" count="7" type="stmt"/>
        <line num="336" count="7" type="stmt"/>
        <line num="338" count="7" type="stmt"/>
        <line num="339" count="0" type="stmt"/>
        <line num="340" count="0" type="stmt"/>
        <line num="342" count="7" type="stmt"/>
        <line num="344" count="2" type="stmt"/>
        <line num="346" count="1" type="stmt"/>
        <line num="347" count="1" type="stmt"/>
        <line num="348" count="1" type="stmt"/>
        <line num="353" count="7" type="stmt"/>
        <line num="354" count="7" type="stmt"/>
        <line num="355" count="7" type="stmt"/>
        <line num="356" count="7" type="stmt"/>
        <line num="357" count="7" type="stmt"/>
        <line num="358" count="7" type="stmt"/>
        <line num="359" count="7" type="stmt"/>
        <line num="360" count="7" type="stmt"/>
        <line num="361" count="7" type="stmt"/>
        <line num="362" count="7" type="stmt"/>
        <line num="363" count="7" type="stmt"/>
        <line num="364" count="7" type="stmt"/>
        <line num="365" count="7" type="stmt"/>
        <line num="366" count="7" type="stmt"/>
        <line num="367" count="7" type="stmt"/>
        <line num="381" count="7" type="stmt"/>
        <line num="396" count="7" type="stmt"/>
        <line num="397" count="154" type="stmt"/>
        <line num="399" count="7" type="stmt"/>
      </file>
      <file name="Rectangle.coffee" path="/Users/shanebdavis/dev/art-suite-applications/packages/art-atomic/source-source/Art.Atomic/Rectangle.coffee">
        <metrics statements="200" coveredstatements="141" conditionals="56" coveredconditionals="40" methods="67" coveredmethods="35"/>
        <line num="1" count="1085" type="cond" truecount="2" falsecount="0"/>
        <line num="2" count="7" type="stmt"/>
        <line num="3" count="7" type="stmt"/>
        <line num="5" count="7" type="stmt"/>
        <line num="17" count="7" type="stmt"/>
        <line num="29" count="7" type="stmt"/>
        <line num="30" count="7" type="stmt"/>
        <line num="31" count="276" type="cond" truecount="2" falsecount="0"/>
        <line num="33" count="7" type="stmt"/>
        <line num="34" count="6" type="stmt"/>
        <line num="35" count="232" type="stmt"/>
        <line num="37" count="7" type="stmt"/>
        <line num="38" count="2" type="stmt"/>
        <line num="39" count="2" type="stmt"/>
        <line num="42" count="0" type="stmt"/>
        <line num="44" count="0" type="stmt"/>
        <line num="45" count="0" type="stmt"/>
        <line num="46" count="0" type="stmt"/>
        <line num="48" count="2" type="stmt"/>
        <line num="52" count="0" type="stmt"/>
        <line num="54" count="0" type="stmt"/>
        <line num="55" count="0" type="stmt"/>
        <line num="56" count="0" type="stmt"/>
        <line num="58" count="2" type="stmt"/>
        <line num="59" count="2" type="stmt"/>
        <line num="60" count="2" type="stmt"/>
        <line num="61" count="2" type="stmt"/>
        <line num="62" count="2" type="stmt"/>
        <line num="64" count="7" type="stmt"/>
        <line num="65" count="320" type="stmt"/>
        <line num="67" count="301" type="stmt"/>
        <line num="68" count="301" type="stmt"/>
        <line num="69" count="301" type="stmt"/>
        <line num="70" count="301" type="stmt"/>
        <line num="72" count="4" type="cond" truecount="2" falsecount="0"/>
        <line num="73" count="2" type="stmt"/>
        <line num="74" count="2" type="stmt"/>
        <line num="75" count="2" type="stmt"/>
        <line num="76" count="2" type="stmt"/>
        <line num="78" count="2" type="stmt"/>
        <line num="79" count="2" type="stmt"/>
        <line num="81" count="1" type="stmt"/>
        <line num="82" count="1" type="stmt"/>
        <line num="84" count="4" type="stmt"/>
        <line num="86" count="7" type="stmt"/>
        <line num="87" count="0" type="stmt"/>
        <line num="88" count="4" type="stmt"/>
        <line num="89" count="0" type="stmt"/>
        <line num="90" count="6" type="stmt"/>
        <line num="95" count="1" type="stmt"/>
        <line num="96" count="1" type="stmt"/>
        <line num="97" count="0" type="stmt"/>
        <line num="105" count="1" type="stmt"/>
        <line num="106" count="0" type="stmt"/>
        <line num="107" count="1" type="stmt"/>
        <line num="108" count="0" type="stmt"/>
        <line num="109" count="0" type="stmt"/>
        <line num="110" count="0" type="stmt"/>
        <line num="111" count="1" type="stmt"/>
        <line num="112" count="0" type="stmt"/>
        <line num="113" count="1" type="stmt"/>
        <line num="116" count="0" type="stmt"/>
        <line num="117" count="0" type="stmt"/>
        <line num="118" count="0" type="stmt"/>
        <line num="119" count="0" type="stmt"/>
        <line num="120" count="0" type="stmt"/>
        <line num="121" count="0" type="stmt"/>
        <line num="122" count="0" type="stmt"/>
        <line num="123" count="0" type="stmt"/>
        <line num="124" count="0" type="stmt"/>
        <line num="126" count="0" type="cond" truecount="0" falsecount="2"/>
        <line num="127" count="109" type="stmt"/>
        <line num="128" count="113" type="stmt"/>
        <line num="129" count="139" type="stmt"/>
        <line num="130" count="133" type="stmt"/>
        <line num="131" count="6" type="stmt"/>
        <line num="132" count="6" type="stmt"/>
        <line num="133" count="5" type="cond" truecount="2" falsecount="0"/>
        <line num="135" count="0" type="stmt"/>
        <line num="136" count="0" type="stmt"/>
        <line num="138" count="0" type="stmt"/>
        <line num="140" count="0" type="stmt"/>
        <line num="141" count="0" type="stmt"/>
        <line num="143" count="0" type="stmt"/>
        <line num="144" count="0" type="stmt"/>
        <line num="146" count="0" type="stmt"/>
        <line num="147" count="0" type="stmt"/>
        <line num="148" count="0" type="stmt"/>
        <line num="150" count="30" type="stmt"/>
        <line num="155" count="1" type="stmt"/>
        <line num="156" count="1" type="stmt"/>
        <line num="157" count="1" type="stmt"/>
        <line num="158" count="1" type="stmt"/>
        <line num="159" count="1" type="stmt"/>
        <line num="167" count="7" type="cond" truecount="0" falsecount="2"/>
        <line num="168" count="7" type="cond" truecount="0" falsecount="2"/>
        <line num="169" count="7" type="stmt"/>
        <line num="170" count="7" type="stmt"/>
        <line num="172" count="7" type="stmt"/>
        <line num="174" count="7" type="stmt"/>
        <line num="175" count="7" type="stmt"/>
        <line num="176" count="0" type="stmt"/>
        <line num="177" count="0" type="stmt"/>
        <line num="178" count="0" type="stmt"/>
        <line num="179" count="0" type="stmt"/>
        <line num="181" count="7" type="stmt"/>
        <line num="183" count="10" type="stmt"/>
        <line num="184" count="10" type="stmt"/>
        <line num="190" count="38" type="stmt"/>
        <line num="192" count="0" type="stmt"/>
        <line num="194" count="7" type="stmt"/>
        <line num="195" count="1" type="stmt"/>
        <line num="196" count="39" type="stmt"/>
        <line num="198" count="5" type="cond" truecount="4" falsecount="0"/>
        <line num="204" count="34" type="cond" truecount="4" falsecount="0"/>
        <line num="209" count="7" type="stmt"/>
        <line num="210" count="1" type="stmt"/>
        <line num="211" count="9" type="stmt"/>
        <line num="214" count="5" type="cond" truecount="4" falsecount="0"/>
        <line num="219" count="4" type="cond" truecount="4" falsecount="0"/>
        <line num="225" count="7" type="stmt"/>
        <line num="226" count="6" type="stmt"/>
        <line num="227" count="6" type="stmt"/>
        <line num="228" count="6" type="stmt"/>
        <line num="229" count="6" type="stmt"/>
        <line num="230" count="6" type="stmt"/>
        <line num="235" count="8" type="stmt"/>
        <line num="236" count="8" type="stmt"/>
        <line num="237" count="8" type="stmt"/>
        <line num="238" count="8" type="stmt"/>
        <line num="239" count="8" type="stmt"/>
        <line num="240" count="8" type="stmt"/>
        <line num="244" count="7" type="stmt"/>
        <line num="245" count="0" type="stmt"/>
        <line num="246" count="0" type="stmt"/>
        <line num="247" count="0" type="stmt"/>
        <line num="248" count="0" type="stmt"/>
        <line num="249" count="0" type="stmt"/>
        <line num="251" count="7" type="stmt"/>
        <line num="252" count="0" type="stmt"/>
        <line num="253" count="2" type="stmt"/>
        <line num="254" count="7" type="stmt"/>
        <line num="255" count="7" type="stmt"/>
        <line num="256" count="7" type="stmt"/>
        <line num="257" count="7" type="stmt"/>
        <line num="258" count="7" type="stmt"/>
        <line num="260" count="7" type="stmt"/>
        <line num="261" count="0" type="stmt"/>
        <line num="262" count="0" type="stmt"/>
        <line num="263" count="0" type="stmt"/>
        <line num="265" count="0" type="cond" truecount="0" falsecount="2"/>
        <line num="268" count="0" type="stmt"/>
        <line num="270" count="0" type="stmt"/>
        <line num="271" count="0" type="stmt"/>
        <line num="277" count="0" type="stmt"/>
        <line num="280" count="7" type="stmt"/>
        <line num="282" count="4" type="stmt"/>
        <line num="285" count="10" type="stmt"/>
        <line num="287" count="7" type="stmt"/>
        <line num="289" count="0" type="stmt"/>
        <line num="290" count="0" type="stmt"/>
        <line num="293" count="2" type="stmt"/>
        <line num="296" count="7" type="stmt"/>
        <line num="297" count="7" type="stmt"/>
        <line num="325" count="7" type="stmt"/>
        <line num="326" count="16" type="stmt"/>
        <line num="327" count="16" type="stmt"/>
        <line num="328" count="16" type="stmt"/>
        <line num="329" count="16" type="stmt"/>
        <line num="331" count="16" type="stmt"/>
        <line num="332" count="16" type="cond" truecount="2" falsecount="2"/>
        <line num="335" count="2" type="stmt"/>
        <line num="338" count="2" type="stmt"/>
        <line num="341" count="12" type="stmt"/>
        <line num="342" count="12" type="stmt"/>
        <line num="343" count="12" type="stmt"/>
        <line num="344" count="12" type="stmt"/>
        <line num="346" count="12" type="cond" truecount="4" falsecount="0"/>
        <line num="347" count="1" type="stmt"/>
        <line num="349" count="11" type="stmt"/>
        <line num="351" count="7" type="stmt"/>
        <line num="353" count="0" type="stmt"/>
        <line num="355" count="2" type="stmt"/>
        <line num="356" count="2" type="cond" truecount="1" falsecount="1"/>
        <line num="357" count="0" type="cond" truecount="1" falsecount="1"/>
        <line num="358" count="2" type="stmt"/>
        <line num="360" count="7" type="stmt"/>
        <line num="361" count="7" type="stmt"/>
        <line num="364" count="7" type="stmt"/>
        <line num="365" count="7" type="stmt"/>
        <line num="367" count="7" type="stmt"/>
        <line num="370" count="7" type="stmt"/>
        <line num="371" count="1" type="stmt"/>
        <line num="372" count="16" type="stmt"/>
        <line num="373" count="16" type="stmt"/>
        <line num="376" count="8" type="stmt"/>
        <line num="380" count="8" type="stmt"/>
        <line num="384" count="8" type="stmt"/>
        <line num="393" count="8" type="stmt"/>
        <line num="400" count="16" type="stmt"/>
      </file>
    </package>
    <package name="source.Art.Atomic">
      <metrics statements="2" coveredstatements="2" conditionals="0" coveredconditionals="0" methods="0" coveredmethods="0"/>
      <file name="index.js" path="/Users/shanebdavis/dev/art-suite-applications/packages/art-atomic/source/Art.Atomic/index.js">
        <metrics statements="1" coveredstatements="1" conditionals="0" coveredconditionals="0" methods="0" coveredmethods="0"/>
        <line num="4" count="7" type="stmt"/>
      </file>
      <file name="namespace.js" path="/Users/shanebdavis/dev/art-suite-applications/packages/art-atomic/source/Art.Atomic/namespace.js">
        <metrics statements="1" coveredstatements="1" conditionals="0" coveredconditionals="0" methods="0" coveredmethods="0"/>
        <line num="4" count="7" type="stmt"/>
      </file>
    </package>
    <package name="source.jest">
      <metrics statements="3" coveredstatements="3" conditionals="0" coveredconditionals="0" methods="1" coveredmethods="1"/>
      <file name="StandardImport.js" path="/Users/shanebdavis/dev/art-suite-applications/packages/art-atomic/source/jest/StandardImport.js">
        <metrics statements="3" coveredstatements="3" conditionals="0" coveredconditionals="0" methods="1" coveredmethods="1"/>
        <line num="2" count="7" type="stmt"/>
        <line num="3" count="7" type="stmt"/>
        <line num="4" count="7" type="stmt"/>
      </file>
    </package>
  </project>
</coverage>
