{"/Users/shanebdavis/dev/imikimi/npm/art-atomic/source-source/Art.Atomic/Atomic.coffee": {"path":"/Users/shanebdavis/dev/imikimi/npm/art-atomic/source-source/Art.Atomic/Atomic.coffee","statementMap":{"0":{"start":{"line":1,"column":0},"end":{"line":1,"column":21}},"1":{"start":{"line":2,"column":0},"end":{"line":2,"column":21}},"2":{"start":{"line":3,"column":0},"end":{"line":3,"column":21}},"3":{"start":{"line":4,"column":0},"end":{"line":4,"column":21}},"4":{"start":{"line":5,"column":0},"end":{"line":5,"column":21}},"5":{"start":{"line":7,"column":1},"end":{"line":7,"column":27}}},"fnMap":{},"branchMap":{},"s":{"0":6,"1":6,"2":6,"3":6,"4":6,"5":6},"f":{},"b":{}}
,"/Users/shanebdavis/dev/imikimi/npm/art-atomic/source-source/Art.Atomic/Base.coffee": {"path":"/Users/shanebdavis/dev/imikimi/npm/art-atomic/source-source/Art.Atomic/Base.coffee","statementMap":{"0":{"start":{"line":1,"column":0},"end":{"line":1,"column":null}},"1":{"start":{"line":1,"column":0},"end":{"line":12,"column":null}},"2":{"start":{"line":15,"column":0},"end":{"line":15,"column":null}},"3":{"start":{"line":119,"column":2},"end":{"line":119,"column":20}},"4":{"start":{"line":120,"column":4},"end":{"line":120,"column":5}},"5":{"start":{"line":123,"column":4},"end":{"line":123,"column":null}},"6":{"start":{"line":124,"column":33},"end":{"line":124,"column":34}},"7":{"start":{"line":125,"column":33},"end":{"line":125,"column":34}},"8":{"start":{"line":126,"column":33},"end":{"line":126,"column":34}},"9":{"start":{"line":127,"column":86},"end":{"line":127,"column":87}},"10":{"start":{"line":128,"column":28},"end":{"line":128,"column":29}},"11":{"start":{"line":132,"column":4},"end":{"line":132,"column":5}},"12":{"start":{"line":134,"column":2},"end":{"line":134,"column":12}},"13":{"start":{"line":135,"column":4},"end":{"line":135,"column":16}},"14":{"start":{"line":136,"column":4},"end":{"line":136,"column":17}},"15":{"start":{"line":137,"column":4},"end":{"line":137,"column":16}},"16":{"start":{"line":138,"column":4},"end":{"line":138,"column":null}},"17":{"start":{"line":140,"column":2},"end":{"line":140,"column":34}},"18":{"start":{"line":140,"column":34},"end":{"line":140,"column":78}},"19":{"start":{"line":142,"column":2},"end":{"line":142,"column":3}},"20":{"start":{"line":143,"column":21},"end":{"line":143,"column":22}},"21":{"start":{"line":144,"column":25},"end":{"line":144,"column":48}},"22":{"start":{"line":146,"column":6},"end":{"line":146,"column":null}},"23":{"start":{"line":148,"column":6},"end":{"line":148,"column":11}},"24":{"start":{"line":149,"column":6},"end":{"line":149,"column":null}},"25":{"start":{"line":151,"column":8},"end":{"line":151,"column":null}},"26":{"start":{"line":152,"column":6},"end":{"line":152,"column":null}},"27":{"start":{"line":155,"column":6},"end":{"line":155,"column":null}},"28":{"start":{"line":156,"column":8},"end":{"line":156,"column":null}},"29":{"start":{"line":157,"column":10},"end":{"line":157,"column":30}},"30":{"start":{"line":159,"column":14},"end":{"line":159,"column":15}},"31":{"start":{"line":161,"column":2},"end":{"line":161,"column":null}},"32":{"start":{"line":162,"column":2},"end":{"line":162,"column":null}},"33":{"start":{"line":163,"column":4},"end":{"line":163,"column":35}},"34":{"start":{"line":164,"column":4},"end":{"line":164,"column":null}},"35":{"start":{"line":165,"column":4},"end":{"line":165,"column":null}},"36":{"start":{"line":166,"column":6},"end":{"line":166,"column":null}},"37":{"start":{"line":167,"column":27},"end":{"line":167,"column":null}},"38":{"start":{"line":168,"column":4},"end":{"line":168,"column":null}},"39":{"start":{"line":170,"column":2},"end":{"line":170,"column":23}},"40":{"start":{"line":170,"column":23},"end":{"line":170,"column":24}},"41":{"start":{"line":171,"column":2},"end":{"line":171,"column":24}},"42":{"start":{"line":171,"column":24},"end":{"line":171,"column":32}},"43":{"start":{"line":173,"column":2},"end":{"line":173,"column":16}},"44":{"start":{"line":173,"column":16},"end":{"line":173,"column":null}},"45":{"start":{"line":174,"column":2},"end":{"line":174,"column":13}},"46":{"start":{"line":174,"column":13},"end":{"line":174,"column":14}},"47":{"start":{"line":175,"column":2},"end":{"line":175,"column":13}},"48":{"start":{"line":177,"column":6},"end":{"line":177,"column":null}},"49":{"start":{"line":177,"column":11},"end":{"line":177,"column":12}},"50":{"start":{"line":179,"column":6},"end":{"line":179,"column":null}},"51":{"start":{"line":181,"column":2},"end":{"line":181,"column":8}},"52":{"start":{"line":181,"column":14},"end":{"line":181,"column":16}},"53":{"start":{"line":182,"column":2},"end":{"line":182,"column":12}},"54":{"start":{"line":182,"column":21},"end":{"line":182,"column":33}},"55":{"start":{"line":183,"column":2},"end":{"line":183,"column":null}},"56":{"start":{"line":184,"column":2},"end":{"line":184,"column":null}},"57":{"start":{"line":189,"column":2},"end":{"line":189,"column":23}},"58":{"start":{"line":189,"column":24},"end":{"line":189,"column":null}},"59":{"start":{"line":190,"column":4},"end":{"line":190,"column":29}},"60":{"start":{"line":192,"column":4},"end":{"line":192,"column":5}},"61":{"start":{"line":194,"column":4},"end":{"line":194,"column":5}},"62":{"start":{"line":195,"column":4},"end":{"line":195,"column":5}},"63":{"start":{"line":196,"column":4},"end":{"line":196,"column":5}},"64":{"start":{"line":212,"column":2},"end":{"line":212,"column":35}},"65":{"start":{"line":214,"column":4},"end":{"line":214,"column":null}},"66":{"start":{"line":215,"column":4},"end":{"line":215,"column":21}},"67":{"start":{"line":230,"column":2},"end":{"line":230,"column":32}},"68":{"start":{"line":231,"column":2},"end":{"line":231,"column":32}},"69":{"start":{"line":232,"column":4},"end":{"line":232,"column":29}},"70":{"start":{"line":234,"column":4},"end":{"line":234,"column":23}},"71":{"start":{"line":236,"column":4},"end":{"line":236,"column":5}},"72":{"start":{"line":239,"column":18},"end":{"line":239,"column":39}},"73":{"start":{"line":239,"column":18},"end":{"line":239,"column":81}},"74":{"start":{"line":242,"column":11},"end":{"line":242,"column":32}},"75":{"start":{"line":242,"column":11},"end":{"line":242,"column":65}},"76":{"start":{"line":252,"column":4},"end":{"line":252,"column":null}},"77":{"start":{"line":253,"column":6},"end":{"line":253,"column":7}},"78":{"start":{"line":255,"column":18},"end":{"line":255,"column":26}},"79":{"start":{"line":255,"column":18},"end":{"line":255,"column":78}},"80":{"start":{"line":258,"column":11},"end":{"line":258,"column":19}},"81":{"start":{"line":258,"column":11},"end":{"line":258,"column":62}},"82":{"start":{"line":279,"column":2},"end":{"line":279,"column":26}},"83":{"start":{"line":287,"column":4},"end":{"line":287,"column":29}},"84":{"start":{"line":289,"column":4},"end":{"line":289,"column":null}},"85":{"start":{"line":290,"column":6},"end":{"line":290,"column":7}},"86":{"start":{"line":294,"column":13},"end":{"line":294,"column":21}},"87":{"start":{"line":294,"column":13},"end":{"line":294,"column":73}},"88":{"start":{"line":299,"column":13},"end":{"line":299,"column":21}},"89":{"start":{"line":299,"column":13},"end":{"line":299,"column":59}},"90":{"start":{"line":304,"column":13},"end":{"line":304,"column":21}},"91":{"start":{"line":304,"column":13},"end":{"line":304,"column":64}},"92":{"start":{"line":309,"column":2},"end":{"line":309,"column":17}},"93":{"start":{"line":310,"column":4},"end":{"line":310,"column":22}},"94":{"start":{"line":311,"column":4},"end":{"line":311,"column":5}},"95":{"start":{"line":319,"column":4},"end":{"line":319,"column":5}},"96":{"start":{"line":320,"column":7},"end":{"line":320,"column":null}},"97":{"start":{"line":321,"column":8},"end":{"line":322,"column":null}},"98":{"start":{"line":326,"column":4},"end":{"line":326,"column":5}},"99":{"start":{"line":328,"column":9},"end":{"line":328,"column":17}},"100":{"start":{"line":328,"column":9},"end":{"line":328,"column":44}},"101":{"start":{"line":332,"column":4},"end":{"line":332,"column":5}},"102":{"start":{"line":335,"column":8},"end":{"line":335,"column":null}},"103":{"start":{"line":336,"column":10},"end":{"line":336,"column":null}},"104":{"start":{"line":340,"column":4},"end":{"line":340,"column":5}},"105":{"start":{"line":348,"column":4},"end":{"line":348,"column":5}},"106":{"start":{"line":350,"column":31},"end":{"line":350,"column":39}},"107":{"start":{"line":350,"column":31},"end":{"line":350,"column":67}},"108":{"start":{"line":353,"column":4},"end":{"line":353,"column":null}},"109":{"start":{"line":354,"column":6},"end":{"line":354,"column":7}},"110":{"start":{"line":357,"column":13},"end":{"line":357,"column":14}},"111":{"start":{"line":357,"column":17},"end":{"line":357,"column":69}},"112":{"start":{"line":361,"column":4},"end":{"line":361,"column":5}},"113":{"start":{"line":365,"column":9},"end":{"line":365,"column":14}},"114":{"start":{"line":365,"column":9},"end":{"line":365,"column":62}},"115":{"start":{"line":369,"column":4},"end":{"line":369,"column":5}},"116":{"start":{"line":370,"column":17},"end":{"line":370,"column":25}},"117":{"start":{"line":370,"column":17},"end":{"line":370,"column":45}},"118":{"start":{"line":373,"column":4},"end":{"line":373,"column":5}},"119":{"start":{"line":374,"column":17},"end":{"line":374,"column":19}},"120":{"start":{"line":374,"column":20},"end":{"line":374,"column":51}}},"fnMap":{"0":{"name":"(anonymous_1)","decl":{"start":{"line":1,"column":0},"end":{"line":1,"column":null}},"loc":{"start":{"line":1,"column":0},"end":{"line":1,"column":null}}},"1":{"name":"(anonymous_3)","decl":{"start":{"line":15,"column":23},"end":{"line":15,"column":36}},"loc":{"start":{"line":15,"column":23},"end":{"line":15,"column":37}}},"2":{"name":"(anonymous_4)","decl":{"start":{"line":119,"column":19},"end":{"line":119,"column":20}},"loc":{"start":{"line":119,"column":19},"end":{"line":119,"column":20}}},"3":{"name":"Base","decl":{"start":{"line":122,"column":15},"end":{"line":122,"column":16}},"loc":{"start":{"line":122,"column":15},"end":{"line":122,"column":16}}},"4":{"name":"(anonymous_6)","decl":{"start":{"line":134,"column":11},"end":{"line":134,"column":12}},"loc":{"start":{"line":134,"column":11},"end":{"line":134,"column":12}}},"5":{"name":"(anonymous_7)","decl":{"start":{"line":140,"column":31},"end":{"line":140,"column":34}},"loc":{"start":{"line":140,"column":31},"end":{"line":140,"column":34}}},"6":{"name":"(anonymous_8)","decl":{"start":{"line":143,"column":18},"end":{"line":143,"column":21}},"loc":{"start":{"line":143,"column":18},"end":{"line":143,"column":21}}},"7":{"name":"(anonymous_9)","decl":{"start":{"line":144,"column":22},"end":{"line":144,"column":25}},"loc":{"start":{"line":144,"column":22},"end":{"line":144,"column":25}}},"8":{"name":"(anonymous_10)","decl":{"start":{"line":145,"column":27},"end":{"line":145,"column":null}},"loc":{"start":{"line":145,"column":27},"end":{"line":145,"column":null}}},"9":{"name":"(anonymous_11)","decl":{"start":{"line":154,"column":32},"end":{"line":154,"column":null}},"loc":{"start":{"line":154,"column":32},"end":{"line":154,"column":null}}},"10":{"name":"(anonymous_12)","decl":{"start":{"line":155,"column":6},"end":{"line":155,"column":null}},"loc":{"start":{"line":155,"column":6},"end":{"line":155,"column":null}}},"11":{"name":"(anonymous_13)","decl":{"start":{"line":159,"column":11},"end":{"line":159,"column":14}},"loc":{"start":{"line":159,"column":11},"end":{"line":159,"column":14}}},"12":{"name":"(anonymous_14)","decl":{"start":{"line":162,"column":26},"end":{"line":162,"column":null}},"loc":{"start":{"line":162,"column":26},"end":{"line":162,"column":null}}},"13":{"name":"(anonymous_15)","decl":{"start":{"line":170,"column":20},"end":{"line":170,"column":23}},"loc":{"start":{"line":170,"column":20},"end":{"line":170,"column":23}}},"14":{"name":"(anonymous_16)","decl":{"start":{"line":171,"column":21},"end":{"line":171,"column":24}},"loc":{"start":{"line":171,"column":21},"end":{"line":171,"column":24}}},"15":{"name":"(anonymous_17)","decl":{"start":{"line":173,"column":11},"end":{"line":173,"column":16}},"loc":{"start":{"line":173,"column":11},"end":{"line":173,"column":16}}},"16":{"name":"(anonymous_18)","decl":{"start":{"line":174,"column":10},"end":{"line":174,"column":13}},"loc":{"start":{"line":174,"column":10},"end":{"line":174,"column":13}}},"17":{"name":"(anonymous_19)","decl":{"start":{"line":175,"column":12},"end":{"line":175,"column":13}},"loc":{"start":{"line":175,"column":12},"end":{"line":175,"column":13}}},"18":{"name":"(anonymous_20)","decl":{"start":{"line":177,"column":10},"end":{"line":177,"column":11}},"loc":{"start":{"line":177,"column":10},"end":{"line":177,"column":11}}},"19":{"name":"(anonymous_21)","decl":{"start":{"line":181,"column":7},"end":{"line":181,"column":8}},"loc":{"start":{"line":181,"column":7},"end":{"line":181,"column":8}}},"20":{"name":"(anonymous_22)","decl":{"start":{"line":182,"column":11},"end":{"line":182,"column":12}},"loc":{"start":{"line":182,"column":11},"end":{"line":182,"column":12}}},"21":{"name":"(anonymous_23)","decl":{"start":{"line":189,"column":22},"end":{"line":189,"column":23}},"loc":{"start":{"line":189,"column":22},"end":{"line":189,"column":23}}},"22":{"name":"(anonymous_24)","decl":{"start":{"line":212,"column":34},"end":{"line":212,"column":35}},"loc":{"start":{"line":212,"column":34},"end":{"line":212,"column":35}}},"23":{"name":"(anonymous_25)","decl":{"start":{"line":231,"column":31},"end":{"line":231,"column":32}},"loc":{"start":{"line":231,"column":31},"end":{"line":231,"column":32}}},"24":{"name":"(anonymous_26)","decl":{"start":{"line":239,"column":17},"end":{"line":239,"column":18}},"loc":{"start":{"line":239,"column":17},"end":{"line":239,"column":18}}},"25":{"name":"(anonymous_27)","decl":{"start":{"line":242,"column":10},"end":{"line":242,"column":11}},"loc":{"start":{"line":242,"column":10},"end":{"line":242,"column":11}}},"26":{"name":"(anonymous_28)","decl":{"start":{"line":255,"column":17},"end":{"line":255,"column":18}},"loc":{"start":{"line":255,"column":17},"end":{"line":255,"column":18}}},"27":{"name":"(anonymous_29)","decl":{"start":{"line":258,"column":10},"end":{"line":258,"column":11}},"loc":{"start":{"line":258,"column":10},"end":{"line":258,"column":11}}},"28":{"name":"(anonymous_30)","decl":{"start":{"line":279,"column":25},"end":{"line":279,"column":26}},"loc":{"start":{"line":279,"column":25},"end":{"line":279,"column":26}}},"29":{"name":"(anonymous_31)","decl":{"start":{"line":294,"column":12},"end":{"line":294,"column":13}},"loc":{"start":{"line":294,"column":12},"end":{"line":294,"column":13}}},"30":{"name":"(anonymous_32)","decl":{"start":{"line":299,"column":12},"end":{"line":299,"column":13}},"loc":{"start":{"line":299,"column":12},"end":{"line":299,"column":13}}},"31":{"name":"(anonymous_33)","decl":{"start":{"line":304,"column":12},"end":{"line":304,"column":13}},"loc":{"start":{"line":304,"column":12},"end":{"line":304,"column":13}}},"32":{"name":"(anonymous_34)","decl":{"start":{"line":309,"column":16},"end":{"line":309,"column":17}},"loc":{"start":{"line":309,"column":16},"end":{"line":309,"column":17}}},"33":{"name":"(anonymous_35)","decl":{"start":{"line":320,"column":6},"end":{"line":320,"column":7}},"loc":{"start":{"line":320,"column":6},"end":{"line":320,"column":7}}},"34":{"name":"(anonymous_36)","decl":{"start":{"line":328,"column":8},"end":{"line":328,"column":9}},"loc":{"start":{"line":328,"column":8},"end":{"line":328,"column":9}}},"35":{"name":"(anonymous_37)","decl":{"start":{"line":334,"column":6},"end":{"line":334,"column":null}},"loc":{"start":{"line":334,"column":6},"end":{"line":334,"column":null}}},"36":{"name":"(anonymous_38)","decl":{"start":{"line":350,"column":30},"end":{"line":350,"column":31}},"loc":{"start":{"line":350,"column":30},"end":{"line":350,"column":31}}},"37":{"name":"(anonymous_39)","decl":{"start":{"line":357,"column":12},"end":{"line":357,"column":13}},"loc":{"start":{"line":357,"column":12},"end":{"line":357,"column":13}}},"38":{"name":"(anonymous_40)","decl":{"start":{"line":365,"column":8},"end":{"line":365,"column":9}},"loc":{"start":{"line":365,"column":8},"end":{"line":365,"column":9}}},"39":{"name":"(anonymous_41)","decl":{"start":{"line":370,"column":16},"end":{"line":370,"column":17}},"loc":{"start":{"line":370,"column":16},"end":{"line":370,"column":17}}},"40":{"name":"(anonymous_42)","decl":{"start":{"line":374,"column":16},"end":{"line":374,"column":17}},"loc":{"start":{"line":374,"column":16},"end":{"line":374,"column":17}}}},"branchMap":{"0":{"loc":{"start":{"line":1,"column":0},"end":{"line":1,"column":null}},"type":"if","locations":[{"start":{"line":1,"column":0},"end":{"line":1,"column":null}},{"start":{"line":1,"column":0},"end":{"line":1,"column":null}}]},"1":{"loc":{"start":{"line":127,"column":12},"end":{"line":127,"column":18}},"type":"binary-expr","locations":[{"start":{"line":127,"column":12},"end":{"line":127,"column":18}},{"start":{"line":127,"column":18},"end":{"line":127,"column":28}},{"start":{"line":127,"column":34},"end":{"line":127,"column":36}},{"start":{"line":127,"column":58},"end":{"line":127,"column":69}}]},"2":{"loc":{"start":{"line":140,"column":34},"end":{"line":140,"column":63}},"type":"binary-expr","locations":[{"start":{"line":140,"column":34},"end":{"line":140,"column":63}},{"start":{"line":140,"column":34},"end":{"line":140,"column":78}}]},"3":{"loc":{"start":{"line":182,"column":21},"end":{"line":182,"column":22}},"type":"binary-expr","locations":[{"start":{"line":182,"column":21},"end":{"line":182,"column":22}},{"start":{"line":182,"column":32},"end":{"line":182,"column":33}}]},"4":{"loc":{"start":{"line":214,"column":45},"end":{"line":214,"column":53}},"type":"cond-expr","locations":[{"start":{"line":214,"column":45},"end":{"line":214,"column":53}},{"start":{"line":214,"column":53},"end":{"line":214,"column":null}}]},"5":{"loc":{"start":{"line":357,"column":33},"end":{"line":357,"column":40}},"type":"cond-expr","locations":[{"start":{"line":357,"column":33},"end":{"line":357,"column":40}},{"start":{"line":357,"column":40},"end":{"line":357,"column":69}}]}},"s":{"0":834,"1":6,"2":6,"3":6,"4":7,"5":2446,"6":5,"7":864,"8":18,"9":0,"10":1559,"11":2446,"12":6,"13":369,"14":1,"15":1,"16":1,"17":6,"18":100,"19":6,"20":0,"21":0,"22":0,"23":0,"24":0,"25":0,"26":0,"27":0,"28":0,"29":0,"30":0,"31":6,"32":6,"33":0,"34":0,"35":0,"36":0,"37":0,"38":0,"39":6,"40":0,"41":6,"42":0,"43":6,"44":70,"45":6,"46":0,"47":6,"48":0,"49":0,"50":206,"51":6,"52":0,"53":6,"54":0,"55":6,"56":6,"57":6,"58":30,"59":30,"60":30,"61":30,"62":30,"63":30,"64":6,"65":660,"66":660,"67":6,"68":6,"69":30,"70":30,"71":30,"72":60,"73":120,"74":60,"75":120,"76":60,"77":120,"78":240,"79":480,"80":240,"81":480,"82":6,"83":30,"84":60,"85":120,"86":240,"87":480,"88":240,"89":480,"90":240,"91":480,"92":6,"93":30,"94":30,"95":30,"96":60,"97":120,"98":30,"99":60,"100":120,"101":30,"102":60,"103":120,"104":30,"105":30,"106":60,"107":120,"108":30,"109":120,"110":240,"111":528,"112":30,"113":60,"114":120,"115":30,"116":60,"117":120,"118":30,"119":60,"120":120},"f":{"0":12,"1":6,"2":7,"3":2446,"4":372,"5":100,"6":0,"7":0,"8":0,"9":0,"10":0,"11":0,"12":0,"13":0,"14":0,"15":70,"16":0,"17":206,"18":0,"19":0,"20":0,"21":30,"22":660,"23":30,"24":30,"25":30,"26":120,"27":120,"28":30,"29":120,"30":120,"31":120,"32":30,"33":30,"34":30,"35":30,"36":30,"37":120,"38":30,"39":30,"40":30},"b":{"0":[390,12],"1":[1559,1226,4,0],"2":[100,18],"3":[0,0],"4":[30,630],"5":[120,408]}}
,"/Users/shanebdavis/dev/imikimi/npm/art-atomic/source-source/Art.Atomic/Color.coffee": {"path":"/Users/shanebdavis/dev/imikimi/npm/art-atomic/source-source/Art.Atomic/Color.coffee","statementMap":{"0":{"start":{"line":1,"column":0},"end":{"line":1,"column":13}},"1":{"start":{"line":1,"column":0},"end":{"line":1,"column":21}},"2":{"start":{"line":2,"column":0},"end":{"line":14,"column":null}},"3":{"start":{"line":17,"column":0},"end":{"line":17,"column":null}},"4":{"start":{"line":19,"column":0},"end":{"line":19,"column":26}},"5":{"start":{"line":21,"column":4},"end":{"line":21,"column":null}},"6":{"start":{"line":23,"column":4},"end":{"line":23,"column":null}},"7":{"start":{"line":25,"column":0},"end":{"line":25,"column":null}},"8":{"start":{"line":26,"column":2},"end":{"line":26,"column":3}},"9":{"start":{"line":27,"column":2},"end":{"line":27,"column":23}},"10":{"start":{"line":27,"column":29},"end":{"line":27,"column":32}},"11":{"start":{"line":28,"column":2},"end":{"line":28,"column":26}},"12":{"start":{"line":29,"column":4},"end":{"line":30,"column":5}},"13":{"start":{"line":32,"column":2},"end":{"line":32,"column":null}},"14":{"start":{"line":211,"column":2},"end":{"line":211,"column":null}},"15":{"start":{"line":213,"column":2},"end":{"line":213,"column":null}},"16":{"start":{"line":215,"column":2},"end":{"line":215,"column":25}},"17":{"start":{"line":216,"column":4},"end":{"line":216,"column":16}},"18":{"start":{"line":217,"column":4},"end":{"line":217,"column":18}},"19":{"start":{"line":218,"column":4},"end":{"line":218,"column":8}},"20":{"start":{"line":220,"column":2},"end":{"line":220,"column":17}},"21":{"start":{"line":221,"column":4},"end":{"line":221,"column":16}},"22":{"start":{"line":222,"column":4},"end":{"line":222,"column":18}},"23":{"start":{"line":223,"column":4},"end":{"line":223,"column":null}},"24":{"start":{"line":224,"column":4},"end":{"line":224,"column":14}},"25":{"start":{"line":225,"column":4},"end":{"line":225,"column":null}},"26":{"start":{"line":226,"column":4},"end":{"line":226,"column":null}},"27":{"start":{"line":227,"column":4},"end":{"line":227,"column":null}},"28":{"start":{"line":228,"column":4},"end":{"line":228,"column":null}},"29":{"start":{"line":229,"column":4},"end":{"line":229,"column":null}},"30":{"start":{"line":230,"column":4},"end":{"line":230,"column":null}},"31":{"start":{"line":232,"column":2},"end":{"line":232,"column":null}},"32":{"start":{"line":233,"column":2},"end":{"line":233,"column":11}},"33":{"start":{"line":234,"column":4},"end":{"line":234,"column":7}},"34":{"start":{"line":235,"column":4},"end":{"line":235,"column":13}},"35":{"start":{"line":237,"column":2},"end":{"line":237,"column":25}},"36":{"start":{"line":237,"column":34},"end":{"line":237,"column":null}},"37":{"start":{"line":238,"column":4},"end":{"line":238,"column":16}},"38":{"start":{"line":240,"column":4},"end":{"line":240,"column":15}},"39":{"start":{"line":241,"column":4},"end":{"line":241,"column":null}},"40":{"start":{"line":242,"column":4},"end":{"line":242,"column":null}},"41":{"start":{"line":243,"column":4},"end":{"line":243,"column":13}},"42":{"start":{"line":244,"column":4},"end":{"line":244,"column":13}},"43":{"start":{"line":245,"column":4},"end":{"line":245,"column":13}},"44":{"start":{"line":246,"column":4},"end":{"line":246,"column":null}},"45":{"start":{"line":247,"column":4},"end":{"line":247,"column":11}},"46":{"start":{"line":248,"column":18},"end":{"line":248,"column":22}},"47":{"start":{"line":249,"column":18},"end":{"line":249,"column":22}},"48":{"start":{"line":250,"column":18},"end":{"line":250,"column":22}},"49":{"start":{"line":251,"column":18},"end":{"line":251,"column":22}},"50":{"start":{"line":252,"column":18},"end":{"line":252,"column":22}},"51":{"start":{"line":253,"column":18},"end":{"line":253,"column":22}},"52":{"start":{"line":255,"column":2},"end":{"line":255,"column":13}},"53":{"start":{"line":257,"column":4},"end":{"line":257,"column":15}},"54":{"start":{"line":258,"column":4},"end":{"line":258,"column":null}},"55":{"start":{"line":259,"column":4},"end":{"line":259,"column":null}},"56":{"start":{"line":260,"column":4},"end":{"line":260,"column":13}},"57":{"start":{"line":261,"column":4},"end":{"line":261,"column":13}},"58":{"start":{"line":262,"column":4},"end":{"line":262,"column":13}},"59":{"start":{"line":263,"column":4},"end":{"line":263,"column":null}},"60":{"start":{"line":264,"column":4},"end":{"line":264,"column":11}},"61":{"start":{"line":265,"column":18},"end":{"line":265,"column":19}},"62":{"start":{"line":266,"column":18},"end":{"line":266,"column":19}},"63":{"start":{"line":267,"column":18},"end":{"line":267,"column":19}},"64":{"start":{"line":268,"column":18},"end":{"line":268,"column":19}},"65":{"start":{"line":269,"column":18},"end":{"line":269,"column":19}},"66":{"start":{"line":270,"column":18},"end":{"line":270,"column":19}},"67":{"start":{"line":272,"column":2},"end":{"line":272,"column":11}},"68":{"start":{"line":272,"column":19},"end":{"line":272,"column":null}},"69":{"start":{"line":273,"column":4},"end":{"line":273,"column":14}},"70":{"start":{"line":274,"column":4},"end":{"line":274,"column":8}},"71":{"start":{"line":276,"column":2},"end":{"line":276,"column":20}},"72":{"start":{"line":277,"column":4},"end":{"line":277,"column":5}},"73":{"start":{"line":278,"column":4},"end":{"line":278,"column":null}},"74":{"start":{"line":282,"column":7},"end":{"line":282,"column":null}},"75":{"start":{"line":283,"column":6},"end":{"line":283,"column":40}},"76":{"start":{"line":284,"column":6},"end":{"line":284,"column":null}},"77":{"start":{"line":285,"column":6},"end":{"line":285,"column":null}},"78":{"start":{"line":286,"column":6},"end":{"line":286,"column":null}},"79":{"start":{"line":287,"column":6},"end":{"line":287,"column":null}},"80":{"start":{"line":288,"column":6},"end":{"line":288,"column":null}},"81":{"start":{"line":291,"column":6},"end":{"line":291,"column":null}},"82":{"start":{"line":292,"column":6},"end":{"line":292,"column":null}},"83":{"start":{"line":295,"column":6},"end":{"line":295,"column":null}},"84":{"start":{"line":296,"column":6},"end":{"line":296,"column":null}},"85":{"start":{"line":300,"column":7},"end":{"line":300,"column":null}},"86":{"start":{"line":301,"column":6},"end":{"line":301,"column":40}},"87":{"start":{"line":302,"column":6},"end":{"line":302,"column":null}},"88":{"start":{"line":303,"column":6},"end":{"line":303,"column":null}},"89":{"start":{"line":304,"column":6},"end":{"line":304,"column":null}},"90":{"start":{"line":305,"column":6},"end":{"line":305,"column":null}},"91":{"start":{"line":306,"column":6},"end":{"line":306,"column":null}},"92":{"start":{"line":310,"column":6},"end":{"line":310,"column":null}},"93":{"start":{"line":311,"column":6},"end":{"line":311,"column":null}},"94":{"start":{"line":312,"column":6},"end":{"line":312,"column":34}},"95":{"start":{"line":313,"column":6},"end":{"line":313,"column":34}},"96":{"start":{"line":314,"column":6},"end":{"line":314,"column":34}},"97":{"start":{"line":318,"column":6},"end":{"line":318,"column":null}},"98":{"start":{"line":319,"column":6},"end":{"line":319,"column":34}},"99":{"start":{"line":320,"column":6},"end":{"line":320,"column":34}},"100":{"start":{"line":321,"column":6},"end":{"line":321,"column":34}},"101":{"start":{"line":322,"column":6},"end":{"line":322,"column":null}},"102":{"start":{"line":326,"column":8},"end":{"line":326,"column":18}},"103":{"start":{"line":327,"column":6},"end":{"line":327,"column":null}},"104":{"start":{"line":328,"column":6},"end":{"line":328,"column":null}},"105":{"start":{"line":329,"column":6},"end":{"line":329,"column":null}},"106":{"start":{"line":330,"column":6},"end":{"line":330,"column":null}},"107":{"start":{"line":331,"column":6},"end":{"line":331,"column":null}},"108":{"start":{"line":333,"column":6},"end":{"line":333,"column":7}},"109":{"start":{"line":335,"column":6},"end":{"line":335,"column":16}},"110":{"start":{"line":337,"column":2},"end":{"line":337,"column":null}},"111":{"start":{"line":338,"column":4},"end":{"line":338,"column":null}},"112":{"start":{"line":339,"column":4},"end":{"line":339,"column":null}},"113":{"start":{"line":340,"column":4},"end":{"line":340,"column":null}},"114":{"start":{"line":341,"column":4},"end":{"line":341,"column":null}},"115":{"start":{"line":342,"column":4},"end":{"line":342,"column":null}},"116":{"start":{"line":345,"column":2},"end":{"line":345,"column":10}},"117":{"start":{"line":346,"column":4},"end":{"line":346,"column":5}},"118":{"start":{"line":347,"column":4},"end":{"line":347,"column":21}},"119":{"start":{"line":348,"column":4},"end":{"line":348,"column":28}},"120":{"start":{"line":349,"column":4},"end":{"line":349,"column":27}},"121":{"start":{"line":351,"column":6},"end":{"line":351,"column":null}},"122":{"start":{"line":353,"column":6},"end":{"line":353,"column":null}},"123":{"start":{"line":355,"column":6},"end":{"line":355,"column":null}},"124":{"start":{"line":356,"column":6},"end":{"line":356,"column":null}},"125":{"start":{"line":357,"column":6},"end":{"line":357,"column":null}},"126":{"start":{"line":358,"column":6},"end":{"line":354,"column":12}},"127":{"start":{"line":358,"column":6},"end":{"line":358,"column":20}},"128":{"start":{"line":360,"column":2},"end":{"line":360,"column":7}},"129":{"start":{"line":361,"column":4},"end":{"line":361,"column":null}},"130":{"start":{"line":362,"column":25},"end":{"line":362,"column":null}},"131":{"start":{"line":363,"column":25},"end":{"line":363,"column":null}},"132":{"start":{"line":365,"column":8},"end":{"line":368,"column":9}},"133":{"start":{"line":371,"column":9},"end":{"line":371,"column":null}},"134":{"start":{"line":372,"column":8},"end":{"line":372,"column":null}},"135":{"start":{"line":373,"column":8},"end":{"line":373,"column":null}},"136":{"start":{"line":374,"column":8},"end":{"line":374,"column":null}},"137":{"start":{"line":375,"column":8},"end":{"line":375,"column":null}},"138":{"start":{"line":376,"column":8},"end":{"line":376,"column":null}},"139":{"start":{"line":377,"column":8},"end":{"line":377,"column":null}},"140":{"start":{"line":378,"column":8},"end":{"line":384,"column":9}},"141":{"start":{"line":386,"column":11},"end":{"line":386,"column":null}},"142":{"start":{"line":388,"column":2},"end":{"line":388,"column":16}},"143":{"start":{"line":389,"column":4},"end":{"line":389,"column":19}},"144":{"start":{"line":392,"column":4},"end":{"line":392,"column":23}},"145":{"start":{"line":395,"column":5},"end":{"line":395,"column":27}},"146":{"start":{"line":396,"column":4},"end":{"line":396,"column":15}},"147":{"start":{"line":398,"column":4},"end":{"line":398,"column":null}},"148":{"start":{"line":399,"column":4},"end":{"line":399,"column":8}},"149":{"start":{"line":406,"column":2},"end":{"line":406,"column":10}},"150":{"start":{"line":407,"column":4},"end":{"line":407,"column":21}},"151":{"start":{"line":408,"column":4},"end":{"line":408,"column":16}},"152":{"start":{"line":409,"column":4},"end":{"line":409,"column":null}},"153":{"start":{"line":411,"column":8},"end":{"line":411,"column":12}},"154":{"start":{"line":418,"column":8},"end":{"line":418,"column":null}},"155":{"start":{"line":420,"column":8},"end":{"line":420,"column":null}},"156":{"start":{"line":422,"column":8},"end":{"line":422,"column":null}},"157":{"start":{"line":423,"column":8},"end":{"line":423,"column":12}},"158":{"start":{"line":430,"column":2},"end":{"line":430,"column":14}},"159":{"start":{"line":430,"column":20},"end":{"line":430,"column":24}},"160":{"start":{"line":431,"column":2},"end":{"line":431,"column":18}},"161":{"start":{"line":431,"column":24},"end":{"line":431,"column":33}},"162":{"start":{"line":432,"column":2},"end":{"line":432,"column":12}},"163":{"start":{"line":432,"column":18},"end":{"line":432,"column":27}},"164":{"start":{"line":433,"column":2},"end":{"line":433,"column":17}},"165":{"start":{"line":433,"column":28},"end":{"line":433,"column":37}},"166":{"start":{"line":434,"column":2},"end":{"line":434,"column":22}},"167":{"start":{"line":434,"column":28},"end":{"line":434,"column":37}},"168":{"start":{"line":435,"column":2},"end":{"line":435,"column":null}},"169":{"start":{"line":437,"column":2},"end":{"line":437,"column":25}},"170":{"start":{"line":437,"column":35},"end":{"line":437,"column":44}},"171":{"start":{"line":438,"column":2},"end":{"line":438,"column":25}},"172":{"start":{"line":438,"column":35},"end":{"line":438,"column":44}},"173":{"start":{"line":439,"column":2},"end":{"line":439,"column":25}},"174":{"start":{"line":439,"column":35},"end":{"line":439,"column":44}},"175":{"start":{"line":440,"column":2},"end":{"line":440,"column":25}},"176":{"start":{"line":440,"column":35},"end":{"line":440,"column":44}},"177":{"start":{"line":442,"column":2},"end":{"line":442,"column":16}},"178":{"start":{"line":443,"column":4},"end":{"line":443,"column":11}},"179":{"start":{"line":444,"column":27},"end":{"line":444,"column":31}},"180":{"start":{"line":445,"column":29},"end":{"line":445,"column":33}},"181":{"start":{"line":446,"column":28},"end":{"line":446,"column":32}},"182":{"start":{"line":447,"column":27},"end":{"line":447,"column":36}},"183":{"start":{"line":448,"column":41},"end":{"line":448,"column":50}},"184":{"start":{"line":449,"column":33},"end":{"line":449,"column":34}},"185":{"start":{"line":450,"column":29},"end":{"line":450,"column":30}},"186":{"start":{"line":451,"column":11},"end":{"line":451,"column":21}},"187":{"start":{"line":453,"column":2},"end":{"line":453,"column":17}},"188":{"start":{"line":455,"column":6},"end":{"line":455,"column":null}},"189":{"start":{"line":456,"column":6},"end":{"line":456,"column":null}},"190":{"start":{"line":457,"column":6},"end":{"line":457,"column":null}},"191":{"start":{"line":458,"column":6},"end":{"line":458,"column":null}},"192":{"start":{"line":459,"column":6},"end":{"line":459,"column":15}},"193":{"start":{"line":461,"column":6},"end":{"line":461,"column":null}},"194":{"start":{"line":462,"column":6},"end":{"line":462,"column":null}},"195":{"start":{"line":463,"column":6},"end":{"line":463,"column":null}},"196":{"start":{"line":464,"column":6},"end":{"line":464,"column":null}},"197":{"start":{"line":465,"column":6},"end":{"line":465,"column":10}},"198":{"start":{"line":467,"column":2},"end":{"line":467,"column":null}},"199":{"start":{"line":468,"column":2},"end":{"line":468,"column":15}},"200":{"start":{"line":468,"column":23},"end":{"line":468,"column":null}},"201":{"start":{"line":469,"column":4},"end":{"line":469,"column":8}},"202":{"start":{"line":471,"column":2},"end":{"line":471,"column":3}},"203":{"start":{"line":472,"column":25},"end":{"line":472,"column":null}},"204":{"start":{"line":474,"column":17},"end":{"line":474,"column":18}},"205":{"start":{"line":475,"column":17},"end":{"line":475,"column":18}},"206":{"start":{"line":476,"column":17},"end":{"line":476,"column":36}},"207":{"start":{"line":478,"column":15},"end":{"line":478,"column":null}},"208":{"start":{"line":479,"column":22},"end":{"line":479,"column":null}},"209":{"start":{"line":482,"column":6},"end":{"line":482,"column":10}},"210":{"start":{"line":489,"column":13},"end":{"line":489,"column":19}},"211":{"start":{"line":490,"column":13},"end":{"line":490,"column":19}},"212":{"start":{"line":491,"column":13},"end":{"line":491,"column":19}},"213":{"start":{"line":492,"column":13},"end":{"line":492,"column":19}},"214":{"start":{"line":494,"column":12},"end":{"line":494,"column":18}},"215":{"start":{"line":495,"column":12},"end":{"line":495,"column":18}},"216":{"start":{"line":496,"column":12},"end":{"line":496,"column":18}},"217":{"start":{"line":497,"column":12},"end":{"line":497,"column":18}},"218":{"start":{"line":499,"column":13},"end":{"line":499,"column":19}},"219":{"start":{"line":500,"column":13},"end":{"line":500,"column":19}},"220":{"start":{"line":501,"column":13},"end":{"line":501,"column":19}},"221":{"start":{"line":503,"column":17},"end":{"line":503,"column":23}},"222":{"start":{"line":504,"column":17},"end":{"line":504,"column":23}},"223":{"start":{"line":505,"column":17},"end":{"line":505,"column":23}},"224":{"start":{"line":506,"column":17},"end":{"line":506,"column":23}},"225":{"start":{"line":508,"column":22},"end":{"line":508,"column":26}},"226":{"start":{"line":509,"column":21},"end":{"line":509,"column":25}},"227":{"start":{"line":511,"column":18},"end":{"line":511,"column":33}},"228":{"start":{"line":511,"column":33},"end":{"line":511,"column":null}},"229":{"start":{"line":512,"column":19},"end":{"line":512,"column":null}},"230":{"start":{"line":515,"column":6},"end":{"line":515,"column":null}},"231":{"start":{"line":518,"column":6},"end":{"line":518,"column":13}},"232":{"start":{"line":521,"column":6},"end":{"line":524,"column":16}},"233":{"start":{"line":526,"column":24},"end":{"line":526,"column":49}},"234":{"start":{"line":529,"column":6},"end":{"line":532,"column":16}},"235":{"start":{"line":535,"column":36},"end":{"line":535,"column":37}},"236":{"start":{"line":536,"column":36},"end":{"line":536,"column":null}},"237":{"start":{"line":539,"column":6},"end":{"line":541,"column":16}},"238":{"start":{"line":543,"column":25},"end":{"line":543,"column":51}},"239":{"start":{"line":545,"column":2},"end":{"line":545,"column":null}},"240":{"start":{"line":546,"column":4},"end":{"line":546,"column":null}},"241":{"start":{"line":547,"column":4},"end":{"line":547,"column":null}},"242":{"start":{"line":549,"column":2},"end":{"line":549,"column":null}},"243":{"start":{"line":550,"column":4},"end":{"line":552,"column":34}},"244":{"start":{"line":556,"column":2},"end":{"line":556,"column":16}},"245":{"start":{"line":557,"column":4},"end":{"line":557,"column":null}},"246":{"start":{"line":558,"column":20},"end":{"line":558,"column":null}},"247":{"start":{"line":559,"column":24},"end":{"line":559,"column":null}},"248":{"start":{"line":560,"column":9},"end":{"line":560,"column":null}},"249":{"start":{"line":562,"column":2},"end":{"line":562,"column":21}},"250":{"start":{"line":562,"column":27},"end":{"line":562,"column":31}},"251":{"start":{"line":564,"column":2},"end":{"line":564,"column":3}},"252":{"start":{"line":565,"column":36},"end":{"line":565,"column":56}},"253":{"start":{"line":565,"column":56},"end":{"line":565,"column":null}},"254":{"start":{"line":566,"column":35},"end":{"line":566,"column":null}},"255":{"start":{"line":569,"column":2},"end":{"line":569,"column":3}},"256":{"start":{"line":570,"column":19},"end":{"line":570,"column":null}},"257":{"start":{"line":571,"column":19},"end":{"line":571,"column":null}},"258":{"start":{"line":572,"column":19},"end":{"line":572,"column":null}},"259":{"start":{"line":573,"column":19},"end":{"line":573,"column":null}},"260":{"start":{"line":574,"column":19},"end":{"line":574,"column":null}},"261":{"start":{"line":575,"column":19},"end":{"line":575,"column":null}},"262":{"start":{"line":576,"column":19},"end":{"line":576,"column":null}},"263":{"start":{"line":577,"column":19},"end":{"line":577,"column":null}},"264":{"start":{"line":578,"column":19},"end":{"line":578,"column":null}},"265":{"start":{"line":579,"column":19},"end":{"line":579,"column":null}},"266":{"start":{"line":580,"column":19},"end":{"line":580,"column":null}},"267":{"start":{"line":582,"column":6},"end":{"line":582,"column":18}},"268":{"start":{"line":584,"column":6},"end":{"line":584,"column":32}},"269":{"start":{"line":585,"column":6},"end":{"line":585,"column":32}},"270":{"start":{"line":586,"column":6},"end":{"line":586,"column":32}},"271":{"start":{"line":589,"column":8},"end":{"line":589,"column":36}},"272":{"start":{"line":591,"column":8},"end":{"line":591,"column":36}},"273":{"start":{"line":593,"column":8},"end":{"line":593,"column":36}},"274":{"start":{"line":596,"column":29},"end":{"line":596,"column":null}},"275":{"start":{"line":598,"column":21},"end":{"line":598,"column":null}},"276":{"start":{"line":600,"column":2},"end":{"line":600,"column":null}},"277":{"start":{"line":601,"column":4},"end":{"line":601,"column":19}},"278":{"start":{"line":602,"column":4},"end":{"line":602,"column":16}},"279":{"start":{"line":604,"column":4},"end":{"line":604,"column":31}},"280":{"start":{"line":605,"column":4},"end":{"line":605,"column":31}},"281":{"start":{"line":608,"column":6},"end":{"line":608,"column":null}},"282":{"start":{"line":611,"column":6},"end":{"line":611,"column":26}},"283":{"start":{"line":613,"column":6},"end":{"line":613,"column":null}},"284":{"start":{"line":615,"column":6},"end":{"line":615,"column":13}},"285":{"start":{"line":616,"column":20},"end":{"line":616,"column":39}},"286":{"start":{"line":617,"column":20},"end":{"line":617,"column":null}},"287":{"start":{"line":618,"column":20},"end":{"line":618,"column":null}},"288":{"start":{"line":620,"column":4},"end":{"line":620,"column":null}},"289":{"start":{"line":622,"column":4},"end":{"line":622,"column":null}},"290":{"start":{"line":624,"column":2},"end":{"line":624,"column":null}},"291":{"start":{"line":625,"column":4},"end":{"line":625,"column":32}},"292":{"start":{"line":627,"column":2},"end":{"line":627,"column":null}}},"fnMap":{"0":{"name":"(anonymous_1)","decl":{"start":{"line":1,"column":0},"end":{"line":1,"column":13}},"loc":{"start":{"line":1,"column":0},"end":{"line":1,"column":13}}},"1":{"name":"(anonymous_3)","decl":{"start":{"line":19,"column":25},"end":{"line":19,"column":26}},"loc":{"start":{"line":19,"column":25},"end":{"line":19,"column":26}}},"2":{"name":"(anonymous_4)","decl":{"start":{"line":25,"column":23},"end":{"line":25,"column":37}},"loc":{"start":{"line":25,"column":23},"end":{"line":25,"column":null}}},"3":{"name":"(anonymous_6)","decl":{"start":{"line":27,"column":22},"end":{"line":27,"column":23}},"loc":{"start":{"line":27,"column":22},"end":{"line":27,"column":23}}},"4":{"name":"(anonymous_7)","decl":{"start":{"line":28,"column":25},"end":{"line":28,"column":26}},"loc":{"start":{"line":28,"column":25},"end":{"line":28,"column":26}}},"5":{"name":"(anonymous_8)","decl":{"start":{"line":215,"column":24},"end":{"line":215,"column":25}},"loc":{"start":{"line":215,"column":24},"end":{"line":215,"column":25}}},"6":{"name":"(anonymous_9)","decl":{"start":{"line":220,"column":16},"end":{"line":220,"column":17}},"loc":{"start":{"line":220,"column":16},"end":{"line":220,"column":17}}},"7":{"name":"(anonymous_10)","decl":{"start":{"line":233,"column":10},"end":{"line":233,"column":11}},"loc":{"start":{"line":233,"column":10},"end":{"line":233,"column":11}}},"8":{"name":"(anonymous_11)","decl":{"start":{"line":237,"column":24},"end":{"line":237,"column":25}},"loc":{"start":{"line":237,"column":24},"end":{"line":237,"column":25}}},"9":{"name":"(anonymous_12)","decl":{"start":{"line":255,"column":12},"end":{"line":255,"column":13}},"loc":{"start":{"line":255,"column":12},"end":{"line":255,"column":13}}},"10":{"name":"(anonymous_13)","decl":{"start":{"line":272,"column":10},"end":{"line":272,"column":11}},"loc":{"start":{"line":272,"column":10},"end":{"line":272,"column":11}}},"11":{"name":"(anonymous_14)","decl":{"start":{"line":276,"column":19},"end":{"line":276,"column":20}},"loc":{"start":{"line":276,"column":19},"end":{"line":276,"column":20}}},"12":{"name":"(anonymous_15)","decl":{"start":{"line":337,"column":18},"end":{"line":337,"column":null}},"loc":{"start":{"line":337,"column":18},"end":{"line":337,"column":null}}},"13":{"name":"(anonymous_16)","decl":{"start":{"line":345,"column":9},"end":{"line":345,"column":10}},"loc":{"start":{"line":345,"column":9},"end":{"line":345,"column":10}}},"14":{"name":"(anonymous_17)","decl":{"start":{"line":360,"column":6},"end":{"line":360,"column":7}},"loc":{"start":{"line":360,"column":6},"end":{"line":360,"column":7}}},"15":{"name":"(anonymous_18)","decl":{"start":{"line":388,"column":15},"end":{"line":388,"column":16}},"loc":{"start":{"line":388,"column":15},"end":{"line":388,"column":16}}},"16":{"name":"(anonymous_19)","decl":{"start":{"line":406,"column":9},"end":{"line":406,"column":10}},"loc":{"start":{"line":406,"column":9},"end":{"line":406,"column":10}}},"17":{"name":"(anonymous_20)","decl":{"start":{"line":430,"column":13},"end":{"line":430,"column":14}},"loc":{"start":{"line":430,"column":13},"end":{"line":430,"column":14}}},"18":{"name":"(anonymous_21)","decl":{"start":{"line":431,"column":17},"end":{"line":431,"column":18}},"loc":{"start":{"line":431,"column":17},"end":{"line":431,"column":18}}},"19":{"name":"(anonymous_22)","decl":{"start":{"line":432,"column":11},"end":{"line":432,"column":12}},"loc":{"start":{"line":432,"column":11},"end":{"line":432,"column":12}}},"20":{"name":"(anonymous_23)","decl":{"start":{"line":433,"column":16},"end":{"line":433,"column":17}},"loc":{"start":{"line":433,"column":16},"end":{"line":433,"column":17}}},"21":{"name":"(anonymous_24)","decl":{"start":{"line":434,"column":21},"end":{"line":434,"column":22}},"loc":{"start":{"line":434,"column":21},"end":{"line":434,"column":22}}},"22":{"name":"(anonymous_25)","decl":{"start":{"line":437,"column":24},"end":{"line":437,"column":25}},"loc":{"start":{"line":437,"column":24},"end":{"line":437,"column":25}}},"23":{"name":"(anonymous_26)","decl":{"start":{"line":438,"column":24},"end":{"line":438,"column":25}},"loc":{"start":{"line":438,"column":24},"end":{"line":438,"column":25}}},"24":{"name":"(anonymous_27)","decl":{"start":{"line":439,"column":24},"end":{"line":439,"column":25}},"loc":{"start":{"line":439,"column":24},"end":{"line":439,"column":25}}},"25":{"name":"(anonymous_28)","decl":{"start":{"line":440,"column":24},"end":{"line":440,"column":25}},"loc":{"start":{"line":440,"column":24},"end":{"line":440,"column":25}}},"26":{"name":"(anonymous_29)","decl":{"start":{"line":442,"column":15},"end":{"line":442,"column":16}},"loc":{"start":{"line":442,"column":15},"end":{"line":442,"column":16}}},"27":{"name":"(anonymous_30)","decl":{"start":{"line":453,"column":16},"end":{"line":453,"column":17}},"loc":{"start":{"line":453,"column":16},"end":{"line":453,"column":17}}},"28":{"name":"(anonymous_31)","decl":{"start":{"line":468,"column":14},"end":{"line":468,"column":15}},"loc":{"start":{"line":468,"column":14},"end":{"line":468,"column":15}}},"29":{"name":"(anonymous_32)","decl":{"start":{"line":472,"column":22},"end":{"line":472,"column":25}},"loc":{"start":{"line":472,"column":22},"end":{"line":472,"column":25}}},"30":{"name":"(anonymous_33)","decl":{"start":{"line":474,"column":14},"end":{"line":474,"column":17}},"loc":{"start":{"line":474,"column":14},"end":{"line":474,"column":17}}},"31":{"name":"(anonymous_34)","decl":{"start":{"line":475,"column":14},"end":{"line":475,"column":17}},"loc":{"start":{"line":475,"column":14},"end":{"line":475,"column":17}}},"32":{"name":"(anonymous_35)","decl":{"start":{"line":476,"column":14},"end":{"line":476,"column":17}},"loc":{"start":{"line":476,"column":14},"end":{"line":476,"column":17}}},"33":{"name":"(anonymous_36)","decl":{"start":{"line":478,"column":12},"end":{"line":478,"column":15}},"loc":{"start":{"line":478,"column":12},"end":{"line":478,"column":15}}},"34":{"name":"(anonymous_37)","decl":{"start":{"line":479,"column":19},"end":{"line":479,"column":22}},"loc":{"start":{"line":479,"column":19},"end":{"line":479,"column":22}}},"35":{"name":"(anonymous_38)","decl":{"start":{"line":481,"column":13},"end":{"line":481,"column":null}},"loc":{"start":{"line":481,"column":13},"end":{"line":481,"column":null}}},"36":{"name":"(anonymous_39)","decl":{"start":{"line":489,"column":10},"end":{"line":489,"column":13}},"loc":{"start":{"line":489,"column":10},"end":{"line":489,"column":13}}},"37":{"name":"(anonymous_40)","decl":{"start":{"line":490,"column":10},"end":{"line":490,"column":13}},"loc":{"start":{"line":490,"column":10},"end":{"line":490,"column":13}}},"38":{"name":"(anonymous_41)","decl":{"start":{"line":491,"column":10},"end":{"line":491,"column":13}},"loc":{"start":{"line":491,"column":10},"end":{"line":491,"column":13}}},"39":{"name":"(anonymous_42)","decl":{"start":{"line":492,"column":10},"end":{"line":492,"column":13}},"loc":{"start":{"line":492,"column":10},"end":{"line":492,"column":13}}},"40":{"name":"(anonymous_43)","decl":{"start":{"line":494,"column":9},"end":{"line":494,"column":12}},"loc":{"start":{"line":494,"column":9},"end":{"line":494,"column":12}}},"41":{"name":"(anonymous_44)","decl":{"start":{"line":495,"column":9},"end":{"line":495,"column":12}},"loc":{"start":{"line":495,"column":9},"end":{"line":495,"column":12}}},"42":{"name":"(anonymous_45)","decl":{"start":{"line":496,"column":9},"end":{"line":496,"column":12}},"loc":{"start":{"line":496,"column":9},"end":{"line":496,"column":12}}},"43":{"name":"(anonymous_46)","decl":{"start":{"line":497,"column":9},"end":{"line":497,"column":12}},"loc":{"start":{"line":497,"column":9},"end":{"line":497,"column":12}}},"44":{"name":"(anonymous_47)","decl":{"start":{"line":499,"column":10},"end":{"line":499,"column":13}},"loc":{"start":{"line":499,"column":10},"end":{"line":499,"column":13}}},"45":{"name":"(anonymous_48)","decl":{"start":{"line":500,"column":10},"end":{"line":500,"column":13}},"loc":{"start":{"line":500,"column":10},"end":{"line":500,"column":13}}},"46":{"name":"(anonymous_49)","decl":{"start":{"line":501,"column":10},"end":{"line":501,"column":13}},"loc":{"start":{"line":501,"column":10},"end":{"line":501,"column":13}}},"47":{"name":"(anonymous_50)","decl":{"start":{"line":503,"column":14},"end":{"line":503,"column":17}},"loc":{"start":{"line":503,"column":14},"end":{"line":503,"column":17}}},"48":{"name":"(anonymous_51)","decl":{"start":{"line":504,"column":14},"end":{"line":504,"column":17}},"loc":{"start":{"line":504,"column":14},"end":{"line":504,"column":17}}},"49":{"name":"(anonymous_52)","decl":{"start":{"line":505,"column":14},"end":{"line":505,"column":17}},"loc":{"start":{"line":505,"column":14},"end":{"line":505,"column":17}}},"50":{"name":"(anonymous_53)","decl":{"start":{"line":506,"column":14},"end":{"line":506,"column":17}},"loc":{"start":{"line":506,"column":14},"end":{"line":506,"column":17}}},"51":{"name":"(anonymous_54)","decl":{"start":{"line":508,"column":19},"end":{"line":508,"column":22}},"loc":{"start":{"line":508,"column":19},"end":{"line":508,"column":22}}},"52":{"name":"(anonymous_55)","decl":{"start":{"line":509,"column":18},"end":{"line":509,"column":21}},"loc":{"start":{"line":509,"column":18},"end":{"line":509,"column":21}}},"53":{"name":"(anonymous_56)","decl":{"start":{"line":511,"column":15},"end":{"line":511,"column":18}},"loc":{"start":{"line":511,"column":15},"end":{"line":511,"column":18}}},"54":{"name":"(anonymous_57)","decl":{"start":{"line":512,"column":16},"end":{"line":512,"column":19}},"loc":{"start":{"line":512,"column":16},"end":{"line":512,"column":19}}},"55":{"name":"(anonymous_58)","decl":{"start":{"line":514,"column":15},"end":{"line":514,"column":null}},"loc":{"start":{"line":514,"column":15},"end":{"line":514,"column":null}}},"56":{"name":"(anonymous_59)","decl":{"start":{"line":517,"column":19},"end":{"line":517,"column":null}},"loc":{"start":{"line":517,"column":19},"end":{"line":517,"column":null}}},"57":{"name":"(anonymous_60)","decl":{"start":{"line":520,"column":17},"end":{"line":520,"column":null}},"loc":{"start":{"line":520,"column":17},"end":{"line":520,"column":null}}},"58":{"name":"(anonymous_61)","decl":{"start":{"line":526,"column":21},"end":{"line":526,"column":24}},"loc":{"start":{"line":526,"column":21},"end":{"line":526,"column":24}}},"59":{"name":"(anonymous_62)","decl":{"start":{"line":528,"column":18},"end":{"line":528,"column":null}},"loc":{"start":{"line":528,"column":18},"end":{"line":528,"column":null}}},"60":{"name":"(anonymous_63)","decl":{"start":{"line":534,"column":23},"end":{"line":534,"column":null}},"loc":{"start":{"line":534,"column":23},"end":{"line":534,"column":null}}},"61":{"name":"(anonymous_64)","decl":{"start":{"line":538,"column":18},"end":{"line":538,"column":null}},"loc":{"start":{"line":538,"column":18},"end":{"line":538,"column":null}}},"62":{"name":"(anonymous_65)","decl":{"start":{"line":543,"column":22},"end":{"line":543,"column":25}},"loc":{"start":{"line":543,"column":22},"end":{"line":543,"column":25}}},"63":{"name":"(anonymous_66)","decl":{"start":{"line":545,"column":11},"end":{"line":545,"column":null}},"loc":{"start":{"line":545,"column":11},"end":{"line":545,"column":null}}},"64":{"name":"(anonymous_67)","decl":{"start":{"line":549,"column":12},"end":{"line":549,"column":null}},"loc":{"start":{"line":549,"column":12},"end":{"line":549,"column":null}}},"65":{"name":"(anonymous_68)","decl":{"start":{"line":556,"column":15},"end":{"line":556,"column":16}},"loc":{"start":{"line":556,"column":15},"end":{"line":556,"column":16}}},"66":{"name":"(anonymous_69)","decl":{"start":{"line":562,"column":20},"end":{"line":562,"column":21}},"loc":{"start":{"line":562,"column":20},"end":{"line":562,"column":21}}},"67":{"name":"(anonymous_70)","decl":{"start":{"line":565,"column":18},"end":{"line":565,"column":21}},"loc":{"start":{"line":565,"column":18},"end":{"line":565,"column":21}}},"68":{"name":"(anonymous_71)","decl":{"start":{"line":566,"column":32},"end":{"line":566,"column":35}},"loc":{"start":{"line":566,"column":32},"end":{"line":566,"column":35}}},"69":{"name":"(anonymous_72)","decl":{"start":{"line":570,"column":16},"end":{"line":570,"column":19}},"loc":{"start":{"line":570,"column":16},"end":{"line":570,"column":19}}},"70":{"name":"(anonymous_73)","decl":{"start":{"line":571,"column":16},"end":{"line":571,"column":19}},"loc":{"start":{"line":571,"column":16},"end":{"line":571,"column":19}}},"71":{"name":"(anonymous_74)","decl":{"start":{"line":572,"column":16},"end":{"line":572,"column":19}},"loc":{"start":{"line":572,"column":16},"end":{"line":572,"column":19}}},"72":{"name":"(anonymous_75)","decl":{"start":{"line":573,"column":16},"end":{"line":573,"column":19}},"loc":{"start":{"line":573,"column":16},"end":{"line":573,"column":19}}},"73":{"name":"(anonymous_76)","decl":{"start":{"line":574,"column":16},"end":{"line":574,"column":19}},"loc":{"start":{"line":574,"column":16},"end":{"line":574,"column":19}}},"74":{"name":"(anonymous_77)","decl":{"start":{"line":575,"column":16},"end":{"line":575,"column":19}},"loc":{"start":{"line":575,"column":16},"end":{"line":575,"column":19}}},"75":{"name":"(anonymous_78)","decl":{"start":{"line":576,"column":16},"end":{"line":576,"column":19}},"loc":{"start":{"line":576,"column":16},"end":{"line":576,"column":19}}},"76":{"name":"(anonymous_79)","decl":{"start":{"line":577,"column":16},"end":{"line":577,"column":19}},"loc":{"start":{"line":577,"column":16},"end":{"line":577,"column":19}}},"77":{"name":"(anonymous_80)","decl":{"start":{"line":578,"column":16},"end":{"line":578,"column":19}},"loc":{"start":{"line":578,"column":16},"end":{"line":578,"column":19}}},"78":{"name":"(anonymous_81)","decl":{"start":{"line":579,"column":16},"end":{"line":579,"column":19}},"loc":{"start":{"line":579,"column":16},"end":{"line":579,"column":19}}},"79":{"name":"(anonymous_82)","decl":{"start":{"line":580,"column":16},"end":{"line":580,"column":19}},"loc":{"start":{"line":580,"column":16},"end":{"line":580,"column":19}}},"80":{"name":"(anonymous_83)","decl":{"start":{"line":581,"column":25},"end":{"line":581,"column":null}},"loc":{"start":{"line":581,"column":25},"end":{"line":581,"column":null}}},"81":{"name":"(anonymous_84)","decl":{"start":{"line":596,"column":26},"end":{"line":596,"column":29}},"loc":{"start":{"line":596,"column":26},"end":{"line":596,"column":29}}},"82":{"name":"(anonymous_85)","decl":{"start":{"line":598,"column":18},"end":{"line":598,"column":21}},"loc":{"start":{"line":598,"column":18},"end":{"line":598,"column":21}}},"83":{"name":"(anonymous_86)","decl":{"start":{"line":600,"column":15},"end":{"line":600,"column":null}},"loc":{"start":{"line":600,"column":15},"end":{"line":600,"column":null}}}},"branchMap":{"0":{"loc":{"start":{"line":1,"column":0},"end":{"line":1,"column":13}},"type":"if","locations":[{"start":{"line":1,"column":0},"end":{"line":1,"column":13}},{"start":{"line":1,"column":0},"end":{"line":1,"column":13}}]},"1":{"loc":{"start":{"line":27,"column":32},"end":{"line":27,"column":50}},"type":"cond-expr","locations":[{"start":{"line":27,"column":32},"end":{"line":27,"column":50}},{"start":{"line":27,"column":35},"end":{"line":27,"column":50}}]},"2":{"loc":{"start":{"line":29,"column":4},"end":{"line":29,"column":12}},"type":"binary-expr","locations":[{"start":{"line":29,"column":4},"end":{"line":29,"column":12}},{"start":{"line":30,"column":5},"end":{"line":30,"column":14}},{"start":{"line":30,"column":20},"end":{"line":30,"column":31}}]},"3":{"loc":{"start":{"line":216,"column":17},"end":{"line":216,"column":23}},"type":"binary-expr","locations":[{"start":{"line":216,"column":17},"end":{"line":216,"column":23}},{"start":{"line":216,"column":23},"end":{"line":216,"column":31}}]},"4":{"loc":{"start":{"line":217,"column":18},"end":{"line":217,"column":27}},"type":"binary-expr","locations":[{"start":{"line":217,"column":18},"end":{"line":217,"column":27}},{"start":{"line":217,"column":33},"end":{"line":217,"column":null}}]},"5":{"loc":{"start":{"line":217,"column":39},"end":{"line":217,"column":59}},"type":"binary-expr","locations":[{"start":{"line":217,"column":39},"end":{"line":217,"column":59}},{"start":{"line":217,"column":59},"end":{"line":217,"column":null}}]},"6":{"loc":{"start":{"line":221,"column":17},"end":{"line":221,"column":23}},"type":"binary-expr","locations":[{"start":{"line":221,"column":17},"end":{"line":221,"column":23}},{"start":{"line":221,"column":23},"end":{"line":221,"column":31}}]},"7":{"loc":{"start":{"line":222,"column":18},"end":{"line":222,"column":27}},"type":"binary-expr","locations":[{"start":{"line":222,"column":18},"end":{"line":222,"column":27}},{"start":{"line":222,"column":33},"end":{"line":222,"column":null}}]},"8":{"loc":{"start":{"line":222,"column":39},"end":{"line":222,"column":59}},"type":"binary-expr","locations":[{"start":{"line":222,"column":39},"end":{"line":222,"column":59}},{"start":{"line":222,"column":59},"end":{"line":222,"column":null}}]},"9":{"loc":{"start":{"line":246,"column":35},"end":{"line":246,"column":42}},"type":"cond-expr","locations":[{"start":{"line":246,"column":35},"end":{"line":246,"column":42}},{"start":{"line":246,"column":42},"end":{"line":246,"column":null}}]},"10":{"loc":{"start":{"line":247,"column":4},"end":{"line":248,"column":22}},"type":"switch","locations":[{"start":{"line":247,"column":4},"end":{"line":248,"column":22}},{"start":{"line":247,"column":4},"end":{"line":249,"column":22}},{"start":{"line":247,"column":4},"end":{"line":250,"column":22}},{"start":{"line":247,"column":4},"end":{"line":251,"column":22}},{"start":{"line":247,"column":4},"end":{"line":252,"column":22}},{"start":{"line":247,"column":4},"end":{"line":253,"column":22}}]},"11":{"loc":{"start":{"line":263,"column":35},"end":{"line":263,"column":42}},"type":"cond-expr","locations":[{"start":{"line":263,"column":35},"end":{"line":263,"column":42}},{"start":{"line":263,"column":42},"end":{"line":263,"column":null}}]},"12":{"loc":{"start":{"line":264,"column":4},"end":{"line":265,"column":19}},"type":"switch","locations":[{"start":{"line":264,"column":4},"end":{"line":265,"column":19}},{"start":{"line":264,"column":4},"end":{"line":266,"column":19}},{"start":{"line":264,"column":4},"end":{"line":267,"column":19}},{"start":{"line":264,"column":4},"end":{"line":268,"column":19}},{"start":{"line":264,"column":4},"end":{"line":269,"column":19}},{"start":{"line":264,"column":4},"end":{"line":270,"column":19}}]},"13":{"loc":{"start":{"line":284,"column":6},"end":{"line":284,"column":12}},"type":"binary-expr","locations":[{"start":{"line":284,"column":6},"end":{"line":284,"column":12}},{"start":{"line":284,"column":6},"end":{"line":284,"column":null}}]},"14":{"loc":{"start":{"line":302,"column":6},"end":{"line":302,"column":12}},"type":"binary-expr","locations":[{"start":{"line":302,"column":6},"end":{"line":302,"column":12}},{"start":{"line":302,"column":6},"end":{"line":302,"column":null}}]},"15":{"loc":{"start":{"line":358,"column":6},"end":{"line":354,"column":12}},"type":"if","locations":[{"start":{"line":358,"column":6},"end":{"line":354,"column":12}},{"start":{"line":358,"column":6},"end":{"line":354,"column":12}}]},"16":{"loc":{"start":{"line":361,"column":4},"end":{"line":362,"column":null}},"type":"switch","locations":[{"start":{"line":361,"column":4},"end":{"line":362,"column":null}},{"start":{"line":361,"column":4},"end":{"line":363,"column":null}},{"start":{"line":361,"column":4},"end":{"line":368,"column":9}},{"start":{"line":361,"column":4},"end":{"line":384,"column":9}},{"start":{"line":361,"column":4},"end":{"line":386,"column":null}}]},"17":{"loc":{"start":{"line":365,"column":9},"end":{"line":365,"column":null}},"type":"binary-expr","locations":[{"start":{"line":365,"column":9},"end":{"line":365,"column":null}},{"start":{"line":366,"column":9},"end":{"line":366,"column":null}},{"start":{"line":367,"column":9},"end":{"line":367,"column":null}},{"start":{"line":368,"column":9},"end":{"line":368,"column":null}}]},"18":{"loc":{"start":{"line":368,"column":10},"end":{"line":368,"column":15}},"type":"cond-expr","locations":[{"start":{"line":368,"column":10},"end":{"line":368,"column":15}},{"start":{"line":368,"column":15},"end":{"line":368,"column":21}}]},"19":{"loc":{"start":{"line":378,"column":9},"end":{"line":378,"column":null}},"type":"binary-expr","locations":[{"start":{"line":378,"column":9},"end":{"line":378,"column":null}},{"start":{"line":379,"column":9},"end":{"line":379,"column":null}},{"start":{"line":380,"column":9},"end":{"line":380,"column":null}},{"start":{"line":381,"column":9},"end":{"line":381,"column":null}},{"start":{"line":382,"column":10},"end":{"line":382,"column":17}},{"start":{"line":382,"column":17},"end":{"line":382,"column":24}},{"start":{"line":382,"column":24},"end":{"line":382,"column":null}},{"start":{"line":383,"column":10},"end":{"line":383,"column":17}},{"start":{"line":383,"column":17},"end":{"line":383,"column":24}},{"start":{"line":383,"column":24},"end":{"line":383,"column":null}},{"start":{"line":384,"column":10},"end":{"line":384,"column":17}},{"start":{"line":384,"column":17},"end":{"line":384,"column":24}},{"start":{"line":384,"column":24},"end":{"line":384,"column":null}}]},"20":{"loc":{"start":{"line":409,"column":4},"end":{"line":411,"column":12}},"type":"switch","locations":[{"start":{"line":409,"column":4},"end":{"line":411,"column":12}},{"start":{"line":409,"column":4},"end":{"line":418,"column":null}},{"start":{"line":409,"column":4},"end":{"line":420,"column":null}},{"start":{"line":409,"column":4},"end":{"line":423,"column":12}}]},"21":{"loc":{"start":{"line":443,"column":4},"end":{"line":443,"column":11}},"type":"switch","locations":[{"start":{"line":443,"column":4},"end":{"line":443,"column":11}},{"start":{"line":443,"column":4},"end":{"line":444,"column":31}},{"start":{"line":443,"column":4},"end":{"line":443,"column":11}},{"start":{"line":443,"column":4},"end":{"line":445,"column":33}},{"start":{"line":443,"column":4},"end":{"line":443,"column":11}},{"start":{"line":443,"column":4},"end":{"line":446,"column":32}},{"start":{"line":443,"column":4},"end":{"line":443,"column":11}},{"start":{"line":443,"column":4},"end":{"line":447,"column":36}},{"start":{"line":443,"column":4},"end":{"line":443,"column":11}},{"start":{"line":443,"column":4},"end":{"line":443,"column":11}},{"start":{"line":443,"column":4},"end":{"line":448,"column":50}},{"start":{"line":443,"column":4},"end":{"line":443,"column":11}},{"start":{"line":443,"column":4},"end":{"line":449,"column":34}},{"start":{"line":443,"column":4},"end":{"line":443,"column":11}},{"start":{"line":443,"column":4},"end":{"line":450,"column":30}},{"start":{"line":443,"column":4},"end":{"line":451,"column":21}}]},"22":{"loc":{"start":{"line":454,"column":7},"end":{"line":454,"column":14}},"type":"binary-expr","locations":[{"start":{"line":454,"column":7},"end":{"line":454,"column":14}},{"start":{"line":454,"column":14},"end":{"line":454,"column":21}},{"start":{"line":454,"column":21},"end":{"line":454,"column":null}}]},"23":{"loc":{"start":{"line":455,"column":23},"end":{"line":455,"column":32}},"type":"cond-expr","locations":[{"start":{"line":455,"column":23},"end":{"line":455,"column":32}},{"start":{"line":455,"column":32},"end":{"line":455,"column":null}}]},"24":{"loc":{"start":{"line":456,"column":23},"end":{"line":456,"column":32}},"type":"cond-expr","locations":[{"start":{"line":456,"column":23},"end":{"line":456,"column":32}},{"start":{"line":456,"column":32},"end":{"line":456,"column":null}}]},"25":{"loc":{"start":{"line":457,"column":23},"end":{"line":457,"column":32}},"type":"cond-expr","locations":[{"start":{"line":457,"column":23},"end":{"line":457,"column":32}},{"start":{"line":457,"column":32},"end":{"line":457,"column":null}}]},"26":{"loc":{"start":{"line":458,"column":23},"end":{"line":458,"column":32}},"type":"cond-expr","locations":[{"start":{"line":458,"column":23},"end":{"line":458,"column":32}},{"start":{"line":458,"column":32},"end":{"line":458,"column":null}}]},"27":{"loc":{"start":{"line":461,"column":23},"end":{"line":461,"column":32}},"type":"cond-expr","locations":[{"start":{"line":461,"column":23},"end":{"line":461,"column":32}},{"start":{"line":461,"column":32},"end":{"line":461,"column":null}}]},"28":{"loc":{"start":{"line":462,"column":23},"end":{"line":462,"column":32}},"type":"cond-expr","locations":[{"start":{"line":462,"column":23},"end":{"line":462,"column":32}},{"start":{"line":462,"column":32},"end":{"line":462,"column":null}}]},"29":{"loc":{"start":{"line":463,"column":23},"end":{"line":463,"column":32}},"type":"cond-expr","locations":[{"start":{"line":463,"column":23},"end":{"line":463,"column":32}},{"start":{"line":463,"column":32},"end":{"line":463,"column":null}}]},"30":{"loc":{"start":{"line":464,"column":23},"end":{"line":464,"column":32}},"type":"cond-expr","locations":[{"start":{"line":464,"column":23},"end":{"line":464,"column":32}},{"start":{"line":464,"column":32},"end":{"line":464,"column":null}}]},"31":{"loc":{"start":{"line":476,"column":17},"end":{"line":476,"column":18}},"type":"binary-expr","locations":[{"start":{"line":476,"column":17},"end":{"line":476,"column":18}},{"start":{"line":476,"column":35},"end":{"line":476,"column":36}}]},"32":{"loc":{"start":{"line":546,"column":36},"end":{"line":546,"column":52}},"type":"cond-expr","locations":[{"start":{"line":546,"column":36},"end":{"line":546,"column":52}},{"start":{"line":546,"column":52},"end":{"line":546,"column":null}}]},"33":{"loc":{"start":{"line":550,"column":4},"end":{"line":550,"column":null}},"type":"binary-expr","locations":[{"start":{"line":550,"column":4},"end":{"line":550,"column":null}},{"start":{"line":550,"column":4},"end":{"line":552,"column":34}}]},"34":{"loc":{"start":{"line":551,"column":32},"end":{"line":551,"column":33}},"type":"cond-expr","locations":[{"start":{"line":551,"column":32},"end":{"line":551,"column":33}},{"start":{"line":552,"column":33},"end":{"line":552,"column":34}}]},"35":{"loc":{"start":{"line":570,"column":19},"end":{"line":570,"column":35}},"type":"cond-expr","locations":[{"start":{"line":570,"column":19},"end":{"line":570,"column":35}},{"start":{"line":570,"column":19},"end":{"line":570,"column":null}}]},"36":{"loc":{"start":{"line":570,"column":35},"end":{"line":570,"column":36}},"type":"binary-expr","locations":[{"start":{"line":570,"column":35},"end":{"line":570,"column":36}},{"start":{"line":570,"column":53},"end":{"line":570,"column":null}}]},"37":{"loc":{"start":{"line":571,"column":19},"end":{"line":571,"column":35}},"type":"cond-expr","locations":[{"start":{"line":571,"column":19},"end":{"line":571,"column":35}},{"start":{"line":571,"column":19},"end":{"line":571,"column":null}}]},"38":{"loc":{"start":{"line":571,"column":35},"end":{"line":571,"column":36}},"type":"binary-expr","locations":[{"start":{"line":571,"column":35},"end":{"line":571,"column":36}},{"start":{"line":571,"column":53},"end":{"line":571,"column":null}}]},"39":{"loc":{"start":{"line":572,"column":19},"end":{"line":572,"column":35}},"type":"cond-expr","locations":[{"start":{"line":572,"column":19},"end":{"line":572,"column":35}},{"start":{"line":572,"column":19},"end":{"line":572,"column":null}}]},"40":{"loc":{"start":{"line":572,"column":35},"end":{"line":572,"column":36}},"type":"binary-expr","locations":[{"start":{"line":572,"column":35},"end":{"line":572,"column":36}},{"start":{"line":572,"column":53},"end":{"line":572,"column":null}}]},"41":{"loc":{"start":{"line":576,"column":19},"end":{"line":576,"column":35}},"type":"cond-expr","locations":[{"start":{"line":576,"column":19},"end":{"line":576,"column":35}},{"start":{"line":576,"column":19},"end":{"line":576,"column":null}}]},"42":{"loc":{"start":{"line":576,"column":35},"end":{"line":576,"column":36}},"type":"binary-expr","locations":[{"start":{"line":576,"column":35},"end":{"line":576,"column":36}},{"start":{"line":576,"column":53},"end":{"line":576,"column":null}}]},"43":{"loc":{"start":{"line":577,"column":19},"end":{"line":577,"column":35}},"type":"cond-expr","locations":[{"start":{"line":577,"column":19},"end":{"line":577,"column":35}},{"start":{"line":577,"column":19},"end":{"line":577,"column":null}}]},"44":{"loc":{"start":{"line":577,"column":35},"end":{"line":577,"column":36}},"type":"binary-expr","locations":[{"start":{"line":577,"column":35},"end":{"line":577,"column":36}},{"start":{"line":577,"column":53},"end":{"line":577,"column":null}}]},"45":{"loc":{"start":{"line":578,"column":19},"end":{"line":578,"column":35}},"type":"cond-expr","locations":[{"start":{"line":578,"column":19},"end":{"line":578,"column":35}},{"start":{"line":578,"column":19},"end":{"line":578,"column":null}}]},"46":{"loc":{"start":{"line":578,"column":35},"end":{"line":578,"column":36}},"type":"binary-expr","locations":[{"start":{"line":578,"column":35},"end":{"line":578,"column":36}},{"start":{"line":578,"column":53},"end":{"line":578,"column":null}}]},"47":{"loc":{"start":{"line":579,"column":19},"end":{"line":579,"column":35}},"type":"cond-expr","locations":[{"start":{"line":579,"column":19},"end":{"line":579,"column":35}},{"start":{"line":579,"column":19},"end":{"line":579,"column":null}}]},"48":{"loc":{"start":{"line":579,"column":35},"end":{"line":579,"column":36}},"type":"binary-expr","locations":[{"start":{"line":579,"column":35},"end":{"line":579,"column":36}},{"start":{"line":579,"column":53},"end":{"line":579,"column":null}}]},"49":{"loc":{"start":{"line":580,"column":19},"end":{"line":580,"column":35}},"type":"cond-expr","locations":[{"start":{"line":580,"column":19},"end":{"line":580,"column":35}},{"start":{"line":580,"column":19},"end":{"line":580,"column":null}}]},"50":{"loc":{"start":{"line":580,"column":35},"end":{"line":580,"column":36}},"type":"binary-expr","locations":[{"start":{"line":580,"column":35},"end":{"line":580,"column":36}},{"start":{"line":580,"column":53},"end":{"line":580,"column":null}}]},"51":{"loc":{"start":{"line":588,"column":9},"end":{"line":588,"column":35}},"type":"binary-expr","locations":[{"start":{"line":588,"column":9},"end":{"line":588,"column":35}},{"start":{"line":588,"column":35},"end":{"line":588,"column":null}}]},"52":{"loc":{"start":{"line":590,"column":14},"end":{"line":590,"column":40}},"type":"binary-expr","locations":[{"start":{"line":590,"column":14},"end":{"line":590,"column":40}},{"start":{"line":590,"column":40},"end":{"line":590,"column":null}}]},"53":{"loc":{"start":{"line":615,"column":6},"end":{"line":616,"column":39}},"type":"switch","locations":[{"start":{"line":615,"column":6},"end":{"line":616,"column":39}},{"start":{"line":615,"column":6},"end":{"line":617,"column":null}},{"start":{"line":615,"column":6},"end":{"line":618,"column":null}}]},"54":{"loc":{"start":{"line":616,"column":54},"end":{"line":616,"column":61}},"type":"cond-expr","locations":[{"start":{"line":616,"column":54},"end":{"line":616,"column":61}},{"start":{"line":616,"column":61},"end":{"line":616,"column":null}}]}},"s":{"0":930,"1":6,"2":6,"3":6,"4":6,"5":6,"6":36,"7":6,"8":6,"9":6,"10":945,"11":6,"12":0,"13":6,"14":6,"15":6,"16":6,"17":3,"18":56,"19":886,"20":6,"21":0,"22":0,"23":0,"24":0,"25":0,"26":0,"27":0,"28":0,"29":0,"30":0,"31":6,"32":6,"33":0,"34":0,"35":6,"36":25,"37":0,"38":28,"39":28,"40":28,"41":28,"42":28,"43":28,"44":28,"45":28,"46":14,"47":1,"48":1,"49":5,"50":4,"51":3,"52":6,"53":0,"54":0,"55":0,"56":0,"57":0,"58":0,"59":0,"60":0,"61":0,"62":0,"63":0,"64":0,"65":0,"66":0,"67":6,"68":0,"69":0,"70":0,"71":6,"72":857,"73":857,"74":5,"75":3,"76":5,"77":5,"78":5,"79":5,"80":5,"81":2,"82":2,"83":2,"84":2,"85":834,"86":831,"87":834,"88":834,"89":834,"90":834,"91":834,"92":5,"93":5,"94":5,"95":5,"96":5,"97":9,"98":9,"99":9,"100":9,"101":9,"102":0,"103":0,"104":0,"105":0,"106":0,"107":0,"108":0,"109":0,"110":6,"111":926,"112":926,"113":926,"114":926,"115":926,"116":6,"117":69,"118":29,"119":29,"120":29,"121":1,"122":0,"123":68,"124":68,"125":68,"126":68,"127":58,"128":6,"129":20,"130":0,"131":0,"132":0,"133":20,"134":20,"135":20,"136":20,"137":20,"138":20,"139":20,"140":20,"141":0,"142":6,"143":3,"144":3,"145":0,"146":0,"147":3,"148":3,"149":6,"150":0,"151":0,"152":0,"153":0,"154":0,"155":0,"156":0,"157":0,"158":6,"159":1,"160":6,"161":0,"162":6,"163":0,"164":6,"165":0,"166":6,"167":0,"168":6,"169":6,"170":0,"171":6,"172":0,"173":6,"174":0,"175":6,"176":0,"177":6,"178":0,"179":0,"180":0,"181":0,"182":0,"183":0,"184":0,"185":0,"186":0,"187":6,"188":0,"189":0,"190":0,"191":0,"192":0,"193":0,"194":0,"195":0,"196":0,"197":0,"198":6,"199":6,"200":105,"201":105,"202":6,"203":2,"204":0,"205":0,"206":0,"207":0,"208":0,"209":2,"210":31,"211":31,"212":0,"213":25,"214":0,"215":0,"216":0,"217":0,"218":0,"219":0,"220":31,"221":0,"222":0,"223":0,"224":3,"225":0,"226":0,"227":3,"228":3,"229":1,"230":3,"231":24,"232":0,"233":0,"234":0,"235":0,"236":0,"237":27,"238":24,"239":6,"240":2,"241":2,"242":6,"243":4,"244":6,"245":0,"246":0,"247":0,"248":0,"249":6,"250":0,"251":6,"252":0,"253":0,"254":0,"255":6,"256":13,"257":5,"258":4,"259":0,"260":0,"261":0,"262":3,"263":1,"264":1,"265":2,"266":2,"267":0,"268":0,"269":0,"270":0,"271":0,"272":0,"273":0,"274":0,"275":0,"276":6,"277":0,"278":6,"279":6,"280":6,"281":0,"282":6,"283":6,"284":6,"285":3,"286":0,"287":3,"288":6,"289":6,"290":6,"291":888,"292":6},"f":{"0":12,"1":42,"2":6,"3":945,"4":0,"5":945,"6":0,"7":0,"8":28,"9":0,"10":0,"11":857,"12":926,"13":69,"14":20,"15":3,"16":0,"17":1,"18":0,"19":0,"20":0,"21":0,"22":0,"23":0,"24":0,"25":0,"26":0,"27":0,"28":105,"29":2,"30":0,"31":0,"32":0,"33":0,"34":0,"35":2,"36":31,"37":31,"38":0,"39":25,"40":0,"41":0,"42":0,"43":0,"44":0,"45":0,"46":31,"47":0,"48":0,"49":0,"50":3,"51":0,"52":0,"53":3,"54":1,"55":3,"56":24,"57":0,"58":0,"59":0,"60":0,"61":27,"62":24,"63":2,"64":4,"65":0,"66":0,"67":0,"68":0,"69":13,"70":5,"71":4,"72":0,"73":0,"74":0,"75":3,"76":1,"77":1,"78":2,"79":2,"80":0,"81":0,"82":0,"83":6},"b":{"0":[438,12],"1":[944,1],"2":[0,0,0],"3":[945,917],"4":[942,913],"5":[913,912],"6":[0,0],"7":[0,0],"8":[0,0],"9":[0,28],"10":[14,1,1,5,4,3],"11":[0,0],"12":[0,0,0,0,0,0],"13":[5,3],"14":[834,831],"15":[58,10],"16":[0,0,0,20,0],"17":[0,0,0,0],"18":[0,0],"19":[20,20,20,20,20,1,1,19,0,0,19,0,0],"20":[0,0,0,0],"21":[0,0,0,0,0,0,0,0,0,0,0,0,0,0,0,0],"22":[0,0,0],"23":[0,0],"24":[0,0],"25":[0,0],"26":[0,0],"27":[0,0],"28":[0,0],"29":[0,0],"30":[0,0],"31":[0,0],"32":[2,0],"33":[4,4],"34":[1,3],"35":[11,2],"36":[2,2],"37":[3,2],"38":[2,2],"39":[2,2],"40":[2,2],"41":[3,0],"42":[0,0],"43":[1,0],"44":[0,0],"45":[1,0],"46":[0,0],"47":[2,0],"48":[0,0],"49":[2,0],"50":[0,0],"51":[0,0],"52":[0,0],"53":[3,0,3],"54":[3,0]}}
,"/Users/shanebdavis/dev/imikimi/npm/art-atomic/source-source/Art.Atomic/Matrix.coffee": {"path":"/Users/shanebdavis/dev/imikimi/npm/art-atomic/source-source/Art.Atomic/Matrix.coffee","statementMap":{"0":{"start":{"line":1,"column":0},"end":{"line":1,"column":null}},"1":{"start":{"line":56,"column":0},"end":{"line":56,"column":21}},"2":{"start":{"line":57,"column":0},"end":{"line":57,"column":21}},"3":{"start":{"line":58,"column":0},"end":{"line":58,"column":21}},"4":{"start":{"line":60,"column":1},"end":{"line":60,"column":null}},"5":{"start":{"line":61,"column":1},"end":{"line":61,"column":null}},"6":{"start":{"line":62,"column":1},"end":{"line":62,"column":null}},"7":{"start":{"line":63,"column":0},"end":{"line":66,"column":null}},"8":{"start":{"line":69,"column":0},"end":{"line":69,"column":13}},"9":{"start":{"line":70,"column":2},"end":{"line":70,"column":3}},"10":{"start":{"line":71,"column":2},"end":{"line":71,"column":25}},"11":{"start":{"line":71,"column":31},"end":{"line":71,"column":null}},"12":{"start":{"line":73,"column":2},"end":{"line":73,"column":21}},"13":{"start":{"line":75,"column":6},"end":{"line":75,"column":null}},"14":{"start":{"line":77,"column":6},"end":{"line":77,"column":null}},"15":{"start":{"line":79,"column":6},"end":{"line":79,"column":10}},"16":{"start":{"line":81,"column":2},"end":{"line":81,"column":34}},"17":{"start":{"line":82,"column":4},"end":{"line":86,"column":7}},"18":{"start":{"line":87,"column":4},"end":{"line":87,"column":null}},"19":{"start":{"line":89,"column":2},"end":{"line":89,"column":15}},"20":{"start":{"line":90,"column":4},"end":{"line":90,"column":14}},"21":{"start":{"line":92,"column":6},"end":{"line":92,"column":null}},"22":{"start":{"line":94,"column":7},"end":{"line":94,"column":null}},"23":{"start":{"line":96,"column":4},"end":{"line":96,"column":10}},"24":{"start":{"line":98,"column":2},"end":{"line":98,"column":17}},"25":{"start":{"line":100,"column":6},"end":{"line":100,"column":null}},"26":{"start":{"line":102,"column":6},"end":{"line":102,"column":10}},"27":{"start":{"line":104,"column":2},"end":{"line":104,"column":11}},"28":{"start":{"line":105,"column":4},"end":{"line":105,"column":14}},"29":{"start":{"line":107,"column":6},"end":{"line":107,"column":null}},"30":{"start":{"line":109,"column":7},"end":{"line":109,"column":null}},"31":{"start":{"line":111,"column":4},"end":{"line":111,"column":10}},"32":{"start":{"line":113,"column":2},"end":{"line":113,"column":13}},"33":{"start":{"line":115,"column":6},"end":{"line":115,"column":null}},"34":{"start":{"line":117,"column":6},"end":{"line":117,"column":10}},"35":{"start":{"line":119,"column":2},"end":{"line":119,"column":12}},"36":{"start":{"line":120,"column":4},"end":{"line":120,"column":15}},"37":{"start":{"line":121,"column":4},"end":{"line":121,"column":15}},"38":{"start":{"line":124,"column":6},"end":{"line":124,"column":null}},"39":{"start":{"line":127,"column":6},"end":{"line":127,"column":10}},"40":{"start":{"line":140,"column":2},"end":{"line":140,"column":16}},"41":{"start":{"line":142,"column":4},"end":{"line":142,"column":null}},"42":{"start":{"line":143,"column":4},"end":{"line":143,"column":null}},"43":{"start":{"line":145,"column":4},"end":{"line":145,"column":null}},"44":{"start":{"line":146,"column":4},"end":{"line":146,"column":null}},"45":{"start":{"line":148,"column":4},"end":{"line":148,"column":11}},"46":{"start":{"line":149,"column":4},"end":{"line":149,"column":11}},"47":{"start":{"line":151,"column":4},"end":{"line":151,"column":null}},"48":{"start":{"line":152,"column":4},"end":{"line":152,"column":null}},"49":{"start":{"line":154,"column":4},"end":{"line":154,"column":14}},"50":{"start":{"line":158,"column":6},"end":{"line":158,"column":null}},"51":{"start":{"line":159,"column":6},"end":{"line":159,"column":null}},"52":{"start":{"line":160,"column":6},"end":{"line":160,"column":11}},"53":{"start":{"line":161,"column":6},"end":{"line":157,"column":7}},"54":{"start":{"line":161,"column":6},"end":{"line":161,"column":11}},"55":{"start":{"line":163,"column":4},"end":{"line":163,"column":5}},"56":{"start":{"line":165,"column":2},"end":{"line":165,"column":21}},"57":{"start":{"line":167,"column":4},"end":{"line":167,"column":11}},"58":{"start":{"line":168,"column":4},"end":{"line":168,"column":11}},"59":{"start":{"line":177,"column":2},"end":{"line":177,"column":null}},"60":{"start":{"line":178,"column":4},"end":{"line":178,"column":null}},"61":{"start":{"line":179,"column":4},"en
[...]
"name":"(anonymous_13)","decl":{"start":{"line":95,"column":12},"end":{"line":95,"column":15}},"loc":{"start":{"line":95,"column":12},"end":{"line":95,"column":15}}},"11":{"name":"(anonymous_14)","decl":{"start":{"line":96,"column":12},"end":{"line":96,"column":15}},"loc":{"start":{"line":96,"column":12},"end":{"line":96,"column":15}}},"12":{"name":"(anonymous_15)","decl":{"start":{"line":97,"column":13},"end":{"line":97,"column":16}},"loc":{"start":{"line":97,"column":13},"end":{"line":97,"column":16}}},"13":{"name":"(anonymous_16)","decl":{"start":{"line":105,"column":8},"end":{"line":105,"column":11}},"loc":{"start":{"line":105,"column":8},"end":{"line":105,"column":11}}},"14":{"name":"(anonymous_17)","decl":{"start":{"line":106,"column":8},"end":{"line":106,"column":11}},"loc":{"start":{"line":106,"column":8},"end":{"line":106,"column":11}}},"15":{"name":"(anonymous_18)","decl":{"start":{"line":107,"column":8},"end":{"line":107,"column":11}},"loc":{"start":{"line":107,"column":8},"end":{"line":107,"column":11}}},"16":{"name":"(anonymous_19)","decl":{"start":{"line":108,"column":8},"end":{"line":108,"column":11}},"loc":{"start":{"line":108,"column":8},"end":{"line":108,"column":11}}},"17":{"name":"(anonymous_20)","decl":{"start":{"line":109,"column":8},"end":{"line":109,"column":11}},"loc":{"start":{"line":109,"column":8},"end":{"line":109,"column":11}}},"18":{"name":"(anonymous_21)","decl":{"start":{"line":110,"column":8},"end":{"line":110,"column":11}},"loc":{"start":{"line":110,"column":8},"end":{"line":110,"column":11}}},"19":{"name":"(anonymous_22)","decl":{"start":{"line":111,"column":8},"end":{"line":111,"column":11}},"loc":{"start":{"line":111,"column":8},"end":{"line":111,"column":11}}},"20":{"name":"(anonymous_23)","decl":{"start":{"line":112,"column":8},"end":{"line":112,"column":11}},"loc":{"start":{"line":112,"column":8},"end":{"line":112,"column":11}}},"21":{"name":"(anonymous_24)","decl":{"start":{"line":113,"column":8},"end":{"line":113,"column":11}},"loc":{"start":{"line":113,"column":8},"end":{"line":113,"column":11}}},"22":{"name":"(anonymous_25)","decl":{"start":{"line":116,"column":18},"end":{"line":116,"column":21}},"loc":{"start":{"line":116,"column":18},"end":{"line":116,"column":21}}},"23":{"name":"(anonymous_26)","decl":{"start":{"line":117,"column":18},"end":{"line":117,"column":21}},"loc":{"start":{"line":117,"column":18},"end":{"line":117,"column":21}}},"24":{"name":"(anonymous_27)","decl":{"start":{"line":118,"column":18},"end":{"line":118,"column":21}},"loc":{"start":{"line":118,"column":18},"end":{"line":118,"column":21}}},"25":{"name":"(anonymous_28)","decl":{"start":{"line":119,"column":18},"end":{"line":119,"column":21}},"loc":{"start":{"line":119,"column":18},"end":{"line":119,"column":21}}},"26":{"name":"(anonymous_29)","decl":{"start":{"line":120,"column":18},"end":{"line":120,"column":21}},"loc":{"start":{"line":120,"column":18},"end":{"line":120,"column":21}}},"27":{"name":"(anonymous_30)","decl":{"start":{"line":121,"column":18},"end":{"line":121,"column":21}},"loc":{"start":{"line":121,"column":18},"end":{"line":121,"column":21}}},"28":{"name":"(anonymous_31)","decl":{"start":{"line":122,"column":18},"end":{"line":122,"column":21}},"loc":{"start":{"line":122,"column":18},"end":{"line":122,"column":21}}},"29":{"name":"(anonymous_32)","decl":{"start":{"line":123,"column":18},"end":{"line":123,"column":21}},"loc":{"start":{"line":123,"column":18},"end":{"line":123,"column":21}}},"30":{"name":"(anonymous_33)","decl":{"start":{"line":124,"column":18},"end":{"line":124,"column":21}},"loc":{"start":{"line":124,"column":18},"end":{"line":124,"column":21}}},"31":{"name":"(anonymous_34)","decl":{"start":{"line":126,"column":20},"end":{"line":126,"column":23}},"loc":{"start":{"line":126,"column":20},"end":{"line":126,"column":23}}},"32":{"name":"(anonymous_35)","decl":{"start":{"line":127,"column":9},"end":{"line":127,"column":12}},"loc":{"start":{"line":127,"column":9},"end":{"line":127,"column":12}}},"33":{"name":"(anonymous_36)","decl":{"start":{"line":128,"column":10},"end":{"line":128,"column":13}},"loc":{"start":{"line":128,"column":10},"end":{"line":128,"column":13}}},"34":{"name":"(anonymous_37)","decl":{"start":{"line":129,"column":11},"end":{"line":129,"column":14}},"loc":{"start":{"line":129,"column":11},"end":{"line":129,"column":14}}},"35":{"name":"(anonymous_38)","decl":{"start":{"line":130,"column":12},"end":{"line":130,"column":15}},"loc":{"start":{"line":130,"column":12},"end":{"line":130,"column":15}}},"36":{"name":"(anonymous_39)","decl":{"start":{"line":131,"column":13},"end":{"line":131,"column":16}},"loc":{"start":{"line":131,"column":13},"end":{"line":131,"column":16}}},"37":{"name":"(anonymous_40)","decl":{"start":{"line":132,"column":13},"end":{"line":132,"column":16}},"loc":{"start":{"line":132,"column":13},"end":{"line":132,"column":16}}},"38":{"name":"(anonymous_41)","decl":{"start":{"line":133,"column":14},"end":{"line":133,"column":17}},"loc":{"start":{"line":133,"column":14},"end":{"line":133,"column":17}}},"39":{"name":"(anonymous_42)","decl":{"start":{"line":134,"column":16},"end":{"line":134,"column":null}},"loc":{"start":{"line":134,"column":16},"end":{"line":134,"column":null}}},"40":{"name":"(anonymous_43)","decl":{"start":{"line":150,"column":10},"end":{"line":150,"column":13}},"loc":{"start":{"line":150,"column":10},"end":{"line":150,"column":13}}},"41":{"name":"(anonymous_44)","decl":{"start":{"line":154,"column":13},"end":{"line":154,"column":null}},"loc":{"start":{"line":154,"column":13},"end":{"line":154,"column":null}}},"42":{"name":"(anonymous_45)","decl":{"start":{"line":167,"column":10},"end":{"line":167,"column":11}},"loc":{"start":{"line":167,"column":10},"end":{"line":167,"column":11}}},"43":{"name":"(anonymous_46)","decl":{"start":{"line":168,"column":10},"end":{"line":168,"column":11}},"loc":{"start":{"line":168,"column":10},"end":{"line":168,"column":11}}},"44":{"name":"(anonymous_47)","decl":{"start":{"line":169,"column":16},"end":{"line":169,"column":17}},"loc":{"start":{"line":169,"column":16},"end":{"line":169,"column":17}}},"45":{"name":"(anonymous_48)","decl":{"start":{"line":170,"column":16},"end":{"line":170,"column":17}},"loc":{"start":{"line":170,"column":16},"end":{"line":170,"column":17}}},"46":{"name":"(anonymous_49)","decl":{"start":{"line":172,"column":11},"end":{"line":172,"column":12}},"loc":{"start":{"line":172,"column":11},"end":{"line":172,"column":12}}},"47":{"name":"(anonymous_50)","decl":{"start":{"line":174,"column":22},"end":{"line":174,"column":23}},"loc":{"start":{"line":174,"column":22},"end":{"line":174,"column":23}}},"48":{"name":"(anonymous_51)","decl":{"start":{"line":175,"column":21},"end":{"line":175,"column":22}},"loc":{"start":{"line":175,"column":21},"end":{"line":175,"column":22}}},"49":{"name":"(anonymous_52)","decl":{"start":{"line":181,"column":36},"end":{"line":181,"column":37}},"loc":{"start":{"line":181,"column":36},"end":{"line":181,"column":37}}},"50":{"name":"(anonymous_53)","decl":{"start":{"line":194,"column":12},"end":{"line":194,"column":13}},"loc":{"start":{"line":194,"column":12},"end":{"line":194,"column":13}}},"51":{"name":"(anonymous_54)","decl":{"start":{"line":209,"column":12},"end":{"line":209,"column":13}},"loc":{"start":{"line":209,"column":12},"end":{"line":209,"column":13}}},"52":{"name":"(anonymous_55)","decl":{"start":{"line":225,"column":9},"end":{"line":225,"column":10}},"loc":{"start":{"line":225,"column":9},"end":{"line":225,"column":10}}},"53":{"name":"(anonymous_56)","decl":{"start":{"line":235,"column":12},"end":{"line":235,"column":13}},"loc":{"start":{"line":235,"column":12},"end":{"line":235,"column":13}}},"54":{"name":"(anonymous_57)","decl":{"start":{"line":244,"column":11},"end":{"line":244,"column":12}},"loc":{"start":{"line":244,"column":11},"end":{"line":244,"column":12}}},"55":{"name":"(anonymous_58)","decl":{"start":{"line":251,"column":9},"end":{"line":251,"column":10}},"loc":{"start":{"line":251,"column":9},"end":{"line":251,"column":10}}},"56":{"name":"(anonymous_59)","decl":{"start":{"line":260,"column":13},"end":{"line":260,"column":14}},"loc":{"start":{"line":260,"column":13},"end":{"line":260,"column":14}}},"57":{"name":"(anonymous_60)","decl":{"start":{"line":280,"column":15},"end":{"line":280,"column":16}},"loc":{"start":{"line":280,"column":15},"end":{"line":280,"column":16}}},"58":{"name":"(anonymous_61)","decl":{"start":{"line":287,"column":21},"end":{"line":287,"column":22}},"loc":{"start":{"line":287,"column":21},"end":{"line":287,"column":22}}},"59":{"name":"(anonymous_62)","decl":{"start":{"line":296,"column":17},"end":{"line":296,"column":18}},"loc":{"start":{"line":296,"column":17},"end":{"line":296,"column":18}}},"60":{"name":"(anonymous_63)","decl":{"start":{"line":297,"column":17},"end":{"line":297,"column":18}},"loc":{"start":{"line":297,"column":17},"end":{"line":297,"column":18}}},"61":{"name":"(anonymous_64)","decl":{"start":{"line":325,"column":17},"end":{"line":325,"column":18}},"loc":{"start":{"line":325,"column":17},"end":{"line":325,"column":18}}},"62":{"name":"(anonymous_65)","decl":{"start":{"line":351,"column":8},"end":{"line":351,"column":9}},"loc":{"start":{"line":351,"column":8},"end":{"line":351,"column":9}}},"63":{"name":"(anonymous_66)","decl":{"start":{"line":360,"column":10},"end":{"line":360,"column":11}},"loc":{"start":{"line":360,"column":10},"end":{"line":360,"column":11}}},"64":{"name":"(anonymous_67)","decl":{"start":{"line":361,"column":10},"end":{"line":361,"column":11}},"loc":{"start":{"line":361,"column":10},"end":{"line":361,"column":11}}},"65":{"name":"(anonymous_68)","decl":{"start":{"line":367,"column":12},"end":{"line":367,"column":13}},"loc":{"start":{"line":367,"column":12},"end":{"line":367,"column":13}}},"66":{"name":"(anonymous_69)","decl":{"start":{"line":370,"column":10},"end":{"line":370,"column":11}},"loc":{"start":{"line":370,"column":10},"end":{"line":370,"column":11}}}},"branchMap":{"0":{"loc":{"start":{"line":1,"column":0},"end":{"line":1,"column":14}},"type":"if","locations":[{"start":{"line":1,"column":0},"end":{"line":1,"column":14}},{"start":{"line":1,"column":0},"end":{"line":1,"column":14}}]},"1":{"loc":{"start":{"line":31,"column":27},"end":{"line":31,"column":45}},"type":"cond-expr","locations":[{"start":{"line":31,"column":27},"end":{"line":31,"column":45}},{"start":{"line":31,"column":30},"end":{"line":31,"column":45}}]},"2":{"loc":{"start":{"line":72,"column":6},"end":{"line":71,"column":12}},"type":"if","locations":[{"start":{"line":72,"column":6},"end":{"line":71,"column":12}},{"start":{"line":72,"column":6},"end":{"line":71,"column":12}}]},"3":{"loc":{"start":{"line":126,"column":23},"end":{"line":126,"column":31}},"type":"binary-expr","locations":[{"start":{"line":126,"column":23},"end":{"line":126,"column":31}},{"start":{"line":126,"column":41},"end":{"line":126,"column":49}}]},"4":{"loc":{"start":{"line":133,"column":17},"end":{"line":133,"column":35}},"type":"binary-expr","locations":[{"start":{"line":133,"column":17},"end":{"line":133,"column":35}},{"start":{"line":133,"column":35},"end":{"line":133,"column":null}}]},"5":{"loc":{"start":{"line":137,"column":9},"end":{"line":137,"column":19}},"type":"binary-expr","locations":[{"start":{"line":137,"column":9},"end":{"line":137,"column":19}},{"start":{"line":137,"column":19},"end":{"line":137,"column":null}}]},"6":{"loc":{"start":{"line":167,"column":28},"end":{"line":167,"column":36}},"type":"binary-expr","locations":[{"start":{"line":167,"column":28},"end":{"line":167,"column":36}},{"start":{"line":167,"column":46},"end":{"line":167,"column":54}}]},"7":{"loc":{"start":{"line":168,"column":28},"end":{"line":168,"column":36}},"type":"binary-expr","locations":[{"start":{"line":168,"column":28},"end":{"line":168,"column":36}},{"start":{"line":168,"column":46},"end":{"line":168,"column":54}}]},"8":{"loc":{"start":{"line":197,"column":7},"end":{"line":197,"column":15}},"type":"binary-expr","locations":[{"start":{"line":197,"column":7},"end":{"line":197,"column":15}},{"start":{"line":197,"column":31},"end":{"line":197,"column":39}}]},"9":{"loc":{"start":{"line":198,"column":6},"end":{"line":198,"column":15}},"type":"binary-expr","locations":[{"start":{"line":198,"column":6},"end":{"line":198,"column":15}},{"start":{"line":199,"column":6},"end":{"line":199,"column":15}},{"start":{"line":200,"column":6},"end":{"line":200,"column":14}},{"start":{"line":201,"column":6},"end":{"line":201,"column":14}}]},"10":{"loc":{"start":{"line":204,"column":6},"end":{"line":204,"column":14}},"type":"binary-expr","locations":[{"start":{"line":204,"column":6},"end":{"line":204,"column":14}},{"start":{"line":205,"column":6},"end":{"line":205,"column":14}},{"start":{"line":206,"column":6},"end":{"line":206,"column":14}},{"start":{"line":207,"column":6},"end":{"line":207,"column":14}}]},"11":{"loc":{"start":{"line":213,"column":7},"end":{"line":213,"column":15}},"type":"binary-expr","locations":[{"start":{"line":213,"column":7},"end":{"line":213,"column":15}},{"start":{"line":213,"column":31},"end":{"line":213,"column":39}}]},"12":{"loc":{"start":{"line":214,"column":6},"end":{"line":214,"column":15}},"type":"binary-expr","locations":[{"start":{"line":214,"column":6},"end":{"line":214,"column":15}},{"start":{"line":215,"column":6},"end":{"line":215,"column":15}},{"start":{"line":216,"column":6},"end":{"line":216,"column":14}},{"start":{"line":217,"column":6},"end":{"line":217,"column":14}}]},"13":{"loc":{"start":{"line":219,"column":6},"end":{"line":219,"column":15}},"type":"binary-expr","locations":[{"start":{"line":219,"column":6},"end":{"line":219,"column":15}},{"start":{"line":220,"column":6},"end":{"line":220,"column":15}},{"start":{"line":221,"column":6},"end":{"line":221,"column":15}},{"start":{"line":222,"column":6},"end":{"line":222,"column":15}}]},"14":{"loc":{"start":{"line":265,"column":19},"end":{"line":265,"column":32}},"type":"binary-expr","locations":[{"start":{"line":265,"column":19},"end":{"line":265,"column":32}},{"start":{"line":265,"column":32},"end":{"line":265,"column":null}}]},"15":{"loc":{"start":{"line":267,"column":7},"end":{"line":267,"column":24}},"type":"binary-expr","locations":[{"start":{"line":267,"column":7},"end":{"line":267,"column":24}},{"start":{"line":267,"column":24},"end":{"line":267,"column":null}}]},"16":{"loc":{"start":{"line":332,"column":4},"end":{"line":332,"column":31}},"type":"cond-expr","locations":[{"start":{"line":332,"column":4},"end":{"line":332,"column":31}},{"start":{"line":332,"column":31},"end":{"line":332,"column":null}}]},"17":{"loc":{"start":{"line":332,"column":4},"end":{"line":332,"column":31}},"type":"cond-expr","locations":[{"start":{"line":332,"column":4},"end":{"line":332,"column":31}},{"start":{"line":332,"column":4},"end":{"line":332,"column":31}}]},"18":{"loc":{"start":{"line":334,"column":7},"end":{"line":334,"column":21}},"type":"binary-expr","locations":[{"start":{"line":334,"column":7},"end":{"line":334,"column":21}},{"start":{"line":334,"column":21},"end":{"line":334,"column":null}}]},"19":{"loc":{"start":{"line":337,"column":12},"end":{"line":337,"column":26}},"type":"binary-expr","locations":[{"start":{"line":337,"column":12},"end":{"line":337,"column":26}},{"start":{"line":337,"column":26},"end":{"line":337,"column":null}}]},"20":{"loc":{"start":{"line":346,"column":6},"end":{"line":337,"column":12}},"type":"if","locations":[{"start":{"line":346,"column":6},"end":{"line":337,"column":12}},{"start":{"line":346,"column":6},"end":{"line":337,"column":12}}]},"21":{"loc":{"start":{"line":346,"column":9},"end":{"line":346,"column":20}},"type":"binary-expr","locations":[{"start":{"line":346,"column":9},"end":{"line":346,"column":20}},{"start":{"line":346,"column":20},"end":{"line":346,"column":null}}]},"22":{"loc":{"start":{"line":356,"column":21},"end":{"line":356,"column":28}},"type":"cond-expr","locations":[{"start":{"line":356,"column":21},"end":{"line":356,"column":28}},{"start":{"line":356,"column":28},"end":{"line":356,"column":null}}]},"23":{"loc":{"start":{"line":357,"column":16},"end":{"line":357,"column":25}},"type":"binary-expr","locations":[{"start":{"line":357,"column":16},"end":{"line":357,"column":25}},{"start":{"line":357,"column":31},"end":{"line":357,"column":40}}]}},"s":{"0":930,"1":6,"2":6,"3":6,"4":6,"5":6,"6":6,"7":6,"8":6,"9":276,"10":6,"11":6,"12":232,"13":6,"14":2,"15":2,"16":0,"17":0,"18":0,"19":0,"20":2,"21":0,"22":0,"23":0,"24":0,"25":2,"26":2,"27":2,"28":2,"29":2,"30":6,"31":318,"32":299,"33":299,"34":299,"35":299,"36":4,"37":2,"38":2,"39":2,"40":2,"41":2,"42":2,"43":1,"44":1,"45":4,"46":6,"47":0,"48":4,"49":0,"50":6,"51":1,"52":1,"53":0,"54":1,"55":0,"56":1,"57":0,"58":0,"59":0,"60":1,"61":0,"62":1,"63":0,"64":0,"65":0,"66":0,"67":0,"68":0,"69":0,"70":0,"71":0,"72":0,"73":109,"74":113,"75":139,"76":133,"77":6,"78":6,"79":5,"80":0,"81":0,"82":0,"83":0,"84":0,"85":0,"86":0,"87":0,"88":0,"89":0,"90":30,"91":1,"92":1,"93":1,"94":1,"95":1,"96":6,"97":0,"98":0,"99":6,"100":0,"101":0,"102":6,"103":0,"104":6,"105":0,"106":6,"107":0,"108":6,"109":0,"110":6,"111":0,"112":0,"113":0,"114":0,"115":6,"116":10,"117":10,"118":38,"119":0,"120":6,"121":1,"122":39,"123":5,"124":34,"125":6,"126":1,"127":9,"128":5,"129":4,"130":6,"131":6,"132":6,"133":6,"134":6,"135":6,"136":6,"137":6,"138":4,"139":6,"140":8,"141":8,"142":8,"143":8,"144":8,"145":8,"146":6,"147":0,"148":0,"149":0,"150":0,"151":0,"152":0,"153":0,"154":6,"155":0,"156":2,"157":7,"158":7,"159":7,"160":7,"161":7,"162":6,"163":0,"164":0,"165":0,"166":0,"167":0,"168":0,"169":0,"170":0,"171":6,"172":4,"173":10,"174":6,"175":0,"176":0,"177":2,"178":6,"179":0,"180":0,"181":6,"182":0,"183":0,"184":6,"185":16,"186":16,"187":16,"188":16,"189":16,"190":16,"191":2,"192":2,"193":12,"194":12,"195":12,"196":12,"197":12,"198":1,"199":11,"200":6,"201":0,"202":2,"203":2,"204":0,"205":2,"206":6,"207":0,"208":6,"209":0,"210":6,"211":6,"212":6,"213":2,"214":6,"215":1,"216":16,"217":16,"218":8,"219":8,"220":8,"221":8,"222":16},"f":{"0":12,"1":6,"2":276,"3":238,"4":2,"5":318,"6":0,"7":4,"8":0,"9":6,"10":1,"11":1,"12":0,"13":1,"14":0,"15":1,"16":0,"17":0,"18":0,"19":1,"20":0,"21":1,"22":0,"23":0,"24":0,"25":0,"26":0,"27":0,"28":0,"29":0,"30":0,"31":0,"32":109,"33":113,"34":139,"35":133,"36":6,"37":6,"38":5,"39":0,"40":30,"41":1,"42":0,"43":0,"44":0,"45":0,"46":0,"47":0,"48":0,"49":48,"50":40,"51":10,"52":6,"53":8,"54":0,"55":9,"56":0,"57":14,"58":2,"59":0,"60":0,"61":16,"62":2,"63":0,"64":0,"65":2,"66":17},"b":{"0":[438,12],"1":[273,3],"2":[2,2],"3":[0,0],"4":[5,5],"5":[0,0],"6":[0,0],"7":[0,0],"8":[39,34],"9":[5,4,3,2],"10":[34,32,30,27],"11":[9,4],"12":[5,4,3,2],"13":[4,4,4,3],"14":[0,0],"15":[0,0],"16":[16,0],"17":[16,0],"18":[16,15],"19":[14,13],"20":[1,11],"21":[12,12],"22":[0,2],"23":[2,0]}}
,"/Users/shanebdavis/dev/imikimi/npm/art-atomic/source/Art.Atomic/namespace.js": {"path":"/Users/shanebdavis/dev/imikimi/npm/art-atomic/source/Art.Atomic/namespace.js","statementMap":{"0":{"start":{"line":4,"column":0},"end":{"line":8,"column":2}}},"fnMap":{},"branchMap":{},"s":{"0":6},"f":{},"b":{},"_coverageSchema":"1a1c01bbd47fc00a2c39e90264f33305004495a9","hash":"94414a2cbb223c581fdcfc1e1fa4f6f8f4f4c138"}
,"/Users/shanebdavis/dev/imikimi/npm/art-atomic/source/Jest/StandardImport.js": {"path":"/Users/shanebdavis/dev/imikimi/npm/art-atomic/source/Jest/StandardImport.js","statementMap":{"0":{"start":{"line":2,"column":10},"end":{"line":2,"column":44}},"1":{"start":{"line":3,"column":0},"end":{"line":8,"column":3}},"2":{"start":{"line":4,"column":2},"end":{"line":7,"column":4}}},"fnMap":{"0":{"name":"(anonymous_0)","decl":{"start":{"line":3,"column":19},"end":{"line":3,"column":20}},"loc":{"start":{"line":3,"column":25},"end":{"line":8,"column":1}},"line":3}},"branchMap":{},"s":{"0":6,"1":6,"2":6},"f":{"0":6},"b":{},"_coverageSchema":"1a1c01bbd47fc00a2c39e90264f33305004495a9","hash":"8791a5b84077ae898210f09e53222db27a79bc97"}
}
