TN:
SF:source-source/Art.Atomic/Atomic.coffee
FNF:0
FNH:0
DA:1,6
DA:2,6
DA:3,6
DA:4,6
DA:5,6
DA:7,6
LF:6
LH:6
BRF:0
BRH:0
end_of_record
TN:
SF:source-source/Art.Atomic/Base.coffee
FN:1,(anonymous_1)
FN:15,(anonymous_3)
FN:119,(anonymous_4)
FN:122,Base
FN:134,(anonymous_6)
FN:140,(anonymous_7)
FN:143,(anonymous_8)
FN:144,(anonymous_9)
FN:145,(anonymous_10)
FN:154,(anonymous_11)
FN:155,(anonymous_12)
FN:159,(anonymous_13)
FN:162,(anonymous_14)
FN:170,(anonymous_15)
FN:171,(anonymous_16)
FN:173,(anonymous_17)
FN:174,(anonymous_18)
FN:175,(anonymous_19)
FN:177,(anonymous_20)
FN:181,(anonymous_21)
FN:182,(anonymous_22)
FN:189,(anonymous_23)
FN:212,(anonymous_24)
FN:231,(anonymous_25)
FN:239,(anonymous_26)
FN:242,(anonymous_27)
FN:255,(anonymous_28)
FN:258,(anonymous_29)
FN:279,(anonymous_30)
FN:294,(anonymous_31)
FN:299,(anonymous_32)
FN:304,(anonymous_33)
FN:309,(anonymous_34)
FN:320,(anonymous_35)
FN:328,(anonymous_36)
FN:334,(anonymous_37)
FN:350,(anonymous_38)
FN:357,(anonymous_39)
FN:365,(anonymous_40)
FN:370,(anonymous_41)
FN:374,(anonymous_42)
FNF:41
FNH:28
FNDA:12,(anonymous_1)
FNDA:6,(anonymous_3)
FNDA:7,(anonymous_4)
FNDA:2446,Base
FNDA:372,(anonymous_6)
FNDA:100,(anonymous_7)
FNDA:0,(anonymous_8)
FNDA:0,(anonymous_9)
FNDA:0,(anonymous_10)
FNDA:0,(anonymous_11)
FNDA:0,(anonymous_12)
FNDA:0,(anonymous_13)
FNDA:0,(anonymous_14)
FNDA:0,(anonymous_15)
FNDA:0,(anonymous_16)
FNDA:70,(anonymous_17)
FNDA:0,(anonymous_18)
FNDA:206,(anonymous_19)
FNDA:0,(anonymous_20)
FNDA:0,(anonymous_21)
FNDA:0,(anonymous_22)
FNDA:30,(anonymous_23)
FNDA:660,(anonymous_24)
FNDA:30,(anonymous_25)
FNDA:30,(anonymous_26)
FNDA:30,(anonymous_27)
FNDA:120,(anonymous_28)
FNDA:120,(anonymous_29)
FNDA:30,(anonymous_30)
FNDA:120,(anonymous_31)
FNDA:120,(anonymous_32)
FNDA:120,(anonymous_33)
FNDA:30,(anonymous_34)
FNDA:30,(anonymous_35)
FNDA:30,(anonymous_36)
FNDA:30,(anonymous_37)
FNDA:30,(anonymous_38)
FNDA:120,(anonymous_39)
FNDA:30,(anonymous_40)
FNDA:30,(anonymous_41)
FNDA:30,(anonymous_42)
DA:1,834
DA:15,6
DA:119,6
DA:120,7
DA:123,2446
DA:124,5
DA:125,864
DA:126,18
DA:127,0
DA:128,1559
DA:132,2446
DA:134,6
DA:135,369
DA:136,1
DA:137,1
DA:138,1
DA:140,100
DA:142,6
DA:143,0
DA:144,0
DA:146,0
DA:148,0
DA:149,0
DA:151,0
DA:152,0
DA:155,0
DA:156,0
DA:157,0
DA:159,0
DA:161,6
DA:162,6
DA:163,0
DA:164,0
DA:165,0
DA:166,0
DA:167,0
DA:168,0
DA:170,6
DA:171,6
DA:173,70
DA:174,6
DA:175,6
DA:177,0
DA:179,206
DA:181,6
DA:182,6
DA:183,6
DA:184,6
DA:189,30
DA:190,30
DA:192,30
DA:194,30
DA:195,30
DA:196,30
DA:212,6
DA:214,660
DA:215,660
DA:230,6
DA:231,6
DA:232,30
DA:234,30
DA:236,30
DA:239,120
DA:242,120
DA:252,60
DA:253,120
DA:255,480
DA:258,480
DA:279,6
DA:287,30
DA:289,60
DA:290,120
DA:294,480
DA:299,480
DA:304,480
DA:309,6
DA:310,30
DA:311,30
DA:319,30
DA:320,60
DA:321,120
DA:326,30
DA:328,120
DA:332,30
DA:335,60
DA:336,120
DA:340,30
DA:348,30
DA:350,120
DA:353,30
DA:354,120
DA:357,528
DA:361,30
DA:365,120
DA:369,30
DA:370,120
DA:373,30
DA:374,120
LF:98
LH:79
BRDA:1,0,0,390
BRDA:1,0,1,12
BRDA:127,1,0,1559
BRDA:127,1,1,1226
BRDA:127,1,2,4
BRDA:127,1,3,0
BRDA:140,2,0,100
BRDA:140,2,1,18
BRDA:182,3,0,0
BRDA:182,3,1,0
BRDA:214,4,0,30
BRDA:214,4,1,630
BRDA:357,5,0,120
BRDA:357,5,1,408
BRF:14
BRH:11
end_of_record
TN:
SF:source-source/Art.Atomic/Color.coffee
FN:1,(anonymous_1)
FN:19,(anonymous_3)
FN:25,(anonymous_4)
FN:27,(anonymous_6)
FN:28,(anonymous_7)
FN:215,(anonymous_8)
FN:220,(anonymous_9)
FN:233,(anonymous_10)
FN:237,(anonymous_11)
FN:255,(anonymous_12)
FN:272,(anonymous_13)
FN:276,(anonymous_14)
FN:337,(anonymous_15)
FN:345,(anonymous_16)
FN:360,(anonymous_17)
FN:388,(anonymous_18)
FN:406,(anonymous_19)
FN:430,(anonymous_20)
FN:431,(anonymous_21)
FN:432,(anonymous_22)
FN:433,(anonymous_23)
FN:434,(anonymous_24)
FN:437,(anonymous_25)
FN:438,(anonymous_26)
FN:439,(anonymous_27)
FN:440,(anonymous_28)
FN:442,(anonymous_29)
FN:453,(anonymous_30)
FN:468,(anonymous_31)
FN:472,(anonymous_32)
FN:474,(anonymous_33)
FN:475,(anonymous_34)
FN:476,(anonymous_35)
FN:478,(anonymous_36)
FN:479,(anonymous_37)
FN:481,(anonymous_38)
FN:489,(anonymous_39)
FN:490,(anonymous_40)
FN:491,(anonymous_41)
FN:492,(anonymous_42)
FN:494,(anonymous_43)
FN:495,(anonymous_44)
FN:496,(anonymous_45)
FN:497,(anonymous_46)
FN:499,(anonymous_47)
FN:500,(anonymous_48)
FN:501,(anonymous_49)
FN:503,(anonymous_50)
FN:504,(anonymous_51)
FN:505,(anonymous_52)
FN:506,(anonymous_53)
FN:508,(anonymous_54)
FN:509,(anonymous_55)
FN:511,(anonymous_56)
FN:512,(anonymous_57)
FN:514,(anonymous_58)
FN:517,(anonymous_59)
FN:520,(anonymous_60)
FN:526,(anonymous_61)
FN:528,(anonymous_62)
FN:534,(anonymous_63)
FN:538,(anonymous_64)
FN:543,(anonymous_65)
FN:545,(anonymous_66)
FN:549,(anonymous_67)
FN:556,(anonymous_68)
FN:562,(anonymous_69)
FN:565,(anonymous_70)
FN:566,(anonymous_71)
FN:570,(anonymous_72)
FN:571,(anonymous_73)
FN:572,(anonymous_74)
FN:573,(anonymous_75)
FN:574,(anonymous_76)
FN:575,(anonymous_77)
FN:576,(anonymous_78)
FN:577,(anonymous_79)
FN:578,(anonymous_80)
FN:579,(anonymous_81)
FN:580,(anonymous_82)
FN:581,(anonymous_83)
FN:596,(anonymous_84)
FN:598,(anonymous_85)
FN:600,(anonymous_86)
FNF:84
FNH:37
FNDA:12,(anonymous_1)
FNDA:42,(anonymous_3)
FNDA:6,(anonymous_4)
FNDA:945,(anonymous_6)
FNDA:0,(anonymous_7)
FNDA:945,(anonymous_8)
FNDA:0,(anonymous_9)
FNDA:0,(anonymous_10)
FNDA:28,(anonymous_11)
FNDA:0,(anonymous_12)
FNDA:0,(anonymous_13)
FNDA:857,(anonymous_14)
FNDA:926,(anonymous_15)
FNDA:69,(anonymous_16)
FNDA:20,(anonymous_17)
FNDA:3,(anonymous_18)
FNDA:0,(anonymous_19)
FNDA:1,(anonymous_20)
FNDA:0,(anonymous_21)
FNDA:0,(anonymous_22)
FNDA:0,(anonymous_23)
FNDA:0,(anonymous_24)
FNDA:0,(anonymous_25)
FNDA:0,(anonymous_26)
FNDA:0,(anonymous_27)
FNDA:0,(anonymous_28)
FNDA:0,(anonymous_29)
FNDA:0,(anonymous_30)
FNDA:105,(anonymous_31)
FNDA:2,(anonymous_32)
FNDA:0,(anonymous_33)
FNDA:0,(anonymous_34)
FNDA:0,(anonymous_35)
FNDA:0,(anonymous_36)
FNDA:0,(anonymous_37)
FNDA:2,(anonymous_38)
FNDA:31,(anonymous_39)
FNDA:31,(anonymous_40)
FNDA:0,(anonymous_41)
FNDA:25,(anonymous_42)
FNDA:0,(anonymous_43)
FNDA:0,(anonymous_44)
FNDA:0,(anonymous_45)
FNDA:0,(anonymous_46)
FNDA:0,(anonymous_47)
FNDA:0,(anonymous_48)
FNDA:31,(anonymous_49)
FNDA:0,(anonymous_50)
FNDA:0,(anonymous_51)
FNDA:0,(anonymous_52)
FNDA:3,(anonymous_53)
FNDA:0,(anonymous_54)
FNDA:0,(anonymous_55)
FNDA:3,(anonymous_56)
FNDA:1,(anonymous_57)
FNDA:3,(anonymous_58)
FNDA:24,(anonymous_59)
FNDA:0,(anonymous_60)
FNDA:0,(anonymous_61)
FNDA:0,(anonymous_62)
FNDA:0,(anonymous_63)
FNDA:27,(anonymous_64)
FNDA:24,(anonymous_65)
FNDA:2,(anonymous_66)
FNDA:4,(anonymous_67)
FNDA:0,(anonymous_68)
FNDA:0,(anonymous_69)
FNDA:0,(anonymous_70)
FNDA:0,(anonymous_71)
FNDA:13,(anonymous_72)
FNDA:5,(anonymous_73)
FNDA:4,(anonymous_74)
FNDA:0,(anonymous_75)
FNDA:0,(anonymous_76)
FNDA:0,(anonymous_77)
FNDA:3,(anonymous_78)
FNDA:1,(anonymous_79)
FNDA:1,(anonymous_80)
FNDA:2,(anonymous_81)
FNDA:2,(anonymous_82)
FNDA:0,(anonymous_83)
FNDA:0,(anonymous_84)
FNDA:0,(anonymous_85)
FNDA:6,(anonymous_86)
DA:1,930
DA:2,6
DA:17,6
DA:19,6
DA:21,6
DA:23,36
DA:25,6
DA:26,6
DA:27,945
DA:28,6
DA:29,0
DA:32,6
DA:211,6
DA:213,6
DA:215,6
DA:216,3
DA:217,56
DA:218,886
DA:220,6
DA:221,0
DA:222,0
DA:223,0
DA:224,0
DA:225,0
DA:226,0
DA:227,0
DA:228,0
DA:229,0
DA:230,0
DA:232,6
DA:233,6
DA:234,0
DA:235,0
DA:237,25
DA:238,0
DA:240,28
DA:241,28
DA:242,28
DA:243,28
DA:244,28
DA:245,28
DA:246,28
DA:247,28
DA:248,14
DA:249,1
DA:250,1
DA:251,5
DA:252,4
DA:253,3
DA:255,6
DA:257,0
DA:258,0
DA:259,0
DA:260,0
DA:261,0
DA:262,0
DA:263,0
DA:264,0
DA:265,0
DA:266,0
DA:267,0
DA:268,0
DA:269,0
DA:270,0
DA:272,6
DA:273,0
DA:274,0
DA:276,6
DA:277,857
DA:278,857
DA:282,5
DA:283,3
DA:284,5
DA:285,5
DA:286,5
DA:287,5
DA:288,5
DA:291,2
DA:292,2
DA:295,2
DA:296,2
DA:300,834
DA:301,831
DA:302,834
DA:303,834
DA:304,834
DA:305,834
DA:306,834
DA:310,5
DA:311,5
DA:312,5
DA:313,5
DA:314,5
DA:318,9
DA:319,9
DA:320,9
DA:321,9
DA:322,9
DA:326,0
DA:327,0
DA:328,0
DA:329,0
DA:330,0
DA:331,0
DA:333,0
DA:335,0
DA:337,6
DA:338,926
DA:339,926
DA:340,926
DA:341,926
DA:342,926
DA:345,6
DA:346,69
DA:347,29
DA:348,29
DA:349,29
DA:351,1
DA:353,0
DA:355,68
DA:356,68
DA:357,68
DA:358,68
DA:360,6
DA:361,20
DA:362,0
DA:363,0
DA:365,0
DA:371,20
DA:372,20
DA:373,20
DA:374,20
DA:375,20
DA:376,20
DA:377,20
DA:378,20
DA:386,0
DA:388,6
DA:389,3
DA:392,3
DA:395,0
DA:396,0
DA:398,3
DA:399,3
DA:406,6
DA:407,0
DA:408,0
DA:409,0
DA:411,0
DA:418,0
DA:420,0
DA:422,0
DA:423,0
DA:430,6
DA:431,6
DA:432,6
DA:433,6
DA:434,6
DA:435,6
DA:437,6
DA:438,6
DA:439,6
DA:440,6
DA:442,6
DA:443,0
DA:444,0
DA:445,0
DA:446,0
DA:447,0
DA:448,0
DA:449,0
DA:450,0
DA:451,0
DA:453,6
DA:455,0
DA:456,0
DA:457,0
DA:458,0
DA:459,0
DA:461,0
DA:462,0
DA:463,0
DA:464,0
DA:465,0
DA:467,6
DA:468,105
DA:469,105
DA:471,6
DA:472,2
DA:474,0
DA:475,0
DA:476,0
DA:478,0
DA:479,0
DA:482,2
DA:489,31
DA:490,31
DA:491,0
DA:492,25
DA:494,0
DA:495,0
DA:496,0
DA:497,0
DA:499,0
DA:500,0
DA:501,31
DA:503,0
DA:504,0
DA:505,0
DA:506,3
DA:508,0
DA:509,0
DA:511,3
DA:512,1
DA:515,3
DA:518,24
DA:521,0
DA:526,0
DA:529,0
DA:535,0
DA:536,0
DA:539,27
DA:543,24
DA:545,6
DA:546,2
DA:547,2
DA:549,6
DA:550,4
DA:556,6
DA:557,0
DA:558,0
DA:559,0
DA:560,0
DA:562,6
DA:564,6
DA:565,0
DA:566,0
DA:569,6
DA:570,13
DA:571,5
DA:572,4
DA:573,0
DA:574,0
DA:575,0
DA:576,3
DA:577,1
DA:578,1
DA:579,2
DA:580,2
DA:582,0
DA:584,0
DA:585,0
DA:586,0
DA:589,0
DA:591,0
DA:593,0
DA:596,0
DA:598,0
DA:600,6
DA:601,0
DA:602,6
DA:604,6
DA:605,6
DA:608,0
DA:611,6
DA:613,6
DA:615,6
DA:616,3
DA:617,0
DA:618,3
DA:620,6
DA:622,6
DA:624,6
DA:625,888
DA:627,6
LF:275
LH:160
BRDA:1,0,0,438
BRDA:1,0,1,12
BRDA:27,1,0,944
BRDA:27,1,1,1
BRDA:29,2,0,0
BRDA:29,2,1,0
BRDA:29,2,2,0
BRDA:216,3,0,945
BRDA:216,3,1,917
BRDA:217,4,0,942
BRDA:217,4,1,913
BRDA:217,5,0,913
BRDA:217,5,1,912
BRDA:221,6,0,0
BRDA:221,6,1,0
BRDA:222,7,0,0
BRDA:222,7,1,0
BRDA:222,8,0,0
BRDA:222,8,1,0
BRDA:246,9,0,0
BRDA:246,9,1,28
BRDA:247,10,0,14
BRDA:247,10,1,1
BRDA:247,10,2,1
BRDA:247,10,3,5
BRDA:247,10,4,4
BRDA:247,10,5,3
BRDA:263,11,0,0
BRDA:263,11,1,0
BRDA:264,12,0,0
BRDA:264,12,1,0
BRDA:264,12,2,0
BRDA:264,12,3,0
BRDA:264,12,4,0
BRDA:264,12,5,0
BRDA:284,13,0,5
BRDA:284,13,1,3
BRDA:302,14,0,834
BRDA:302,14,1,831
BRDA:358,15,0,58
BRDA:358,15,1,10
BRDA:361,16,0,0
BRDA:361,16,1,0
BRDA:361,16,2,0
BRDA:361,16,3,20
BRDA:361,16,4,0
BRDA:365,17,0,0
BRDA:365,17,1,0
BRDA:365,17,2,0
BRDA:365,17,3,0
BRDA:368,18,0,0
BRDA:368,18,1,0
BRDA:378,19,0,20
BRDA:378,19,1,20
BRDA:378,19,2,20
BRDA:378,19,3,20
BRDA:378,19,4,20
BRDA:378,19,5,1
BRDA:378,19,6,1
BRDA:378,19,7,19
BRDA:378,19,8,0
BRDA:378,19,9,0
BRDA:378,19,10,19
BRDA:378,19,11,0
BRDA:378,19,12,0
BRDA:409,20,0,0
BRDA:409,20,1,0
BRDA:409,20,2,0
BRDA:409,20,3,0
BRDA:443,21,0,0
BRDA:443,21,1,0
BRDA:443,21,2,0
BRDA:443,21,3,0
BRDA:443,21,4,0
BRDA:443,21,5,0
BRDA:443,21,6,0
BRDA:443,21,7,0
BRDA:443,21,8,0
BRDA:443,21,9,0
BRDA:443,21,10,0
BRDA:443,21,11,0
BRDA:443,21,12,0
BRDA:443,21,13,0
BRDA:443,21,14,0
BRDA:443,21,15,0
BRDA:454,22,0,0
BRDA:454,22,1,0
BRDA:454,22,2,0
BRDA:455,23,0,0
BRDA:455,23,1,0
BRDA:456,24,0,0
BRDA:456,24,1,0
BRDA:457,25,0,0
BRDA:457,25,1,0
BRDA:458,26,0,0
BRDA:458,26,1,0
BRDA:461,27,0,0
BRDA:461,27,1,0
BRDA:462,28,0,0
BRDA:462,28,1,0
BRDA:463,29,0,0
BRDA:463,29,1,0
BRDA:464,30,0,0
BRDA:464,30,1,0
BRDA:476,31,0,0
BRDA:476,31,1,0
BRDA:546,32,0,2
BRDA:546,32,1,0
BRDA:550,33,0,4
BRDA:550,33,1,4
BRDA:551,34,0,1
BRDA:551,34,1,3
BRDA:570,35,0,11
BRDA:570,35,1,2
BRDA:570,36,0,2
BRDA:570,36,1,2
BRDA:571,37,0,3
BRDA:571,37,1,2
BRDA:571,38,0,2
BRDA:571,38,1,2
BRDA:572,39,0,2
BRDA:572,39,1,2
BRDA:572,40,0,2
BRDA:572,40,1,2
BRDA:576,41,0,3
BRDA:576,41,1,0
BRDA:576,42,0,0
BRDA:576,42,1,0
BRDA:577,43,0,1
BRDA:577,43,1,0
BRDA:577,44,0,0
BRDA:577,44,1,0
BRDA:578,45,0,1
BRDA:578,45,1,0
BRDA:578,46,0,0
BRDA:578,46,1,0
BRDA:579,47,0,2
BRDA:579,47,1,0
BRDA:579,48,0,0
BRDA:579,48,1,0
BRDA:580,49,0,2
BRDA:580,49,1,0
BRDA:580,50,0,0
BRDA:580,50,1,0
BRDA:588,51,0,0
BRDA:588,51,1,0
BRDA:590,52,0,0
BRDA:590,52,1,0
BRDA:615,53,0,3
BRDA:615,53,1,0
BRDA:615,53,2,3
BRDA:616,54,0,3
BRDA:616,54,1,0
BRF:153
BRH:58
end_of_record
TN:
SF:source-source/Art.Atomic/Matrix.coffee
FN:1,(anonymous_1)
FN:69,(anonymous_3)
FN:71,(anonymous_5)
FN:73,(anonymous_6)
FN:81,(anonymous_7)
FN:89,(anonymous_8)
FN:98,(anonymous_9)
FN:104,(anonymous_10)
FN:113,(anonymous_11)
FN:119,(anonymous_12)
FN:140,(anonymous_13)
FN:165,(anonymous_14)
FN:177,(anonymous_15)
FN:184,(anonymous_16)
FN:197,(anonymous_17)
FN:200,(anonymous_18)
FN:201,(anonymous_19)
FN:202,(anonymous_20)
FN:203,(anonymous_21)
FN:204,(anonymous_22)
FN:205,(anonymous_23)
FN:206,(anonymous_24)
FN:207,(anonymous_25)
FN:208,(anonymous_26)
FN:209,(anonymous_27)
FN:210,(anonymous_28)
FN:211,(anonymous_29)
FN:212,(anonymous_30)
FN:213,(anonymous_31)
FN:214,(anonymous_32)
FN:215,(anonymous_33)
FN:216,(anonymous_34)
FN:217,(anonymous_35)
FN:223,(anonymous_36)
FN:228,(anonymous_37)
FN:230,(anonymous_38)
FN:238,(anonymous_39)
FN:244,(anonymous_40)
FN:248,(anonymous_41)
FN:253,(anonymous_42)
FN:257,(anonymous_43)
FN:259,(anonymous_44)
FN:265,(anonymous_45)
FN:274,(anonymous_46)
FN:287,(anonymous_47)
FN:290,(anonymous_48)
FN:300,(anonymous_49)
FN:313,(anonymous_50)
FN:325,(anonymous_51)
FN:335,(anonymous_52)
FN:338,(anonymous_53)
FN:350,(anonymous_54)
FN:359,(anonymous_55)
FN:369,(anonymous_56)
FN:372,(anonymous_57)
FN:382,(anonymous_58)
FN:398,(anonymous_59)
FN:416,(anonymous_60)
FN:423,(anonymous_61)
FN:433,(anonymous_62)
FN:443,(anonymous_63)
FN:445,(anonymous_64)
FN:451,(anonymous_65)
FN:461,(anonymous_66)
FN:462,(anonymous_67)
FN:464,(anonymous_68)
FN:471,(anonymous_69)
FN:498,(anonymous_70)
FN:510,(anonymous_71)
FN:525,(anonymous_72)
FN:584,(anonymous_73)
FN:593,(anonymous_74)
FNF:72
FNH:43
FNDA:12,(anonymous_1)
FNDA:6,(anonymous_3)
FNDA:128,(anonymous_5)
FNDA:35,(anonymous_6)
FNDA:18,(anonymous_7)
FNDA:6,(anonymous_8)
FNDA:24,(anonymous_9)
FNDA:9,(anonymous_10)
FNDA:15,(anonymous_11)
FNDA:14,(anonymous_12)
FNDA:3,(anonymous_13)
FNDA:0,(anonymous_14)
FNDA:334,(anonymous_15)
FNDA:334,(anonymous_16)
FNDA:0,(anonymous_17)
FNDA:0,(anonymous_18)
FNDA:0,(anonymous_19)
FNDA:0,(anonymous_20)
FNDA:6,(anonymous_21)
FNDA:6,(anonymous_22)
FNDA:3,(anonymous_23)
FNDA:3,(anonymous_24)
FNDA:6,(anonymous_25)
FNDA:6,(anonymous_26)
FNDA:179,(anonymous_27)
FNDA:0,(anonymous_28)
FNDA:0,(anonymous_29)
FNDA:0,(anonymous_30)
FNDA:0,(anonymous_31)
FNDA:0,(anonymous_32)
FNDA:3,(anonymous_33)
FNDA:0,(anonymous_34)
FNDA:0,(anonymous_35)
FNDA:3,(anonymous_36)
FNDA:0,(anonymous_37)
FNDA:0,(anonymous_38)
FNDA:0,(anonymous_39)
FNDA:0,(anonymous_40)
FNDA:0,(anonymous_41)
FNDA:5,(anonymous_42)
FNDA:0,(anonymous_43)
FNDA:0,(anonymous_44)
FNDA:0,(anonymous_45)
FNDA:0,(anonymous_46)
FNDA:0,(anonymous_47)
FNDA:0,(anonymous_48)
FNDA:0,(anonymous_49)
FNDA:0,(anonymous_50)
FNDA:4,(anonymous_51)
FNDA:10,(anonymous_52)
FNDA:10,(anonymous_53)
FNDA:4,(anonymous_54)
FNDA:8,(anonymous_55)
FNDA:365,(anonymous_56)
FNDA:189,(anonymous_57)
FNDA:0,(anonymous_58)
FNDA:14,(anonymous_59)
FNDA:6,(anonymous_60)
FNDA:10,(anonymous_61)
FNDA:10,(anonymous_62)
FNDA:0,(anonymous_63)
FNDA:750,(anonymous_64)
FNDA:190,(anonymous_65)
FNDA:191,(anonymous_66)
FNDA:191,(anonymous_67)
FNDA:191,(anonymous_68)
FNDA:176,(anonymous_69)
FNDA:1,(anonymous_70)
FNDA:0,(anonymous_71)
FNDA:5,(anonymous_72)
FNDA:1,(anonymous_73)
FNDA:0,(anonymous_74)
DA:1,930
DA:56,6
DA:57,6
DA:58,6
DA:60,6
DA:61,6
DA:62,6
DA:63,6
DA:69,6
DA:70,6
DA:71,128
DA:73,6
DA:75,0
DA:77,2
DA:79,33
DA:81,6
DA:82,18
DA:87,18
DA:89,6
DA:90,0
DA:92,2
DA:94,4
DA:96,6
DA:98,6
DA:100,1
DA:102,23
DA:104,6
DA:105,0
DA:107,5
DA:109,4
DA:111,9
DA:113,6
DA:115,0
DA:117,15
DA:119,6
DA:120,14
DA:121,14
DA:124,1
DA:127,13
DA:140,6
DA:142,3
DA:143,3
DA:145,3
DA:146,3
DA:148,3
DA:149,3
DA:151,3
DA:152,3
DA:154,3
DA:158,3
DA:159,3
DA:160,1
DA:161,3
DA:163,3
DA:165,6
DA:167,0
DA:168,0
DA:177,6
DA:178,334
DA:179,334
DA:180,334
DA:181,334
DA:182,334
DA:184,6
DA:185,334
DA:186,241
DA:187,0
DA:188,1
DA:190,92
DA:191,92
DA:192,92
DA:193,92
DA:194,92
DA:195,92
DA:197,6
DA:199,6
DA:200,0
DA:201,0
DA:202,0
DA:203,6
DA:204,6
DA:205,3
DA:206,3
DA:207,6
DA:208,6
DA:209,179
DA:210,0
DA:211,0
DA:212,0
DA:213,0
DA:214,0
DA:215,3
DA:216,0
DA:218,0
DA:221,0
DA:224,3
DA:225,3
DA:226,3
DA:228,0
DA:231,0
DA:239,0
DA:245,0
DA:249,0
DA:254,5
DA:257,0
DA:260,0
DA:265,6
DA:266,0
DA:267,0
DA:268,0
DA:269,0
DA:270,0
DA:271,0
DA:272,0
DA:274,6
DA:277,0
DA:287,6
DA:290,6
DA:292,0
DA:293,0
DA:295,0
DA:297,0
DA:300,6
DA:302,0
DA:303,0
DA:305,0
DA:308,0
DA:311,0
DA:313,6
DA:315,0
DA:318,0
DA:325,6
DA:327,4
DA:329,0
DA:331,0
DA:333,4
DA:335,6
DA:336,10
DA:338,6
DA:339,10
DA:340,10
DA:341,10
DA:350,6
DA:351,0
DA:353,4
DA:355,0
DA:357,4
DA:359,6
DA:360,8
DA:368,6
DA:370,365
DA:372,6
DA:373,189
DA:374,189
DA:382,6
DA:383,0
DA:384,0
DA:385,0
DA:386,0
DA:387,0
DA:388,0
DA:389,0
DA:390,0
DA:398,6
DA:400,6
DA:408,8
DA:416,6
DA:417,6
DA:421,6
DA:423,6
DA:424,10
DA:425,10
DA:426,1
DA:427,9
DA:433,6
DA:434,10
DA:435,10
DA:436,1
DA:437,9
DA:443,6
DA:445,750
DA:451,6
DA:453,0
DA:454,0
DA:455,0
DA:457,190
DA:459,190
DA:461,191
DA:462,191
DA:464,6
DA:465,191
DA:471,6
DA:473,0
DA:474,0
DA:476,176
DA:478,176
DA:479,176
DA:480,176
DA:481,176
DA:482,176
DA:483,176
DA:484,176
DA:486,176
DA:498,6
DA:499,1
DA:500,0
DA:501,1
DA:502,0
DA:503,1
DA:510,6
DA:511,0
DA:512,0
DA:513,0
DA:525,6
DA:526,5
DA:528,0
DA:532,3
DA:533,3
DA:534,3
DA:535,3
DA:537,1
DA:538,3
DA:542,2
DA:544,2
DA:545,2
DA:547,2
DA:548,2
DA:550,2
DA:551,2
DA:553,2
DA:554,2
DA:556,2
DA:557,2
DA:559,2
DA:560,2
DA:563,0
DA:564,0
DA:565,0
DA:566,0
DA:567,0
DA:568,0
DA:571,0
DA:574,5
DA:577,6
DA:578,6
DA:579,6
DA:584,6
DA:585,1
DA:586,1
DA:587,1
DA:588,1
DA:589,1
DA:590,1
DA:591,1
DA:593,6
DA:594,0
DA:595,0
DA:596,0
LF:258
LH:181
BRDA:1,0,0,438
BRDA:1,0,1,12
BRDA:71,1,0,126
BRDA:71,1,1,2
BRDA:76,2,0,35
BRDA:76,2,1,35
BRDA:83,3,0,2
BRDA:83,3,1,16
BRDA:99,4,0,24
BRDA:99,4,1,1
BRDA:114,5,0,15
BRDA:114,5,1,0
BRDA:123,6,0,14
BRDA:123,6,1,2
BRDA:157,7,0,3
BRDA:157,7,1,3
BRDA:161,8,0,1
BRDA:161,8,1,2
BRDA:195,9,0,92
BRDA:195,9,1,0
BRDA:207,10,0,6
BRDA:207,10,1,6
BRDA:208,11,0,6
BRDA:208,11,1,3
BRDA:231,12,0,0
BRDA:231,12,1,0
BRDA:231,12,2,0
BRDA:231,12,3,0
BRDA:231,12,4,0
BRDA:231,12,5,0
BRDA:239,13,0,0
BRDA:239,13,1,0
BRDA:239,13,2,0
BRDA:239,13,3,0
BRDA:245,14,0,0
BRDA:245,14,1,0
BRDA:249,15,0,0
BRDA:249,15,1,0
BRDA:249,15,2,0
BRDA:254,16,0,5
BRDA:254,16,1,3
BRDA:260,17,0,0
BRDA:260,17,1,0
BRDA:260,17,2,0
BRDA:260,17,3,0
BRDA:293,18,0,0
BRDA:293,18,1,0
BRDA:303,19,0,0
BRDA:303,19,1,0
BRDA:307,20,0,0
BRDA:307,20,1,0
BRDA:314,21,0,0
BRDA:314,21,1,0
BRDA:418,22,0,3
BRDA:418,22,1,3
BRDA:425,23,0,1
BRDA:425,23,1,9
BRDA:426,24,0,10
BRDA:426,24,1,3
BRDA:426,24,2,1
BRDA:426,25,0,1
BRDA:426,25,1,0
BRDA:428,26,0,5
BRDA:428,26,1,4
BRDA:428,27,0,2
BRDA:428,27,1,2
BRDA:429,28,0,2
BRDA:429,28,1,7
BRDA:429,29,0,6
BRDA:429,29,1,1
BRDA:430,30,0,6
BRDA:430,30,1,3
BRDA:435,31,0,1
BRDA:435,31,1,9
BRDA:436,32,0,10
BRDA:436,32,1,3
BRDA:436,32,2,1
BRDA:436,33,0,1
BRDA:436,33,1,0
BRDA:438,34,0,1
BRDA:438,34,1,8
BRDA:438,35,0,6
BRDA:438,35,1,2
BRDA:439,36,0,2
BRDA:439,36,1,7
BRDA:439,37,0,6
BRDA:439,37,1,1
BRDA:440,38,0,6
BRDA:440,38,1,3
BRDA:455,39,0,0
BRDA:455,39,1,0
BRDA:474,40,0,0
BRDA:474,40,1,0
BRDA:499,41,0,0
BRDA:499,41,1,1
BRDA:499,41,2,0
BRDA:499,42,0,1
BRDA:499,42,1,1
BRDA:538,43,0,1
BRDA:538,43,1,2
BRF:100
BRH:63
end_of_record
TN:
SF:source-source/Art.Atomic/Perimeter.coffee
FN:6,(anonymous_1)
FN:19,(anonymous_3)
FN:21,(anonymous_5)
FN:23,(anonymous_6)
FN:33,(anonymous_7)
FN:36,(anonymous_8)
FN:44,(anonymous_9)
FN:63,(anonymous_10)
FN:79,(anonymous_11)
FN:80,(anonymous_12)
FN:81,(anonymous_13)
FN:82,(anonymous_14)
FN:83,(anonymous_15)
FN:85,(anonymous_16)
FN:94,(anonymous_17)
FN:103,(anonymous_18)
FN:123,(anonymous_19)
FNF:17
FNH:10
FNDA:12,(anonymous_1)
FNDA:6,(anonymous_3)
FNDA:22,(anonymous_5)
FNDA:22,(anonymous_6)
FNDA:25,(anonymous_7)
FNDA:15,(anonymous_8)
FNDA:25,(anonymous_9)
FNDA:0,(anonymous_10)
FNDA:1,(anonymous_11)
FNDA:1,(anonymous_12)
FNDA:0,(anonymous_13)
FNDA:0,(anonymous_14)
FNDA:0,(anonymous_15)
FNDA:0,(anonymous_16)
FNDA:0,(anonymous_17)
FNDA:0,(anonymous_18)
FNDA:3,(anonymous_19)
DA:6,930
DA:7,6
DA:8,6
DA:16,6
DA:17,6
DA:19,6
DA:20,6
DA:21,22
DA:23,6
DA:25,0
DA:27,0
DA:29,4
DA:31,18
DA:33,6
DA:34,25
DA:36,6
DA:37,15
DA:44,6
DA:45,25
DA:46,25
DA:55,25
DA:56,1
DA:57,6
DA:58,1
DA:59,17
DA:60,0
DA:62,6
DA:64,0
DA:66,0
DA:68,0
DA:70,0
DA:72,0
DA:73,0
DA:74,0
DA:75,0
DA:77,0
DA:78,0
DA:79,1
DA:80,1
DA:81,0
DA:82,0
DA:83,0
DA:85,6
DA:86,0
DA:87,0
DA:90,0
DA:92,0
DA:94,6
DA:95,0
DA:96,0
DA:99,0
DA:101,0
DA:103,6
DA:104,0
DA:112,0
DA:120,12
DA:121,6
DA:123,6
DA:124,3
DA:125,3
DA:126,3
LF:61
LH:35
BRDA:6,0,0,438
BRDA:6,0,1,12
BRDA:21,1,0,20
BRDA:21,1,1,2
BRDA:26,2,0,22
BRDA:26,2,1,0
BRDA:29,3,0,22
BRDA:29,3,1,18
BRDA:29,3,2,20
BRDA:38,4,0,15
BRDA:38,4,1,13
BRDA:38,5,0,15
BRDA:38,5,1,6
BRDA:38,6,0,15
BRDA:38,6,1,13
BRDA:38,7,0,15
BRDA:38,7,1,14
BRDA:39,8,0,15
BRDA:39,8,1,13
BRDA:39,9,0,15
BRDA:39,9,1,7
BRDA:39,10,0,15
BRDA:39,10,1,13
BRDA:39,11,0,15
BRDA:39,11,1,14
BRDA:40,12,0,15
BRDA:40,12,1,12
BRDA:40,13,0,15
BRDA:40,13,1,7
BRDA:40,14,0,15
BRDA:40,14,1,12
BRDA:40,15,0,15
BRDA:40,15,1,14
BRDA:41,16,0,15
BRDA:41,16,1,12
BRDA:41,17,0,15
BRDA:41,17,1,8
BRDA:41,18,0,15
BRDA:41,18,1,12
BRDA:41,19,0,15
BRDA:41,19,1,14
BRDA:47,20,0,24
BRDA:47,20,1,1
BRDA:48,21,0,18
BRDA:48,21,1,6
BRDA:49,22,0,17
BRDA:49,22,1,1
BRDA:49,23,0,17
BRDA:49,23,1,0
BRDA:55,24,0,1
BRDA:55,24,1,6
BRDA:55,24,2,1
BRDA:55,24,3,17
BRDA:55,24,4,0
BRDA:65,25,0,0
BRDA:65,25,1,0
BRDA:65,25,2,0
BRDA:70,26,0,0
BRDA:70,26,1,0
BRDA:73,27,0,0
BRDA:73,27,1,0
BRDA:74,28,0,0
BRDA:74,28,1,0
BRDA:75,29,0,0
BRDA:75,29,1,0
BRDA:78,30,0,0
BRDA:78,30,1,0
BRDA:83,31,0,0
BRDA:83,31,1,0
BRDA:89,32,0,0
BRDA:89,32,1,0
BRDA:98,33,0,0
BRDA:98,33,1,0
BRF:73
BRH:51
end_of_record
TN:
SF:source-source/Art.Atomic/Point.coffee
FN:6,(anonymous_1)
FN:48,(anonymous_3)
FN:50,(anonymous_5)
FN:52,(anonymous_6)
FN:64,(anonymous_7)
FN:92,(anonymous_8)
FN:112,(anonymous_9)
FN:116,(anonymous_10)
FN:123,(anonymous_11)
FN:132,(anonymous_12)
FN:133,(anonymous_13)
FN:135,(anonymous_14)
FN:136,(anonymous_15)
FN:137,(anonymous_16)
FN:138,(anonymous_17)
FN:139,(anonymous_18)
FN:140,(anonymous_19)
FN:143,(anonymous_20)
FN:144,(anonymous_21)
FN:145,(anonymous_22)
FN:146,(anonymous_23)
FN:147,(anonymous_24)
FN:148,(anonymous_25)
FN:149,(anonymous_26)
FN:150,(anonymous_27)
FN:151,(anonymous_28)
FN:154,(anonymous_29)
FN:157,(anonymous_30)
FN:158,(anonymous_31)
FN:159,(anonymous_32)
FN:160,(anonymous_33)
FN:161,(anonymous_34)
FN:162,(anonymous_35)
FN:163,(anonymous_36)
FN:164,(anonymous_37)
FN:165,(anonymous_38)
FN:166,(anonymous_39)
FN:167,(anonymous_40)
FN:169,(anonymous_41)
FN:170,(anonymous_42)
FN:171,(anonymous_43)
FN:172,(anonymous_44)
FN:173,(anonymous_45)
FN:174,(anonymous_46)
FN:175,(anonymous_47)
FN:176,(anonymous_48)
FN:177,(anonymous_49)
FN:178,(anonymous_50)
FN:179,(anonymous_51)
FN:180,(anonymous_52)
FN:181,(anonymous_53)
FN:182,(anonymous_54)
FN:183,(anonymous_55)
FN:184,(anonymous_56)
FN:185,(anonymous_57)
FN:186,(anonymous_58)
FN:187,(anonymous_59)
FN:188,(anonymous_60)
FN:189,(anonymous_61)
FN:191,(anonymous_62)
FN:192,(anonymous_63)
FN:194,(anonymous_64)
FN:204,(anonymous_65)
FN:207,(anonymous_66)
FN:209,(anonymous_67)
FN:210,(anonymous_68)
FN:215,(anonymous_69)
FN:223,(anonymous_70)
FN:226,(anonymous_71)
FN:228,(anonymous_72)
FN:230,(anonymous_73)
FN:237,(anonymous_74)
FN:238,(anonymous_75)
FN:240,(anonymous_76)
FN:241,(anonymous_77)
FN:243,(anonymous_78)
FN:246,(anonymous_79)
FN:249,(anonymous_80)
FN:252,(anonymous_81)
FN:256,(anonymous_82)
FN:257,(anonymous_83)
FN:259,(anonymous_84)
FN:265,(anonymous_85)
FN:271,(anonymous_86)
FN:277,(anonymous_87)
FN:278,(anonymous_88)
FN:280,(anonymous_89)
FN:289,(anonymous_90)
FN:308,(anonymous_91)
FN:322,(anonymous_92)
FN:325,(anonymous_93)
FN:329,(anonymous_94)
FN:335,(anonymous_95)
FN:336,(anonymous_96)
FN:338,(anonymous_97)
FN:342,(anonymous_98)
FNF:96
FNH:39
FNDA:12,(anonymous_1)
FNDA:6,(anonymous_3)
FNDA:477,(anonymous_5)
FNDA:1,(anonymous_6)
FNDA:9,(anonymous_7)
FNDA:315,(anonymous_8)
FNDA:0,(anonymous_9)
FNDA:840,(anonymous_10)
FNDA:0,(anonymous_11)
FNDA:4,(anonymous_12)
FNDA:4,(anonymous_13)
FNDA:3,(anonymous_14)
FNDA:3,(anonymous_15)
FNDA:0,(anonymous_16)
FNDA:0,(anonymous_17)
FNDA:0,(anonymous_18)
FNDA:0,(anonymous_19)
FNDA:0,(anonymous_20)
FNDA:0,(anonymous_21)
FNDA:0,(anonymous_22)
FNDA:0,(anonymous_23)
FNDA:0,(anonymous_24)
FNDA:0,(anonymous_25)
FNDA:0,(anonymous_26)
FNDA:0,(anonymous_27)
FNDA:0,(anonymous_28)
FNDA:0,(anonymous_29)
FNDA:0,(anonymous_30)
FNDA:0,(anonymous_31)
FNDA:0,(anonymous_32)
FNDA:0,(anonymous_33)
FNDA:0,(anonymous_34)
FNDA:0,(anonymous_35)
FNDA:0,(anonymous_36)
FNDA:0,(anonymous_37)
FNDA:0,(anonymous_38)
FNDA:0,(anonymous_39)
FNDA:0,(anonymous_40)
FNDA:6,(anonymous_41)
FNDA:0,(anonymous_42)
FNDA:6,(anonymous_43)
FNDA:0,(anonymous_44)
FNDA:0,(anonymous_45)
FNDA:0,(anonymous_46)
FNDA:1,(anonymous_47)
FNDA:6,(anonymous_48)
FNDA:30,(anonymous_49)
FNDA:54,(anonymous_50)
FNDA:0,(anonymous_51)
FNDA:0,(anonymous_52)
FNDA:0,(anonymous_53)
FNDA:0,(anonymous_54)
FNDA:0,(anonymous_55)
FNDA:75,(anonymous_56)
FNDA:0,(anonymous_57)
FNDA:0,(anonymous_58)
FNDA:0,(anonymous_59)
FNDA:0,(anonymous_60)
FNDA:0,(anonymous_61)
FNDA:0,(anonymous_62)
FNDA:0,(anonymous_63)
FNDA:9,(anonymous_64)
FNDA:0,(anonymous_65)
FNDA:0,(anonymous_66)
FNDA:3,(anonymous_67)
FNDA:6,(anonymous_68)
FNDA:4,(anonymous_69)
FNDA:0,(anonymous_70)
FNDA:0,(anonymous_71)
FNDA:0,(anonymous_72)
FNDA:1,(anonymous_73)
FNDA:2,(anonymous_74)
FNDA:2,(anonymous_75)
FNDA:2,(anonymous_76)
FNDA:2,(anonymous_77)
FNDA:0,(anonymous_78)
FNDA:0,(anonymous_79)
FNDA:0,(anonymous_80)
FNDA:0,(anonymous_81)
FNDA:0,(anonymous_82)
FNDA:0,(anonymous_83)
FNDA:2,(anonymous_84)
FNDA:2,(anonymous_85)
FNDA:3,(anonymous_86)
FNDA:6,(anonymous_87)
FNDA:10,(anonymous_88)
FNDA:0,(anonymous_89)
FNDA:14,(anonymous_90)
FNDA:14,(anonymous_91)
FNDA:18,(anonymous_92)
FNDA:0,(anonymous_93)
FNDA:1,(anonymous_94)
FNDA:1,(anonymous_95)
FNDA:1,(anonymous_96)
FNDA:0,(anonymous_97)
FNDA:3,(anonymous_98)
DA:6,930
DA:7,6
DA:8,6
DA:13,6
DA:48,6
DA:49,6
DA:50,477
DA:52,6
DA:53,1
DA:55,0
DA:56,0
DA:57,0
DA:60,1
DA:61,1
DA:62,1
DA:64,9
DA:66,0
DA:67,0
DA:68,0
DA:70,0
DA:73,0
DA:76,0
DA:77,0
DA:78,0
DA:80,0
DA:83,0
DA:86,9
DA:87,9
DA:92,6
DA:94,5
DA:96,11
DA:100,9
DA:103,290
DA:104,290
DA:106,14
DA:107,22
DA:110,254
DA:112,6
DA:113,0
DA:114,0
DA:116,6
DA:117,840
DA:118,141
DA:119,840
DA:120,840
DA:122,6
DA:124,0
DA:126,0
DA:128,0
DA:129,0
DA:130,0
DA:131,0
DA:132,4
DA:133,4
DA:135,3
DA:136,3
DA:137,0
DA:138,0
DA:139,0
DA:140,0
DA:143,0
DA:144,0
DA:145,0
DA:146,0
DA:147,0
DA:148,0
DA:149,0
DA:150,0
DA:151,0
DA:154,0
DA:157,0
DA:158,0
DA:159,0
DA:160,0
DA:161,0
DA:162,0
DA:163,0
DA:164,0
DA:165,0
DA:166,0
DA:167,0
DA:169,6
DA:170,0
DA:171,6
DA:172,0
DA:173,0
DA:174,0
DA:175,1
DA:176,6
DA:177,30
DA:178,54
DA:179,0
DA:180,0
DA:181,0
DA:182,0
DA:183,0
DA:184,75
DA:185,0
DA:186,0
DA:187,0
DA:188,0
DA:189,0
DA:191,0
DA:192,0
DA:196,3
DA:198,6
DA:199,1
DA:205,0
DA:207,0
DA:209,6
DA:210,6
DA:211,6
DA:212,6
DA:213,6
DA:215,6
DA:216,4
DA:217,0
DA:218,4
DA:220,6
DA:223,6
DA:226,6
DA:228,6
DA:230,6
DA:231,1
DA:232,1
DA:233,1
DA:237,6
DA:238,6
DA:240,6
DA:241,6
DA:243,6
DA:244,0
DA:246,6
DA:247,0
DA:249,6
DA:250,0
DA:252,6
DA:253,0
DA:256,6
DA:257,6
DA:259,6
DA:261,1
DA:263,1
DA:265,6
DA:267,1
DA:269,1
DA:271,6
DA:273,0
DA:275,3
DA:277,6
DA:278,10
DA:280,6
DA:289,6
DA:290,0
DA:292,0
DA:294,14
DA:295,14
DA:296,14
DA:297,14
DA:308,6
DA:310,0
DA:312,14
DA:313,14
DA:314,14
DA:315,14
DA:322,6
DA:323,18
DA:325,6
DA:326,0
DA:327,0
DA:329,6
DA:331,0
DA:333,1
DA:335,6
DA:336,6
DA:338,6
DA:339,0
DA:340,0
DA:342,6
DA:344,2
DA:346,1
DA:347,1
DA:348,1
DA:353,6
DA:354,6
DA:355,6
DA:356,6
DA:357,6
DA:358,6
DA:359,6
DA:360,6
DA:361,6
DA:362,6
DA:363,6
DA:364,6
DA:365,6
DA:366,6
DA:367,6
DA:381,6
DA:396,6
DA:397,132
DA:399,6
LF:202
LH:124
BRDA:6,0,0,438
BRDA:6,0,1,12
BRDA:50,1,0,464
BRDA:50,1,1,13
BRDA:55,2,0,0
BRDA:55,2,1,0
BRDA:62,3,0,1
BRDA:62,3,1,0
BRDA:64,4,0,9
BRDA:64,4,1,0
BRDA:68,5,0,0
BRDA:68,5,1,0
BRDA:78,6,0,0
BRDA:78,6,1,0
BRDA:95,7,0,310
BRDA:95,7,1,15
BRDA:99,8,0,296
BRDA:99,8,1,3
BRDA:103,9,0,290
BRDA:103,9,1,21
BRDA:104,10,0,268
BRDA:104,10,1,22
BRDA:117,11,0,840
BRDA:117,11,1,162
BRDA:166,12,0,0
BRDA:166,12,1,0
BRDA:196,13,0,3
BRDA:196,13,1,0
BRDA:198,14,0,5
BRDA:198,14,1,1
BRDA:207,15,0,0
BRDA:207,15,1,0
BRDA:217,16,0,4
BRDA:217,16,1,4
BRDA:226,17,0,0
BRDA:226,17,1,0
BRDA:226,17,2,0
BRDA:330,18,0,1
BRDA:330,18,1,1
BRDA:330,18,2,1
BRF:40
BRH:24
end_of_record
TN:
SF:source-source/Art.Atomic/Rectangle.coffee
FN:1,(anonymous_1)
FN:29,(anonymous_3)
FN:31,(anonymous_5)
FN:33,(anonymous_6)
FN:37,(anonymous_7)
FN:64,(anonymous_8)
FN:87,(anonymous_9)
FN:88,(anonymous_10)
FN:89,(anonymous_11)
FN:90,(anonymous_12)
FN:95,(anonymous_13)
FN:96,(anonymous_14)
FN:97,(anonymous_15)
FN:105,(anonymous_16)
FN:106,(anonymous_17)
FN:107,(anonymous_18)
FN:108,(anonymous_19)
FN:109,(anonymous_20)
FN:110,(anonymous_21)
FN:111,(anonymous_22)
FN:112,(anonymous_23)
FN:113,(anonymous_24)
FN:116,(anonymous_25)
FN:117,(anonymous_26)
FN:118,(anonymous_27)
FN:119,(anonymous_28)
FN:120,(anonymous_29)
FN:121,(anonymous_30)
FN:122,(anonymous_31)
FN:123,(anonymous_32)
FN:124,(anonymous_33)
FN:126,(anonymous_34)
FN:127,(anonymous_35)
FN:128,(anonymous_36)
FN:129,(anonymous_37)
FN:130,(anonymous_38)
FN:131,(anonymous_39)
FN:132,(anonymous_40)
FN:133,(anonymous_41)
FN:134,(anonymous_42)
FN:150,(anonymous_43)
FN:154,(anonymous_44)
FN:167,(anonymous_45)
FN:168,(anonymous_46)
FN:169,(anonymous_47)
FN:170,(anonymous_48)
FN:172,(anonymous_49)
FN:174,(anonymous_50)
FN:175,(anonymous_51)
FN:181,(anonymous_52)
FN:194,(anonymous_53)
FN:209,(anonymous_54)
FN:225,(anonymous_55)
FN:235,(anonymous_56)
FN:244,(anonymous_57)
FN:251,(anonymous_58)
FN:260,(anonymous_59)
FN:280,(anonymous_60)
FN:287,(anonymous_61)
FN:296,(anonymous_62)
FN:297,(anonymous_63)
FN:325,(anonymous_64)
FN:351,(anonymous_65)
FN:360,(anonymous_66)
FN:361,(anonymous_67)
FN:367,(anonymous_68)
FN:370,(anonymous_69)
FNF:67
FNH:35
FNDA:12,(anonymous_1)
FNDA:6,(anonymous_3)
FNDA:276,(anonymous_5)
FNDA:238,(anonymous_6)
FNDA:2,(anonymous_7)
FNDA:318,(anonymous_8)
FNDA:0,(anonymous_9)
FNDA:4,(anonymous_10)
FNDA:0,(anonymous_11)
FNDA:6,(anonymous_12)
FNDA:1,(anonymous_13)
FNDA:1,(anonymous_14)
FNDA:0,(anonymous_15)
FNDA:1,(anonymous_16)
FNDA:0,(anonymous_17)
FNDA:1,(anonymous_18)
FNDA:0,(anonymous_19)
FNDA:0,(anonymous_20)
FNDA:0,(anonymous_21)
FNDA:1,(anonymous_22)
FNDA:0,(anonymous_23)
FNDA:1,(anonymous_24)
FNDA:0,(anonymous_25)
FNDA:0,(anonymous_26)
FNDA:0,(anonymous_27)
FNDA:0,(anonymous_28)
FNDA:0,(anonymous_29)
FNDA:0,(anonymous_30)
FNDA:0,(anonymous_31)
FNDA:0,(anonymous_32)
FNDA:0,(anonymous_33)
FNDA:0,(anonymous_34)
FNDA:109,(anonymous_35)
FNDA:113,(anonymous_36)
FNDA:139,(anonymous_37)
FNDA:133,(anonymous_38)
FNDA:6,(anonymous_39)
FNDA:6,(anonymous_40)
FNDA:5,(anonymous_41)
FNDA:0,(anonymous_42)
FNDA:30,(anonymous_43)
FNDA:1,(anonymous_44)
FNDA:0,(anonymous_45)
FNDA:0,(anonymous_46)
FNDA:0,(anonymous_47)
FNDA:0,(anonymous_48)
FNDA:0,(anonymous_49)
FNDA:0,(anonymous_50)
FNDA:0,(anonymous_51)
FNDA:48,(anonymous_52)
FNDA:40,(anonymous_53)
FNDA:10,(anonymous_54)
FNDA:6,(anonymous_55)
FNDA:8,(anonymous_56)
FNDA:0,(anonymous_57)
FNDA:9,(anonymous_58)
FNDA:0,(anonymous_59)
FNDA:14,(anonymous_60)
FNDA:2,(anonymous_61)
FNDA:0,(anonymous_62)
FNDA:0,(anonymous_63)
FNDA:16,(anonymous_64)
FNDA:2,(anonymous_65)
FNDA:0,(anonymous_66)
FNDA:0,(anonymous_67)
FNDA:2,(anonymous_68)
FNDA:17,(anonymous_69)
DA:1,930
DA:2,6
DA:3,6
DA:5,6
DA:17,6
DA:29,6
DA:30,6
DA:31,276
DA:33,6
DA:34,6
DA:35,232
DA:37,6
DA:38,2
DA:39,2
DA:42,0
DA:44,0
DA:45,0
DA:46,0
DA:48,2
DA:52,0
DA:54,0
DA:55,0
DA:56,0
DA:58,2
DA:59,2
DA:60,2
DA:61,2
DA:62,2
DA:64,6
DA:65,318
DA:67,299
DA:68,299
DA:69,299
DA:70,299
DA:72,4
DA:73,2
DA:74,2
DA:75,2
DA:76,2
DA:78,2
DA:79,2
DA:81,1
DA:82,1
DA:84,4
DA:86,6
DA:87,0
DA:88,4
DA:89,0
DA:90,6
DA:95,1
DA:96,1
DA:97,0
DA:105,1
DA:106,0
DA:107,1
DA:108,0
DA:109,0
DA:110,0
DA:111,1
DA:112,0
DA:113,1
DA:116,0
DA:117,0
DA:118,0
DA:119,0
DA:120,0
DA:121,0
DA:122,0
DA:123,0
DA:124,0
DA:126,0
DA:127,109
DA:128,113
DA:129,139
DA:130,133
DA:131,6
DA:132,6
DA:133,5
DA:135,0
DA:136,0
DA:138,0
DA:140,0
DA:141,0
DA:143,0
DA:144,0
DA:146,0
DA:147,0
DA:148,0
DA:150,30
DA:155,1
DA:156,1
DA:157,1
DA:158,1
DA:159,1
DA:167,6
DA:168,6
DA:169,6
DA:170,6
DA:172,6
DA:174,6
DA:175,6
DA:176,0
DA:177,0
DA:178,0
DA:179,0
DA:181,6
DA:183,10
DA:184,10
DA:190,38
DA:192,0
DA:194,6
DA:195,1
DA:196,39
DA:198,5
DA:204,34
DA:209,6
DA:210,1
DA:211,9
DA:214,5
DA:219,4
DA:225,6
DA:226,6
DA:227,6
DA:228,6
DA:229,6
DA:230,6
DA:235,8
DA:236,8
DA:237,8
DA:238,8
DA:239,8
DA:240,8
DA:244,6
DA:245,0
DA:246,0
DA:247,0
DA:248,0
DA:249,0
DA:251,6
DA:252,0
DA:253,2
DA:254,7
DA:255,7
DA:256,7
DA:257,7
DA:258,7
DA:260,6
DA:261,0
DA:262,0
DA:263,0
DA:265,0
DA:268,0
DA:270,0
DA:271,0
DA:277,0
DA:280,6
DA:282,4
DA:285,10
DA:287,6
DA:289,0
DA:290,0
DA:293,2
DA:296,6
DA:297,6
DA:325,6
DA:326,16
DA:327,16
DA:328,16
DA:329,16
DA:331,16
DA:332,16
DA:335,2
DA:338,2
DA:341,12
DA:342,12
DA:343,12
DA:344,12
DA:346,12
DA:347,1
DA:349,11
DA:351,6
DA:353,0
DA:355,2
DA:356,2
DA:357,0
DA:358,2
DA:360,6
DA:361,6
DA:364,6
DA:365,6
DA:367,6
DA:370,6
DA:371,1
DA:372,16
DA:373,16
DA:376,8
DA:380,8
DA:384,8
DA:393,8
DA:400,16
LF:200
LH:141
BRDA:1,0,0,438
BRDA:1,0,1,12
BRDA:31,1,0,273
BRDA:31,1,1,3
BRDA:72,2,0,2
BRDA:72,2,1,2
BRDA:126,3,0,0
BRDA:126,3,1,0
BRDA:133,4,0,5
BRDA:133,4,1,5
BRDA:137,5,0,0
BRDA:137,5,1,0
BRDA:167,6,0,0
BRDA:167,6,1,0
BRDA:168,7,0,0
BRDA:168,7,1,0
BRDA:197,8,0,39
BRDA:197,8,1,34
BRDA:198,9,0,5
BRDA:198,9,1,4
BRDA:198,9,2,3
BRDA:198,9,3,2
BRDA:204,10,0,34
BRDA:204,10,1,32
BRDA:204,10,2,30
BRDA:204,10,3,27
BRDA:213,11,0,9
BRDA:213,11,1,4
BRDA:214,12,0,5
BRDA:214,12,1,4
BRDA:214,12,2,3
BRDA:214,12,3,2
BRDA:219,13,0,4
BRDA:219,13,1,4
BRDA:219,13,2,4
BRDA:219,13,3,3
BRDA:265,14,0,0
BRDA:265,14,1,0
BRDA:267,15,0,0
BRDA:267,15,1,0
BRDA:332,16,0,16
BRDA:332,16,1,0
BRDA:332,17,0,16
BRDA:332,17,1,0
BRDA:334,18,0,16
BRDA:334,18,1,15
BRDA:337,19,0,14
BRDA:337,19,1,13
BRDA:346,20,0,1
BRDA:346,20,1,11
BRDA:346,21,0,12
BRDA:346,21,1,12
BRDA:356,22,0,0
BRDA:356,22,1,2
BRDA:357,23,0,2
BRDA:357,23,1,0
BRF:56
BRH:40
end_of_record
TN:
SF:source/Art.Atomic/namespace.js
FNF:0
FNH:0
DA:4,6
LF:1
LH:1
BRF:0
BRH:0
end_of_record
TN:
SF:source/Jest/StandardImport.js
FN:3,(anonymous_0)
FNF:1
FNH:1
FNDA:6,(anonymous_0)
DA:2,6
DA:3,6
DA:4,6
LF:3
LH:3
BRF:0
BRH:0
end_of_record
