TN:
SF:source-source/Art.Atomic/Atomic.coffee
FNF:0
FNH:0
DA:1,7
DA:2,7
DA:3,7
DA:4,7
DA:5,7
DA:7,7
LF:6
LH:6
BRF:0
BRH:0
end_of_record
TN:
SF:source-source/Art.Atomic/Base.coffee
FN:1,(anonymous_1)
FN:15,(anonymous_3)
FN:119,(anonymous_4)
FN:122,Base
FN:134,(anonymous_6)
FN:140,(anonymous_7)
FN:143,(anonymous_8)
FN:144,(anonymous_9)
FN:145,(anonymous_10)
FN:154,(anonymous_11)
FN:155,(anonymous_12)
FN:159,(anonymous_13)
FN:162,(anonymous_14)
FN:170,(anonymous_15)
FN:171,(anonymous_16)
FN:173,(anonymous_17)
FN:174,(anonymous_18)
FN:175,(anonymous_19)
FN:177,(anonymous_20)
FN:181,(anonymous_21)
FN:182,(anonymous_22)
FN:189,(anonymous_23)
FN:212,(anonymous_24)
FN:231,(anonymous_25)
FN:239,(anonymous_26)
FN:242,(anonymous_27)
FN:255,(anonymous_28)
FN:258,(anonymous_29)
FN:279,(anonymous_30)
FN:294,(anonymous_31)
FN:299,(anonymous_32)
FN:304,(anonymous_33)
FN:309,(anonymous_34)
FN:320,(anonymous_35)
FN:328,(anonymous_36)
FN:334,(anonymous_37)
FN:350,(anonymous_38)
FN:357,(anonymous_39)
FN:365,(anonymous_40)
FN:370,(anonymous_41)
FN:374,(anonymous_42)
FNF:41
FNH:28
FNDA:14,(anonymous_1)
FNDA:7,(anonymous_3)
FNDA:7,(anonymous_4)
FNDA:2614,Base
FNDA:374,(anonymous_6)
FNDA:105,(anonymous_7)
FNDA:0,(anonymous_8)
FNDA:0,(anonymous_9)
FNDA:0,(anonymous_10)
FNDA:0,(anonymous_11)
FNDA:0,(anonymous_12)
FNDA:0,(anonymous_13)
FNDA:0,(anonymous_14)
FNDA:0,(anonymous_15)
FNDA:0,(anonymous_16)
FNDA:70,(anonymous_17)
FNDA:0,(anonymous_18)
FNDA:206,(anonymous_19)
FNDA:0,(anonymous_20)
FNDA:0,(anonymous_21)
FNDA:0,(anonymous_22)
FNDA:35,(anonymous_23)
FNDA:770,(anonymous_24)
FNDA:35,(anonymous_25)
FNDA:35,(anonymous_26)
FNDA:35,(anonymous_27)
FNDA:140,(anonymous_28)
FNDA:140,(anonymous_29)
FNDA:35,(anonymous_30)
FNDA:140,(anonymous_31)
FNDA:140,(anonymous_32)
FNDA:140,(anonymous_33)
FNDA:35,(anonymous_34)
FNDA:35,(anonymous_35)
FNDA:35,(anonymous_36)
FNDA:35,(anonymous_37)
FNDA:35,(anonymous_38)
FNDA:140,(anonymous_39)
FNDA:35,(anonymous_40)
FNDA:35,(anonymous_41)
FNDA:35,(anonymous_42)
DA:1,973
DA:15,7
DA:119,7
DA:120,7
DA:123,2614
DA:124,5
DA:125,1007
DA:126,18
DA:127,0
DA:128,1584
DA:132,2614
DA:134,7
DA:135,371
DA:136,1
DA:137,1
DA:138,1
DA:140,105
DA:142,7
DA:143,0
DA:144,0
DA:146,0
DA:148,0
DA:149,0
DA:151,0
DA:152,0
DA:155,0
DA:156,0
DA:157,0
DA:159,0
DA:161,7
DA:162,7
DA:163,0
DA:164,0
DA:165,0
DA:166,0
DA:167,0
DA:168,0
DA:170,7
DA:171,7
DA:173,70
DA:174,7
DA:175,7
DA:177,0
DA:179,206
DA:181,7
DA:182,7
DA:183,7
DA:184,7
DA:189,35
DA:190,35
DA:192,35
DA:194,35
DA:195,35
DA:196,35
DA:212,7
DA:214,770
DA:215,770
DA:230,7
DA:231,7
DA:232,35
DA:234,35
DA:236,35
DA:239,140
DA:242,140
DA:252,70
DA:253,140
DA:255,560
DA:258,560
DA:279,7
DA:287,35
DA:289,70
DA:290,140
DA:294,560
DA:299,560
DA:304,560
DA:309,7
DA:310,35
DA:311,35
DA:319,35
DA:320,70
DA:321,140
DA:326,35
DA:328,140
DA:332,35
DA:335,70
DA:336,140
DA:340,35
DA:348,35
DA:350,140
DA:353,35
DA:354,140
DA:357,616
DA:361,35
DA:365,140
DA:369,35
DA:370,140
DA:373,35
DA:374,140
LF:98
LH:79
BRDA:1,0,0,455
BRDA:1,0,1,14
BRDA:127,1,0,1584
BRDA:127,1,1,1249
BRDA:127,1,2,4
BRDA:127,1,3,0
BRDA:140,2,0,105
BRDA:140,2,1,21
BRDA:182,3,0,0
BRDA:182,3,1,0
BRDA:214,4,0,35
BRDA:214,4,1,735
BRDA:357,5,0,140
BRDA:357,5,1,476
BRF:14
BRH:11
end_of_record
TN:
SF:source-source/Art.Atomic/Color.coffee
FN:1,(anonymous_1)
FN:20,(anonymous_3)
FN:26,(anonymous_4)
FN:28,(anonymous_6)
FN:29,(anonymous_7)
FN:216,(anonymous_8)
FN:221,(anonymous_9)
FN:234,(anonymous_10)
FN:238,(anonymous_11)
FN:256,(anonymous_12)
FN:273,(anonymous_13)
FN:277,(anonymous_14)
FN:338,(anonymous_15)
FN:346,(anonymous_16)
FN:361,(anonymous_17)
FN:389,(anonymous_18)
FN:407,(anonymous_19)
FN:431,(anonymous_20)
FN:432,(anonymous_21)
FN:433,(anonymous_22)
FN:434,(anonymous_23)
FN:442,(anonymous_24)
FN:443,(anonymous_25)
FN:446,(anonymous_26)
FN:447,(anonymous_27)
FN:448,(anonymous_28)
FN:449,(anonymous_29)
FN:451,(anonymous_30)
FN:462,(anonymous_31)
FN:477,(anonymous_32)
FN:481,(anonymous_33)
FN:483,(anonymous_34)
FN:484,(anonymous_35)
FN:485,(anonymous_36)
FN:487,(anonymous_37)
FN:488,(anonymous_38)
FN:490,(anonymous_39)
FN:498,(anonymous_40)
FN:499,(anonymous_41)
FN:500,(anonymous_42)
FN:501,(anonymous_43)
FN:503,(anonymous_44)
FN:504,(anonymous_45)
FN:505,(anonymous_46)
FN:506,(anonymous_47)
FN:508,(anonymous_48)
FN:509,(anonymous_49)
FN:510,(anonymous_50)
FN:512,(anonymous_51)
FN:513,(anonymous_52)
FN:514,(anonymous_53)
FN:515,(anonymous_54)
FN:517,(anonymous_55)
FN:518,(anonymous_56)
FN:520,(anonymous_57)
FN:521,(anonymous_58)
FN:523,(anonymous_59)
FN:526,(anonymous_60)
FN:529,(anonymous_61)
FN:535,(anonymous_62)
FN:537,(anonymous_63)
FN:543,(anonymous_64)
FN:547,(anonymous_65)
FN:552,(anonymous_66)
FN:554,(anonymous_67)
FN:558,(anonymous_68)
FN:565,(anonymous_69)
FN:571,(anonymous_70)
FN:574,(anonymous_71)
FN:575,(anonymous_72)
FN:579,(anonymous_73)
FN:580,(anonymous_74)
FN:581,(anonymous_75)
FN:582,(anonymous_76)
FN:583,(anonymous_77)
FN:584,(anonymous_78)
FN:585,(anonymous_79)
FN:586,(anonymous_80)
FN:587,(anonymous_81)
FN:588,(anonymous_82)
FN:589,(anonymous_83)
FN:590,(anonymous_84)
FN:605,(anonymous_85)
FN:607,(anonymous_86)
FN:609,(anonymous_87)
FNF:85
FNH:39
FNDA:14,(anonymous_1)
FNDA:45,(anonymous_3)
FNDA:7,(anonymous_4)
FNDA:1103,(anonymous_6)
FNDA:0,(anonymous_7)
FNDA:1100,(anonymous_8)
FNDA:0,(anonymous_9)
FNDA:0,(anonymous_10)
FNDA:31,(anonymous_11)
FNDA:0,(anonymous_12)
FNDA:0,(anonymous_13)
FNDA:1000,(anonymous_14)
FNDA:1073,(anonymous_15)
FNDA:73,(anonymous_16)
FNDA:22,(anonymous_17)
FNDA:3,(anonymous_18)
FNDA:0,(anonymous_19)
FNDA:1,(anonymous_20)
FNDA:0,(anonymous_21)
FNDA:2,(anonymous_22)
FNDA:1,(anonymous_23)
FNDA:0,(anonymous_24)
FNDA:0,(anonymous_25)
FNDA:0,(anonymous_26)
FNDA:0,(anonymous_27)
FNDA:0,(anonymous_28)
FNDA:0,(anonymous_29)
FNDA:0,(anonymous_30)
FNDA:0,(anonymous_31)
FNDA:111,(anonymous_32)
FNDA:2,(anonymous_33)
FNDA:0,(anonymous_34)
FNDA:0,(anonymous_35)
FNDA:0,(anonymous_36)
FNDA:0,(anonymous_37)
FNDA:0,(anonymous_38)
FNDA:2,(anonymous_39)
FNDA:33,(anonymous_40)
FNDA:33,(anonymous_41)
FNDA:0,(anonymous_42)
FNDA:25,(anonymous_43)
FNDA:0,(anonymous_44)
FNDA:0,(anonymous_45)
FNDA:0,(anonymous_46)
FNDA:0,(anonymous_47)
FNDA:0,(anonymous_48)
FNDA:0,(anonymous_49)
FNDA:33,(anonymous_50)
FNDA:0,(anonymous_51)
FNDA:0,(anonymous_52)
FNDA:0,(anonymous_53)
FNDA:3,(anonymous_54)
FNDA:0,(anonymous_55)
FNDA:0,(anonymous_56)
FNDA:3,(anonymous_57)
FNDA:1,(anonymous_58)
FNDA:5,(anonymous_59)
FNDA:24,(anonymous_60)
FNDA:0,(anonymous_61)
FNDA:0,(anonymous_62)
FNDA:0,(anonymous_63)
FNDA:0,(anonymous_64)
FNDA:29,(anonymous_65)
FNDA:24,(anonymous_66)
FNDA:2,(anonymous_67)
FNDA:4,(anonymous_68)
FNDA:0,(anonymous_69)
FNDA:0,(anonymous_70)
FNDA:0,(anonymous_71)
FNDA:0,(anonymous_72)
FNDA:15,(anonymous_73)
FNDA:8,(anonymous_74)
FNDA:7,(anonymous_75)
FNDA:0,(anonymous_76)
FNDA:0,(anonymous_77)
FNDA:0,(anonymous_78)
FNDA:3,(anonymous_79)
FNDA:1,(anonymous_80)
FNDA:1,(anonymous_81)
FNDA:2,(anonymous_82)
FNDA:2,(anonymous_83)
FNDA:0,(anonymous_84)
FNDA:0,(anonymous_85)
FNDA:0,(anonymous_86)
FNDA:9,(anonymous_87)
DA:1,1085
DA:2,7
DA:18,7
DA:20,7
DA:22,6
DA:24,39
DA:26,7
DA:27,7
DA:28,1103
DA:29,7
DA:30,0
DA:33,7
DA:212,7
DA:214,7
DA:216,7
DA:217,3
DA:218,67
DA:219,1030
DA:221,7
DA:222,0
DA:223,0
DA:224,0
DA:225,0
DA:226,0
DA:227,0
DA:228,0
DA:229,0
DA:230,0
DA:231,0
DA:233,7
DA:234,7
DA:235,0
DA:236,0
DA:238,25
DA:239,0
DA:241,31
DA:242,31
DA:243,31
DA:244,31
DA:245,31
DA:246,31
DA:247,31
DA:248,31
DA:249,17
DA:250,1
DA:251,1
DA:252,5
DA:253,4
DA:254,3
DA:256,7
DA:258,0
DA:259,0
DA:260,0
DA:261,0
DA:262,0
DA:263,0
DA:264,0
DA:265,0
DA:266,0
DA:267,0
DA:268,0
DA:269,0
DA:270,0
DA:271,0
DA:273,7
DA:274,0
DA:275,0
DA:277,7
DA:278,1000
DA:279,1000
DA:283,9
DA:284,7
DA:285,9
DA:286,9
DA:287,9
DA:288,9
DA:289,9
DA:292,2
DA:293,2
DA:296,2
DA:297,2
DA:301,972
DA:302,969
DA:303,972
DA:304,972
DA:305,972
DA:306,972
DA:307,972
DA:311,5
DA:312,5
DA:313,5
DA:314,5
DA:315,5
DA:319,10
DA:320,10
DA:321,10
DA:322,10
DA:323,10
DA:327,0
DA:328,0
DA:329,0
DA:330,0
DA:331,0
DA:332,0
DA:334,0
DA:336,0
DA:338,7
DA:339,1073
DA:340,1073
DA:341,1073
DA:342,1073
DA:343,1073
DA:346,7
DA:347,73
DA:348,32
DA:349,32
DA:350,32
DA:352,1
DA:354,1
DA:356,71
DA:357,71
DA:358,71
DA:359,71
DA:361,7
DA:362,22
DA:363,0
DA:364,0
DA:366,0
DA:372,22
DA:373,22
DA:374,22
DA:375,22
DA:376,22
DA:377,22
DA:378,22
DA:379,22
DA:387,0
DA:389,7
DA:390,3
DA:393,3
DA:396,0
DA:397,0
DA:399,3
DA:400,3
DA:407,7
DA:408,0
DA:409,0
DA:410,0
DA:412,0
DA:419,0
DA:421,0
DA:423,0
DA:424,0
DA:431,7
DA:432,7
DA:433,7
DA:434,7
DA:435,1
DA:437,1
DA:438,1
DA:439,0
DA:440,1
DA:442,7
DA:443,7
DA:444,7
DA:446,7
DA:447,7
DA:448,7
DA:449,7
DA:451,7
DA:452,0
DA:453,0
DA:454,0
DA:455,0
DA:456,0
DA:457,0
DA:458,0
DA:459,0
DA:460,0
DA:462,7
DA:464,0
DA:465,0
DA:466,0
DA:467,0
DA:468,0
DA:470,0
DA:471,0
DA:472,0
DA:473,0
DA:474,0
DA:476,7
DA:477,111
DA:478,111
DA:480,7
DA:481,2
DA:483,0
DA:484,0
DA:485,0
DA:487,0
DA:488,0
DA:491,2
DA:498,33
DA:499,33
DA:500,0
DA:501,25
DA:503,0
DA:504,0
DA:505,0
DA:506,0
DA:508,0
DA:509,0
DA:510,33
DA:512,0
DA:513,0
DA:514,0
DA:515,3
DA:517,0
DA:518,0
DA:520,3
DA:521,1
DA:524,5
DA:527,24
DA:530,0
DA:535,0
DA:538,0
DA:544,0
DA:545,0
DA:548,29
DA:552,24
DA:554,7
DA:555,2
DA:556,2
DA:558,7
DA:559,4
DA:565,7
DA:566,0
DA:567,0
DA:568,0
DA:569,0
DA:571,7
DA:573,7
DA:574,0
DA:575,0
DA:578,7
DA:579,15
DA:580,8
DA:581,7
DA:582,0
DA:583,0
DA:584,0
DA:585,3
DA:586,1
DA:587,1
DA:588,2
DA:589,2
DA:591,0
DA:593,0
DA:594,0
DA:595,0
DA:598,0
DA:600,0
DA:602,0
DA:605,0
DA:607,0
DA:609,7
DA:610,0
DA:611,9
DA:613,9
DA:614,9
DA:617,1
DA:620,8
DA:622,8
DA:624,8
DA:625,3
DA:626,2
DA:627,3
DA:629,9
DA:631,9
DA:633,7
DA:634,1036
DA:636,7
LF:281
LH:168
BRDA:1,0,0,511
BRDA:1,0,1,14
BRDA:28,1,0,1102
BRDA:28,1,1,1
BRDA:30,2,0,0
BRDA:30,2,1,0
BRDA:30,2,2,0
BRDA:217,3,0,1100
BRDA:217,3,1,1072
BRDA:218,4,0,1097
BRDA:218,4,1,1067
BRDA:218,5,0,1067
BRDA:218,5,1,1066
BRDA:222,6,0,0
BRDA:222,6,1,0
BRDA:223,7,0,0
BRDA:223,7,1,0
BRDA:223,8,0,0
BRDA:223,8,1,0
BRDA:247,9,0,0
BRDA:247,9,1,31
BRDA:248,10,0,17
BRDA:248,10,1,1
BRDA:248,10,2,1
BRDA:248,10,3,5
BRDA:248,10,4,4
BRDA:248,10,5,3
BRDA:264,11,0,0
BRDA:264,11,1,0
BRDA:265,12,0,0
BRDA:265,12,1,0
BRDA:265,12,2,0
BRDA:265,12,3,0
BRDA:265,12,4,0
BRDA:265,12,5,0
BRDA:285,13,0,9
BRDA:285,13,1,7
BRDA:303,14,0,972
BRDA:303,14,1,969
BRDA:359,15,0,61
BRDA:359,15,1,10
BRDA:362,16,0,0
BRDA:362,16,1,0
BRDA:362,16,2,0
BRDA:362,16,3,22
BRDA:362,16,4,0
BRDA:366,17,0,0
BRDA:366,17,1,0
BRDA:366,17,2,0
BRDA:366,17,3,0
BRDA:369,18,0,0
BRDA:369,18,1,0
BRDA:379,19,0,22
BRDA:379,19,1,22
BRDA:379,19,2,22
BRDA:379,19,3,22
BRDA:379,19,4,22
BRDA:379,19,5,3
BRDA:379,19,6,1
BRDA:379,19,7,21
BRDA:379,19,8,2
BRDA:379,19,9,0
BRDA:379,19,10,21
BRDA:379,19,11,2
BRDA:379,19,12,0
BRDA:410,20,0,0
BRDA:410,20,1,0
BRDA:410,20,2,0
BRDA:410,20,3,0
BRDA:452,21,0,0
BRDA:452,21,1,0
BRDA:452,21,2,0
BRDA:452,21,3,0
BRDA:452,21,4,0
BRDA:452,21,5,0
BRDA:452,21,6,0
BRDA:452,21,7,0
BRDA:452,21,8,0
BRDA:452,21,9,0
BRDA:452,21,10,0
BRDA:452,21,11,0
BRDA:452,21,12,0
BRDA:452,21,13,0
BRDA:452,21,14,0
BRDA:452,21,15,0
BRDA:463,22,0,0
BRDA:463,22,1,0
BRDA:463,22,2,0
BRDA:464,23,0,0
BRDA:464,23,1,0
BRDA:465,24,0,0
BRDA:465,24,1,0
BRDA:466,25,0,0
BRDA:466,25,1,0
BRDA:467,26,0,0
BRDA:467,26,1,0
BRDA:470,27,0,0
BRDA:470,27,1,0
BRDA:471,28,0,0
BRDA:471,28,1,0
BRDA:472,29,0,0
BRDA:472,29,1,0
BRDA:473,30,0,0
BRDA:473,30,1,0
BRDA:485,31,0,0
BRDA:485,31,1,0
BRDA:555,32,0,2
BRDA:555,32,1,0
BRDA:559,33,0,4
BRDA:559,33,1,4
BRDA:560,34,0,1
BRDA:560,34,1,3
BRDA:579,35,0,12
BRDA:579,35,1,3
BRDA:579,36,0,3
BRDA:579,36,1,3
BRDA:580,37,0,4
BRDA:580,37,1,4
BRDA:580,38,0,4
BRDA:580,38,1,4
BRDA:581,39,0,5
BRDA:581,39,1,2
BRDA:581,40,0,2
BRDA:581,40,1,2
BRDA:585,41,0,3
BRDA:585,41,1,0
BRDA:585,42,0,0
BRDA:585,42,1,0
BRDA:586,43,0,1
BRDA:586,43,1,0
BRDA:586,44,0,0
BRDA:586,44,1,0
BRDA:587,45,0,1
BRDA:587,45,1,0
BRDA:587,46,0,0
BRDA:587,46,1,0
BRDA:588,47,0,2
BRDA:588,47,1,0
BRDA:588,48,0,0
BRDA:588,48,1,0
BRDA:589,49,0,2
BRDA:589,49,1,0
BRDA:589,50,0,0
BRDA:589,50,1,0
BRDA:597,51,0,0
BRDA:597,51,1,0
BRDA:599,52,0,0
BRDA:599,52,1,0
BRDA:624,53,0,3
BRDA:624,53,1,2
BRDA:624,53,2,3
BRDA:625,54,0,3
BRDA:625,54,1,0
BRF:153
BRH:61
end_of_record
TN:
SF:source-source/Art.Atomic/Matrix.coffee
FN:1,(anonymous_1)
FN:69,(anonymous_3)
FN:71,(anonymous_5)
FN:73,(anonymous_6)
FN:81,(anonymous_7)
FN:89,(anonymous_8)
FN:98,(anonymous_9)
FN:104,(anonymous_10)
FN:113,(anonymous_11)
FN:119,(anonymous_12)
FN:140,(anonymous_13)
FN:165,(anonymous_14)
FN:177,(anonymous_15)
FN:184,(anonymous_16)
FN:197,(anonymous_17)
FN:200,(anonymous_18)
FN:201,(anonymous_19)
FN:202,(anonymous_20)
FN:203,(anonymous_21)
FN:204,(anonymous_22)
FN:205,(anonymous_23)
FN:206,(anonymous_24)
FN:207,(anonymous_25)
FN:208,(anonymous_26)
FN:209,(anonymous_27)
FN:210,(anonymous_28)
FN:211,(anonymous_29)
FN:212,(anonymous_30)
FN:213,(anonymous_31)
FN:214,(anonymous_32)
FN:215,(anonymous_33)
FN:216,(anonymous_34)
FN:217,(anonymous_35)
FN:223,(anonymous_36)
FN:228,(anonymous_37)
FN:230,(anonymous_38)
FN:238,(anonymous_39)
FN:244,(anonymous_40)
FN:248,(anonymous_41)
FN:253,(anonymous_42)
FN:257,(anonymous_43)
FN:259,(anonymous_44)
FN:265,(anonymous_45)
FN:274,(anonymous_46)
FN:287,(anonymous_47)
FN:290,(anonymous_48)
FN:300,(anonymous_49)
FN:313,(anonymous_50)
FN:325,(anonymous_51)
FN:335,(anonymous_52)
FN:338,(anonymous_53)
FN:350,(anonymous_54)
FN:359,(anonymous_55)
FN:369,(anonymous_56)
FN:372,(anonymous_57)
FN:382,(anonymous_58)
FN:398,(anonymous_59)
FN:416,(anonymous_60)
FN:423,(anonymous_61)
FN:433,(anonymous_62)
FN:443,(anonymous_63)
FN:445,(anonymous_64)
FN:451,(anonymous_65)
FN:461,(anonymous_66)
FN:462,(anonymous_67)
FN:464,(anonymous_68)
FN:471,(anonymous_69)
FN:498,(anonymous_70)
FN:510,(anonymous_71)
FN:525,(anonymous_72)
FN:584,(anonymous_73)
FN:593,(anonymous_74)
FNF:72
FNH:43
FNDA:14,(anonymous_1)
FNDA:7,(anonymous_3)
FNDA:129,(anonymous_5)
FNDA:35,(anonymous_6)
FNDA:18,(anonymous_7)
FNDA:6,(anonymous_8)
FNDA:24,(anonymous_9)
FNDA:9,(anonymous_10)
FNDA:15,(anonymous_11)
FNDA:14,(anonymous_12)
FNDA:3,(anonymous_13)
FNDA:0,(anonymous_14)
FNDA:337,(anonymous_15)
FNDA:337,(anonymous_16)
FNDA:0,(anonymous_17)
FNDA:0,(anonymous_18)
FNDA:0,(anonymous_19)
FNDA:0,(anonymous_20)
FNDA:6,(anonymous_21)
FNDA:6,(anonymous_22)
FNDA:3,(anonymous_23)
FNDA:3,(anonymous_24)
FNDA:6,(anonymous_25)
FNDA:6,(anonymous_26)
FNDA:179,(anonymous_27)
FNDA:0,(anonymous_28)
FNDA:0,(anonymous_29)
FNDA:0,(anonymous_30)
FNDA:0,(anonymous_31)
FNDA:0,(anonymous_32)
FNDA:3,(anonymous_33)
FNDA:0,(anonymous_34)
FNDA:0,(anonymous_35)
FNDA:3,(anonymous_36)
FNDA:0,(anonymous_37)
FNDA:0,(anonymous_38)
FNDA:0,(anonymous_39)
FNDA:0,(anonymous_40)
FNDA:0,(anonymous_41)
FNDA:5,(anonymous_42)
FNDA:0,(anonymous_43)
FNDA:0,(anonymous_44)
FNDA:0,(anonymous_45)
FNDA:0,(anonymous_46)
FNDA:0,(anonymous_47)
FNDA:0,(anonymous_48)
FNDA:0,(anonymous_49)
FNDA:0,(anonymous_50)
FNDA:4,(anonymous_51)
FNDA:10,(anonymous_52)
FNDA:10,(anonymous_53)
FNDA:4,(anonymous_54)
FNDA:8,(anonymous_55)
FNDA:365,(anonymous_56)
FNDA:189,(anonymous_57)
FNDA:0,(anonymous_58)
FNDA:14,(anonymous_59)
FNDA:6,(anonymous_60)
FNDA:10,(anonymous_61)
FNDA:10,(anonymous_62)
FNDA:0,(anonymous_63)
FNDA:750,(anonymous_64)
FNDA:190,(anonymous_65)
FNDA:191,(anonymous_66)
FNDA:191,(anonymous_67)
FNDA:191,(anonymous_68)
FNDA:176,(anonymous_69)
FNDA:1,(anonymous_70)
FNDA:0,(anonymous_71)
FNDA:5,(anonymous_72)
FNDA:1,(anonymous_73)
FNDA:0,(anonymous_74)
DA:1,1085
DA:56,7
DA:57,7
DA:58,7
DA:60,7
DA:61,7
DA:62,7
DA:63,7
DA:69,7
DA:70,7
DA:71,129
DA:73,7
DA:75,0
DA:77,2
DA:79,33
DA:81,7
DA:82,18
DA:87,18
DA:89,7
DA:90,0
DA:92,2
DA:94,4
DA:96,6
DA:98,7
DA:100,1
DA:102,23
DA:104,7
DA:105,0
DA:107,5
DA:109,4
DA:111,9
DA:113,7
DA:115,0
DA:117,15
DA:119,7
DA:120,14
DA:121,14
DA:124,1
DA:127,13
DA:140,7
DA:142,3
DA:143,3
DA:145,3
DA:146,3
DA:148,3
DA:149,3
DA:151,3
DA:152,3
DA:154,3
DA:158,3
DA:159,3
DA:160,1
DA:161,3
DA:163,3
DA:165,7
DA:167,0
DA:168,0
DA:177,7
DA:178,337
DA:179,337
DA:180,337
DA:181,337
DA:182,337
DA:184,7
DA:185,337
DA:186,243
DA:187,0
DA:188,1
DA:190,93
DA:191,93
DA:192,93
DA:193,93
DA:194,93
DA:195,93
DA:197,7
DA:199,7
DA:200,0
DA:201,0
DA:202,0
DA:203,6
DA:204,6
DA:205,3
DA:206,3
DA:207,6
DA:208,6
DA:209,179
DA:210,0
DA:211,0
DA:212,0
DA:213,0
DA:214,0
DA:215,3
DA:216,0
DA:218,0
DA:221,0
DA:224,3
DA:225,3
DA:226,3
DA:228,0
DA:231,0
DA:239,0
DA:245,0
DA:249,0
DA:254,5
DA:257,0
DA:260,0
DA:265,7
DA:266,0
DA:267,0
DA:268,0
DA:269,0
DA:270,0
DA:271,0
DA:272,0
DA:274,7
DA:277,0
DA:287,7
DA:290,7
DA:292,0
DA:293,0
DA:295,0
DA:297,0
DA:300,7
DA:302,0
DA:303,0
DA:305,0
DA:308,0
DA:311,0
DA:313,7
DA:315,0
DA:318,0
DA:325,7
DA:327,4
DA:329,0
DA:331,0
DA:333,4
DA:335,7
DA:336,10
DA:338,7
DA:339,10
DA:340,10
DA:341,10
DA:350,7
DA:351,0
DA:353,4
DA:355,0
DA:357,4
DA:359,7
DA:360,8
DA:368,7
DA:370,365
DA:372,7
DA:373,189
DA:374,189
DA:382,7
DA:383,0
DA:384,0
DA:385,0
DA:386,0
DA:387,0
DA:388,0
DA:389,0
DA:390,0
DA:398,7
DA:400,6
DA:408,8
DA:416,7
DA:417,6
DA:421,6
DA:423,7
DA:424,10
DA:425,10
DA:426,1
DA:427,9
DA:433,7
DA:434,10
DA:435,10
DA:436,1
DA:437,9
DA:443,7
DA:445,750
DA:451,7
DA:453,0
DA:454,0
DA:455,0
DA:457,190
DA:459,190
DA:461,191
DA:462,191
DA:464,7
DA:465,191
DA:471,7
DA:473,0
DA:474,0
DA:476,176
DA:478,176
DA:479,176
DA:480,176
DA:481,176
DA:482,176
DA:483,176
DA:484,176
DA:486,176
DA:498,7
DA:499,1
DA:500,0
DA:501,1
DA:502,0
DA:503,1
DA:510,7
DA:511,0
DA:512,0
DA:513,0
DA:525,7
DA:526,5
DA:528,0
DA:532,3
DA:533,3
DA:534,3
DA:535,3
DA:537,1
DA:538,3
DA:542,2
DA:544,2
DA:545,2
DA:547,2
DA:548,2
DA:550,2
DA:551,2
DA:553,2
DA:554,2
DA:556,2
DA:557,2
DA:559,2
DA:560,2
DA:563,0
DA:564,0
DA:565,0
DA:566,0
DA:567,0
DA:568,0
DA:571,0
DA:574,5
DA:577,7
DA:578,7
DA:579,7
DA:584,7
DA:585,1
DA:586,1
DA:587,1
DA:588,1
DA:589,1
DA:590,1
DA:591,1
DA:593,7
DA:594,0
DA:595,0
DA:596,0
LF:258
LH:181
BRDA:1,0,0,511
BRDA:1,0,1,14
BRDA:71,1,0,127
BRDA:71,1,1,2
BRDA:76,2,0,35
BRDA:76,2,1,35
BRDA:83,3,0,2
BRDA:83,3,1,16
BRDA:99,4,0,24
BRDA:99,4,1,1
BRDA:114,5,0,15
BRDA:114,5,1,0
BRDA:123,6,0,14
BRDA:123,6,1,2
BRDA:157,7,0,3
BRDA:157,7,1,3
BRDA:161,8,0,1
BRDA:161,8,1,2
BRDA:195,9,0,93
BRDA:195,9,1,0
BRDA:207,10,0,6
BRDA:207,10,1,6
BRDA:208,11,0,6
BRDA:208,11,1,3
BRDA:231,12,0,0
BRDA:231,12,1,0
BRDA:231,12,2,0
BRDA:231,12,3,0
BRDA:231,12,4,0
BRDA:231,12,5,0
BRDA:239,13,0,0
BRDA:239,13,1,0
BRDA:239,13,2,0
BRDA:239,13,3,0
BRDA:245,14,0,0
BRDA:245,14,1,0
BRDA:249,15,0,0
BRDA:249,15,1,0
BRDA:249,15,2,0
BRDA:254,16,0,5
BRDA:254,16,1,3
BRDA:260,17,0,0
BRDA:260,17,1,0
BRDA:260,17,2,0
BRDA:260,17,3,0
BRDA:293,18,0,0
BRDA:293,18,1,0
BRDA:303,19,0,0
BRDA:303,19,1,0
BRDA:307,20,0,0
BRDA:307,20,1,0
BRDA:314,21,0,0
BRDA:314,21,1,0
BRDA:418,22,0,3
BRDA:418,22,1,3
BRDA:425,23,0,1
BRDA:425,23,1,9
BRDA:426,24,0,10
BRDA:426,24,1,3
BRDA:426,24,2,1
BRDA:426,25,0,1
BRDA:426,25,1,0
BRDA:428,26,0,5
BRDA:428,26,1,4
BRDA:428,27,0,2
BRDA:428,27,1,2
BRDA:429,28,0,2
BRDA:429,28,1,7
BRDA:429,29,0,6
BRDA:429,29,1,1
BRDA:430,30,0,6
BRDA:430,30,1,3
BRDA:435,31,0,1
BRDA:435,31,1,9
BRDA:436,32,0,10
BRDA:436,32,1,3
BRDA:436,32,2,1
BRDA:436,33,0,1
BRDA:436,33,1,0
BRDA:438,34,0,1
BRDA:438,34,1,8
BRDA:438,35,0,6
BRDA:438,35,1,2
BRDA:439,36,0,2
BRDA:439,36,1,7
BRDA:439,37,0,6
BRDA:439,37,1,1
BRDA:440,38,0,6
BRDA:440,38,1,3
BRDA:455,39,0,0
BRDA:455,39,1,0
BRDA:474,40,0,0
BRDA:474,40,1,0
BRDA:499,41,0,0
BRDA:499,41,1,1
BRDA:499,41,2,0
BRDA:499,42,0,1
BRDA:499,42,1,1
BRDA:538,43,0,1
BRDA:538,43,1,2
BRF:100
BRH:63
end_of_record
TN:
SF:source-source/Art.Atomic/Perimeter.coffee
FN:6,(anonymous_1)
FN:19,(anonymous_3)
FN:21,(anonymous_5)
FN:23,(anonymous_6)
FN:33,(anonymous_7)
FN:36,(anonymous_8)
FN:44,(anonymous_9)
FN:63,(anonymous_10)
FN:79,(anonymous_11)
FN:80,(anonymous_12)
FN:81,(anonymous_13)
FN:82,(anonymous_14)
FN:83,(anonymous_15)
FN:85,(anonymous_16)
FN:94,(anonymous_17)
FN:103,(anonymous_18)
FN:123,(anonymous_19)
FNF:17
FNH:10
FNDA:14,(anonymous_1)
FNDA:7,(anonymous_3)
FNDA:22,(anonymous_5)
FNDA:22,(anonymous_6)
FNDA:26,(anonymous_7)
FNDA:15,(anonymous_8)
FNDA:26,(anonymous_9)
FNDA:0,(anonymous_10)
FNDA:1,(anonymous_11)
FNDA:1,(anonymous_12)
FNDA:0,(anonymous_13)
FNDA:0,(anonymous_14)
FNDA:0,(anonymous_15)
FNDA:0,(anonymous_16)
FNDA:0,(anonymous_17)
FNDA:0,(anonymous_18)
FNDA:3,(anonymous_19)
DA:6,1085
DA:7,7
DA:8,7
DA:16,7
DA:17,7
DA:19,7
DA:20,7
DA:21,22
DA:23,7
DA:25,0
DA:27,0
DA:29,4
DA:31,18
DA:33,7
DA:34,26
DA:36,7
DA:37,15
DA:44,7
DA:45,26
DA:46,26
DA:55,26
DA:56,1
DA:57,7
DA:58,1
DA:59,17
DA:60,0
DA:62,7
DA:64,0
DA:66,0
DA:68,0
DA:70,0
DA:72,0
DA:73,0
DA:74,0
DA:75,0
DA:77,0
DA:78,0
DA:79,1
DA:80,1
DA:81,0
DA:82,0
DA:83,0
DA:85,7
DA:86,0
DA:87,0
DA:90,0
DA:92,0
DA:94,7
DA:95,0
DA:96,0
DA:99,0
DA:101,0
DA:103,7
DA:104,0
DA:112,0
DA:120,14
DA:121,7
DA:123,7
DA:124,3
DA:125,3
DA:126,3
LF:61
LH:35
BRDA:6,0,0,511
BRDA:6,0,1,14
BRDA:21,1,0,20
BRDA:21,1,1,2
BRDA:26,2,0,22
BRDA:26,2,1,0
BRDA:29,3,0,22
BRDA:29,3,1,18
BRDA:29,3,2,20
BRDA:38,4,0,15
BRDA:38,4,1,13
BRDA:38,5,0,15
BRDA:38,5,1,6
BRDA:38,6,0,15
BRDA:38,6,1,13
BRDA:38,7,0,15
BRDA:38,7,1,14
BRDA:39,8,0,15
BRDA:39,8,1,13
BRDA:39,9,0,15
BRDA:39,9,1,7
BRDA:39,10,0,15
BRDA:39,10,1,13
BRDA:39,11,0,15
BRDA:39,11,1,14
BRDA:40,12,0,15
BRDA:40,12,1,12
BRDA:40,13,0,15
BRDA:40,13,1,7
BRDA:40,14,0,15
BRDA:40,14,1,12
BRDA:40,15,0,15
BRDA:40,15,1,14
BRDA:41,16,0,15
BRDA:41,16,1,12
BRDA:41,17,0,15
BRDA:41,17,1,8
BRDA:41,18,0,15
BRDA:41,18,1,12
BRDA:41,19,0,15
BRDA:41,19,1,14
BRDA:47,20,0,25
BRDA:47,20,1,1
BRDA:48,21,0,18
BRDA:48,21,1,7
BRDA:49,22,0,17
BRDA:49,22,1,1
BRDA:49,23,0,17
BRDA:49,23,1,0
BRDA:55,24,0,1
BRDA:55,24,1,7
BRDA:55,24,2,1
BRDA:55,24,3,17
BRDA:55,24,4,0
BRDA:65,25,0,0
BRDA:65,25,1,0
BRDA:65,25,2,0
BRDA:70,26,0,0
BRDA:70,26,1,0
BRDA:73,27,0,0
BRDA:73,27,1,0
BRDA:74,28,0,0
BRDA:74,28,1,0
BRDA:75,29,0,0
BRDA:75,29,1,0
BRDA:78,30,0,0
BRDA:78,30,1,0
BRDA:83,31,0,0
BRDA:83,31,1,0
BRDA:89,32,0,0
BRDA:89,32,1,0
BRDA:98,33,0,0
BRDA:98,33,1,0
BRF:73
BRH:51
end_of_record
TN:
SF:source-source/Art.Atomic/Point.coffee
FN:6,(anonymous_1)
FN:48,(anonymous_3)
FN:50,(anonymous_5)
FN:52,(anonymous_6)
FN:64,(anonymous_7)
FN:92,(anonymous_8)
FN:112,(anonymous_9)
FN:116,(anonymous_10)
FN:123,(anonymous_11)
FN:132,(anonymous_12)
FN:133,(anonymous_13)
FN:135,(anonymous_14)
FN:136,(anonymous_15)
FN:137,(anonymous_16)
FN:138,(anonymous_17)
FN:139,(anonymous_18)
FN:140,(anonymous_19)
FN:143,(anonymous_20)
FN:144,(anonymous_21)
FN:145,(anonymous_22)
FN:146,(anonymous_23)
FN:147,(anonymous_24)
FN:148,(anonymous_25)
FN:149,(anonymous_26)
FN:150,(anonymous_27)
FN:151,(anonymous_28)
FN:154,(anonymous_29)
FN:157,(anonymous_30)
FN:158,(anonymous_31)
FN:159,(anonymous_32)
FN:160,(anonymous_33)
FN:161,(anonymous_34)
FN:162,(anonymous_35)
FN:163,(anonymous_36)
FN:164,(anonymous_37)
FN:165,(anonymous_38)
FN:166,(anonymous_39)
FN:167,(anonymous_40)
FN:169,(anonymous_41)
FN:170,(anonymous_42)
FN:171,(anonymous_43)
FN:172,(anonymous_44)
FN:173,(anonymous_45)
FN:174,(anonymous_46)
FN:175,(anonymous_47)
FN:176,(anonymous_48)
FN:177,(anonymous_49)
FN:178,(anonymous_50)
FN:179,(anonymous_51)
FN:180,(anonymous_52)
FN:181,(anonymous_53)
FN:182,(anonymous_54)
FN:183,(anonymous_55)
FN:184,(anonymous_56)
FN:185,(anonymous_57)
FN:186,(anonymous_58)
FN:187,(anonymous_59)
FN:188,(anonymous_60)
FN:189,(anonymous_61)
FN:191,(anonymous_62)
FN:192,(anonymous_63)
FN:194,(anonymous_64)
FN:204,(anonymous_65)
FN:207,(anonymous_66)
FN:209,(anonymous_67)
FN:210,(anonymous_68)
FN:215,(anonymous_69)
FN:223,(anonymous_70)
FN:226,(anonymous_71)
FN:228,(anonymous_72)
FN:230,(anonymous_73)
FN:237,(anonymous_74)
FN:238,(anonymous_75)
FN:240,(anonymous_76)
FN:241,(anonymous_77)
FN:243,(anonymous_78)
FN:246,(anonymous_79)
FN:249,(anonymous_80)
FN:252,(anonymous_81)
FN:256,(anonymous_82)
FN:257,(anonymous_83)
FN:259,(anonymous_84)
FN:265,(anonymous_85)
FN:271,(anonymous_86)
FN:277,(anonymous_87)
FN:278,(anonymous_88)
FN:280,(anonymous_89)
FN:289,(anonymous_90)
FN:308,(anonymous_91)
FN:322,(anonymous_92)
FN:325,(anonymous_93)
FN:329,(anonymous_94)
FN:335,(anonymous_95)
FN:336,(anonymous_96)
FN:338,(anonymous_97)
FN:342,(anonymous_98)
FNF:96
FNH:39
FNDA:14,(anonymous_1)
FNDA:7,(anonymous_3)
FNDA:478,(anonymous_5)
FNDA:1,(anonymous_6)
FNDA:9,(anonymous_7)
FNDA:315,(anonymous_8)
FNDA:0,(anonymous_9)
FNDA:855,(anonymous_10)
FNDA:0,(anonymous_11)
FNDA:4,(anonymous_12)
FNDA:4,(anonymous_13)
FNDA:3,(anonymous_14)
FNDA:3,(anonymous_15)
FNDA:0,(anonymous_16)
FNDA:0,(anonymous_17)
FNDA:0,(anonymous_18)
FNDA:0,(anonymous_19)
FNDA:0,(anonymous_20)
FNDA:0,(anonymous_21)
FNDA:0,(anonymous_22)
FNDA:0,(anonymous_23)
FNDA:0,(anonymous_24)
FNDA:0,(anonymous_25)
FNDA:0,(anonymous_26)
FNDA:0,(anonymous_27)
FNDA:0,(anonymous_28)
FNDA:0,(anonymous_29)
FNDA:0,(anonymous_30)
FNDA:0,(anonymous_31)
FNDA:0,(anonymous_32)
FNDA:0,(anonymous_33)
FNDA:0,(anonymous_34)
FNDA:0,(anonymous_35)
FNDA:0,(anonymous_36)
FNDA:0,(anonymous_37)
FNDA:0,(anonymous_38)
FNDA:0,(anonymous_39)
FNDA:0,(anonymous_40)
FNDA:6,(anonymous_41)
FNDA:0,(anonymous_42)
FNDA:6,(anonymous_43)
FNDA:0,(anonymous_44)
FNDA:0,(anonymous_45)
FNDA:0,(anonymous_46)
FNDA:1,(anonymous_47)
FNDA:6,(anonymous_48)
FNDA:30,(anonymous_49)
FNDA:54,(anonymous_50)
FNDA:0,(anonymous_51)
FNDA:0,(anonymous_52)
FNDA:0,(anonymous_53)
FNDA:0,(anonymous_54)
FNDA:0,(anonymous_55)
FNDA:75,(anonymous_56)
FNDA:0,(anonymous_57)
FNDA:0,(anonymous_58)
FNDA:0,(anonymous_59)
FNDA:0,(anonymous_60)
FNDA:0,(anonymous_61)
FNDA:0,(anonymous_62)
FNDA:0,(anonymous_63)
FNDA:9,(anonymous_64)
FNDA:0,(anonymous_65)
FNDA:0,(anonymous_66)
FNDA:3,(anonymous_67)
FNDA:6,(anonymous_68)
FNDA:4,(anonymous_69)
FNDA:0,(anonymous_70)
FNDA:0,(anonymous_71)
FNDA:0,(anonymous_72)
FNDA:1,(anonymous_73)
FNDA:2,(anonymous_74)
FNDA:2,(anonymous_75)
FNDA:2,(anonymous_76)
FNDA:2,(anonymous_77)
FNDA:0,(anonymous_78)
FNDA:0,(anonymous_79)
FNDA:0,(anonymous_80)
FNDA:0,(anonymous_81)
FNDA:0,(anonymous_82)
FNDA:0,(anonymous_83)
FNDA:2,(anonymous_84)
FNDA:2,(anonymous_85)
FNDA:3,(anonymous_86)
FNDA:6,(anonymous_87)
FNDA:10,(anonymous_88)
FNDA:0,(anonymous_89)
FNDA:14,(anonymous_90)
FNDA:14,(anonymous_91)
FNDA:18,(anonymous_92)
FNDA:0,(anonymous_93)
FNDA:1,(anonymous_94)
FNDA:1,(anonymous_95)
FNDA:1,(anonymous_96)
FNDA:0,(anonymous_97)
FNDA:3,(anonymous_98)
DA:6,1085
DA:7,7
DA:8,7
DA:13,7
DA:48,7
DA:49,7
DA:50,478
DA:52,7
DA:53,1
DA:55,0
DA:56,0
DA:57,0
DA:60,1
DA:61,1
DA:62,1
DA:64,9
DA:66,0
DA:67,0
DA:68,0
DA:70,0
DA:73,0
DA:76,0
DA:77,0
DA:78,0
DA:80,0
DA:83,0
DA:86,9
DA:87,9
DA:92,7
DA:94,5
DA:96,11
DA:100,9
DA:103,290
DA:104,290
DA:106,14
DA:107,22
DA:110,254
DA:112,7
DA:113,0
DA:114,0
DA:116,7
DA:117,855
DA:118,150
DA:119,855
DA:120,855
DA:122,7
DA:124,0
DA:126,0
DA:128,0
DA:129,0
DA:130,0
DA:131,0
DA:132,4
DA:133,4
DA:135,3
DA:136,3
DA:137,0
DA:138,0
DA:139,0
DA:140,0
DA:143,0
DA:144,0
DA:145,0
DA:146,0
DA:147,0
DA:148,0
DA:149,0
DA:150,0
DA:151,0
DA:154,0
DA:157,0
DA:158,0
DA:159,0
DA:160,0
DA:161,0
DA:162,0
DA:163,0
DA:164,0
DA:165,0
DA:166,0
DA:167,0
DA:169,6
DA:170,0
DA:171,6
DA:172,0
DA:173,0
DA:174,0
DA:175,1
DA:176,6
DA:177,30
DA:178,54
DA:179,0
DA:180,0
DA:181,0
DA:182,0
DA:183,0
DA:184,75
DA:185,0
DA:186,0
DA:187,0
DA:188,0
DA:189,0
DA:191,0
DA:192,0
DA:196,3
DA:198,6
DA:199,1
DA:205,0
DA:207,0
DA:209,7
DA:210,7
DA:211,6
DA:212,6
DA:213,6
DA:215,7
DA:216,4
DA:217,0
DA:218,4
DA:220,7
DA:223,7
DA:226,7
DA:228,7
DA:230,7
DA:231,1
DA:232,1
DA:233,1
DA:237,7
DA:238,7
DA:240,7
DA:241,7
DA:243,7
DA:244,0
DA:246,7
DA:247,0
DA:249,7
DA:250,0
DA:252,7
DA:253,0
DA:256,7
DA:257,7
DA:259,7
DA:261,1
DA:263,1
DA:265,7
DA:267,1
DA:269,1
DA:271,7
DA:273,0
DA:275,3
DA:277,7
DA:278,10
DA:280,7
DA:289,7
DA:290,0
DA:292,0
DA:294,14
DA:295,14
DA:296,14
DA:297,14
DA:308,7
DA:310,0
DA:312,14
DA:313,14
DA:314,14
DA:315,14
DA:322,7
DA:323,18
DA:325,7
DA:326,0
DA:327,0
DA:329,7
DA:331,0
DA:333,1
DA:335,7
DA:336,7
DA:338,7
DA:339,0
DA:340,0
DA:342,7
DA:344,2
DA:346,1
DA:347,1
DA:348,1
DA:353,7
DA:354,7
DA:355,7
DA:356,7
DA:357,7
DA:358,7
DA:359,7
DA:360,7
DA:361,7
DA:362,7
DA:363,7
DA:364,7
DA:365,7
DA:366,7
DA:367,7
DA:381,7
DA:396,7
DA:397,154
DA:399,7
LF:202
LH:124
BRDA:6,0,0,511
BRDA:6,0,1,14
BRDA:50,1,0,465
BRDA:50,1,1,13
BRDA:55,2,0,0
BRDA:55,2,1,0
BRDA:62,3,0,1
BRDA:62,3,1,0
BRDA:64,4,0,9
BRDA:64,4,1,0
BRDA:68,5,0,0
BRDA:68,5,1,0
BRDA:78,6,0,0
BRDA:78,6,1,0
BRDA:95,7,0,310
BRDA:95,7,1,15
BRDA:99,8,0,296
BRDA:99,8,1,3
BRDA:103,9,0,290
BRDA:103,9,1,21
BRDA:104,10,0,268
BRDA:104,10,1,22
BRDA:117,11,0,855
BRDA:117,11,1,165
BRDA:166,12,0,0
BRDA:166,12,1,0
BRDA:196,13,0,3
BRDA:196,13,1,0
BRDA:198,14,0,5
BRDA:198,14,1,1
BRDA:207,15,0,0
BRDA:207,15,1,0
BRDA:217,16,0,4
BRDA:217,16,1,4
BRDA:226,17,0,0
BRDA:226,17,1,0
BRDA:226,17,2,0
BRDA:330,18,0,1
BRDA:330,18,1,1
BRDA:330,18,2,1
BRF:40
BRH:24
end_of_record
TN:
SF:source-source/Art.Atomic/Rectangle.coffee
FN:1,(anonymous_1)
FN:29,(anonymous_3)
FN:31,(anonymous_5)
FN:33,(anonymous_6)
FN:37,(anonymous_7)
FN:64,(anonymous_8)
FN:87,(anonymous_9)
FN:88,(anonymous_10)
FN:89,(anonymous_11)
FN:90,(anonymous_12)
FN:95,(anonymous_13)
FN:96,(anonymous_14)
FN:97,(anonymous_15)
FN:105,(anonymous_16)
FN:106,(anonymous_17)
FN:107,(anonymous_18)
FN:108,(anonymous_19)
FN:109,(anonymous_20)
FN:110,(anonymous_21)
FN:111,(anonymous_22)
FN:112,(anonymous_23)
FN:113,(anonymous_24)
FN:116,(anonymous_25)
FN:117,(anonymous_26)
FN:118,(anonymous_27)
FN:119,(anonymous_28)
FN:120,(anonymous_29)
FN:121,(anonymous_30)
FN:122,(anonymous_31)
FN:123,(anonymous_32)
FN:124,(anonymous_33)
FN:126,(anonymous_34)
FN:127,(anonymous_35)
FN:128,(anonymous_36)
FN:129,(anonymous_37)
FN:130,(anonymous_38)
FN:131,(anonymous_39)
FN:132,(anonymous_40)
FN:133,(anonymous_41)
FN:134,(anonymous_42)
FN:150,(anonymous_43)
FN:154,(anonymous_44)
FN:167,(anonymous_45)
FN:168,(anonymous_46)
FN:169,(anonymous_47)
FN:170,(anonymous_48)
FN:172,(anonymous_49)
FN:174,(anonymous_50)
FN:175,(anonymous_51)
FN:181,(anonymous_52)
FN:194,(anonymous_53)
FN:209,(anonymous_54)
FN:225,(anonymous_55)
FN:235,(anonymous_56)
FN:244,(anonymous_57)
FN:251,(anonymous_58)
FN:260,(anonymous_59)
FN:280,(anonymous_60)
FN:287,(anonymous_61)
FN:296,(anonymous_62)
FN:297,(anonymous_63)
FN:325,(anonymous_64)
FN:351,(anonymous_65)
FN:360,(anonymous_66)
FN:361,(anonymous_67)
FN:367,(anonymous_68)
FN:370,(anonymous_69)
FNF:67
FNH:35
FNDA:14,(anonymous_1)
FNDA:7,(anonymous_3)
FNDA:276,(anonymous_5)
FNDA:238,(anonymous_6)
FNDA:2,(anonymous_7)
FNDA:320,(anonymous_8)
FNDA:0,(anonymous_9)
FNDA:4,(anonymous_10)
FNDA:0,(anonymous_11)
FNDA:6,(anonymous_12)
FNDA:1,(anonymous_13)
FNDA:1,(anonymous_14)
FNDA:0,(anonymous_15)
FNDA:1,(anonymous_16)
FNDA:0,(anonymous_17)
FNDA:1,(anonymous_18)
FNDA:0,(anonymous_19)
FNDA:0,(anonymous_20)
FNDA:0,(anonymous_21)
FNDA:1,(anonymous_22)
FNDA:0,(anonymous_23)
FNDA:1,(anonymous_24)
FNDA:0,(anonymous_25)
FNDA:0,(anonymous_26)
FNDA:0,(anonymous_27)
FNDA:0,(anonymous_28)
FNDA:0,(anonymous_29)
FNDA:0,(anonymous_30)
FNDA:0,(anonymous_31)
FNDA:0,(anonymous_32)
FNDA:0,(anonymous_33)
FNDA:0,(anonymous_34)
FNDA:109,(anonymous_35)
FNDA:113,(anonymous_36)
FNDA:139,(anonymous_37)
FNDA:133,(anonymous_38)
FNDA:6,(anonymous_39)
FNDA:6,(anonymous_40)
FNDA:5,(anonymous_41)
FNDA:0,(anonymous_42)
FNDA:30,(anonymous_43)
FNDA:1,(anonymous_44)
FNDA:0,(anonymous_45)
FNDA:0,(anonymous_46)
FNDA:0,(anonymous_47)
FNDA:0,(anonymous_48)
FNDA:0,(anonymous_49)
FNDA:0,(anonymous_50)
FNDA:0,(anonymous_51)
FNDA:48,(anonymous_52)
FNDA:40,(anonymous_53)
FNDA:10,(anonymous_54)
FNDA:6,(anonymous_55)
FNDA:8,(anonymous_56)
FNDA:0,(anonymous_57)
FNDA:9,(anonymous_58)
FNDA:0,(anonymous_59)
FNDA:14,(anonymous_60)
FNDA:2,(anonymous_61)
FNDA:0,(anonymous_62)
FNDA:0,(anonymous_63)
FNDA:16,(anonymous_64)
FNDA:2,(anonymous_65)
FNDA:0,(anonymous_66)
FNDA:0,(anonymous_67)
FNDA:2,(anonymous_68)
FNDA:17,(anonymous_69)
DA:1,1085
DA:2,7
DA:3,7
DA:5,7
DA:17,7
DA:29,7
DA:30,7
DA:31,276
DA:33,7
DA:34,6
DA:35,232
DA:37,7
DA:38,2
DA:39,2
DA:42,0
DA:44,0
DA:45,0
DA:46,0
DA:48,2
DA:52,0
DA:54,0
DA:55,0
DA:56,0
DA:58,2
DA:59,2
DA:60,2
DA:61,2
DA:62,2
DA:64,7
DA:65,320
DA:67,301
DA:68,301
DA:69,301
DA:70,301
DA:72,4
DA:73,2
DA:74,2
DA:75,2
DA:76,2
DA:78,2
DA:79,2
DA:81,1
DA:82,1
DA:84,4
DA:86,7
DA:87,0
DA:88,4
DA:89,0
DA:90,6
DA:95,1
DA:96,1
DA:97,0
DA:105,1
DA:106,0
DA:107,1
DA:108,0
DA:109,0
DA:110,0
DA:111,1
DA:112,0
DA:113,1
DA:116,0
DA:117,0
DA:118,0
DA:119,0
DA:120,0
DA:121,0
DA:122,0
DA:123,0
DA:124,0
DA:126,0
DA:127,109
DA:128,113
DA:129,139
DA:130,133
DA:131,6
DA:132,6
DA:133,5
DA:135,0
DA:136,0
DA:138,0
DA:140,0
DA:141,0
DA:143,0
DA:144,0
DA:146,0
DA:147,0
DA:148,0
DA:150,30
DA:155,1
DA:156,1
DA:157,1
DA:158,1
DA:159,1
DA:167,7
DA:168,7
DA:169,7
DA:170,7
DA:172,7
DA:174,7
DA:175,7
DA:176,0
DA:177,0
DA:178,0
DA:179,0
DA:181,7
DA:183,10
DA:184,10
DA:190,38
DA:192,0
DA:194,7
DA:195,1
DA:196,39
DA:198,5
DA:204,34
DA:209,7
DA:210,1
DA:211,9
DA:214,5
DA:219,4
DA:225,7
DA:226,6
DA:227,6
DA:228,6
DA:229,6
DA:230,6
DA:235,8
DA:236,8
DA:237,8
DA:238,8
DA:239,8
DA:240,8
DA:244,7
DA:245,0
DA:246,0
DA:247,0
DA:248,0
DA:249,0
DA:251,7
DA:252,0
DA:253,2
DA:254,7
DA:255,7
DA:256,7
DA:257,7
DA:258,7
DA:260,7
DA:261,0
DA:262,0
DA:263,0
DA:265,0
DA:268,0
DA:270,0
DA:271,0
DA:277,0
DA:280,7
DA:282,4
DA:285,10
DA:287,7
DA:289,0
DA:290,0
DA:293,2
DA:296,7
DA:297,7
DA:325,7
DA:326,16
DA:327,16
DA:328,16
DA:329,16
DA:331,16
DA:332,16
DA:335,2
DA:338,2
DA:341,12
DA:342,12
DA:343,12
DA:344,12
DA:346,12
DA:347,1
DA:349,11
DA:351,7
DA:353,0
DA:355,2
DA:356,2
DA:357,0
DA:358,2
DA:360,7
DA:361,7
DA:364,7
DA:365,7
DA:367,7
DA:370,7
DA:371,1
DA:372,16
DA:373,16
DA:376,8
DA:380,8
DA:384,8
DA:393,8
DA:400,16
LF:200
LH:141
BRDA:1,0,0,511
BRDA:1,0,1,14
BRDA:31,1,0,273
BRDA:31,1,1,3
BRDA:72,2,0,2
BRDA:72,2,1,2
BRDA:126,3,0,0
BRDA:126,3,1,0
BRDA:133,4,0,5
BRDA:133,4,1,5
BRDA:137,5,0,0
BRDA:137,5,1,0
BRDA:167,6,0,0
BRDA:167,6,1,0
BRDA:168,7,0,0
BRDA:168,7,1,0
BRDA:197,8,0,39
BRDA:197,8,1,34
BRDA:198,9,0,5
BRDA:198,9,1,4
BRDA:198,9,2,3
BRDA:198,9,3,2
BRDA:204,10,0,34
BRDA:204,10,1,32
BRDA:204,10,2,30
BRDA:204,10,3,27
BRDA:213,11,0,9
BRDA:213,11,1,4
BRDA:214,12,0,5
BRDA:214,12,1,4
BRDA:214,12,2,3
BRDA:214,12,3,2
BRDA:219,13,0,4
BRDA:219,13,1,4
BRDA:219,13,2,4
BRDA:219,13,3,3
BRDA:265,14,0,0
BRDA:265,14,1,0
BRDA:267,15,0,0
BRDA:267,15,1,0
BRDA:332,16,0,16
BRDA:332,16,1,0
BRDA:332,17,0,16
BRDA:332,17,1,0
BRDA:334,18,0,16
BRDA:334,18,1,15
BRDA:337,19,0,14
BRDA:337,19,1,13
BRDA:346,20,0,1
BRDA:346,20,1,11
BRDA:346,21,0,12
BRDA:346,21,1,12
BRDA:356,22,0,0
BRDA:356,22,1,2
BRDA:357,23,0,2
BRDA:357,23,1,0
BRF:56
BRH:40
end_of_record
TN:
SF:source/Art.Atomic/index.js
FNF:0
FNH:0
DA:4,7
LF:1
LH:1
BRF:0
BRH:0
end_of_record
TN:
SF:source/Art.Atomic/namespace.js
FNF:0
FNH:0
DA:4,7
LF:1
LH:1
BRF:0
BRH:0
end_of_record
TN:
SF:source/jest/StandardImport.js
FN:3,(anonymous_0)
FNF:1
FNH:1
FNDA:7,(anonymous_0)
DA:2,7
DA:3,7
DA:4,7
LF:3
LH:3
BRF:0
BRH:0
end_of_record
